RUN	com.gatling.tests.ComputerDBcsv	computerdbcsv	1646914469352	 	3.7.4
USER	ComputerDB	START	1646914470887
USER	ComputerDB	START	1646914470887
REQUEST		Opening computers page	1646914470934	1646914471432	OK	 
REQUEST		Opening computers page	1646914470934	1646914471432	OK	 
REQUEST		Opening new computers page	1646914472892	1646914473016	OK	 
REQUEST		Opening new computers page	1646914474475	1646914474597	OK	 
REQUEST		Sending new computer info	1646914474696	1646914474821	OK	 
REQUEST		Sending new computer info Redirect 1	1646914474831	1646914474954	OK	 
REQUEST		Sending new computer info	1646914475648	1646914475772	OK	 
REQUEST		Sending new computer info Redirect 1	1646914475772	1646914475895	OK	 
REQUEST		Searching for new record	1646914476705	1646914476830	OK	 
REQUEST		Searching for new record	1646914478019	1646914478141	OK	 
REQUEST		Get single record	1646914478601	1646914478721	OK	 
REQUEST		Get single record	1646914479898	1646914480019	OK	 
REQUEST		Edit record	1646914481360	1646914481481	OK	 
REQUEST		Opening computers page	1646914481484	1646914481604	OK	 
REQUEST		Edit record	1646914482981	1646914483104	OK	 
REQUEST		Opening new computers page	1646914483026	1646914483147	OK	 
REQUEST		Opening computers page	1646914483106	1646914483229	OK	 
REQUEST		Opening new computers page	1646914484853	1646914484975	OK	 
REQUEST		Sending new computer info	1646914485431	1646914485552	OK	 
REQUEST		Sending new computer info Redirect 1	1646914485552	1646914485675	OK	 
REQUEST		Searching for new record	1646914486695	1646914486819	OK	 
REQUEST		Sending new computer info	1646914487584	1646914487710	OK	 
REQUEST		Sending new computer info Redirect 1	1646914487711	1646914487835	OK	 
REQUEST		Get single record	1646914489005	1646914489128	OK	 
REQUEST		Searching for new record	1646914490213	1646914490335	OK	 
REQUEST		Edit record	1646914490321	1646914490442	OK	 
USER	ComputerDB	END	1646914490446
REQUEST		Get single record	1646914491399	1646914491527	OK	 
REQUEST		Edit record	1646914493336	1646914493468	OK	 
USER	ComputerDB	END	1646914493469
