RUN	com.gatling.tests.ComputerDBcsv	computerdbcsv	1646914161705	 	3.7.4
USER	ComputerDB	START	1646914163301
USER	ComputerDB	START	1646914163301
REQUEST		Opening computers page	1646914163346	1646914163879	OK	 
REQUEST		Opening computers page	1646914163346	1646914163870	OK	 
REQUEST		Opening new computers page	1646914165930	1646914166052	OK	 
REQUEST		Opening new computers page	1646914166788	1646914166910	OK	 
REQUEST		Sending new computer info	1646914167755	1646914167881	KO	status.find.is(200), but actually found 400
REQUEST		Searching for new record	1646914168916	1646914169038	OK	 
REQUEST		Sending new computer info	1646914169773	1646914169897	KO	status.find.is(200), but actually found 400
REQUEST		Get single record	1646914171207	1646914171331	OK	 
REQUEST		Searching for new record	1646914172307	1646914172427	OK	 
REQUEST		Edit record	1646914173001	1646914173123	OK	 
REQUEST		Opening computers page	1646914173125	1646914173247	OK	 
REQUEST		Get single record	1646914173883	1646914174003	OK	 
REQUEST		Opening new computers page	1646914174562	1646914174695	OK	 
REQUEST		Sending new computer info	1646914176012	1646914176135	KO	status.find.is(200), but actually found 400
REQUEST		Edit record	1646914176657	1646914176867	OK	 
REQUEST		Opening computers page	1646914176869	1646914176989	OK	 
REQUEST		Opening new computers page	1646914178681	1646914178804	OK	 
REQUEST		Searching for new record	1646914178713	1646914178836	OK	 
REQUEST		Sending new computer info	1646914180572	1646914180693	KO	status.find.is(200), but actually found 400
REQUEST		Get single record	1646914181322	1646914181443	OK	 
REQUEST		Searching for new record	1646914181730	1646914181853	OK	 
REQUEST		Edit record	1646914182757	1646914182880	OK	 
USER	ComputerDB	END	1646914182884
REQUEST		Get single record	1646914184308	1646914184432	OK	 
REQUEST		Edit record	1646914186675	1646914186798	OK	 
USER	ComputerDB	END	1646914186799
