RUN	homeWorkGatling.RecordedSimulationFloodIO	recordedsimulationfloodio	1645202737941	0	3.7.4
USER	RecordedSimulationFloodIO	START	1645202738751
REQUEST		request_0	1645202738767	1645202739540	OK	 
REQUEST		css?family=Lobster|Lobster+Two	1645202739613	1645202739803	OK	 
REQUEST		request_1	1645202742831	1645202743022	OK	 
REQUEST		request_1 Redirect 1	1645202743025	1645202743218	OK	 
REQUEST		Select age from dropdown	1645202746235	1645202746431	OK	 
REQUEST		request_2	1645202746442	1645202746632	OK	 
REQUEST		request_2 Redirect 1	1645202746633	1645202746828	OK	 
REQUEST		Please select and enter the largest order value below ...	1645202749835	1645202750034	OK	 
REQUEST		request_3	1645202750036	1645202750227	OK	 
REQUEST		request_3 Redirect 1	1645202750229	1645202750425	OK	 
REQUEST		Click next when you're ready.	1645202753433	1645202753627	OK	 
REQUEST		request_4	1645202753631	1645202753820	OK	 
REQUEST		request_4 Redirect 1	1645202753821	1645202754012	OK	 
REQUEST		request_5	1645202754014	1645202754201	OK	 
REQUEST		Please enter your one time token displayed above ...	1645202757213	1645202757407	OK	 
REQUEST		request_6	1645202757412	1645202757603	KO	status.find.in([200, 209], 304), found 422
REQUEST		Done page	1645202757616	1645202757808	OK	 
USER	RecordedSimulationFloodIO	END	1645202757814
