RUN	com.gatling.tests.ComputerDB	computerdb	1646851969766	 	3.7.4
USER	ComputerDB	START	1646851976144
USER	ComputerDB	START	1646851976132
REQUEST		Opening computers page	1646851976158	1646851976653	OK	 
REQUEST		Opening computers page	1646851976158	1646851976653	OK	 
USER	ComputerDB	START	1646851978142
REQUEST		Opening new computers page	1646851978314	1646851978435	OK	 
REQUEST		Opening computers page	1646851978143	1646851978608	OK	 
REQUEST		Opening new computers page	1646851978832	1646851978958	OK	 
REQUEST		Sending new computer info	1646851979636	1646851979765	OK	 
REQUEST		Opening new computers page	1646851979712	1646851979829	OK	 
REQUEST		Sending new computer info Redirect 1	1646851979775	1646851979895	OK	 
USER	ComputerDB	START	1646851980131
REQUEST		Opening computers page	1646851980131	1646851980603	OK	 
REQUEST		Sending new computer info	1646851980738	1646851980856	OK	 
REQUEST		Sending new computer info Redirect 1	1646851980857	1646851980979	OK	 
REQUEST		Sending new computer info	1646851981740	1646851981863	OK	 
REQUEST		Sending new computer info Redirect 1	1646851981863	1646851981980	OK	 
USER	ComputerDB	START	1646851982128
REQUEST		Searching for new record	1646851982362	1646851982482	OK	 
REQUEST		Opening computers page	1646851982128	1646851982601	OK	 
REQUEST		Opening new computers page	1646851982582	1646851982698	OK	 
REQUEST		Searching for new record	1646851983306	1646851983428	OK	 
REQUEST		Searching for new record	1646851983899	1646851984023	OK	 
USER	ComputerDB	START	1646851984137
REQUEST		Opening new computers page	1646851984280	1646851984402	OK	 
REQUEST		Opening computers page	1646851984137	1646851984636	OK	 
REQUEST		Sending new computer info	1646851984722	1646851984840	OK	 
REQUEST		Get single record	1646851984800	1646851984920	OK	 
REQUEST		Sending new computer info Redirect 1	1646851984841	1646851984959	OK	 
REQUEST		Get single record	1646851985148	1646851985268	OK	 
REQUEST		Get single record	1646851985510	1646851985635	OK	 
USER	ComputerDB	START	1646851986151
REQUEST		Edit record	1646851986356	1646851986475	OK	 
USER	ComputerDB	END	1646851986478
REQUEST		Opening computers page	1646851986151	1646851986629	OK	 
REQUEST		Opening new computers page	1646851986686	1646851986806	OK	 
REQUEST		Sending new computer info	1646851986702	1646851986818	OK	 
REQUEST		Searching for new record	1646851986814	1646851986929	OK	 
REQUEST		Sending new computer info Redirect 1	1646851986819	1646851986934	OK	 
USER	ComputerDB	START	1646851987142
REQUEST		Edit record	1646851987348	1646851987463	OK	 
USER	ComputerDB	END	1646851987464
REQUEST		Edit record	1646851987364	1646851987481	OK	 
USER	ComputerDB	END	1646851987483
REQUEST		Opening computers page	1646851987142	1646851987606	OK	 
REQUEST		Opening new computers page	1646851987910	1646851988027	OK	 
REQUEST		Searching for new record	1646851988004	1646851988118	OK	 
USER	ComputerDB	START	1646851988131
REQUEST		Opening computers page	1646851988131	1646851988608	OK	 
REQUEST		Sending new computer info	1646851988990	1646851989108	OK	 
USER	ComputerDB	START	1646851989133
REQUEST		Sending new computer info Redirect 1	1646851989109	1646851989228	OK	 
REQUEST		Get single record	1646851989461	1646851989577	OK	 
REQUEST		Opening computers page	1646851989133	1646851989603	OK	 
REQUEST		Get single record	1646851989648	1646851989763	OK	 
REQUEST		Sending new computer info	1646851989898	1646851990017	OK	 
USER	ComputerDB	START	1646851990131
REQUEST		Sending new computer info Redirect 1	1646851990017	1646851990136	OK	 
REQUEST		Opening new computers page	1646851990287	1646851990406	OK	 
REQUEST		Opening new computers page	1646851990461	1646851990581	OK	 
REQUEST		Opening computers page	1646851990131	1646851990612	OK	 
REQUEST		Opening new computers page	1646851990664	1646851990781	OK	 
USER	ComputerDB	START	1646851991151
REQUEST		Searching for new record	1646851991070	1646851991188	OK	 
REQUEST		Opening computers page	1646851991151	1646851991621	OK	 
USER	ComputerDB	START	1646851992130
REQUEST		Edit record	1646851992365	1646851992481	OK	 
USER	ComputerDB	END	1646851992482
REQUEST		Opening computers page	1646851992130	1646851992597	OK	 
REQUEST		Sending new computer info	1646851992491	1646851992618	OK	 
REQUEST		Sending new computer info Redirect 1	1646851992618	1646851992744	OK	 
REQUEST		Edit record	1646851992677	1646851992802	OK	 
USER	ComputerDB	END	1646851992804
REQUEST		Sending new computer info	1646851992754	1646851992876	OK	 
REQUEST		Sending new computer info Redirect 1	1646851992876	1646851992995	OK	 
REQUEST		Opening new computers page	1646851992892	1646851993008	OK	 
REQUEST		Opening new computers page	1646851992970	1646851993089	OK	 
REQUEST		Searching for new record	1646851993018	1646851993138	OK	 
USER	ComputerDB	START	1646851993142
REQUEST		Sending new computer info	1646851993408	1646851993526	OK	 
REQUEST		Opening computers page	1646851993142	1646851993620	OK	 
REQUEST		Sending new computer info Redirect 1	1646851993526	1646851993644	OK	 
USER	ComputerDB	START	1646851994131
REQUEST		Get single record	1646851994066	1646851994191	OK	 
REQUEST		Get single record	1646851994300	1646851994423	OK	 
REQUEST		Opening computers page	1646851994131	1646851994612	OK	 
REQUEST		Opening new computers page	1646851994697	1646851994820	OK	 
REQUEST		Sending new computer info	1646851994822	1646851994946	OK	 
REQUEST		Opening new computers page	1646851994838	1646851994960	OK	 
REQUEST		Searching for new record	1646851994854	1646851994973	OK	 
REQUEST		Sending new computer info Redirect 1	1646851994946	1646851995068	OK	 
REQUEST		Sending new computer info	1646851995012	1646851995132	OK	 
USER	ComputerDB	START	1646851995136
REQUEST		Searching for new record	1646851995074	1646851995200	OK	 
REQUEST		Sending new computer info Redirect 1	1646851995132	1646851995249	OK	 
REQUEST		Searching for new record	1646851995322	1646851995445	OK	 
REQUEST		Sending new computer info	1646851995923	1646851996046	OK	 
REQUEST		Sending new computer info	1646851996019	1646851996139	OK	 
REQUEST		Sending new computer info Redirect 1	1646851996046	1646851996161	OK	 
REQUEST		Opening computers page	1646851995136	1646851996219	OK	 
REQUEST		Sending new computer info Redirect 1	1646851996139	1646851996260	OK	 
REQUEST		Searching for new record	1646851996145	1646851996264	OK	 
REQUEST		Searching for new record	1646851996441	1646851996563	OK	 
REQUEST		Get single record	1646851996643	1646851996759	OK	 
REQUEST		Edit record	1646851996849	1646851996972	OK	 
USER	ComputerDB	END	1646851996973
REQUEST		Opening new computers page	1646851997373	1646851997488	OK	 
REQUEST		Get single record	1646851997390	1646851997508	OK	 
REQUEST		Edit record	1646851997421	1646851997540	OK	 
USER	ComputerDB	END	1646851997542
REQUEST		Get single record	1646851997500	1646851997621	OK	 
REQUEST		Get single record	1646851997562	1646851997686	OK	 
REQUEST		Searching for new record	1646851998005	1646851998126	OK	 
REQUEST		Opening new computers page	1646851998084	1646851998204	OK	 
REQUEST		Get single record	1646851998647	1646851998771	OK	 
REQUEST		Edit record	1646851998929	1646851999057	OK	 
USER	ComputerDB	END	1646851999058
REQUEST		Searching for new record	1646851999087	1646851999206	OK	 
REQUEST		Get single record	1646851999166	1646851999281	OK	 
REQUEST		Edit record	1646851999261	1646851999381	OK	 
USER	ComputerDB	END	1646851999382
REQUEST		Edit record	1646851999339	1646851999458	OK	 
USER	ComputerDB	END	1646851999460
REQUEST		Sending new computer info	1646851999543	1646851999663	OK	 
REQUEST		Edit record	1646851999685	1646851999808	OK	 
USER	ComputerDB	END	1646851999809
REQUEST		Sending new computer info Redirect 1	1646851999663	1646851999952	OK	 
REQUEST		Edit record	1646851999908	1646852000032	OK	 
USER	ComputerDB	END	1646852000033
REQUEST		Sending new computer info	1646852000035	1646852000155	OK	 
REQUEST		Sending new computer info Redirect 1	1646852000156	1646852000270	OK	 
REQUEST		Get single record	1646852001428	1646852001558	OK	 
REQUEST		Edit record	1646852001569	1646852001693	OK	 
USER	ComputerDB	END	1646852001693
REQUEST		Searching for new record	1646852001895	1646852002016	OK	 
REQUEST		Searching for new record	1646852002225	1646852002351	OK	 
REQUEST		Edit record	1646852002880	1646852003012	OK	 
USER	ComputerDB	END	1646852003013
REQUEST		Get single record	1646852003566	1646852003689	OK	 
REQUEST		Get single record	1646852004400	1646852004518	OK	 
REQUEST		Edit record	1646852006536	1646852006650	OK	 
USER	ComputerDB	END	1646852006651
REQUEST		Edit record	1646852007181	1646852007299	OK	 
USER	ComputerDB	END	1646852007300
