RUN	com.gatling.tests.ComputerDB	computerdb	1646908222923	 	3.7.4
USER	ComputerDB	START	1646908229370
USER	ComputerDB	START	1646908229383
REQUEST		Opening computers page	1646908229401	1646908229895	OK	 
REQUEST		Opening computers page	1646908229401	1646908229895	OK	 
REQUEST		Opening new computers page	1646908231124	1646908231247	OK	 
USER	ComputerDB	START	1646908231374
REQUEST		Opening computers page	1646908231374	1646908231889	OK	 
REQUEST		Opening new computers page	1646908232006	1646908232128	OK	 
USER	ComputerDB	START	1646908233373
REQUEST		Sending new computer info	1646908233329	1646908233453	OK	 
REQUEST		Opening new computers page	1646908233372	1646908233495	OK	 
REQUEST		Sending new computer info Redirect 1	1646908233462	1646908233584	OK	 
REQUEST		Opening computers page	1646908233374	1646908233857	OK	 
REQUEST		Sending new computer info	1646908234630	1646908234752	OK	 
REQUEST		Sending new computer info Redirect 1	1646908234752	1646908234875	OK	 
USER	ComputerDB	START	1646908235372
REQUEST		Opening computers page	1646908235372	1646908235854	OK	 
REQUEST		Sending new computer info	1646908235860	1646908235981	OK	 
REQUEST		Sending new computer info Redirect 1	1646908235981	1646908236103	OK	 
REQUEST		Searching for new record	1646908236176	1646908236297	OK	 
REQUEST		Opening new computers page	1646908236208	1646908236329	OK	 
USER	ComputerDB	START	1646908237383
REQUEST		Searching for new record	1646908237398	1646908237519	OK	 
REQUEST		Opening computers page	1646908237383	1646908237865	OK	 
REQUEST		Sending new computer info	1646908237823	1646908237944	OK	 
REQUEST		Sending new computer info Redirect 1	1646908237945	1646908238066	OK	 
REQUEST		Opening new computers page	1646908238063	1646908238184	OK	 
REQUEST		Searching for new record	1646908238095	1646908238216	OK	 
REQUEST		Get single record	1646908238727	1646908238850	OK	 
USER	ComputerDB	START	1646908239367
REQUEST		Sending new computer info	1646908239351	1646908239470	OK	 
REQUEST		Sending new computer info Redirect 1	1646908239471	1646908239593	OK	 
REQUEST		Opening computers page	1646908239368	1646908239854	OK	 
REQUEST		Get single record	1646908239739	1646908239862	OK	 
REQUEST		Opening new computers page	1646908239926	1646908240048	OK	 
REQUEST		Get single record	1646908240037	1646908240161	OK	 
USER	ComputerDB	START	1646908240365
REQUEST		Searching for new record	1646908240523	1646908240644	OK	 
REQUEST		Searching for new record	1646908240725	1646908240845	OK	 
REQUEST		Opening computers page	1646908240366	1646908240866	OK	 
REQUEST		Opening new computers page	1646908240897	1646908241020	OK	 
USER	ComputerDB	START	1646908241379
REQUEST		Edit record	1646908241287	1646908241409	OK	 
USER	ComputerDB	END	1646908241412
REQUEST		Opening computers page	1646908241380	1646908241867	OK	 
REQUEST		Edit record	1646908241801	1646908241922	OK	 
USER	ComputerDB	END	1646908241924
USER	ComputerDB	START	1646908242378
REQUEST		Sending new computer info	1646908242331	1646908242452	OK	 
REQUEST		Sending new computer info	1646908242363	1646908242484	OK	 
REQUEST		Sending new computer info Redirect 1	1646908242452	1646908242589	OK	 
REQUEST		Sending new computer info Redirect 1	1646908242484	1646908242605	OK	 
REQUEST		Opening new computers page	1646908242535	1646908242667	OK	 
REQUEST		Opening computers page	1646908242379	1646908242876	OK	 
REQUEST		Edit record	1646908242783	1646908242905	OK	 
USER	ComputerDB	END	1646908242907
REQUEST		Get single record	1646908242971	1646908243091	OK	 
USER	ComputerDB	START	1646908243366
REQUEST		Get single record	1646908243606	1646908243729	OK	 
REQUEST		Opening computers page	1646908243367	1646908243843	OK	 
REQUEST		Searching for new record	1646908243767	1646908243888	OK	 
USER	ComputerDB	START	1646908244380
REQUEST		Edit record	1646908244442	1646908244564	OK	 
USER	ComputerDB	END	1646908244565
REQUEST		Opening new computers page	1646908244570	1646908244691	OK	 
REQUEST		Opening computers page	1646908244380	1646908244858	OK	 
REQUEST		Opening new computers page	1646908244836	1646908244957	OK	 
REQUEST		Sending new computer info	1646908244882	1646908245004	OK	 
REQUEST		Sending new computer info Redirect 1	1646908245005	1646908245126	OK	 
REQUEST		Searching for new record	1646908245226	1646908245347	OK	 
USER	ComputerDB	START	1646908245368
REQUEST		Opening computers page	1646908245368	1646908245854	OK	 
REQUEST		Opening new computers page	1646908245792	1646908245920	OK	 
REQUEST		Searching for new record	1646908246252	1646908246376	OK	 
USER	ComputerDB	START	1646908246378
REQUEST		Edit record	1646908246298	1646908246418	OK	 
USER	ComputerDB	END	1646908246420
REQUEST		Sending new computer info	1646908246566	1646908246687	OK	 
REQUEST		Get single record	1646908246598	1646908246719	OK	 
REQUEST		Sending new computer info Redirect 1	1646908246687	1646908246809	OK	 
REQUEST		Opening computers page	1646908246378	1646908246857	OK	 
REQUEST		Sending new computer info	1646908246992	1646908247111	OK	 
REQUEST		Sending new computer info	1646908247100	1646908247220	OK	 
REQUEST		Sending new computer info Redirect 1	1646908247111	1646908247232	OK	 
REQUEST		Sending new computer info Redirect 1	1646908247220	1646908247340	OK	 
USER	ComputerDB	START	1646908247378
REQUEST		Opening new computers page	1646908247612	1646908247733	OK	 
REQUEST		Opening computers page	1646908247378	1646908247860	OK	 
REQUEST		Opening new computers page	1646908247832	1646908247953	OK	 
REQUEST		Get single record	1646908247938	1646908248062	OK	 
REQUEST		Edit record	1646908248192	1646908248320	OK	 
USER	ComputerDB	END	1646908248321
REQUEST		Get single record	1646908248239	1646908248361	OK	 
USER	ComputerDB	START	1646908248381
REQUEST		Searching for new record	1646908248533	1646908248653	OK	 
REQUEST		Opening new computers page	1646908248702	1646908248821	OK	 
REQUEST		Opening computers page	1646908248382	1646908248859	OK	 
REQUEST		Searching for new record	1646908249032	1646908249156	OK	 
REQUEST		Searching for new record	1646908249141	1646908249262	OK	 
REQUEST		Sending new computer info	1646908249215	1646908249336	OK	 
REQUEST		Sending new computer info	1646908249325	1646908249445	OK	 
REQUEST		Sending new computer info Redirect 1	1646908249337	1646908249467	OK	 
REQUEST		Sending new computer info Redirect 1	1646908249445	1646908249566	OK	 
REQUEST		Edit record	1646908249716	1646908249837	OK	 
USER	ComputerDB	END	1646908249838
REQUEST		Opening new computers page	1646908250012	1646908250133	OK	 
REQUEST		Opening new computers page	1646908250092	1646908250215	OK	 
REQUEST		Get single record	1646908250627	1646908250749	OK	 
REQUEST		Edit record	1646908250659	1646908250781	OK	 
USER	ComputerDB	END	1646908250782
REQUEST		Get single record	1646908250913	1646908251033	OK	 
REQUEST		Searching for new record	1646908250990	1646908251112	OK	 
REQUEST		Sending new computer info	1646908251037	1646908251158	OK	 
REQUEST		Sending new computer info Redirect 1	1646908251158	1646908251278	OK	 
REQUEST		Get single record	1646908251570	1646908251690	OK	 
REQUEST		Sending new computer info	1646908251976	1646908252097	OK	 
REQUEST		Sending new computer info Redirect 1	1646908252098	1646908252230	OK	 
REQUEST		Sending new computer info	1646908252225	1646908252346	OK	 
REQUEST		Sending new computer info Redirect 1	1646908252346	1646908252468	OK	 
REQUEST		Edit record	1646908252429	1646908252553	OK	 
USER	ComputerDB	END	1646908252554
REQUEST		Searching for new record	1646908252477	1646908252596	OK	 
REQUEST		Searching for new record	1646908252663	1646908252782	OK	 
REQUEST		Get single record	1646908253179	1646908253301	OK	 
REQUEST		Edit record	1646908253508	1646908253628	OK	 
USER	ComputerDB	END	1646908253630
REQUEST		Searching for new record	1646908253986	1646908254107	OK	 
REQUEST		Get single record	1646908254002	1646908254122	OK	 
REQUEST		Edit record	1646908254206	1646908254326	OK	 
USER	ComputerDB	END	1646908254327
REQUEST		Get single record	1646908254618	1646908254738	OK	 
REQUEST		Edit record	1646908254778	1646908254901	OK	 
USER	ComputerDB	END	1646908254902
REQUEST		Searching for new record	1646908254917	1646908255037	OK	 
REQUEST		Get single record	1646908256418	1646908256539	OK	 
REQUEST		Edit record	1646908256654	1646908256773	OK	 
USER	ComputerDB	END	1646908256774
REQUEST		Get single record	1646908256842	1646908256962	OK	 
REQUEST		Edit record	1646908257123	1646908257245	OK	 
USER	ComputerDB	END	1646908257246
REQUEST		Edit record	1646908257916	1646908258037	OK	 
USER	ComputerDB	END	1646908258039
REQUEST		Edit record	1646908258348	1646908258468	OK	 
USER	ComputerDB	END	1646908258469
