RUN	demoPetClinic.RecordedSimulation2	recordedsimulation2	1645013962842	 	3.7.4
USER	RecordedSimulation2	START	1645013963626
REQUEST		Open Home Page	1645013963646	1645013963670	OK	 
USER	RecordedSimulation2	START	1645013963716
REQUEST		Open Home Page	1645013963716	1645013963724	OK	 
REQUEST		jquery-ui.theme.min.css	1645013963728	1645013963734	OK	 
REQUEST		jquery-ui.min.css	1645013963728	1645013963734	OK	 
REQUEST		favicon.png	1645013963727	1645013963757	OK	 
REQUEST		favicon.png	1645013963727	1645013963757	OK	 
REQUEST		jquery-ui.theme.min.css	1645013963728	1645013963759	OK	 
REQUEST		petclinic.css	1645013963727	1645013963760	OK	 
REQUEST		pets.png	1645013963728	1645013963763	OK	 
REQUEST		spring-pivotal-logo.png	1645013963728	1645013963763	OK	 
REQUEST		jquery-ui.min.js	1645013963759	1645013963765	OK	 
REQUEST		petclinic.css	1645013963727	1645013963766	OK	 
REQUEST		jquery-ui.min.css	1645013963728	1645013963768	OK	 
REQUEST		jquery.min.js	1645013963756	1645013963768	OK	 
REQUEST		bootstrap.min.js	1645013963760	1645013963769	OK	 
REQUEST		pets.png	1645013963728	1645013963769	OK	 
REQUEST		spring-pivotal-logo.png	1645013963728	1645013963770	OK	 
REQUEST		jquery-ui.min.js	1645013963759	1645013963771	OK	 
REQUEST		bootstrap.min.js	1645013963767	1645013963774	OK	 
REQUEST		jquery.min.js	1645013963756	1645013963775	OK	 
USER	RecordedSimulation2	START	1645013963810
REQUEST		Open Home Page	1645013963810	1645013963817	OK	 
REQUEST		jquery-ui.min.css	1645013963821	1645013963826	OK	 
REQUEST		jquery-ui.theme.min.css	1645013963821	1645013963828	OK	 
REQUEST		jquery.min.js	1645013963827	1645013963830	OK	 
REQUEST		jquery-ui.min.js	1645013963829	1645013963834	OK	 
REQUEST		bootstrap.min.js	1645013963831	1645013963835	OK	 
REQUEST		favicon.png	1645013963820	1645013963836	OK	 
REQUEST		pets.png	1645013963821	1645013963838	OK	 
REQUEST		spring-pivotal-logo.png	1645013963822	1645013963839	OK	 
REQUEST		petclinic.css	1645013963821	1645013963841	OK	 
USER	RecordedSimulation2	START	1645013963906
REQUEST		Open Home Page	1645013963907	1645013963925	OK	 
REQUEST		jquery-ui.min.css	1645013963930	1645013963935	OK	 
REQUEST		jquery-ui.theme.min.css	1645013963930	1645013963938	OK	 
REQUEST		jquery.min.js	1645013963937	1645013963939	OK	 
REQUEST		bootstrap.min.js	1645013963940	1645013963942	OK	 
REQUEST		jquery-ui.min.js	1645013963939	1645013963942	OK	 
REQUEST		favicon.png	1645013963929	1645013963944	OK	 
REQUEST		petclinic.css	1645013963929	1645013963947	OK	 
REQUEST		spring-pivotal-logo.png	1645013963931	1645013963948	OK	 
REQUEST		pets.png	1645013963930	1645013963949	OK	 
USER	RecordedSimulation2	START	1645013963997
REQUEST		Open Home Page	1645013963997	1645013964004	OK	 
REQUEST		jquery-ui.theme.min.css	1645013964008	1645013964011	OK	 
REQUEST		jquery-ui.min.css	1645013964008	1645013964013	OK	 
REQUEST		jquery.min.js	1645013964012	1645013964014	OK	 
REQUEST		jquery-ui.min.js	1645013964014	1645013964017	OK	 
REQUEST		bootstrap.min.js	1645013964015	1645013964017	OK	 
REQUEST		favicon.png	1645013964007	1645013964020	OK	 
REQUEST		pets.png	1645013964008	1645013964022	OK	 
REQUEST		petclinic.css	1645013964007	1645013964023	OK	 
REQUEST		spring-pivotal-logo.png	1645013964008	1645013964024	OK	 
USER	RecordedSimulation2	START	1645013964091
REQUEST		Open Home Page	1645013964091	1645013964099	OK	 
REQUEST		jquery-ui.min.css	1645013964103	1645013964108	OK	 
REQUEST		jquery-ui.theme.min.css	1645013964104	1645013964110	OK	 
REQUEST		jquery.min.js	1645013964109	1645013964111	OK	 
REQUEST		bootstrap.min.js	1645013964112	1645013964113	OK	 
REQUEST		jquery-ui.min.js	1645013964110	1645013964114	OK	 
REQUEST		favicon.png	1645013964102	1645013964115	OK	 
REQUEST		petclinic.css	1645013964103	1645013964119	OK	 
REQUEST		spring-pivotal-logo.png	1645013964104	1645013964121	OK	 
REQUEST		pets.png	1645013964104	1645013964155	OK	 
USER	RecordedSimulation2	START	1645013964185
REQUEST		Open Home Page	1645013964185	1645013964191	OK	 
REQUEST		jquery-ui.min.css	1645013964194	1645013964198	OK	 
REQUEST		jquery-ui.theme.min.css	1645013964194	1645013964200	OK	 
REQUEST		jquery.min.js	1645013964199	1645013964201	OK	 
REQUEST		bootstrap.min.js	1645013964202	1645013964203	OK	 
REQUEST		jquery-ui.min.js	1645013964200	1645013964204	OK	 
REQUEST		favicon.png	1645013964193	1645013964206	OK	 
REQUEST		petclinic.css	1645013964194	1645013964208	OK	 
REQUEST		pets.png	1645013964195	1645013964211	OK	 
REQUEST		spring-pivotal-logo.png	1645013964195	1645013964212	OK	 
USER	RecordedSimulation2	START	1645013964264
REQUEST		Open Home Page	1645013964264	1645013964272	OK	 
REQUEST		jquery-ui.theme.min.css	1645013964276	1645013964281	OK	 
REQUEST		jquery-ui.min.css	1645013964276	1645013964283	OK	 
REQUEST		jquery.min.js	1645013964282	1645013964284	OK	 
REQUEST		jquery-ui.min.js	1645013964283	1645013964287	OK	 
REQUEST		bootstrap.min.js	1645013964285	1645013964287	OK	 
REQUEST		favicon.png	1645013964275	1645013964292	OK	 
REQUEST		pets.png	1645013964277	1645013964293	OK	 
REQUEST		spring-pivotal-logo.png	1645013964277	1645013964294	OK	 
REQUEST		petclinic.css	1645013964276	1645013964295	OK	 
USER	RecordedSimulation2	START	1645013964357
REQUEST		Open Home Page	1645013964357	1645013964362	OK	 
REQUEST		jquery-ui.min.css	1645013964365	1645013964369	OK	 
REQUEST		jquery-ui.theme.min.css	1645013964366	1645013964371	OK	 
REQUEST		jquery.min.js	1645013964370	1645013964373	OK	 
REQUEST		jquery-ui.min.js	1645013964371	1645013964374	OK	 
REQUEST		bootstrap.min.js	1645013964373	1645013964375	OK	 
REQUEST		favicon.png	1645013964365	1645013964379	OK	 
REQUEST		petclinic.css	1645013964365	1645013964380	OK	 
REQUEST		pets.png	1645013964366	1645013964382	OK	 
REQUEST		spring-pivotal-logo.png	1645013964366	1645013964382	OK	 
USER	RecordedSimulation2	START	1645013964449
REQUEST		Open Home Page	1645013964450	1645013964453	OK	 
REQUEST		jquery-ui.theme.min.css	1645013964456	1645013964459	OK	 
REQUEST		jquery-ui.min.css	1645013964456	1645013964460	OK	 
REQUEST		jquery.min.js	1645013964460	1645013964462	OK	 
REQUEST		jquery-ui.min.js	1645013964461	1645013964464	OK	 
REQUEST		bootstrap.min.js	1645013964462	1645013964465	OK	 
REQUEST		favicon.png	1645013964455	1645013964467	OK	 
REQUEST		pets.png	1645013964456	1645013964470	OK	 
REQUEST		spring-pivotal-logo.png	1645013964456	1645013964470	OK	 
REQUEST		petclinic.css	1645013964455	1645013964471	OK	 
USER	RecordedSimulation2	START	1645013964542
REQUEST		Open Home Page	1645013964542	1645013964545	OK	 
REQUEST		jquery-ui.min.css	1645013964548	1645013964552	OK	 
REQUEST		jquery-ui.theme.min.css	1645013964548	1645013964553	OK	 
REQUEST		jquery.min.js	1645013964553	1645013964555	OK	 
REQUEST		jquery-ui.min.js	1645013964554	1645013964557	OK	 
REQUEST		bootstrap.min.js	1645013964555	1645013964558	OK	 
REQUEST		favicon.png	1645013964547	1645013964559	OK	 
REQUEST		pets.png	1645013964549	1645013964563	OK	 
REQUEST		spring-pivotal-logo.png	1645013964549	1645013964564	OK	 
REQUEST		petclinic.css	1645013964547	1645013964564	OK	 
USER	RecordedSimulation2	START	1645013964637
REQUEST		Open Home Page	1645013964637	1645013964641	OK	 
REQUEST		jquery-ui.theme.min.css	1645013964645	1645013964649	OK	 
REQUEST		jquery-ui.min.css	1645013964645	1645013964650	OK	 
REQUEST		jquery.min.js	1645013964650	1645013964652	OK	 
REQUEST		jquery-ui.min.js	1645013964651	1645013964654	OK	 
REQUEST		bootstrap.min.js	1645013964653	1645013964655	OK	 
REQUEST		favicon.png	1645013964644	1645013964657	OK	 
REQUEST		pets.png	1645013964645	1645013964659	OK	 
REQUEST		spring-pivotal-logo.png	1645013964645	1645013964660	OK	 
REQUEST		petclinic.css	1645013964644	1645013964661	OK	 
REQUEST		GET Find Owners Page	1645013965106	1645013965117	OK	 
REQUEST		jquery-ui.min.css	1645013965121	1645013965122	OK	 
REQUEST		jquery-ui.theme.min.css	1645013965121	1645013965123	OK	 
REQUEST		jquery.min.js	1645013965122	1645013965124	OK	 
REQUEST		petclinic.css	1645013965121	1645013965127	OK	 
REQUEST		spring-pivotal-logo.png	1645013965122	1645013965127	OK	 
REQUEST		favicon.png	1645013965120	1645013965128	OK	 
REQUEST		GET Find Owners Page	1645013965168	1645013965170	OK	 
REQUEST		jquery-ui.min.css	1645013965173	1645013965174	OK	 
REQUEST		jquery-ui.theme.min.css	1645013965173	1645013965174	OK	 
REQUEST		jquery.min.js	1645013965173	1645013965175	OK	 
REQUEST		petclinic.css	1645013965173	1645013965178	OK	 
REQUEST		favicon.png	1645013965172	1645013965178	OK	 
REQUEST		spring-pivotal-logo.png	1645013965173	1645013965178	OK	 
REQUEST		GET Find Owners Page	1645013965557	1645013965560	OK	 
REQUEST		jquery-ui.min.css	1645013965562	1645013965563	OK	 
REQUEST		jquery-ui.theme.min.css	1645013965562	1645013965564	OK	 
REQUEST		jquery.min.js	1645013965563	1645013965564	OK	 
REQUEST		petclinic.css	1645013965562	1645013965567	OK	 
REQUEST		favicon.png	1645013965561	1645013965567	OK	 
REQUEST		spring-pivotal-logo.png	1645013965562	1645013965567	OK	 
REQUEST		GET Find Owners Page	1645013965604	1645013965606	OK	 
REQUEST		jquery-ui.min.css	1645013965609	1645013965610	OK	 
REQUEST		jquery-ui.theme.min.css	1645013965609	1645013965611	OK	 
REQUEST		jquery.min.js	1645013965610	1645013965611	OK	 
REQUEST		favicon.png	1645013965608	1645013965615	OK	 
REQUEST		petclinic.css	1645013965609	1645013965615	OK	 
REQUEST		spring-pivotal-logo.png	1645013965609	1645013965616	OK	 
USER	RecordedSimulation2	START	1645013965636
REQUEST		Open Home Page	1645013965636	1645013965640	OK	 
REQUEST		jquery-ui.theme.min.css	1645013965642	1645013965645	OK	 
REQUEST		jquery-ui.min.css	1645013965642	1645013965647	OK	 
REQUEST		jquery.min.js	1645013965646	1645013965649	OK	 
REQUEST		jquery-ui.min.js	1645013965647	1645013965650	OK	 
REQUEST		bootstrap.min.js	1645013965649	1645013965651	OK	 
REQUEST		favicon.png	1645013965641	1645013965653	OK	 
REQUEST		GET Find Owners Page	1645013965651	1645013965654	OK	 
REQUEST		petclinic.css	1645013965641	1645013965656	OK	 
REQUEST		pets.png	1645013965642	1645013965657	OK	 
REQUEST		spring-pivotal-logo.png	1645013965642	1645013965657	OK	 
REQUEST		jquery-ui.min.css	1645013965657	1645013965658	OK	 
REQUEST		jquery-ui.theme.min.css	1645013965657	1645013965659	OK	 
REQUEST		jquery.min.js	1645013965658	1645013965659	OK	 
REQUEST		petclinic.css	1645013965657	1645013965663	OK	 
REQUEST		spring-pivotal-logo.png	1645013965658	1645013965663	OK	 
REQUEST		favicon.png	1645013965657	1645013965663	OK	 
REQUEST		GET Find Owners Page	1645013965729	1645013965732	OK	 
REQUEST		jquery-ui.min.css	1645013965734	1645013965735	OK	 
REQUEST		jquery.min.js	1645013965735	1645013965736	OK	 
REQUEST		jquery-ui.theme.min.css	1645013965734	1645013965736	OK	 
REQUEST		favicon.png	1645013965734	1645013965739	OK	 
REQUEST		petclinic.css	1645013965734	1645013965740	OK	 
REQUEST		spring-pivotal-logo.png	1645013965735	1645013965741	OK	 
REQUEST		GET Find Owners Page	1645013965760	1645013965762	OK	 
REQUEST		jquery-ui.theme.min.css	1645013965765	1645013965766	OK	 
REQUEST		jquery-ui.min.css	1645013965765	1645013965767	OK	 
REQUEST		jquery.min.js	1645013965766	1645013965767	OK	 
REQUEST		favicon.png	1645013965765	1645013965771	OK	 
REQUEST		petclinic.css	1645013965765	1645013965771	OK	 
REQUEST		spring-pivotal-logo.png	1645013965765	1645013965772	OK	 
REQUEST		GET Find Owners Page	1645013965901	1645013965904	OK	 
REQUEST		jquery-ui.min.css	1645013965906	1645013965907	OK	 
REQUEST		jquery-ui.theme.min.css	1645013965906	1645013965907	OK	 
REQUEST		jquery.min.js	1645013965906	1645013965908	OK	 
REQUEST		favicon.png	1645013965905	1645013965912	OK	 
REQUEST		spring-pivotal-logo.png	1645013965906	1645013965912	OK	 
REQUEST		petclinic.css	1645013965906	1645013965913	OK	 
REQUEST		GET Add Owner	1645013966372	1645013966385	OK	 
REQUEST		jquery-ui.min.css	1645013966388	1645013966389	OK	 
REQUEST		jquery-ui.theme.min.css	1645013966388	1645013966389	OK	 
REQUEST		jquery.min.js	1645013966388	1645013966390	OK	 
REQUEST		favicon.png	1645013966387	1645013966393	OK	 
REQUEST		petclinic.css	1645013966388	1645013966393	OK	 
REQUEST		spring-pivotal-logo.png	1645013966388	1645013966394	OK	 
REQUEST		GET Find Owners Page	1645013966434	1645013966437	OK	 
REQUEST		jquery-ui.min.css	1645013966439	1645013966440	OK	 
REQUEST		jquery.min.js	1645013966440	1645013966441	OK	 
REQUEST		jquery-ui.theme.min.css	1645013966439	1645013966441	OK	 
REQUEST		favicon.png	1645013966439	1645013966445	OK	 
REQUEST		spring-pivotal-logo.png	1645013966440	1645013966445	OK	 
REQUEST		petclinic.css	1645013966439	1645013966446	OK	 
REQUEST		GET Find Owners Page	1645013966592	1645013966602	OK	 
REQUEST		jquery-ui.min.css	1645013966607	1645013966613	OK	 
REQUEST		jquery-ui.theme.min.css	1645013966611	1645013966613	OK	 
REQUEST		jquery.min.js	1645013966612	1645013966614	OK	 
REQUEST		petclinic.css	1645013966607	1645013966619	OK	 
REQUEST		favicon.png	1645013966606	1645013966619	OK	 
REQUEST		spring-pivotal-logo.png	1645013966611	1645013966622	OK	 
USER	RecordedSimulation2	START	1645013966643
REQUEST		Open Home Page	1645013966643	1645013966646	OK	 
REQUEST		jquery-ui.theme.min.css	1645013966649	1645013966653	OK	 
REQUEST		jquery-ui.min.css	1645013966649	1645013966654	OK	 
REQUEST		jquery.min.js	1645013966653	1645013966656	OK	 
REQUEST		jquery-ui.min.js	1645013966654	1645013966657	OK	 
REQUEST		bootstrap.min.js	1645013966656	1645013966658	OK	 
REQUEST		favicon.png	1645013966648	1645013966660	OK	 
REQUEST		petclinic.css	1645013966649	1645013966663	OK	 
REQUEST		pets.png	1645013966649	1645013966664	OK	 
REQUEST		spring-pivotal-logo.png	1645013966650	1645013966664	OK	 
REQUEST		GET Find Owners Page	1645013966778	1645013966780	OK	 
REQUEST		jquery-ui.min.css	1645013966783	1645013966784	OK	 
REQUEST		jquery.min.js	1645013966783	1645013966784	OK	 
REQUEST		jquery-ui.theme.min.css	1645013966783	1645013966784	OK	 
REQUEST		favicon.png	1645013966782	1645013966788	OK	 
REQUEST		petclinic.css	1645013966782	1645013966788	OK	 
REQUEST		spring-pivotal-logo.png	1645013966783	1645013966788	OK	 
REQUEST		GET Find Owners Page	1645013966967	1645013966972	OK	 
REQUEST		jquery-ui.min.css	1645013966977	1645013966978	OK	 
REQUEST		jquery.min.js	1645013966978	1645013966979	OK	 
REQUEST		jquery-ui.theme.min.css	1645013966977	1645013966979	OK	 
REQUEST		favicon.png	1645013966976	1645013966983	OK	 
REQUEST		petclinic.css	1645013966977	1645013966983	OK	 
REQUEST		spring-pivotal-logo.png	1645013966978	1645013966983	OK	 
REQUEST		GET Add Owner	1645013967169	1645013967172	OK	 
REQUEST		jquery-ui.min.css	1645013967174	1645013967175	OK	 
REQUEST		jquery-ui.theme.min.css	1645013967174	1645013967176	OK	 
REQUEST		jquery.min.js	1645013967174	1645013967176	OK	 
REQUEST		petclinic.css	1645013967174	1645013967181	OK	 
REQUEST		spring-pivotal-logo.png	1645013967174	1645013967181	OK	 
REQUEST		favicon.png	1645013967174	1645013967181	OK	 
REQUEST		GET Add Owner	1645013967185	1645013967187	OK	 
REQUEST		jquery-ui.theme.min.css	1645013967190	1645013967191	OK	 
REQUEST		jquery-ui.min.css	1645013967189	1645013967191	OK	 
REQUEST		jquery.min.js	1645013967190	1645013967191	OK	 
REQUEST		favicon.png	1645013967189	1645013967195	OK	 
REQUEST		petclinic.css	1645013967189	1645013967196	OK	 
REQUEST		spring-pivotal-logo.png	1645013967190	1645013967196	OK	 
REQUEST		GET Add Owner	1645013967449	1645013967452	OK	 
REQUEST		jquery-ui.theme.min.css	1645013967454	1645013967455	OK	 
REQUEST		jquery-ui.min.css	1645013967454	1645013967455	OK	 
REQUEST		jquery.min.js	1645013967454	1645013967456	OK	 
REQUEST		favicon.png	1645013967454	1645013967460	OK	 
REQUEST		petclinic.css	1645013967454	1645013967460	OK	 
REQUEST		spring-pivotal-logo.png	1645013967454	1645013967460	OK	 
REQUEST		GET Add Owner	1645013967497	1645013967500	OK	 
REQUEST		jquery-ui.min.css	1645013967502	1645013967503	OK	 
REQUEST		jquery-ui.theme.min.css	1645013967502	1645013967503	OK	 
REQUEST		jquery.min.js	1645013967502	1645013967503	OK	 
REQUEST		favicon.png	1645013967501	1645013967507	OK	 
REQUEST		petclinic.css	1645013967501	1645013967507	OK	 
REQUEST		spring-pivotal-logo.png	1645013967502	1645013967507	OK	 
REQUEST		GET Add Owner	1645013967512	1645013967515	OK	 
REQUEST		jquery-ui.min.css	1645013967517	1645013967518	OK	 
REQUEST		jquery.min.js	1645013967517	1645013967518	OK	 
REQUEST		jquery-ui.theme.min.css	1645013967517	1645013967518	OK	 
REQUEST		favicon.png	1645013967516	1645013967522	OK	 
REQUEST		spring-pivotal-logo.png	1645013967517	1645013967522	OK	 
REQUEST		petclinic.css	1645013967516	1645013967522	OK	 
REQUEST		GET Find Owners Page	1645013967622	1645013967624	OK	 
REQUEST		jquery-ui.theme.min.css	1645013967626	1645013967627	OK	 
REQUEST		jquery-ui.min.css	1645013967626	1645013967627	OK	 
REQUEST		jquery.min.js	1645013967626	1645013967627	OK	 
REQUEST		favicon.png	1645013967625	1645013967631	OK	 
REQUEST		petclinic.css	1645013967626	1645013967631	OK	 
REQUEST		spring-pivotal-logo.png	1645013967626	1645013967632	OK	 
USER	RecordedSimulation2	START	1645013967639
REQUEST		Open Home Page	1645013967639	1645013967642	OK	 
REQUEST		jquery-ui.theme.min.css	1645013967644	1645013967648	OK	 
REQUEST		jquery-ui.min.css	1645013967644	1645013967649	OK	 
REQUEST		jquery.min.js	1645013967648	1645013967651	OK	 
REQUEST		jquery-ui.min.js	1645013967649	1645013967652	OK	 
REQUEST		bootstrap.min.js	1645013967651	1645013967652	OK	 
REQUEST		favicon.png	1645013967644	1645013967655	OK	 
REQUEST		petclinic.css	1645013967644	1645013967657	OK	 
REQUEST		pets.png	1645013967645	1645013967658	OK	 
REQUEST		spring-pivotal-logo.png	1645013967645	1645013967658	OK	 
REQUEST		GET Add Owner	1645013968185	1645013968188	OK	 
REQUEST		jquery-ui.min.css	1645013968190	1645013968192	OK	 
REQUEST		jquery-ui.theme.min.css	1645013968191	1645013968192	OK	 
REQUEST		jquery.min.js	1645013968191	1645013968192	OK	 
REQUEST		favicon.png	1645013968190	1645013968196	OK	 
REQUEST		petclinic.css	1645013968190	1645013968197	OK	 
REQUEST		spring-pivotal-logo.png	1645013968191	1645013968197	OK	 
REQUEST		GET Add Owner	1645013968278	1645013968282	OK	 
REQUEST		jquery-ui.min.css	1645013968284	1645013968285	OK	 
REQUEST		jquery-ui.theme.min.css	1645013968284	1645013968286	OK	 
REQUEST		jquery.min.js	1645013968284	1645013968286	OK	 
REQUEST		petclinic.css	1645013968284	1645013968291	OK	 
REQUEST		favicon.png	1645013968283	1645013968291	OK	 
REQUEST		spring-pivotal-logo.png	1645013968284	1645013968292	OK	 
REQUEST		GET Add Owner	1645013968514	1645013968517	OK	 
REQUEST		jquery-ui.theme.min.css	1645013968519	1645013968520	OK	 
REQUEST		jquery.min.js	1645013968520	1645013968521	OK	 
REQUEST		jquery-ui.min.css	1645013968519	1645013968521	OK	 
REQUEST		favicon.png	1645013968519	1645013968525	OK	 
REQUEST		petclinic.css	1645013968519	1645013968525	OK	 
REQUEST		spring-pivotal-logo.png	1645013968520	1645013968525	OK	 
USER	RecordedSimulation2	START	1645013968626
REQUEST		Open Home Page	1645013968626	1645013968638	OK	 
REQUEST		jquery-ui.min.css	1645013968639	1645013968643	OK	 
REQUEST		jquery-ui.theme.min.css	1645013968640	1645013968645	OK	 
REQUEST		jquery.min.js	1645013968644	1645013968646	OK	 
REQUEST		bootstrap.min.js	1645013968647	1645013968648	OK	 
REQUEST		jquery-ui.min.js	1645013968646	1645013968649	OK	 
REQUEST		favicon.png	1645013968639	1645013968651	OK	 
REQUEST		petclinic.css	1645013968639	1645013968654	OK	 
REQUEST		pets.png	1645013968640	1645013968657	OK	 
REQUEST		spring-pivotal-logo.png	1645013968640	1645013968657	OK	 
REQUEST		POST Add Owner	1645013968720	1645013968725	OK	 
REQUEST		Get Owners Info	1645013968726	1645013968755	OK	 
REQUEST		GET Add Owner	1645013968919	1645013968922	OK	 
REQUEST		POST Add Owner	1645013968919	1645013968924	OK	 
REQUEST		jquery-ui.min.css	1645013968924	1645013968925	OK	 
REQUEST		jquery-ui.theme.min.css	1645013968924	1645013968926	OK	 
REQUEST		jquery.min.js	1645013968925	1645013968926	OK	 
REQUEST		favicon.png	1645013968924	1645013968930	OK	 
REQUEST		petclinic.css	1645013968924	1645013968931	OK	 
REQUEST		spring-pivotal-logo.png	1645013968925	1645013968931	OK	 
REQUEST		Get Owners Info	1645013968924	1645013968946	OK	 
REQUEST		GET Find Owners By LastName	1645013968981	1645013969014	OK	 
REQUEST		jquery-ui.min.css	1645013969017	1645013969018	OK	 
REQUEST		jquery-ui.theme.min.css	1645013969017	1645013969018	OK	 
REQUEST		jquery.min.js	1645013969017	1645013969019	OK	 
REQUEST		favicon.png	1645013969017	1645013969022	OK	 
REQUEST		spring-pivotal-logo.png	1645013969017	1645013969023	OK	 
REQUEST		petclinic.css	1645013969017	1645013969023	OK	 
REQUEST		POST Add Owner	1645013969028	1645013969032	OK	 
REQUEST		Get Owners Info	1645013969018	1645013969043	OK	 
REQUEST		Get Owners Info	1645013969033	1645013969055	OK	 
REQUEST		POST Add Owner	1645013969217	1645013969222	OK	 
REQUEST		Get Owners Info	1645013969222	1645013969243	OK	 
REQUEST		GET Add Owner	1645013969324	1645013969329	OK	 
REQUEST		jquery-ui.min.css	1645013969331	1645013969332	OK	 
REQUEST		jquery-ui.theme.min.css	1645013969331	1645013969332	OK	 
REQUEST		jquery.min.js	1645013969331	1645013969332	OK	 
REQUEST		petclinic.css	1645013969331	1645013969336	OK	 
REQUEST		favicon.png	1645013969330	1645013969336	OK	 
REQUEST		spring-pivotal-logo.png	1645013969331	1645013969337	OK	 
REQUEST		GET Find Owners Page	1645013969338	1645013969348	OK	 
REQUEST		jquery-ui.min.css	1645013969350	1645013969351	OK	 
REQUEST		jquery.min.js	1645013969350	1645013969351	OK	 
REQUEST		jquery-ui.theme.min.css	1645013969350	1645013969352	OK	 
REQUEST		petclinic.css	1645013969350	1645013969357	OK	 
REQUEST		spring-pivotal-logo.png	1645013969350	1645013969357	OK	 
REQUEST		favicon.png	1645013969350	1645013969357	OK	 
REQUEST		GET Add Owner	1645013969417	1645013969421	OK	 
REQUEST		jquery-ui.min.css	1645013969422	1645013969423	OK	 
REQUEST		jquery-ui.theme.min.css	1645013969423	1645013969424	OK	 
REQUEST		jquery.min.js	1645013969423	1645013969424	OK	 
REQUEST		favicon.png	1645013969422	1645013969428	OK	 
REQUEST		petclinic.css	1645013969422	1645013969429	OK	 
REQUEST		spring-pivotal-logo.png	1645013969423	1645013969429	OK	 
REQUEST		GET Find Owners Page	1645013969479	1645013969482	OK	 
REQUEST		jquery-ui.min.css	1645013969483	1645013969484	OK	 
REQUEST		jquery.min.js	1645013969484	1645013969485	OK	 
REQUEST		jquery-ui.theme.min.css	1645013969483	1645013969485	OK	 
REQUEST		petclinic.css	1645013969483	1645013969489	OK	 
REQUEST		favicon.png	1645013969483	1645013969490	OK	 
REQUEST		spring-pivotal-logo.png	1645013969483	1645013969490	OK	 
REQUEST		POST Add Owner	1645013969557	1645013969562	OK	 
REQUEST		Get Owners Info	1645013969562	1645013969583	OK	 
USER	RecordedSimulation2	START	1645013969636
REQUEST		Open Home Page	1645013969636	1645013969639	OK	 
REQUEST		jquery-ui.theme.min.css	1645013969641	1645013969645	OK	 
REQUEST		jquery-ui.min.css	1645013969641	1645013969646	OK	 
REQUEST		jquery.min.js	1645013969646	1645013969648	OK	 
REQUEST		jquery-ui.min.js	1645013969646	1645013969649	OK	 
REQUEST		bootstrap.min.js	1645013969648	1645013969650	OK	 
REQUEST		favicon.png	1645013969641	1645013969653	OK	 
REQUEST		pets.png	1645013969641	1645013969655	OK	 
REQUEST		petclinic.css	1645013969641	1645013969656	OK	 
REQUEST		spring-pivotal-logo.png	1645013969642	1645013969656	OK	 
REQUEST		POST Add Owner	1645013969698	1645013969714	OK	 
REQUEST		Get Owners Info	1645013969715	1645013969740	OK	 
REQUEST		POST Add Owner	1645013969945	1645013969949	OK	 
REQUEST		Get Owners Info	1645013969949	1645013969969	OK	 
REQUEST		Get Add Pet	1645013970039	1645013970066	OK	 
REQUEST		jquery-ui.theme.min.css	1645013970068	1645013970069	OK	 
REQUEST		jquery-ui.min.css	1645013970068	1645013970069	OK	 
REQUEST		jquery.min.js	1645013970069	1645013970070	OK	 
REQUEST		petclinic.css	1645013970068	1645013970074	OK	 
REQUEST		favicon.png	1645013970068	1645013970074	OK	 
REQUEST		spring-pivotal-logo.png	1645013970068	1645013970074	OK	 
REQUEST		Get Open Edit Owner Page	1645013970179	1645013970196	OK	 
REQUEST		jquery-ui.min.css	1645013970198	1645013970199	OK	 
REQUEST		jquery.min.js	1645013970198	1645013970199	OK	 
REQUEST		jquery-ui.theme.min.css	1645013970198	1645013970199	OK	 
REQUEST		favicon.png	1645013970197	1645013970202	OK	 
REQUEST		petclinic.css	1645013970197	1645013970203	OK	 
REQUEST		spring-pivotal-logo.png	1645013970198	1645013970203	OK	 
REQUEST		POST Add Owner	1645013970383	1645013970387	OK	 
REQUEST		Get Owners Info	1645013970388	1645013970410	OK	 
REQUEST		POST Add Owner	1645013970446	1645013970451	OK	 
REQUEST		Get Add Pet	1645013970446	1645013970475	OK	 
REQUEST		jquery-ui.min.css	1645013970477	1645013970478	OK	 
REQUEST		jquery-ui.theme.min.css	1645013970477	1645013970478	OK	 
REQUEST		jquery.min.js	1645013970478	1645013970479	OK	 
REQUEST		favicon.png	1645013970477	1645013970483	OK	 
REQUEST		petclinic.css	1645013970477	1645013970483	OK	 
REQUEST		spring-pivotal-logo.png	1645013970477	1645013970484	OK	 
REQUEST		Get Owners Info	1645013970451	1645013970485	OK	 
USER	RecordedSimulation2	START	1645013970636
REQUEST		Open Home Page	1645013970636	1645013970640	OK	 
REQUEST		jquery-ui.theme.min.css	1645013970643	1645013970646	OK	 
REQUEST		jquery-ui.min.css	1645013970642	1645013970647	OK	 
REQUEST		jquery.min.js	1645013970647	1645013970649	OK	 
REQUEST		jquery-ui.min.js	1645013970648	1645013970650	OK	 
REQUEST		bootstrap.min.js	1645013970649	1645013970651	OK	 
REQUEST		POST Add Owner	1645013970649	1645013970653	OK	 
REQUEST		favicon.png	1645013970641	1645013970655	OK	 
REQUEST		petclinic.css	1645013970642	1645013970656	OK	 
REQUEST		spring-pivotal-logo.png	1645013970643	1645013970657	OK	 
REQUEST		pets.png	1645013970643	1645013970657	OK	 
REQUEST		Get Owners Info	1645013970653	1645013970677	OK	 
REQUEST		GET Find Owners Page	1645013970774	1645013970777	OK	 
REQUEST		jquery-ui.min.css	1645013970780	1645013970781	OK	 
REQUEST		jquery-ui.theme.min.css	1645013970780	1645013970782	OK	 
REQUEST		jquery.min.js	1645013970780	1645013970782	OK	 
REQUEST		favicon.png	1645013970779	1645013970788	OK	 
REQUEST		spring-pivotal-logo.png	1645013970780	1645013970789	OK	 
REQUEST		petclinic.css	1645013970780	1645013970789	OK	 
REQUEST		Get Add Pet	1645013970821	1645013970840	OK	 
REQUEST		jquery-ui.min.css	1645013970842	1645013970843	OK	 
REQUEST		jquery-ui.theme.min.css	1645013970842	1645013970843	OK	 
REQUEST		jquery.min.js	1645013970842	1645013970843	OK	 
REQUEST		spring-pivotal-logo.png	1645013970842	1645013970848	OK	 
REQUEST		favicon.png	1645013970842	1645013970848	OK	 
REQUEST		petclinic.css	1645013970842	1645013970848	OK	 
REQUEST		Get Add Pet	1645013970899	1645013970921	OK	 
REQUEST		jquery-ui.min.css	1645013970922	1645013970923	OK	 
REQUEST		jquery-ui.theme.min.css	1645013970922	1645013970923	OK	 
REQUEST		jquery.min.js	1645013970923	1645013970924	OK	 
REQUEST		petclinic.css	1645013970922	1645013970927	OK	 
REQUEST		spring-pivotal-logo.png	1645013970922	1645013970928	OK	 
REQUEST		favicon.png	1645013970922	1645013970928	OK	 
REQUEST		POST Add Owner	1645013971053	1645013971058	OK	 
REQUEST		Get Owners Info	1645013971058	1645013971079	OK	 
REQUEST		GET Find Owners Page	1645013971426	1645013971430	OK	 
REQUEST		jquery-ui.theme.min.css	1645013971432	1645013971433	OK	 
REQUEST		jquery-ui.min.css	1645013971432	1645013971433	OK	 
REQUEST		jquery.min.js	1645013971432	1645013971433	OK	 
REQUEST		favicon.png	1645013971431	1645013971437	OK	 
REQUEST		petclinic.css	1645013971431	1645013971438	OK	 
REQUEST		spring-pivotal-logo.png	1645013971432	1645013971438	OK	 
REQUEST		POST Add Pet	1645013971458	1645013971478	OK	 
REQUEST		jquery-ui.min.css	1645013971480	1645013971481	OK	 
REQUEST		jquery.min.js	1645013971480	1645013971481	OK	 
REQUEST		jquery-ui.theme.min.css	1645013971480	1645013971481	OK	 
REQUEST		favicon.png	1645013971479	1645013971485	OK	 
REQUEST		spring-pivotal-logo.png	1645013971480	1645013971486	OK	 
REQUEST		petclinic.css	1645013971480	1645013971486	OK	 
REQUEST		Get owners Info	1645013971481	1645013971502	OK	 
USER	RecordedSimulation2	START	1645013971645
REQUEST		POST Update Owner	1645013971630	1645013971648	OK	 
REQUEST		POST Add Owner	1645013971645	1645013971649	OK	 
REQUEST		Open Home Page	1645013971646	1645013971649	OK	 
REQUEST		jquery-ui.theme.min.css	1645013971651	1645013971655	OK	 
REQUEST		jquery-ui.min.css	1645013971651	1645013971656	OK	 
REQUEST		jquery.min.js	1645013971655	1645013971657	OK	 
REQUEST		jquery-ui.min.js	1645013971656	1645013971659	OK	 
REQUEST		bootstrap.min.js	1645013971658	1645013971659	OK	 
REQUEST		spring-pivotal-logo.png	1645013971652	1645013971665	OK	 
REQUEST		favicon.png	1645013971651	1645013971665	OK	 
REQUEST		petclinic.css	1645013971651	1645013971666	OK	 
REQUEST		pets.png	1645013971652	1645013971667	OK	 
REQUEST		GET Owners Info	1645013971648	1645013971685	OK	 
REQUEST		Get Owners Info	1645013971649	1645013971685	OK	 
REQUEST		Get Add Pet	1645013972160	1645013972178	OK	 
REQUEST		jquery-ui.min.css	1645013972179	1645013972180	OK	 
REQUEST		jquery-ui.theme.min.css	1645013972180	1645013972181	OK	 
REQUEST		jquery.min.js	1645013972180	1645013972181	OK	 
REQUEST		petclinic.css	1645013972179	1645013972185	OK	 
REQUEST		favicon.png	1645013972179	1645013972185	OK	 
REQUEST		spring-pivotal-logo.png	1645013972180	1645013972185	OK	 
REQUEST		GET Add Owner	1645013972237	1645013972240	OK	 
REQUEST		jquery.min.js	1645013972242	1645013972243	OK	 
REQUEST		jquery-ui.theme.min.css	1645013972242	1645013972243	OK	 
REQUEST		petclinic.css	1645013972241	1645013972246	OK	 
REQUEST		spring-pivotal-logo.png	1645013972242	1645013972247	OK	 
REQUEST		favicon.png	1645013972241	1645013972247	OK	 
REQUEST		GET Add Owner	1645013972253	1645013972255	OK	 
REQUEST		jquery-ui.min.css	1645013972257	1645013972258	OK	 
REQUEST		jquery-ui.theme.min.css	1645013972257	1645013972258	OK	 
REQUEST		jquery.min.js	1645013972257	1645013972258	OK	 
REQUEST		favicon.png	1645013972257	1645013972263	OK	 
REQUEST		spring-pivotal-logo.png	1645013972257	1645013972263	OK	 
REQUEST		petclinic.css	1645013972257	1645013972263	OK	 
REQUEST		jquery-ui.min.css	1645013972241	1645013972263	OK	 
REQUEST		Get Add Pet	1645013972283	1645013972300	OK	 
REQUEST		jquery-ui.theme.min.css	1645013972302	1645013972303	OK	 
REQUEST		jquery-ui.min.css	1645013972302	1645013972304	OK	 
REQUEST		jquery.min.js	1645013972302	1645013972304	OK	 
REQUEST		favicon.png	1645013972302	1645013972308	OK	 
REQUEST		petclinic.css	1645013972302	1645013972308	OK	 
REQUEST		spring-pivotal-logo.png	1645013972302	1645013972309	OK	 
REQUEST		POST Add Pet	1645013972298	1645013972327	OK	 
REQUEST		jquery-ui.theme.min.css	1645013972329	1645013972330	OK	 
REQUEST		jquery-ui.min.css	1645013972329	1645013972331	OK	 
REQUEST		jquery.min.js	1645013972330	1645013972331	OK	 
REQUEST		favicon.png	1645013972329	1645013972335	OK	 
REQUEST		spring-pivotal-logo.png	1645013972330	1645013972336	OK	 
REQUEST		petclinic.css	1645013972329	1645013972336	OK	 
REQUEST		Get owners Info	1645013972331	1645013972352	OK	 
REQUEST		Get Add Pet	1645013972390	1645013972409	OK	 
REQUEST		jquery-ui.min.css	1645013972410	1645013972411	OK	 
REQUEST		jquery-ui.theme.min.css	1645013972410	1645013972411	OK	 
REQUEST		jquery.min.js	1645013972411	1645013972412	OK	 
REQUEST		favicon.png	1645013972410	1645013972416	OK	 
REQUEST		spring-pivotal-logo.png	1645013972411	1645013972417	OK	 
REQUEST		petclinic.css	1645013972410	1645013972418	OK	 
REQUEST		Get Add Pet	1645013972529	1645013972549	OK	 
REQUEST		jquery-ui.min.css	1645013972550	1645013972551	OK	 
REQUEST		jquery.min.js	1645013972551	1645013972552	OK	 
REQUEST		jquery-ui.theme.min.css	1645013972551	1645013972552	OK	 
REQUEST		favicon.png	1645013972550	1645013972555	OK	 
REQUEST		petclinic.css	1645013972550	1645013972555	OK	 
REQUEST		spring-pivotal-logo.png	1645013972551	1645013972556	OK	 
USER	RecordedSimulation2	START	1645013972622
REQUEST		Open Home Page	1645013972622	1645013972626	OK	 
REQUEST		jquery-ui.theme.min.css	1645013972627	1645013972630	OK	 
REQUEST		jquery-ui.min.css	1645013972627	1645013972631	OK	 
REQUEST		jquery.min.js	1645013972631	1645013972633	OK	 
REQUEST		jquery-ui.min.js	1645013972632	1645013972634	OK	 
REQUEST		bootstrap.min.js	1645013972633	1645013972635	OK	 
REQUEST		favicon.png	1645013972627	1645013972639	OK	 
REQUEST		pets.png	1645013972628	1645013972641	OK	 
REQUEST		petclinic.css	1645013972627	1645013972641	OK	 
REQUEST		spring-pivotal-logo.png	1645013972628	1645013972642	OK	 
REQUEST		Get Add Pet	1645013972744	1645013972762	OK	 
REQUEST		jquery-ui.min.css	1645013972763	1645013972764	OK	 
REQUEST		jquery.min.js	1645013972763	1645013972764	OK	 
REQUEST		jquery-ui.theme.min.css	1645013972763	1645013972764	OK	 
REQUEST		petclinic.css	1645013972763	1645013972769	OK	 
REQUEST		favicon.png	1645013972763	1645013972769	OK	 
REQUEST		spring-pivotal-logo.png	1645013972763	1645013972769	OK	 
REQUEST		GET Find Owners Page	1645013972836	1645013972839	OK	 
REQUEST		jquery-ui.min.css	1645013972841	1645013972842	OK	 
REQUEST		jquery-ui.theme.min.css	1645013972841	1645013972842	OK	 
REQUEST		jquery.min.js	1645013972841	1645013972842	OK	 
REQUEST		favicon.png	1645013972841	1645013972846	OK	 
REQUEST		spring-pivotal-logo.png	1645013972841	1645013972846	OK	 
REQUEST		petclinic.css	1645013972841	1645013972846	OK	 
REQUEST		GET Add Owner	1645013973105	1645013973110	OK	 
REQUEST		jquery-ui.min.css	1645013973111	1645013973112	OK	 
REQUEST		jquery-ui.theme.min.css	1645013973111	1645013973112	OK	 
REQUEST		jquery.min.js	1645013973112	1645013973113	OK	 
REQUEST		favicon.png	1645013973111	1645013973116	OK	 
REQUEST		petclinic.css	1645013973111	1645013973116	OK	 
REQUEST		spring-pivotal-logo.png	1645013973111	1645013973117	OK	 
REQUEST		Get Add Pet	1645013973183	1645013973201	OK	 
REQUEST		jquery-ui.min.css	1645013973203	1645013973203	OK	 
REQUEST		jquery.min.js	1645013973203	1645013973204	OK	 
REQUEST		jquery-ui.theme.min.css	1645013973203	1645013973204	OK	 
REQUEST		petclinic.css	1645013973202	1645013973208	OK	 
REQUEST		favicon.png	1645013973202	1645013973208	OK	 
REQUEST		spring-pivotal-logo.png	1645013973203	1645013973208	OK	 
REQUEST		GET Find Owners Page	1645013973387	1645013973396	OK	 
REQUEST		jquery-ui.theme.min.css	1645013973398	1645013973398	OK	 
REQUEST		jquery-ui.min.css	1645013973397	1645013973399	OK	 
REQUEST		jquery.min.js	1645013973398	1645013973399	OK	 
REQUEST		spring-pivotal-logo.png	1645013973398	1645013973403	OK	 
REQUEST		petclinic.css	1645013973397	1645013973404	OK	 
REQUEST		favicon.png	1645013973397	1645013973404	OK	 
REQUEST		Get Add Pet	1645013973433	1645013973451	OK	 
REQUEST		jquery-ui.min.css	1645013973452	1645013973453	OK	 
REQUEST		jquery-ui.theme.min.css	1645013973452	1645013973453	OK	 
REQUEST		jquery.min.js	1645013973452	1645013973453	OK	 
REQUEST		petclinic.css	1645013973452	1645013973458	OK	 
REQUEST		spring-pivotal-logo.png	1645013973452	1645013973458	OK	 
REQUEST		favicon.png	1645013973452	1645013973458	OK	 
REQUEST		POST Add Pet	1645013973511	1645013973532	OK	 
REQUEST		jquery-ui.theme.min.css	1645013973534	1645013973534	OK	 
REQUEST		jquery-ui.min.css	1645013973533	1645013973535	OK	 
REQUEST		jquery.min.js	1645013973534	1645013973535	OK	 
REQUEST		favicon.png	1645013973533	1645013973539	OK	 
REQUEST		spring-pivotal-logo.png	1645013973534	1645013973539	OK	 
REQUEST		petclinic.css	1645013973533	1645013973540	OK	 
REQUEST		POST Add Pet	1645013973526	1645013973560	OK	 
REQUEST		jquery-ui.min.css	1645013973561	1645013973562	OK	 
REQUEST		jquery-ui.theme.min.css	1645013973561	1645013973562	OK	 
REQUEST		jquery.min.js	1645013973561	1645013973563	OK	 
REQUEST		favicon.png	1645013973561	1645013973567	OK	 
REQUEST		spring-pivotal-logo.png	1645013973561	1645013973568	OK	 
REQUEST		petclinic.css	1645013973561	1645013973568	OK	 
REQUEST		Get owners Info	1645013973535	1645013973573	OK	 
REQUEST		Get owners Info	1645013973562	1645013973592	OK	 
REQUEST		GET Find Owners By LastName	1645013973573	1645013973604	OK	 
REQUEST		jquery-ui.min.css	1645013973606	1645013973607	OK	 
REQUEST		jquery-ui.theme.min.css	1645013973606	1645013973607	OK	 
REQUEST		jquery.min.js	1645013973606	1645013973608	OK	 
REQUEST		petclinic.css	1645013973606	1645013973613	OK	 
REQUEST		spring-pivotal-logo.png	1645013973606	1645013973613	OK	 
REQUEST		favicon.png	1645013973605	1645013973613	OK	 
REQUEST		Get Owners Info	1645013973607	1645013973631	OK	 
REQUEST		Get Add Pet	1645013973619	1645013973640	OK	 
REQUEST		jquery-ui.theme.min.css	1645013973642	1645013973643	OK	 
REQUEST		jquery-ui.min.css	1645013973642	1645013973643	OK	 
REQUEST		jquery.min.js	1645013973642	1645013973643	OK	 
REQUEST		petclinic.css	1645013973641	1645013973647	OK	 
REQUEST		favicon.png	1645013973641	1645013973647	OK	 
REQUEST		spring-pivotal-logo.png	1645013973642	1645013973648	OK	 
REQUEST		POST Add Pet	1645013973683	1645013973702	OK	 
REQUEST		jquery-ui.min.css	1645013973704	1645013973705	OK	 
REQUEST		jquery-ui.theme.min.css	1645013973704	1645013973706	OK	 
REQUEST		jquery.min.js	1645013973704	1645013973706	OK	 
REQUEST		spring-pivotal-logo.png	1645013973704	1645013973710	OK	 
REQUEST		favicon.png	1645013973704	1645013973711	OK	 
REQUEST		petclinic.css	1645013973704	1645013973711	OK	 
REQUEST		Get owners Info	1645013973705	1645013973727	OK	 
REQUEST		POST Add Pet	1645013973840	1645013973861	OK	 
REQUEST		jquery-ui.min.css	1645013973862	1645013973863	OK	 
REQUEST		jquery-ui.theme.min.css	1645013973862	1645013973864	OK	 
REQUEST		jquery.min.js	1645013973863	1645013973864	OK	 
REQUEST		favicon.png	1645013973862	1645013973868	OK	 
REQUEST		petclinic.css	1645013973862	1645013973868	OK	 
REQUEST		spring-pivotal-logo.png	1645013973863	1645013973869	OK	 
REQUEST		Get owners Info	1645013973863	1645013973885	OK	 
REQUEST		POST Add Pet	1645013973918	1645013973938	OK	 
REQUEST		jquery-ui.theme.min.css	1645013973939	1645013973940	OK	 
REQUEST		jquery.min.js	1645013973939	1645013973940	OK	 
REQUEST		jquery-ui.min.css	1645013973939	1645013973941	OK	 
REQUEST		favicon.png	1645013973939	1645013973945	OK	 
REQUEST		petclinic.css	1645013973939	1645013973945	OK	 
REQUEST		spring-pivotal-logo.png	1645013973939	1645013973946	OK	 
REQUEST		Get owners Info	1645013973940	1645013973962	OK	 
REQUEST		POST Add Owner	1645013973996	1645013974000	OK	 
REQUEST		Get Owners Info	1645013974000	1645013974021	OK	 
REQUEST		Get Edit Pet Page	1645013974012	1645013974039	OK	 
REQUEST		jquery-ui.min.css	1645013974041	1645013974042	OK	 
REQUEST		jquery.min.js	1645013974041	1645013974042	OK	 
REQUEST		jquery-ui.theme.min.css	1645013974041	1645013974043	OK	 
REQUEST		favicon.png	1645013974040	1645013974046	OK	 
REQUEST		petclinic.css	1645013974040	1645013974047	OK	 
REQUEST		spring-pivotal-logo.png	1645013974041	1645013974048	OK	 
REQUEST		GET Vets List	1645013974384	1645013974403	OK	 
REQUEST		jquery-ui.theme.min.css	1645013974404	1645013974405	OK	 
REQUEST		jquery-ui.min.css	1645013974404	1645013974405	OK	 
REQUEST		jquery.min.js	1645013974404	1645013974406	OK	 
REQUEST		petclinic.css	1645013974404	1645013974411	OK	 
REQUEST		spring-pivotal-logo.png	1645013974404	1645013974411	OK	 
REQUEST		favicon.png	1645013974404	1645013974411	OK	 
REQUEST		GET Find Owners Page	1645013974461	1645013974464	OK	 
REQUEST		jquery-ui.theme.min.css	1645013974466	1645013974466	OK	 
REQUEST		jquery.min.js	1645013974466	1645013974467	OK	 
REQUEST		jquery-ui.min.css	1645013974465	1645013974467	OK	 
REQUEST		favicon.png	1645013974465	1645013974471	OK	 
REQUEST		petclinic.css	1645013974465	1645013974471	OK	 
REQUEST		spring-pivotal-logo.png	1645013974466	1645013974471	OK	 
REQUEST		POST Add Pet	1645013974540	1645013974582	OK	 
REQUEST		jquery-ui.theme.min.css	1645013974584	1645013974584	OK	 
REQUEST		jquery.min.js	1645013974584	1645013974585	OK	 
REQUEST		jquery-ui.min.css	1645013974584	1645013974585	OK	 
REQUEST		petclinic.css	1645013974583	1645013974590	OK	 
REQUEST		favicon.png	1645013974583	1645013974591	OK	 
REQUEST		spring-pivotal-logo.png	1645013974584	1645013974591	OK	 
REQUEST		POST Add Pet	1645013974572	1645013974612	OK	 
REQUEST		jquery-ui.min.css	1645013974613	1645013974614	OK	 
REQUEST		jquery.min.js	1645013974613	1645013974615	OK	 
REQUEST		jquery-ui.theme.min.css	1645013974613	1645013974615	OK	 
REQUEST		petclinic.css	1645013974613	1645013974620	OK	 
REQUEST		favicon.png	1645013974613	1645013974620	OK	 
REQUEST		spring-pivotal-logo.png	1645013974613	1645013974620	OK	 
REQUEST		Get owners Info	1645013974585	1645013974621	OK	 
REQUEST		Get owners Info	1645013974614	1645013974636	OK	 
REQUEST		Get Edit Pet Page	1645013974633	1645013974657	OK	 
REQUEST		jquery-ui.min.css	1645013974659	1645013974659	OK	 
REQUEST		jquery.min.js	1645013974659	1645013974660	OK	 
REQUEST		jquery-ui.theme.min.css	1645013974659	1645013974660	OK	 
REQUEST		petclinic.css	1645013974659	1645013974664	OK	 
REQUEST		spring-pivotal-logo.png	1645013974659	1645013974664	OK	 
REQUEST		favicon.png	1645013974658	1645013974664	OK	 
REQUEST		GET Add Owner	1645013974758	1645013974760	OK	 
REQUEST		jquery-ui.theme.min.css	1645013974761	1645013974762	OK	 
REQUEST		jquery.min.js	1645013974762	1645013974762	OK	 
REQUEST		jquery-ui.min.css	1645013974761	1645013974763	OK	 
REQUEST		petclinic.css	1645013974761	1645013974766	OK	 
REQUEST		spring-pivotal-logo.png	1645013974761	1645013974766	OK	 
REQUEST		favicon.png	1645013974761	1645013974766	OK	 
REQUEST		POST Add Pet	1645013974945	1645013974966	OK	 
REQUEST		jquery-ui.theme.min.css	1645013974968	1645013974968	OK	 
REQUEST		jquery-ui.min.css	1645013974968	1645013974969	OK	 
REQUEST		jquery.min.js	1645013974968	1645013974969	OK	 
REQUEST		spring-pivotal-logo.png	1645013974968	1645013974973	OK	 
REQUEST		petclinic.css	1645013974968	1645013974973	OK	 
REQUEST		favicon.png	1645013974967	1645013974973	OK	 
REQUEST		Get owners Info	1645013974969	1645013974990	OK	 
REQUEST		GET Add Owner	1645013975054	1645013975056	OK	 
REQUEST		jquery-ui.min.css	1645013975058	1645013975059	OK	 
REQUEST		jquery-ui.theme.min.css	1645013975058	1645013975059	OK	 
REQUEST		POST Add Owner	1645013975054	1645013975059	OK	 
REQUEST		jquery.min.js	1645013975058	1645013975059	OK	 
REQUEST		petclinic.css	1645013975058	1645013975064	OK	 
REQUEST		spring-pivotal-logo.png	1645013975058	1645013975064	OK	 
REQUEST		favicon.png	1645013975058	1645013975064	OK	 
REQUEST		Get Owners Info	1645013975059	1645013975081	OK	 
REQUEST		POST Add Pet	1645013975133	1645013975153	OK	 
REQUEST		jquery-ui.theme.min.css	1645013975155	1645013975155	OK	 
REQUEST		jquery-ui.min.css	1645013975155	1645013975156	OK	 
REQUEST		jquery.min.js	1645013975155	1645013975156	OK	 
REQUEST		petclinic.css	1645013975155	1645013975160	OK	 
REQUEST		spring-pivotal-logo.png	1645013975155	1645013975161	OK	 
REQUEST		favicon.png	1645013975154	1645013975161	OK	 
REQUEST		Get owners Info	1645013975156	1645013975177	OK	 
REQUEST		POST Add Owner	1645013975196	1645013975200	OK	 
REQUEST		Get Owners Info	1645013975200	1645013975221	OK	 
REQUEST		Get Edit Pet Page	1645013975242	1645013975268	OK	 
REQUEST		jquery-ui.min.css	1645013975269	1645013975270	OK	 
REQUEST		jquery-ui.theme.min.css	1645013975269	1645013975271	OK	 
REQUEST		jquery.min.js	1645013975269	1645013975271	OK	 
REQUEST		favicon.png	1645013975269	1645013975275	OK	 
REQUEST		spring-pivotal-logo.png	1645013975269	1645013975275	OK	 
REQUEST		petclinic.css	1645013975269	1645013975275	OK	 
REQUEST		Get Edit Pet Page	1645013975397	1645013975425	OK	 
REQUEST		jquery-ui.min.css	1645013975426	1645013975427	OK	 
REQUEST		jquery.min.js	1645013975426	1645013975427	OK	 
REQUEST		jquery-ui.theme.min.css	1645013975426	1645013975427	OK	 
REQUEST		spring-pivotal-logo.png	1645013975426	1645013975431	OK	 
REQUEST		favicon.png	1645013975426	1645013975432	OK	 
REQUEST		petclinic.css	1645013975426	1645013975432	OK	 
REQUEST		POST Add Pet	1645013975459	1645013975479	OK	 
REQUEST		jquery-ui.min.css	1645013975480	1645013975481	OK	 
REQUEST		jquery-ui.theme.min.css	1645013975480	1645013975481	OK	 
REQUEST		jquery.min.js	1645013975480	1645013975481	OK	 
REQUEST		petclinic.css	1645013975480	1645013975485	OK	 
REQUEST		spring-pivotal-logo.png	1645013975480	1645013975486	OK	 
REQUEST		favicon.png	1645013975480	1645013975486	OK	 
REQUEST		Get owners Info	1645013975481	1645013975501	OK	 
USER	RecordedSimulation2	END	1645013975508
REQUEST		GET Add Owner	1645013975770	1645013975786	OK	 
REQUEST		jquery-ui.theme.min.css	1645013975788	1645013975788	OK	 
REQUEST		jquery.min.js	1645013975788	1645013975789	OK	 
REQUEST		jquery-ui.min.css	1645013975787	1645013975789	OK	 
REQUEST		petclinic.css	1645013975787	1645013975793	OK	 
REQUEST		favicon.png	1645013975787	1645013975793	OK	 
REQUEST		spring-pivotal-logo.png	1645013975788	1645013975793	OK	 
REQUEST		request_122	1645013975956	1645013975990	OK	 
REQUEST		Get owners Info	1645013975990	1645013976010	OK	 
REQUEST		request_122	1645013976114	1645013976158	OK	 
REQUEST		Get Edit Pet Page	1645013976129	1645013976176	OK	 
REQUEST		jquery-ui.theme.min.css	1645013976178	1645013976179	OK	 
REQUEST		jquery-ui.min.css	1645013976178	1645013976179	OK	 
REQUEST		jquery.min.js	1645013976178	1645013976179	OK	 
REQUEST		spring-pivotal-logo.png	1645013976178	1645013976183	OK	 
REQUEST		petclinic.css	1645013976177	1645013976184	OK	 
REQUEST		favicon.png	1645013976177	1645013976184	OK	 
REQUEST		Get owners Info	1645013976158	1645013976190	OK	 
REQUEST		Get Edit Pet Page	1645013976351	1645013976384	OK	 
REQUEST		jquery-ui.theme.min.css	1645013976385	1645013976386	OK	 
REQUEST		jquery.min.js	1645013976385	1645013976386	OK	 
REQUEST		jquery-ui.min.css	1645013976385	1645013976386	OK	 
REQUEST		POST Add Owner	1645013976382	1645013976387	OK	 
REQUEST		petclinic.css	1645013976385	1645013976390	OK	 
REQUEST		favicon.png	1645013976385	1645013976390	OK	 
REQUEST		spring-pivotal-logo.png	1645013976385	1645013976391	OK	 
REQUEST		Get Add Pet	1645013976382	1645013976424	OK	 
REQUEST		jquery-ui.theme.min.css	1645013976425	1645013976426	OK	 
REQUEST		jquery.min.js	1645013976425	1645013976426	OK	 
REQUEST		jquery-ui.min.css	1645013976425	1645013976426	OK	 
REQUEST		petclinic.css	1645013976425	1645013976430	OK	 
REQUEST		spring-pivotal-logo.png	1645013976425	1645013976431	OK	 
REQUEST		favicon.png	1645013976425	1645013976431	OK	 
REQUEST		Get Edit Pet Page	1645013976396	1645013976434	OK	 
REQUEST		jquery-ui.min.css	1645013976435	1645013976437	OK	 
REQUEST		jquery.min.js	1645013976436	1645013976437	OK	 
REQUEST		jquery-ui.theme.min.css	1645013976436	1645013976437	OK	 
REQUEST		favicon.png	1645013976435	1645013976441	OK	 
REQUEST		petclinic.css	1645013976435	1645013976441	OK	 
REQUEST		spring-pivotal-logo.png	1645013976436	1645013976442	OK	 
REQUEST		Get Owners Info	1645013976387	1645013976446	OK	 
REQUEST		Get Open Edit Owner Page	1645013976460	1645013976476	OK	 
REQUEST		jquery-ui.theme.min.css	1645013976477	1645013976478	OK	 
REQUEST		jquery-ui.min.css	1645013976477	1645013976478	OK	 
REQUEST		jquery.min.js	1645013976478	1645013976478	OK	 
REQUEST		petclinic.css	1645013976477	1645013976482	OK	 
REQUEST		favicon.png	1645013976477	1645013976483	OK	 
REQUEST		spring-pivotal-logo.png	1645013976477	1645013976483	OK	 
REQUEST		Get Edit Pet Page	1645013976492	1645013976517	OK	 
REQUEST		jquery-ui.min.css	1645013976518	1645013976519	OK	 
REQUEST		jquery.min.js	1645013976519	1645013976520	OK	 
REQUEST		jquery-ui.theme.min.css	1645013976519	1645013976520	OK	 
REQUEST		favicon.png	1645013976518	1645013976524	OK	 
REQUEST		petclinic.css	1645013976518	1645013976525	OK	 
REQUEST		spring-pivotal-logo.png	1645013976519	1645013976525	OK	 
REQUEST		Get Edit Pet Page	1645013976508	1645013976542	OK	 
REQUEST		jquery-ui.theme.min.css	1645013976543	1645013976544	OK	 
REQUEST		jquery.min.js	1645013976543	1645013976544	OK	 
REQUEST		jquery-ui.min.css	1645013976543	1645013976544	OK	 
REQUEST		spring-pivotal-logo.png	1645013976543	1645013976548	OK	 
REQUEST		favicon.png	1645013976543	1645013976549	OK	 
REQUEST		petclinic.css	1645013976543	1645013976549	OK	 
REQUEST		Get Edit Pet Page	1645013976540	1645013976567	OK	 
REQUEST		jquery-ui.min.css	1645013976568	1645013976569	OK	 
REQUEST		jquery.min.js	1645013976568	1645013976569	OK	 
REQUEST		jquery-ui.theme.min.css	1645013976568	1645013976569	OK	 
REQUEST		favicon.png	1645013976568	1645013976573	OK	 
REQUEST		petclinic.css	1645013976568	1645013976573	OK	 
REQUEST		spring-pivotal-logo.png	1645013976568	1645013976573	OK	 
REQUEST		Get Edit Pet Page	1645013976619	1645013976647	OK	 
REQUEST		jquery-ui.theme.min.css	1645013976648	1645013976649	OK	 
REQUEST		jquery.min.js	1645013976648	1645013976649	OK	 
REQUEST		jquery-ui.min.css	1645013976648	1645013976649	OK	 
REQUEST		spring-pivotal-logo.png	1645013976648	1645013976653	OK	 
REQUEST		petclinic.css	1645013976648	1645013976653	OK	 
REQUEST		favicon.png	1645013976648	1645013976654	OK	 
REQUEST		POST Add Owner	1645013976854	1645013976860	OK	 
REQUEST		Get Owners Info	1645013976861	1645013976881	OK	 
REQUEST		Get Add Pet	1645013977038	1645013977056	OK	 
REQUEST		jquery-ui.theme.min.css	1645013977057	1645013977058	OK	 
REQUEST		jquery-ui.min.css	1645013977057	1645013977058	OK	 
REQUEST		jquery.min.js	1645013977057	1645013977058	OK	 
REQUEST		favicon.png	1645013977056	1645013977062	OK	 
REQUEST		spring-pivotal-logo.png	1645013977057	1645013977062	OK	 
REQUEST		petclinic.css	1645013977057	1645013977063	OK	 
REQUEST		POST Add Owner	1645013977458	1645013977467	OK	 
REQUEST		Get Owners Info	1645013977468	1645013977496	OK	 
REQUEST		Get Add Pet	1645013977474	1645013977496	OK	 
REQUEST		jquery-ui.theme.min.css	1645013977497	1645013977498	OK	 
REQUEST		jquery.min.js	1645013977497	1645013977498	OK	 
REQUEST		jquery-ui.min.css	1645013977497	1645013977498	OK	 
REQUEST		spring-pivotal-logo.png	1645013977497	1645013977502	OK	 
REQUEST		favicon.png	1645013977497	1645013977502	OK	 
REQUEST		petclinic.css	1645013977497	1645013977503	OK	 
REQUEST		request_122	1645013977599	1645013977636	OK	 
REQUEST		Get owners Info	1645013977636	1645013977664	OK	 
REQUEST		request_122	1645013977691	1645013977724	OK	 
REQUEST		Get owners Info	1645013977724	1645013977745	OK	 
REQUEST		request_122	1645013977784	1645013977818	OK	 
REQUEST		Get owners Info	1645013977818	1645013977847	OK	 
REQUEST		request_122	1645013977815	1645013977859	OK	 
REQUEST		Get owners Info	1645013977859	1645013977879	OK	 
REQUEST		request_122	1645013978020	1645013978053	OK	 
REQUEST		Get owners Info	1645013978053	1645013978072	OK	 
REQUEST		request_122	1645013978068	1645013978100	OK	 
REQUEST		Get owners Info	1645013978100	1645013978123	OK	 
REQUEST		request_122	1645013978271	1645013978306	OK	 
REQUEST		Get owners Info	1645013978306	1645013978326	OK	 
REQUEST		Get Add Pet	1645013978349	1645013978366	OK	 
REQUEST		jquery-ui.theme.min.css	1645013978367	1645013978368	OK	 
REQUEST		jquery-ui.min.css	1645013978367	1645013978368	OK	 
REQUEST		jquery.min.js	1645013978368	1645013978368	OK	 
REQUEST		petclinic.css	1645013978367	1645013978372	OK	 
REQUEST		favicon.png	1645013978367	1645013978373	OK	 
REQUEST		spring-pivotal-logo.png	1645013978367	1645013978373	OK	 
REQUEST		Get Edit Pet Page	1645013978474	1645013978504	OK	 
REQUEST		jquery-ui.min.css	1645013978505	1645013978506	OK	 
REQUEST		jquery-ui.theme.min.css	1645013978505	1645013978507	OK	 
REQUEST		jquery.min.js	1645013978506	1645013978507	OK	 
REQUEST		petclinic.css	1645013978505	1645013978513	OK	 
REQUEST		favicon.png	1645013978505	1645013978513	OK	 
REQUEST		spring-pivotal-logo.png	1645013978506	1645013978513	OK	 
REQUEST		POST Add Pet	1645013978566	1645013978602	OK	 
REQUEST		jquery-ui.theme.min.css	1645013978603	1645013978604	OK	 
REQUEST		jquery.min.js	1645013978603	1645013978604	OK	 
REQUEST		jquery-ui.min.css	1645013978603	1645013978604	OK	 
REQUEST		spring-pivotal-logo.png	1645013978603	1645013978609	OK	 
REQUEST		favicon.png	1645013978603	1645013978609	OK	 
REQUEST		petclinic.css	1645013978603	1645013978610	OK	 
REQUEST		Get owners Info	1645013978604	1645013978626	OK	 
REQUEST		POST Add Pet	1645013978674	1645013978693	OK	 
REQUEST		jquery.min.js	1645013978695	1645013978695	OK	 
REQUEST		jquery-ui.min.css	1645013978694	1645013978696	OK	 
REQUEST		jquery-ui.theme.min.css	1645013978694	1645013978696	OK	 
REQUEST		petclinic.css	1645013978694	1645013978700	OK	 
REQUEST		favicon.png	1645013978694	1645013978700	OK	 
REQUEST		spring-pivotal-logo.png	1645013978694	1645013978700	OK	 
REQUEST		Get owners Info	1645013978695	1645013978716	OK	 
REQUEST		request_122	1645013978719	1645013978752	OK	 
REQUEST		request_137	1645013978750	1645013978784	OK	 
REQUEST		petclinic.css	1645013978786	1645013978792	OK	 
REQUEST		favicon.png	1645013978785	1645013978792	OK	 
REQUEST		spring-pivotal-logo.png	1645013978786	1645013978793	OK	 
REQUEST		jquery-ui.theme.min.css	1645013978786	1645013978819	OK	 
REQUEST		jquery.min.js	1645013978786	1645013978819	OK	 
REQUEST		jquery-ui.min.css	1645013978786	1645013978819	OK	 
REQUEST		Get owners Info	1645013978753	1645013978830	OK	 
REQUEST		request_137	1645013978924	1645013978950	OK	 
REQUEST		jquery-ui.min.css	1645013978951	1645013978952	OK	 
REQUEST		jquery-ui.theme.min.css	1645013978951	1645013978953	OK	 
REQUEST		jquery.min.js	1645013978952	1645013978954	OK	 
REQUEST		favicon.png	1645013978951	1645013978958	OK	 
REQUEST		spring-pivotal-logo.png	1645013978952	1645013978959	OK	 
REQUEST		petclinic.css	1645013978951	1645013978959	OK	 
REQUEST		request_122	1645013979157	1645013979190	OK	 
REQUEST		Get owners Info	1645013979191	1645013979210	OK	 
REQUEST		POST Update Owner	1645013979267	1645013979282	OK	 
REQUEST		GET Owners Info	1645013979283	1645013979297	OK	 
REQUEST		request_137	1645013979521	1645013979539	OK	 
REQUEST		jquery-ui.theme.min.css	1645013979540	1645013979541	OK	 
REQUEST		jquery-ui.min.css	1645013979540	1645013979541	OK	 
REQUEST		jquery.min.js	1645013979540	1645013979541	OK	 
REQUEST		favicon.png	1645013979540	1645013979545	OK	 
REQUEST		petclinic.css	1645013979540	1645013979545	OK	 
REQUEST		spring-pivotal-logo.png	1645013979540	1645013979546	OK	 
REQUEST		Get Add Pet	1645013979536	1645013979556	OK	 
REQUEST		jquery-ui.min.css	1645013979557	1645013979558	OK	 
REQUEST		jquery.min.js	1645013979557	1645013979558	OK	 
REQUEST		jquery-ui.theme.min.css	1645013979557	1645013979558	OK	 
REQUEST		petclinic.css	1645013979557	1645013979562	OK	 
REQUEST		favicon.png	1645013979556	1645013979563	OK	 
REQUEST		spring-pivotal-logo.png	1645013979557	1645013979564	OK	 
REQUEST		request_137	1645013979566	1645013979583	OK	 
REQUEST		jquery-ui.min.css	1645013979584	1645013979585	OK	 
REQUEST		jquery-ui.theme.min.css	1645013979584	1645013979585	OK	 
REQUEST		jquery.min.js	1645013979584	1645013979585	OK	 
REQUEST		favicon.png	1645013979584	1645013979589	OK	 
REQUEST		petclinic.css	1645013979584	1645013979589	OK	 
REQUEST		spring-pivotal-logo.png	1645013979584	1645013979590	OK	 
REQUEST		request_137	1645013979890	1645013979908	OK	 
REQUEST		jquery-ui.min.css	1645013979909	1645013979910	OK	 
REQUEST		jquery.min.js	1645013979909	1645013979910	OK	 
REQUEST		jquery-ui.theme.min.css	1645013979909	1645013979911	OK	 
REQUEST		petclinic.css	1645013979909	1645013979915	OK	 
REQUEST		favicon.png	1645013979909	1645013979916	OK	 
REQUEST		spring-pivotal-logo.png	1645013979909	1645013979916	OK	 
REQUEST		POST Add Pet	1645013979906	1645013979926	OK	 
REQUEST		jquery-ui.min.css	1645013979927	1645013979928	OK	 
REQUEST		jquery-ui.theme.min.css	1645013979927	1645013979929	OK	 
REQUEST		jquery.min.js	1645013979928	1645013979929	OK	 
REQUEST		favicon.png	1645013979927	1645013979933	OK	 
REQUEST		petclinic.css	1645013979927	1645013979933	OK	 
REQUEST		spring-pivotal-logo.png	1645013979927	1645013979934	OK	 
REQUEST		Get owners Info	1645013979928	1645013979950	OK	 
REQUEST		Get Edit Pet Page	1645013979953	1645013979980	OK	 
REQUEST		jquery-ui.theme.min.css	1645013979981	1645013979982	OK	 
REQUEST		jquery-ui.min.css	1645013979981	1645013979982	OK	 
REQUEST		jquery.min.js	1645013979981	1645013979982	OK	 
REQUEST		favicon.png	1645013979980	1645013979986	OK	 
REQUEST		petclinic.css	1645013979980	1645013979987	OK	 
REQUEST		spring-pivotal-logo.png	1645013979981	1645013979987	OK	 
REQUEST		request_137	1645013980031	1645013980050	OK	 
REQUEST		jquery-ui.theme.min.css	1645013980051	1645013980052	OK	 
REQUEST		jquery-ui.min.css	1645013980051	1645013980052	OK	 
REQUEST		jquery.min.js	1645013980051	1645013980052	OK	 
REQUEST		spring-pivotal-logo.png	1645013980051	1645013980056	OK	 
REQUEST		petclinic.css	1645013980051	1645013980056	OK	 
REQUEST		favicon.png	1645013980051	1645013980057	OK	 
REQUEST		Get Add Pet	1645013980405	1645013980425	OK	 
REQUEST		jquery-ui.theme.min.css	1645013980426	1645013980427	OK	 
REQUEST		jquery.min.js	1645013980426	1645013980427	OK	 
REQUEST		jquery-ui.min.css	1645013980426	1645013980427	OK	 
REQUEST		petclinic.css	1645013980426	1645013980431	OK	 
REQUEST		spring-pivotal-logo.png	1645013980426	1645013980432	OK	 
REQUEST		favicon.png	1645013980426	1645013980432	OK	 
REQUEST		request_137	1645013980436	1645013980452	OK	 
REQUEST		jquery-ui.min.css	1645013980453	1645013980454	OK	 
REQUEST		jquery.min.js	1645013980454	1645013980454	OK	 
REQUEST		jquery-ui.theme.min.css	1645013980453	1645013980454	OK	 
REQUEST		petclinic.css	1645013980453	1645013980459	OK	 
REQUEST		favicon.png	1645013980453	1645013980459	OK	 
REQUEST		spring-pivotal-logo.png	1645013980453	1645013980459	OK	 
REQUEST		request_137	1645013980591	1645013980609	OK	 
REQUEST		jquery.min.js	1645013980610	1645013980611	OK	 
REQUEST		jquery-ui.min.css	1645013980610	1645013980611	OK	 
REQUEST		jquery-ui.theme.min.css	1645013980610	1645013980611	OK	 
REQUEST		favicon.png	1645013980610	1645013980615	OK	 
REQUEST		spring-pivotal-logo.png	1645013980610	1645013980615	OK	 
REQUEST		petclinic.css	1645013980610	1645013980615	OK	 
REQUEST		Get Edit Pet Page	1645013980623	1645013980648	OK	 
REQUEST		jquery.min.js	1645013980649	1645013980650	OK	 
REQUEST		jquery-ui.min.css	1645013980649	1645013980650	OK	 
REQUEST		jquery-ui.theme.min.css	1645013980649	1645013980650	OK	 
REQUEST		petclinic.css	1645013980649	1645013980654	OK	 
REQUEST		favicon.png	1645013980649	1645013980654	OK	 
REQUEST		spring-pivotal-logo.png	1645013980649	1645013980654	OK	 
REQUEST		request_122	1645013980670	1645013980702	OK	 
REQUEST		Get owners Info	1645013980702	1645013980722	OK	 
REQUEST		request_152	1645013980763	1645013980782	OK	 
REQUEST		Get owners Info	1645013980782	1645013980803	OK	 
REQUEST		request_137	1645013980841	1645013980864	OK	 
REQUEST		jquery-ui.theme.min.css	1645013980865	1645013980866	OK	 
REQUEST		jquery.min.js	1645013980865	1645013980866	OK	 
REQUEST		jquery-ui.min.css	1645013980865	1645013980866	OK	 
REQUEST		petclinic.css	1645013980865	1645013980870	OK	 
REQUEST		spring-pivotal-logo.png	1645013980865	1645013980870	OK	 
REQUEST		favicon.png	1645013980865	1645013980870	OK	 
REQUEST		POST Add Pet	1645013981057	1645013981081	OK	 
REQUEST		jquery-ui.theme.min.css	1645013981082	1645013981083	OK	 
REQUEST		jquery.min.js	1645013981082	1645013981083	OK	 
REQUEST		jquery-ui.min.css	1645013981082	1645013981083	OK	 
REQUEST		spring-pivotal-logo.png	1645013981082	1645013981087	OK	 
REQUEST		petclinic.css	1645013981082	1645013981088	OK	 
REQUEST		favicon.png	1645013981082	1645013981088	OK	 
REQUEST		Get owners Info	1645013981083	1645013981105	OK	 
REQUEST		request_137	1645013981151	1645013981169	OK	 
REQUEST		jquery-ui.theme.min.css	1645013981170	1645013981171	OK	 
REQUEST		jquery.min.js	1645013981170	1645013981171	OK	 
REQUEST		jquery-ui.min.css	1645013981170	1645013981171	OK	 
REQUEST		petclinic.css	1645013981170	1645013981175	OK	 
REQUEST		spring-pivotal-logo.png	1645013981170	1645013981175	OK	 
REQUEST		favicon.png	1645013981170	1645013981176	OK	 
REQUEST		request_122	1645013981197	1645013981231	OK	 
REQUEST		Get owners Info	1645013981232	1645013981252	OK	 
REQUEST		POST Add Pet	1645013981276	1645013981295	OK	 
REQUEST		jquery-ui.theme.min.css	1645013981296	1645013981297	OK	 
REQUEST		jquery-ui.min.css	1645013981296	1645013981298	OK	 
REQUEST		jquery.min.js	1645013981296	1645013981298	OK	 
REQUEST		petclinic.css	1645013981296	1645013981303	OK	 
REQUEST		spring-pivotal-logo.png	1645013981296	1645013981303	OK	 
REQUEST		favicon.png	1645013981296	1645013981303	OK	 
REQUEST		Get owners Info	1645013981298	1645013981319	OK	 
REQUEST		request_152	1645013981370	1645013981384	OK	 
REQUEST		Get owners Info	1645013981385	1645013981405	OK	 
REQUEST		request_152	1645013981588	1645013981604	OK	 
REQUEST		Get owners Info	1645013981604	1645013981625	OK	 
REQUEST		request_152	1645013981696	1645013981710	OK	 
REQUEST		Get owners Info	1645013981710	1645013981739	OK	 
REQUEST		request_137	1645013981852	1645013981872	OK	 
REQUEST		jquery-ui.theme.min.css	1645013981873	1645013981874	OK	 
REQUEST		jquery.min.js	1645013981873	1645013981874	OK	 
REQUEST		jquery-ui.min.css	1645013981873	1645013981874	OK	 
REQUEST		petclinic.css	1645013981873	1645013981878	OK	 
REQUEST		spring-pivotal-logo.png	1645013981873	1645013981878	OK	 
REQUEST		favicon.png	1645013981872	1645013981879	OK	 
REQUEST		Get Edit Pet Page	1645013981852	1645013981902	OK	 
REQUEST		jquery-ui.min.css	1645013981903	1645013981903	OK	 
REQUEST		jquery.min.js	1645013981903	1645013981904	OK	 
REQUEST		jquery-ui.theme.min.css	1645013981903	1645013981904	OK	 
REQUEST		POST Add Pet	1645013981868	1645013981907	OK	 
REQUEST		favicon.png	1645013981902	1645013981908	OK	 
REQUEST		jquery-ui.min.css	1645013981908	1645013981909	OK	 
REQUEST		jquery.min.js	1645013981908	1645013981910	OK	 
REQUEST		jquery-ui.theme.min.css	1645013981908	1645013981910	OK	 
REQUEST		petclinic.css	1645013981903	1645013981910	OK	 
REQUEST		spring-pivotal-logo.png	1645013981903	1645013981910	OK	 
REQUEST		petclinic.css	1645013981908	1645013981914	OK	 
REQUEST		favicon.png	1645013981908	1645013981915	OK	 
REQUEST		spring-pivotal-logo.png	1645013981908	1645013981915	OK	 
REQUEST		Get owners Info	1645013981909	1645013981931	OK	 
REQUEST		request_137	1645013981930	1645013981947	OK	 
REQUEST		jquery-ui.min.css	1645013981948	1645013981949	OK	 
REQUEST		jquery-ui.theme.min.css	1645013981948	1645013981949	OK	 
REQUEST		jquery.min.js	1645013981949	1645013981949	OK	 
REQUEST		spring-pivotal-logo.png	1645013981948	1645013981954	OK	 
REQUEST		favicon.png	1645013981948	1645013981954	OK	 
REQUEST		petclinic.css	1645013981948	1645013981955	OK	 
REQUEST		request_152	1645013982041	1645013982056	OK	 
REQUEST		Get owners Info	1645013982056	1645013982078	OK	 
REQUEST		Get Edit Pet Page	1645013982228	1645013982256	OK	 
REQUEST		jquery-ui.min.css	1645013982256	1645013982257	OK	 
REQUEST		jquery.min.js	1645013982257	1645013982258	OK	 
REQUEST		jquery-ui.theme.min.css	1645013982257	1645013982258	OK	 
REQUEST		petclinic.css	1645013982256	1645013982263	OK	 
REQUEST		spring-pivotal-logo.png	1645013982257	1645013982263	OK	 
REQUEST		favicon.png	1645013982256	1645013982263	OK	 
REQUEST		GET Vets List	1645013982259	1645013982270	OK	 
REQUEST		jquery.min.js	1645013982271	1645013982272	OK	 
REQUEST		jquery-ui.theme.min.css	1645013982271	1645013982272	OK	 
REQUEST		jquery-ui.min.css	1645013982271	1645013982272	OK	 
REQUEST		favicon.png	1645013982271	1645013982276	OK	 
REQUEST		spring-pivotal-logo.png	1645013982271	1645013982276	OK	 
REQUEST		petclinic.css	1645013982271	1645013982276	OK	 
REQUEST		request_152	1645013982509	1645013982523	OK	 
REQUEST		Get owners Info	1645013982523	1645013982544	OK	 
REQUEST		request_152	1645013982601	1645013982615	OK	 
REQUEST		Get owners Info	1645013982616	1645013982637	OK	 
USER	RecordedSimulation2	END	1645013982852
REQUEST		request_137	1645013982883	1645013982910	OK	 
REQUEST		jquery-ui.min.css	1645013982911	1645013982912	OK	 
REQUEST		jquery.min.js	1645013982911	1645013982912	OK	 
REQUEST		jquery-ui.theme.min.css	1645013982911	1645013982912	OK	 
REQUEST		spring-pivotal-logo.png	1645013982911	1645013982917	OK	 
REQUEST		petclinic.css	1645013982911	1645013982917	OK	 
REQUEST		favicon.png	1645013982911	1645013982918	OK	 
REQUEST		request_152	1645013982915	1645013982929	OK	 
REQUEST		Get owners Info	1645013982929	1645013982950	OK	 
REQUEST		request_152	1645013982977	1645013982995	OK	 
REQUEST		Get owners Info	1645013982996	1645013983016	OK	 
REQUEST		request_152	1645013983022	1645013983036	OK	 
REQUEST		Get owners Info	1645013983036	1645013983058	OK	 
USER	RecordedSimulation2	END	1645013983319
REQUEST		Get Edit Pet Page	1645013983302	1645013983339	OK	 
REQUEST		jquery-ui.min.css	1645013983340	1645013983341	OK	 
REQUEST		jquery-ui.theme.min.css	1645013983340	1645013983341	OK	 
REQUEST		jquery.min.js	1645013983340	1645013983341	OK	 
REQUEST		favicon.png	1645013983340	1645013983345	OK	 
REQUEST		petclinic.css	1645013983340	1645013983346	OK	 
REQUEST		spring-pivotal-logo.png	1645013983340	1645013983346	OK	 
REQUEST		request_122	1645013983366	1645013983398	OK	 
REQUEST		Get owners Info	1645013983398	1645013983419	OK	 
REQUEST		request_152	1645013983413	1645013983426	OK	 
REQUEST		Get owners Info	1645013983427	1645013983448	OK	 
REQUEST		Get Edit Pet Page	1645013983553	1645013983582	OK	 
REQUEST		jquery-ui.min.css	1645013983583	1645013983584	OK	 
REQUEST		jquery.min.js	1645013983583	1645013983584	OK	 
REQUEST		jquery-ui.theme.min.css	1645013983583	1645013983584	OK	 
REQUEST		petclinic.css	1645013983583	1645013983588	OK	 
REQUEST		spring-pivotal-logo.png	1645013983583	1645013983588	OK	 
REQUEST		favicon.png	1645013983583	1645013983589	OK	 
REQUEST		request_152	1645013983600	1645013983613	OK	 
USER	RecordedSimulation2	END	1645013983615
REQUEST		Get owners Info	1645013983613	1645013983635	OK	 
USER	RecordedSimulation2	END	1645013983694
REQUEST		request_122	1645013983833	1645013983869	OK	 
REQUEST		Get owners Info	1645013983869	1645013983891	OK	 
USER	RecordedSimulation2	END	1645013984008
USER	RecordedSimulation2	END	1645013984130
USER	RecordedSimulation2	END	1645013984222
USER	RecordedSimulation2	END	1645013984538
REQUEST		request_122	1645013984739	1645013984779	OK	 
REQUEST		Get owners Info	1645013984779	1645013984801	OK	 
USER	RecordedSimulation2	END	1645013984941
USER	RecordedSimulation2	END	1645013985282
REQUEST		request_137	1645013985407	1645013985429	OK	 
REQUEST		jquery-ui.theme.min.css	1645013985430	1645013985431	OK	 
REQUEST		jquery.min.js	1645013985430	1645013985431	OK	 
REQUEST		jquery-ui.min.css	1645013985430	1645013985431	OK	 
REQUEST		favicon.png	1645013985430	1645013985435	OK	 
REQUEST		petclinic.css	1645013985430	1645013985435	OK	 
REQUEST		spring-pivotal-logo.png	1645013985430	1645013985436	OK	 
REQUEST		request_122	1645013985407	1645013985451	OK	 
REQUEST		Get owners Info	1645013985452	1645013985473	OK	 
USER	RecordedSimulation2	END	1645013985560
USER	RecordedSimulation2	END	1645013985561
REQUEST		request_137	1645013985560	1645013985583	OK	 
REQUEST		jquery-ui.min.css	1645013985584	1645013985585	OK	 
REQUEST		jquery.min.js	1645013985584	1645013985585	OK	 
REQUEST		jquery-ui.theme.min.css	1645013985584	1645013985585	OK	 
REQUEST		spring-pivotal-logo.png	1645013985584	1645013985589	OK	 
REQUEST		favicon.png	1645013985584	1645013985589	OK	 
REQUEST		petclinic.css	1645013985584	1645013985590	OK	 
REQUEST		request_152	1645013985683	1645013985696	OK	 
REQUEST		Get owners Info	1645013985697	1645013985718	OK	 
USER	RecordedSimulation2	END	1645013986025
REQUEST		request_137	1645013986117	1645013986138	OK	 
REQUEST		jquery-ui.min.css	1645013986139	1645013986140	OK	 
REQUEST		jquery.min.js	1645013986139	1645013986140	OK	 
REQUEST		jquery-ui.theme.min.css	1645013986139	1645013986140	OK	 
REQUEST		petclinic.css	1645013986139	1645013986145	OK	 
REQUEST		spring-pivotal-logo.png	1645013986139	1645013986145	OK	 
REQUEST		favicon.png	1645013986139	1645013986145	OK	 
REQUEST		request_122	1645013986352	1645013986386	OK	 
REQUEST		Get owners Info	1645013986386	1645013986414	OK	 
REQUEST		request_152	1645013987489	1645013987505	OK	 
REQUEST		Get owners Info	1645013987505	1645013987527	OK	 
USER	RecordedSimulation2	END	1645013987536
REQUEST		request_152	1645013987630	1645013987645	OK	 
REQUEST		Get owners Info	1645013987645	1645013987666	OK	 
REQUEST		request_137	1645013987863	1645013987892	OK	 
REQUEST		jquery-ui.min.css	1645013987893	1645013987894	OK	 
REQUEST		jquery.min.js	1645013987893	1645013987894	OK	 
REQUEST		jquery-ui.theme.min.css	1645013987893	1645013987894	OK	 
REQUEST		favicon.png	1645013987893	1645013987899	OK	 
REQUEST		petclinic.css	1645013987893	1645013987899	OK	 
REQUEST		spring-pivotal-logo.png	1645013987893	1645013987899	OK	 
REQUEST		request_152	1645013988357	1645013988371	OK	 
REQUEST		Get owners Info	1645013988372	1645013988393	OK	 
REQUEST		request_137	1645013989011	1645013989032	OK	 
REQUEST		jquery-ui.theme.min.css	1645013989033	1645013989034	OK	 
REQUEST		jquery-ui.min.css	1645013989033	1645013989034	OK	 
REQUEST		jquery.min.js	1645013989033	1645013989034	OK	 
REQUEST		spring-pivotal-logo.png	1645013989033	1645013989039	OK	 
REQUEST		favicon.png	1645013989033	1645013989039	OK	 
REQUEST		petclinic.css	1645013989033	1645013989040	OK	 
USER	RecordedSimulation2	END	1645013989185
USER	RecordedSimulation2	END	1645013989901
USER	RecordedSimulation2	END	1645013990274
REQUEST		request_152	1645013990787	1645013990801	OK	 
REQUEST		Get owners Info	1645013990802	1645013990831	OK	 
REQUEST		request_152	1645013991995	1645013992011	OK	 
REQUEST		Get owners Info	1645013992011	1645013992033	OK	 
USER	RecordedSimulation2	END	1645013993166
USER	RecordedSimulation2	END	1645013994545
