RUN	demoPetClinic.RecordedSimulation2	recordedsimulation2	1645381274128	 	3.7.4
USER	RecordedSimulation2	START	1645381274981
REQUEST		Open Home Page	1645381275001	1645381275017	KO	j.n.ConnectException: Connection refused: no further information
USER	RecordedSimulation2	START	1645381275073
REQUEST		Open Home Page	1645381275074	1645381275076	KO	j.n.ConnectException: Connection refused: no further information
USER	RecordedSimulation2	START	1645381275168
REQUEST		Open Home Page	1645381275169	1645381275172	KO	j.n.ConnectException: Connection refused: no further information
USER	RecordedSimulation2	START	1645381275262
REQUEST		Open Home Page	1645381275263	1645381275265	KO	j.n.ConnectException: Connection refused: no further information
USER	RecordedSimulation2	START	1645381275356
REQUEST		Open Home Page	1645381275356	1645381275358	KO	j.n.ConnectException: Connection refused: no further information
USER	RecordedSimulation2	START	1645381275435
REQUEST		Open Home Page	1645381275435	1645381275438	KO	j.n.ConnectException: Connection refused: no further information
USER	RecordedSimulation2	START	1645381275530
REQUEST		Open Home Page	1645381275530	1645381275532	KO	j.n.ConnectException: Connection refused: no further information
USER	RecordedSimulation2	START	1645381275623
REQUEST		Open Home Page	1645381275623	1645381275625	KO	j.n.ConnectException: Connection refused: no further information
USER	RecordedSimulation2	START	1645381275716
REQUEST		Open Home Page	1645381275717	1645381275719	KO	j.n.ConnectException: Connection refused: no further information
USER	RecordedSimulation2	START	1645381275808
REQUEST		Open Home Page	1645381275808	1645381275811	KO	j.n.ConnectException: Connection refused: no further information
USER	RecordedSimulation2	START	1645381275902
REQUEST		Open Home Page	1645381275902	1645381275904	KO	j.n.ConnectException: Connection refused: no further information
USER	RecordedSimulation2	START	1645381275982
REQUEST		Open Home Page	1645381275983	1645381275985	KO	j.n.ConnectException: Connection refused: no further information
REQUEST		GET Find Owners Page	1645381276371	1645381276374	KO	j.n.ConnectException: Connection refused: no further information
REQUEST		GET Find Owners Page	1645381276712	1645381276713	KO	j.n.ConnectException: Connection refused: no further information
REQUEST		GET Find Owners Page	1645381276712	1645381276713	KO	j.n.ConnectException: Connection refused: no further information
REQUEST		GET Find Owners Page	1645381276775	1645381276776	KO	j.n.ConnectException: Connection refused: no further information
USER	RecordedSimulation2	START	1645381276994
REQUEST		Open Home Page	1645381276995	1645381276997	KO	j.n.ConnectException: Connection refused: no further information
REQUEST		GET Find Owners Page	1645381277183	1645381277186	KO	j.n.ConnectException: Connection refused: no further information
REQUEST		GET Find Owners Page	1645381277183	1645381277186	KO	j.n.ConnectException: Connection refused: no further information
REQUEST		GET Find Owners Page	1645381277431	1645381277434	KO	j.n.ConnectException: Connection refused: no further information
REQUEST		GET Find Owners Page	1645381277695	1645381277697	KO	j.n.ConnectException: Connection refused: no further information
REQUEST		GET Find Owners Page	1645381277711	1645381277713	KO	j.n.ConnectException: Connection refused: no further information
USER	RecordedSimulation2	START	1645381277992
REQUEST		Open Home Page	1645381277993	1645381277995	KO	j.n.ConnectException: Connection refused: no further information
REQUEST		GET Find Owners By LastName	1645381278195	1645381278199	KO	j.n.ConnectException: Connection refused: no further information
REQUEST		GET Find Owners Page	1645381278241	1645381278243	KO	j.n.ConnectException: Connection refused: no further information
REQUEST		GET Add Owner	1645381278507	1645381278509	KO	j.n.ConnectException: Connection refused: no further information
REQUEST		GET Add Owner	1645381278553	1645381278555	KO	j.n.ConnectException: Connection refused: no further information
REQUEST		GET Add Owner	1645381278649	1645381278650	KO	j.n.ConnectException: Connection refused: no further information
REQUEST		GET Find Owners Page	1645381278680	1645381278681	KO	j.n.ConnectException: Connection refused: no further information
REQUEST		GET Add Owner	1645381278851	1645381278853	KO	j.n.ConnectException: Connection refused: no further information
REQUEST		GET Find Owners Page	1645381278898	1645381278900	KO	j.n.ConnectException: Connection refused: no further information
REQUEST		GET Add Owner	1645381278960	1645381278963	KO	j.n.ConnectException: Connection refused: no further information
USER	RecordedSimulation2	START	1645381278992
REQUEST		Open Home Page	1645381278992	1645381278994	KO	j.n.ConnectException: Connection refused: no further information
REQUEST		GET Find Owners Page	1645381279287	1645381279291	KO	j.n.ConnectException: Connection refused: no further information
REQUEST		GET Find Owners Page	1645381279459	1645381279461	KO	j.n.ConnectException: Connection refused: no further information
REQUEST		POST Add Owner	1645381279819	1645381279821	KO	j.n.ConnectException: Connection refused: no further information
USER	RecordedSimulation2	START	1645381280001
REQUEST		Open Home Page	1645381280001	1645381280002	KO	j.n.ConnectException: Connection refused: no further information
REQUEST		POST Add Owner	1645381280078	1645381280079	KO	j.n.ConnectException: Connection refused: no further information
REQUEST		GET Find Owners Page	1645381280140	1645381280142	KO	j.n.ConnectException: Connection refused: no further information
REQUEST		GET Find Owners By LastName	1645381280156	1645381280157	KO	j.n.ConnectException: Connection refused: no further information
REQUEST		GET Find Owners By LastName	1645381280203	1645381280204	KO	j.n.ConnectException: Connection refused: no further information
REQUEST		POST Add Owner	1645381280375	1645381280377	KO	j.n.ConnectException: Connection refused: no further information
REQUEST		GET Find Owners By LastName	1645381280405	1645381280407	KO	j.n.ConnectException: Connection refused: no further information
REQUEST		GET Add Owner	1645381280547	1645381280549	KO	j.n.ConnectException: Connection refused: no further information
REQUEST		POST Add Owner	1645381280577	1645381280580	KO	j.n.ConnectException: Connection refused: no further information
REQUEST		GET Find Owners By LastName	1645381280779	1645381280781	KO	j.n.ConnectException: Connection refused: no further information
REQUEST		Get Add Pet	1645381280826	1645381280828	KO	j.n.ConnectException: Connection refused: no further information
USER	RecordedSimulation2	START	1645381280979
REQUEST		Open Home Page	1645381280979	1645381280981	KO	j.n.ConnectException: Connection refused: no further information
REQUEST		Get Open Edit Owner Page	1645381281181	1645381281183	KO	j.n.ConnectException: Connection refused: no further information
REQUEST		POST Add Owner	1645381281288	1645381281290	KO	j.n.ConnectException: Connection refused: no further information
REQUEST		GET Add Owner	1645381281413	1645381281414	KO	j.n.ConnectException: Connection refused: no further information
REQUEST		Get Add Pet	1645381281444	1645381281445	KO	j.n.ConnectException: Connection refused: no further information
REQUEST		GET Add Owner	1645381281444	1645381281445	KO	j.n.ConnectException: Connection refused: no further information
REQUEST		Get Add Pet	1645381281662	1645381281663	KO	j.n.ConnectException: Connection refused: no further information
REQUEST		GET Add Owner	1645381281678	1645381281679	KO	j.n.ConnectException: Connection refused: no further information
REQUEST		Get Open Edit Owner Page	1645381281912	1645381281914	KO	j.n.ConnectException: Connection refused: no further information
USER	RecordedSimulation2	START	1645381281975
REQUEST		Open Home Page	1645381281975	1645381281977	KO	j.n.ConnectException: Connection refused: no further information
REQUEST		Get Open Edit Owner Page	1645381282163	1645381282164	KO	j.n.ConnectException: Connection refused: no further information
REQUEST		POST Add Owner	1645381282520	1645381282521	KO	j.n.ConnectException: Connection refused: no further information
REQUEST		POST Add Pet	1645381282537	1645381282538	KO	j.n.ConnectException: Connection refused: no further information
REQUEST		POST Add Pet	1645381282583	1645381282584	KO	j.n.ConnectException: Connection refused: no further information
REQUEST		GET Find Owners Page	1645381282583	1645381282584	KO	j.n.ConnectException: Connection refused: no further information
REQUEST		Get Open Edit Owner Page	1645381282614	1645381282616	KO	j.n.ConnectException: Connection refused: no further information
REQUEST		GET Find Owners By LastName	1645381282738	1645381282739	KO	j.n.ConnectException: Connection refused: no further information
REQUEST		POST Update Owner	1645381282753	1645381282755	KO	j.n.ConnectException: Connection refused: no further information
REQUEST		Get Open Edit Owner Page	1645381282862	1645381282864	KO	j.n.ConnectException: Connection refused: no further information
USER	RecordedSimulation2	START	1645381282988
REQUEST		POST Add Owner	1645381282988	1645381282990	KO	j.n.ConnectException: Connection refused: no further information
REQUEST		Open Home Page	1645381282989	1645381282990	KO	j.n.ConnectException: Connection refused: no further information
REQUEST		Get Add Pet	1645381283207	1645381283208	KO	j.n.ConnectException: Connection refused: no further information
REQUEST		Get Add Pet	1645381283629	1645381283630	KO	j.n.ConnectException: Connection refused: no further information
REQUEST		GET Find Owners Page	1645381283818	1645381283820	KO	j.n.ConnectException: Connection refused: no further information
REQUEST		POST Add Pet	1645381283849	1645381283851	KO	j.n.ConnectException: Connection refused: no further information
REQUEST		GET Add Owner	1645381283910	1645381283912	KO	j.n.ConnectException: Connection refused: no further information
USER	RecordedSimulation2	START	1645381283973
REQUEST		Open Home Page	1645381283973	1645381283974	KO	j.n.ConnectException: Connection refused: no further information
REQUEST		POST Add Owner	1645381284004	1645381284006	KO	j.n.ConnectException: Connection refused: no further information
REQUEST		Get Add Pet	1645381284268	1645381284270	KO	j.n.ConnectException: Connection refused: no further information
REQUEST		GET Vets List	1645381284300	1645381284302	KO	j.n.ConnectException: Connection refused: no further information
REQUEST		POST Add Owner	1645381284300	1645381284302	KO	j.n.ConnectException: Connection refused: no further information
REQUEST		Get Edit Pet Page	1645381284316	1645381284317	KO	j.n.ConnectException: Connection refused: no further information
REQUEST		POST Update Owner	1645381284394	1645381284396	KO	j.n.ConnectException: Connection refused: no further information
REQUEST		Get Add Pet	1645381284458	1645381284462	KO	j.n.ConnectException: Connection refused: no further information
REQUEST		GET Find Owners Page	1645381284536	1645381284537	KO	j.n.ConnectException: Connection refused: no further information
REQUEST		Get Open Edit Owner Page	1645381284551	1645381284553	KO	j.n.ConnectException: Connection refused: no further information
REQUEST		Get Edit Pet Page	1645381284629	1645381284630	KO	j.n.ConnectException: Connection refused: no further information
REQUEST		POST Update Owner	1645381284817	1645381284819	KO	j.n.ConnectException: Connection refused: no further information
REQUEST		POST Update Owner	1645381285083	1645381285086	KO	j.n.ConnectException: Connection refused: no further information
REQUEST		POST Update Owner	1645381285238	1645381285240	KO	j.n.ConnectException: Connection refused: no further information
REQUEST		POST Add Owner	1645381285299	1645381285301	KO	j.n.ConnectException: Connection refused: no further information
REQUEST		POST Add Pet	1645381285408	1645381285409	KO	j.n.ConnectException: Connection refused: no further information
REQUEST		Get Add Pet	1645381285486	1645381285490	KO	j.n.ConnectException: Connection refused: no further information
REQUEST		GET Add Owner	1645381285549	1645381285550	KO	j.n.ConnectException: Connection refused: no further information
REQUEST		POST Add Pet	1645381285641	1645381285658	KO	j.n.ConnectException: Connection refused: no further information
REQUEST		GET Find Owners Page	1645381285657	1645381285659	KO	j.n.ConnectException: Connection refused: no further information
REQUEST		Get Add Pet	1645381286019	1645381286020	KO	j.n.ConnectException: Connection refused: no further information
REQUEST		POST Add Pet	1645381286049	1645381286051	KO	j.n.ConnectException: Connection refused: no further information
REQUEST		POST Add Pet	1645381286095	1645381286097	KO	j.n.ConnectException: Connection refused: no further information
REQUEST		request_122	1645381286174	1645381286175	KO	j.n.ConnectException: Connection refused: no further information
REQUEST		Open Home Page	1645381286329	1645381286330	KO	j.n.ConnectException: Connection refused: no further information
REQUEST		GET Add Owner	1645381286329	1645381286330	KO	j.n.ConnectException: Connection refused: no further information
REQUEST		POST Update Owner	1645381286530	1645381286532	KO	j.n.ConnectException: Connection refused: no further information
REQUEST		Get Edit Pet Page	1645381286656	1645381286673	KO	j.n.ConnectException: Connection refused: no further information
REQUEST		GET Find Owners Page	1645381286844	1645381286860	KO	j.n.ConnectException: Connection refused: no further information
REQUEST		Get Add Pet	1645381287000	1645381287016	KO	j.n.ConnectException: Connection refused: no further information
REQUEST		GET Vets List	1645381287077	1645381287079	KO	j.n.ConnectException: Connection refused: no further information
REQUEST		GET Vets List	1645381287155	1645381287156	KO	j.n.ConnectException: Connection refused: no further information
REQUEST		request_122	1645381287171	1645381287172	KO	j.n.ConnectException: Connection refused: no further information
REQUEST		Get Edit Pet Page	1645381287296	1645381287298	KO	j.n.ConnectException: Connection refused: no further information
REQUEST		Get Edit Pet Page	1645381287311	1645381287313	KO	j.n.ConnectException: Connection refused: no further information
REQUEST		Get Edit Pet Page	1645381287436	1645381287437	KO	j.n.ConnectException: Connection refused: no further information
REQUEST		GET Vets List	1645381287467	1645381287469	KO	j.n.ConnectException: Connection refused: no further information
REQUEST		Get Edit Pet Page	1645381287529	1645381287532	KO	j.n.ConnectException: Connection refused: no further information
REQUEST		POST Add Pet	1645381287607	1645381287609	KO	j.n.ConnectException: Connection refused: no further information
REQUEST		POST Add Owner	1645381287607	1645381287609	KO	j.n.ConnectException: Connection refused: no further information
REQUEST		GET Add Owner	1645381287607	1645381287609	KO	j.n.ConnectException: Connection refused: no further information
REQUEST		GET Vets List	1645381287622	1645381287624	KO	j.n.ConnectException: Connection refused: no further information
REQUEST		GET Find Owners Page	1645381287623	1645381287624	KO	j.n.ConnectException: Connection refused: no further information
REQUEST		request_137	1645381287714	1645381287716	KO	j.n.ConnectException: Connection refused: no further information
REQUEST		request_137	1645381288233	1645381288234	KO	j.n.ConnectException: Connection refused: no further information
REQUEST		POST Add Owner	1645381288295	1645381288297	KO	j.n.ConnectException: Connection refused: no further information
REQUEST		POST Add Pet	1645381288326	1645381288327	KO	j.n.ConnectException: Connection refused: no further information
REQUEST		request_122	1645381288373	1645381288374	KO	j.n.ConnectException: Connection refused: no further information
REQUEST		request_122	1645381288452	1645381288453	KO	j.n.ConnectException: Connection refused: no further information
REQUEST		GET Vets List	1645381288531	1645381288533	KO	j.n.ConnectException: Connection refused: no further information
REQUEST		Open Home Page	1645381288676	1645381288681	KO	j.n.ConnectException: Connection refused: no further information
REQUEST		Open Home Page	1645381288742	1645381288744	KO	j.n.ConnectException: Connection refused: no further information
REQUEST		GET Add Owner	1645381288818	1645381288820	KO	j.n.ConnectException: Connection refused: no further information
REQUEST		request_122	1645381288904	1645381288911	KO	j.n.ConnectException: Connection refused: no further information
REQUEST		POST Add Pet	1645381288955	1645381288957	KO	j.n.ConnectException: Connection refused: no further information
REQUEST		POST Add Owner	1645381289108	1645381289111	KO	j.n.ConnectException: Connection refused: no further information
REQUEST		request_122	1645381289383	1645381289384	KO	j.n.ConnectException: Connection refused: no further information
REQUEST		Get Add Pet	1645381289398	1645381289400	KO	j.n.ConnectException: Connection refused: no further information
REQUEST		Open Home Page	1645381289524	1645381289526	KO	j.n.ConnectException: Connection refused: no further information
REQUEST		GET Add Owner	1645381289694	1645381289696	KO	j.n.ConnectException: Connection refused: no further information
REQUEST		Get Add Pet	1645381289819	1645381289821	KO	j.n.ConnectException: Connection refused: no further information
REQUEST		Open Home Page	1645381289912	1645381289913	KO	j.n.ConnectException: Connection refused: no further information
REQUEST		GET Find Owners Page	1645381289912	1645381289913	KO	j.n.ConnectException: Connection refused: no further information
REQUEST		Get Edit Pet Page	1645381289943	1645381289944	KO	j.n.ConnectException: Connection refused: no further information
REQUEST		Get Edit Pet Page	1645381289959	1645381289960	KO	j.n.ConnectException: Connection refused: no further information
REQUEST		request_122	1645381290070	1645381290071	KO	j.n.ConnectException: Connection refused: no further information
REQUEST		Get Add Pet	1645381290133	1645381290135	KO	j.n.ConnectException: Connection refused: no further information
REQUEST		request_137	1645381290260	1645381290262	KO	j.n.ConnectException: Connection refused: no further information
REQUEST		Get Edit Pet Page	1645381290385	1645381290386	KO	j.n.ConnectException: Connection refused: no further information
REQUEST		request_152	1645381290478	1645381290479	KO	j.n.ConnectException: Connection refused: no further information
REQUEST		Open Home Page	1645381290588	1645381290592	KO	j.n.ConnectException: Connection refused: no further information
REQUEST		request_152	1645381290682	1645381290683	KO	j.n.ConnectException: Connection refused: no further information
REQUEST		GET Find Owners Page	1645381290698	1645381290699	KO	j.n.ConnectException: Connection refused: no further information
REQUEST		request_137	1645381290713	1645381290714	KO	j.n.ConnectException: Connection refused: no further information
REQUEST		request_137	1645381290837	1645381290838	KO	j.n.ConnectException: Connection refused: no further information
REQUEST		request_137	1645381290992	1645381290996	KO	j.n.ConnectException: Connection refused: no further information
REQUEST		request_122	1645381291022	1645381291023	KO	j.n.ConnectException: Connection refused: no further information
REQUEST		POST Add Owner	1645381291286	1645381291288	KO	j.n.ConnectException: Connection refused: no further information
REQUEST		POST Add Pet	1645381291302	1645381291303	KO	j.n.ConnectException: Connection refused: no further information
REQUEST		POST Add Pet	1645381291381	1645381291384	KO	j.n.ConnectException: Connection refused: no further information
REQUEST		request_122	1645381291442	1645381291446	KO	j.n.ConnectException: Connection refused: no further information
REQUEST		POST Add Pet	1645381291550	1645381291552	KO	j.n.ConnectException: Connection refused: no further information
REQUEST		request_137	1645381291582	1645381291583	KO	j.n.ConnectException: Connection refused: no further information
REQUEST		POST Add Owner	1645381291582	1645381291583	KO	j.n.ConnectException: Connection refused: no further information
REQUEST		GET Find Owners Page	1645381291597	1645381291598	KO	j.n.ConnectException: Connection refused: no further information
REQUEST		Open Home Page	1645381291784	1645381291786	KO	j.n.ConnectException: Connection refused: no further information
REQUEST		request_122	1645381291894	1645381291910	KO	j.n.ConnectException: Connection refused: no further information
REQUEST		request_152	1645381292237	1645381292253	KO	j.n.ConnectException: Connection refused: no further information
REQUEST		request_137	1645381292252	1645381292254	KO	j.n.ConnectException: Connection refused: no further information
REQUEST		GET Add Owner	1645381292330	1645381292331	KO	j.n.ConnectException: Connection refused: no further information
REQUEST		GET Find Owners Page	1645381292456	1645381292457	KO	j.n.ConnectException: Connection refused: no further information
REQUEST		request_152	1645381292584	1645381292600	KO	j.n.ConnectException: Connection refused: no further information
REQUEST		Get Add Pet	1645381292738	1645381292740	KO	j.n.ConnectException: Connection refused: no further information
REQUEST		Open Home Page	1645381292878	1645381292879	KO	j.n.ConnectException: Connection refused: no further information
REQUEST		GET Add Owner	1645381292909	1645381292910	KO	j.n.ConnectException: Connection refused: no further information
REQUEST		request_152	1645381292986	1645381292987	KO	j.n.ConnectException: Connection refused: no further information
REQUEST		Get Edit Pet Page	1645381293048	1645381293049	KO	j.n.ConnectException: Connection refused: no further information
REQUEST		request_152	1645381293094	1645381293095	KO	j.n.ConnectException: Connection refused: no further information
REQUEST		GET Add Owner	1645381293110	1645381293112	KO	j.n.ConnectException: Connection refused: no further information
REQUEST		GET Find Owners Page	1645381293426	1645381293427	KO	j.n.ConnectException: Connection refused: no further information
REQUEST		POST Add Owner	1645381293473	1645381293475	KO	j.n.ConnectException: Connection refused: no further information
REQUEST		GET Find Owners Page	1645381293551	1645381293553	KO	j.n.ConnectException: Connection refused: no further information
REQUEST		request_152	1645381293645	1645381293661	KO	j.n.ConnectException: Connection refused: no further information
REQUEST		Get Edit Pet Page	1645381293645	1645381293661	KO	j.n.ConnectException: Connection refused: no further information
REQUEST		request_137	1645381293862	1645381293863	KO	j.n.ConnectException: Connection refused: no further information
REQUEST		GET Add Owner	1645381293878	1645381293880	KO	j.n.ConnectException: Connection refused: no further information
REQUEST		Get Add Pet	1645381293878	1645381293880	KO	j.n.ConnectException: Connection refused: no further information
REQUEST		request_137	1645381293957	1645381293959	KO	j.n.ConnectException: Connection refused: no further information
REQUEST		POST Add Pet	1645381294207	1645381294208	KO	j.n.ConnectException: Connection refused: no further information
REQUEST		Get Edit Pet Page	1645381294315	1645381294316	KO	j.n.ConnectException: Connection refused: no further information
REQUEST		request_122	1645381294454	1645381294470	KO	j.n.ConnectException: Connection refused: no further information
REQUEST		Get Add Pet	1645381294517	1645381294532	KO	j.n.ConnectException: Connection refused: no further information
REQUEST		Open Home Page	1645381294610	1645381294611	KO	j.n.ConnectException: Connection refused: no further information
REQUEST		Open Home Page	1645381294656	1645381294658	KO	j.n.ConnectException: Connection refused: no further information
REQUEST		Open Home Page	1645381294672	1645381294674	KO	j.n.ConnectException: Connection refused: no further information
REQUEST		POST Add Owner	1645381294766	1645381294767	KO	j.n.ConnectException: Connection refused: no further information
REQUEST		GET Add Owner	1645381295016	1645381295017	KO	j.n.ConnectException: Connection refused: no further information
REQUEST		GET Add Owner	1645381295078	1645381295095	KO	j.n.ConnectException: Connection refused: no further information
REQUEST		request_152	1645381295204	1645381295206	KO	j.n.ConnectException: Connection refused: no further information
REQUEST		Open Home Page	1645381295236	1645381295237	KO	j.n.ConnectException: Connection refused: no further information
REQUEST		request_122	1645381295421	1645381295423	KO	j.n.ConnectException: Connection refused: no further information
REQUEST		POST Add Pet	1645381295639	1645381295640	KO	j.n.ConnectException: Connection refused: no further information
REQUEST		GET Find Owners Page	1645381295671	1645381295673	KO	j.n.ConnectException: Connection refused: no further information
REQUEST		request_152	1645381295686	1645381295688	KO	j.n.ConnectException: Connection refused: no further information
REQUEST		request_152	1645381295749	1645381295767	KO	j.n.ConnectException: Connection refused: no further information
REQUEST		POST Add Owner	1645381295906	1645381295908	KO	j.n.ConnectException: Connection refused: no further information
REQUEST		Get Edit Pet Page	1645381295970	1645381295972	KO	j.n.ConnectException: Connection refused: no further information
REQUEST		POST Add Pet	1645381295986	1645381295988	KO	j.n.ConnectException: Connection refused: no further information
REQUEST		POST Add Owner	1645381295986	1645381295988	KO	j.n.ConnectException: Connection refused: no further information
REQUEST		request_122	1645381296018	1645381296019	KO	j.n.ConnectException: Connection refused: no further information
REQUEST		Open Home Page	1645381296537	1645381296540	KO	j.n.ConnectException: Connection refused: no further information
REQUEST		GET Find Owners Page	1645381296663	1645381296664	KO	j.n.ConnectException: Connection refused: no further information
REQUEST		GET Find Owners Page	1645381296772	1645381296788	KO	j.n.ConnectException: Connection refused: no further information
REQUEST		request_137	1645381296819	1645381296821	KO	j.n.ConnectException: Connection refused: no further information
REQUEST		GET Add Owner	1645381296944	1645381296946	KO	j.n.ConnectException: Connection refused: no further information
REQUEST		request_137	1645381296944	1645381296961	KO	j.n.ConnectException: Connection refused: no further information
REQUEST		GET Find Owners Page	1645381296976	1645381296992	KO	j.n.ConnectException: Connection refused: no further information
REQUEST		Get Edit Pet Page	1645381297007	1645381297012	KO	j.n.ConnectException: Connection refused: no further information
REQUEST		Get Add Pet	1645381297039	1645381297040	KO	j.n.ConnectException: Connection refused: no further information
REQUEST		Open Home Page	1645381297180	1645381297181	KO	j.n.ConnectException: Connection refused: no further information
REQUEST		Get Add Pet	1645381297180	1645381297181	KO	j.n.ConnectException: Connection refused: no further information
REQUEST		GET Find Owners Page	1645381297271	1645381297272	KO	j.n.ConnectException: Connection refused: no further information
REQUEST		Open Home Page	1645381297396	1645381297398	KO	j.n.ConnectException: Connection refused: no further information
REQUEST		Open Home Page	1645381297660	1645381297661	KO	j.n.ConnectException: Connection refused: no further information
REQUEST		POST Add Owner	1645381297879	1645381297882	KO	j.n.ConnectException: Connection refused: no further information
REQUEST		POST Add Owner	1645381297957	1645381297958	KO	j.n.ConnectException: Connection refused: no further information
REQUEST		GET Add Owner	1645381298286	1645381298290	KO	j.n.ConnectException: Connection refused: no further information
REQUEST		request_152	1645381298347	1645381298363	KO	j.n.ConnectException: Connection refused: no further information
REQUEST		request_122	1645381298378	1645381298394	KO	j.n.ConnectException: Connection refused: no further information
REQUEST		Get Add Pet	1645381298441	1645381298443	KO	j.n.ConnectException: Connection refused: no further information
REQUEST		GET Find Owners Page	1645381298735	1645381298738	KO	j.n.ConnectException: Connection refused: no further information
REQUEST		POST Add Owner	1645381298735	1645381298738	KO	j.n.ConnectException: Connection refused: no further information
REQUEST		request_137	1645381298890	1645381298891	KO	j.n.ConnectException: Connection refused: no further information
REQUEST		GET Find Owners Page	1645381298906	1645381298907	KO	j.n.ConnectException: Connection refused: no further information
REQUEST		Get Edit Pet Page	1645381298921	1645381298937	KO	j.n.ConnectException: Connection refused: no further information
REQUEST		GET Find Owners Page	1645381298936	1645381298938	KO	j.n.ConnectException: Connection refused: no further information
REQUEST		GET Add Owner	1645381298952	1645381298969	KO	j.n.ConnectException: Connection refused: no further information
REQUEST		request_152	1645381299172	1645381299188	KO	j.n.ConnectException: Connection refused: no further information
REQUEST		GET Find Owners By LastName	1645381299344	1645381299346	KO	j.n.ConnectException: Connection refused: no further information
REQUEST		GET Add Owner	1645381299484	1645381299501	KO	j.n.ConnectException: Connection refused: no further information
REQUEST		Get Add Pet	1645381299579	1645381299580	KO	j.n.ConnectException: Connection refused: no further information
REQUEST		POST Add Pet	1645381299579	1645381299580	KO	j.n.ConnectException: Connection refused: no further information
REQUEST		POST Add Pet	1645381299641	1645381299643	KO	j.n.ConnectException: Connection refused: no further information
REQUEST		request_122	1645381299922	1645381299924	KO	j.n.ConnectException: Connection refused: no further information
REQUEST		POST Add Pet	1645381299969	1645381299971	KO	j.n.ConnectException: Connection refused: no further information
REQUEST		Get Add Pet	1645381300123	1645381300125	KO	j.n.ConnectException: Connection refused: no further information
REQUEST		request_137	1645381300169	1645381300170	KO	j.n.ConnectException: Connection refused: no further information
REQUEST		Open Home Page	1645381300185	1645381300186	KO	j.n.ConnectException: Connection refused: no further information
REQUEST		GET Find Owners By LastName	1645381300201	1645381300202	KO	j.n.ConnectException: Connection refused: no further information
REQUEST		POST Add Owner	1645381300263	1645381300279	KO	j.n.ConnectException: Connection refused: no further information
REQUEST		GET Find Owners Page	1645381300418	1645381300420	KO	j.n.ConnectException: Connection refused: no further information
REQUEST		Get Add Pet	1645381300514	1645381300517	KO	j.n.ConnectException: Connection refused: no further information
REQUEST		GET Add Owner	1645381300529	1645381300533	KO	j.n.ConnectException: Connection refused: no further information
REQUEST		Get Edit Pet Page	1645381300685	1645381300686	KO	j.n.ConnectException: Connection refused: no further information
REQUEST		request_152	1645381300918	1645381300920	KO	j.n.ConnectException: Connection refused: no further information
REQUEST		request_137	1645381301136	1645381301137	KO	j.n.ConnectException: Connection refused: no further information
REQUEST		Open Home Page	1645381301419	1645381301420	KO	j.n.ConnectException: Connection refused: no further information
REQUEST		GET Find Owners Page	1645381301466	1645381301467	KO	j.n.ConnectException: Connection refused: no further information
REQUEST		GET Add Owner	1645381301559	1645381301563	KO	j.n.ConnectException: Connection refused: no further information
REQUEST		request_152	1645381301590	1645381301591	KO	j.n.ConnectException: Connection refused: no further information
REQUEST		Get Edit Pet Page	1645381301682	1645381301684	KO	j.n.ConnectException: Connection refused: no further information
REQUEST		POST Add Owner	1645381301853	1645381301856	KO	j.n.ConnectException: Connection refused: no further information
REQUEST		request_122	1645381301899	1645381301901	KO	j.n.ConnectException: Connection refused: no further information
REQUEST		Get Add Pet	1645381301915	1645381301917	KO	j.n.ConnectException: Connection refused: no further information
REQUEST		Get Open Edit Owner Page	1645381301931	1645381301933	KO	j.n.ConnectException: Connection refused: no further information
REQUEST		Get Open Edit Owner Page	1645381301979	1645381301981	KO	j.n.ConnectException: Connection refused: no further information
REQUEST		POST Add Pet	1645381301995	1645381301996	KO	j.n.ConnectException: Connection refused: no further information
REQUEST		POST Add Owner	1645381302058	1645381302074	KO	j.n.ConnectException: Connection refused: no further information
REQUEST		GET Find Owners By LastName	1645381302152	1645381302154	KO	j.n.ConnectException: Connection refused: no further information
REQUEST		Open Home Page	1645381302214	1645381302216	KO	j.n.ConnectException: Connection refused: no further information
REQUEST		Get Edit Pet Page	1645381302244	1645381302245	KO	j.n.ConnectException: Connection refused: no further information
REQUEST		POST Add Pet	1645381302308	1645381302311	KO	j.n.ConnectException: Connection refused: no further information
REQUEST		POST Add Pet	1645381302323	1645381302338	KO	j.n.ConnectException: Connection refused: no further information
REQUEST		POST Add Owner	1645381302883	1645381302886	KO	j.n.ConnectException: Connection refused: no further information
REQUEST		request_122	1645381303009	1645381303011	KO	j.n.ConnectException: Connection refused: no further information
REQUEST		GET Find Owners By LastName	1645381303414	1645381303417	KO	j.n.ConnectException: Connection refused: no further information
REQUEST		GET Find Owners Page	1645381303461	1645381303463	KO	j.n.ConnectException: Connection refused: no further information
REQUEST		POST Update Owner	1645381303493	1645381303494	KO	j.n.ConnectException: Connection refused: no further information
REQUEST		Open Home Page	1645381303633	1645381303649	KO	j.n.ConnectException: Connection refused: no further information
REQUEST		Get Edit Pet Page	1645381303664	1645381303665	KO	j.n.ConnectException: Connection refused: no further information
REQUEST		GET Find Owners Page	1645381303790	1645381303791	KO	j.n.ConnectException: Connection refused: no further information
REQUEST		Get Edit Pet Page	1645381303835	1645381303837	KO	j.n.ConnectException: Connection refused: no further information
REQUEST		Get Add Pet	1645381304054	1645381304055	KO	j.n.ConnectException: Connection refused: no further information
REQUEST		request_152	1645381304116	1645381304117	KO	j.n.ConnectException: Connection refused: no further information
REQUEST		Get Add Pet	1645381304194	1645381304195	KO	j.n.ConnectException: Connection refused: no further information
REQUEST		Get Edit Pet Page	1645381304209	1645381304211	KO	j.n.ConnectException: Connection refused: no further information
REQUEST		request_137	1645381304303	1645381304319	KO	j.n.ConnectException: Connection refused: no further information
REQUEST		POST Add Owner	1645381304334	1645381304335	KO	j.n.ConnectException: Connection refused: no further information
REQUEST		request_122	1645381304412	1645381304413	KO	j.n.ConnectException: Connection refused: no further information
REQUEST		Get Add Pet	1645381304491	1645381304493	KO	j.n.ConnectException: Connection refused: no further information
REQUEST		request_137	1645381304678	1645381304679	KO	j.n.ConnectException: Connection refused: no further information
REQUEST		POST Add Pet	1645381304772	1645381304775	KO	j.n.ConnectException: Connection refused: no further information
REQUEST		request_122	1645381304834	1645381304835	KO	j.n.ConnectException: Connection refused: no further information
REQUEST		POST Update Owner	1645381304866	1645381304867	KO	j.n.ConnectException: Connection refused: no further information
REQUEST		Get Open Edit Owner Page	1645381304944	1645381304946	KO	j.n.ConnectException: Connection refused: no further information
REQUEST		Get Open Edit Owner Page	1645381305022	1645381305024	KO	j.n.ConnectException: Connection refused: no further information
REQUEST		GET Add Owner	1645381305272	1645381305273	KO	j.n.ConnectException: Connection refused: no further information
REQUEST		GET Add Owner	1645381305739	1645381305740	KO	j.n.ConnectException: Connection refused: no further information
REQUEST		Get Add Pet	1645381305910	1645381305913	KO	j.n.ConnectException: Connection refused: no further information
REQUEST		request_122	1645381305910	1645381305913	KO	j.n.ConnectException: Connection refused: no further information
REQUEST		GET Vets List	1645381306019	1645381306021	KO	j.n.ConnectException: Connection refused: no further information
REQUEST		request_137	1645381306098	1645381306114	KO	j.n.ConnectException: Connection refused: no further information
REQUEST		POST Add Pet	1645381306222	1645381306223	KO	j.n.ConnectException: Connection refused: no further information
REQUEST		GET Vets List	1645381306299	1645381306300	KO	j.n.ConnectException: Connection refused: no further information
REQUEST		request_137	1645381306361	1645381306378	KO	j.n.ConnectException: Connection refused: no further information
REQUEST		GET Find Owners Page	1645381306424	1645381306439	KO	j.n.ConnectException: Connection refused: no further information
REQUEST		Get Edit Pet Page	1645381306612	1645381306615	KO	j.n.ConnectException: Connection refused: no further information
REQUEST		request_122	1645381306644	1645381306645	KO	j.n.ConnectException: Connection refused: no further information
REQUEST		POST Add Pet	1645381306659	1645381306661	KO	j.n.ConnectException: Connection refused: no further information
REQUEST		Open Home Page	1645381306675	1645381306676	KO	j.n.ConnectException: Connection refused: no further information
REQUEST		request_152	1645381306955	1645381306956	KO	j.n.ConnectException: Connection refused: no further information
REQUEST		POST Add Owner	1645381306970	1645381306987	KO	j.n.ConnectException: Connection refused: no further information
REQUEST		POST Add Pet	1645381307095	1645381307097	KO	j.n.ConnectException: Connection refused: no further information
REQUEST		request_152	1645381307142	1645381307158	KO	j.n.ConnectException: Connection refused: no further information
REQUEST		request_122	1645381307157	1645381307158	KO	j.n.ConnectException: Connection refused: no further information
REQUEST		request_152	1645381307204	1645381307205	KO	j.n.ConnectException: Connection refused: no further information
REQUEST		POST Update Owner	1645381307329	1645381307331	KO	j.n.ConnectException: Connection refused: no further information
REQUEST		POST Add Pet	1645381307663	1645381307679	KO	j.n.ConnectException: Connection refused: no further information
REQUEST		Open Home Page	1645381307694	1645381307695	KO	j.n.ConnectException: Connection refused: no further information
REQUEST		POST Update Owner	1645381307710	1645381307727	KO	j.n.ConnectException: Connection refused: no further information
REQUEST		request_152	1645381307835	1645381307851	KO	j.n.ConnectException: Connection refused: no further information
REQUEST		Get Edit Pet Page	1645381307882	1645381307884	KO	j.n.ConnectException: Connection refused: no further information
REQUEST		request_122	1645381307882	1645381307884	KO	j.n.ConnectException: Connection refused: no further information
REQUEST		POST Add Owner	1645381307960	1645381307961	KO	j.n.ConnectException: Connection refused: no further information
REQUEST		request_137	1645381308163	1645381308164	KO	j.n.ConnectException: Connection refused: no further information
REQUEST		Get Edit Pet Page	1645381308194	1645381308195	KO	j.n.ConnectException: Connection refused: no further information
REQUEST		GET Add Owner	1645381308209	1645381308210	KO	j.n.ConnectException: Connection refused: no further information
REQUEST		Get Add Pet	1645381308430	1645381308431	KO	j.n.ConnectException: Connection refused: no further information
REQUEST		Open Home Page	1645381308540	1645381308541	KO	j.n.ConnectException: Connection refused: no further information
REQUEST		Open Home Page	1645381308668	1645381308669	KO	j.n.ConnectException: Connection refused: no further information
REQUEST		Open Home Page	1645381308793	1645381308810	KO	j.n.ConnectException: Connection refused: no further information
REQUEST		Open Home Page	1645381308982	1645381308983	KO	j.n.ConnectException: Connection refused: no further information
REQUEST		Get Edit Pet Page	1645381309091	1645381309092	KO	j.n.ConnectException: Connection refused: no further information
REQUEST		GET Vets List	1645381309091	1645381309107	KO	j.n.ConnectException: Connection refused: no further information
REQUEST		Get Edit Pet Page	1645381309122	1645381309124	KO	j.n.ConnectException: Connection refused: no further information
REQUEST		GET Find Owners Page	1645381309154	1645381309170	KO	j.n.ConnectException: Connection refused: no further information
REQUEST		Open Home Page	1645381309201	1645381309203	KO	j.n.ConnectException: Connection refused: no further information
REQUEST		request_137	1645381309217	1645381309218	KO	j.n.ConnectException: Connection refused: no further information
REQUEST		request_137	1645381309278	1645381309279	KO	j.n.ConnectException: Connection refused: no further information
REQUEST		request_137	1645381309294	1645381309295	KO	j.n.ConnectException: Connection refused: no further information
REQUEST		request_122	1645381309294	1645381309309	KO	j.n.ConnectException: Connection refused: no further information
REQUEST		GET Vets List	1645381309354	1645381309356	KO	j.n.ConnectException: Connection refused: no further information
REQUEST		GET Find Owners Page	1645381309464	1645381309465	KO	j.n.ConnectException: Connection refused: no further information
REQUEST		POST Add Owner	1645381309480	1645381309481	KO	j.n.ConnectException: Connection refused: no further information
REQUEST		GET Find Owners Page	1645381309590	1645381309592	KO	j.n.ConnectException: Connection refused: no further information
REQUEST		Get Add Pet	1645381310010	1645381310025	KO	j.n.ConnectException: Connection refused: no further information
REQUEST		request_122	1645381310117	1645381310119	KO	j.n.ConnectException: Connection refused: no further information
REQUEST		request_122	1645381310179	1645381310195	KO	j.n.ConnectException: Connection refused: no further information
REQUEST		POST Add Pet	1645381310195	1645381310196	KO	j.n.ConnectException: Connection refused: no further information
REQUEST		request_152	1645381310334	1645381310351	KO	j.n.ConnectException: Connection refused: no further information
REQUEST		Open Home Page	1645381310647	1645381310651	KO	j.n.ConnectException: Connection refused: no further information
REQUEST		request_137	1645381310725	1645381310726	KO	j.n.ConnectException: Connection refused: no further information
REQUEST		GET Find Owners Page	1645381310771	1645381310787	KO	j.n.ConnectException: Connection refused: no further information
REQUEST		Get Add Pet	1645381310802	1645381310818	KO	j.n.ConnectException: Connection refused: no further information
REQUEST		GET Find Owners Page	1645381310911	1645381310912	KO	j.n.ConnectException: Connection refused: no further information
REQUEST		GET Find Owners Page	1645381310958	1645381310959	KO	j.n.ConnectException: Connection refused: no further information
REQUEST		request_152	1645381311165	1645381311166	KO	j.n.ConnectException: Connection refused: no further information
REQUEST		request_152	1645381311325	1645381311342	KO	j.n.ConnectException: Connection refused: no further information
REQUEST		GET Find Owners Page	1645381311389	1645381311390	KO	j.n.ConnectException: Connection refused: no further information
REQUEST		Open Home Page	1645381311404	1645381311406	KO	j.n.ConnectException: Connection refused: no further information
REQUEST		request_122	1645381311468	1645381311469	KO	j.n.ConnectException: Connection refused: no further information
REQUEST		request_137	1645381311547	1645381311548	KO	j.n.ConnectException: Connection refused: no further information
REQUEST		GET Add Owner	1645381311593	1645381311595	KO	j.n.ConnectException: Connection refused: no further information
REQUEST		GET Add Owner	1645381311718	1645381311734	KO	j.n.ConnectException: Connection refused: no further information
REQUEST		GET Add Owner	1645381311953	1645381311954	KO	j.n.ConnectException: Connection refused: no further information
REQUEST		request_152	1645381312234	1645381312235	KO	j.n.ConnectException: Connection refused: no further information
REQUEST		POST Add Pet	1645381312280	1645381312296	KO	j.n.ConnectException: Connection refused: no further information
REQUEST		request_152	1645381312466	1645381312467	KO	j.n.ConnectException: Connection refused: no further information
REQUEST		GET Find Owners Page	1645381312574	1645381312590	KO	j.n.ConnectException: Connection refused: no further information
REQUEST		request_152	1645381312668	1645381312671	KO	j.n.ConnectException: Connection refused: no further information
REQUEST		Get Edit Pet Page	1645381312716	1645381312717	KO	j.n.ConnectException: Connection refused: no further information
REQUEST		GET Find Owners Page	1645381312795	1645381312796	KO	j.n.ConnectException: Connection refused: no further information
REQUEST		request_137	1645381312872	1645381312873	KO	j.n.ConnectException: Connection refused: no further information
REQUEST		POST Add Pet	1645381312967	1645381312968	KO	j.n.ConnectException: Connection refused: no further information
REQUEST		GET Add Owner	1645381313013	1645381313029	KO	j.n.ConnectException: Connection refused: no further information
REQUEST		request_137	1645381313152	1645381313153	KO	j.n.ConnectException: Connection refused: no further information
REQUEST		GET Add Owner	1645381313231	1645381313248	KO	j.n.ConnectException: Connection refused: no further information
REQUEST		Open Home Page	1645381313231	1645381313248	KO	j.n.ConnectException: Connection refused: no further information
REQUEST		Get Edit Pet Page	1645381313372	1645381313373	KO	j.n.ConnectException: Connection refused: no further information
REQUEST		GET Add Owner	1645381313529	1645381313530	KO	j.n.ConnectException: Connection refused: no further information
REQUEST		GET Add Owner	1645381313653	1645381313670	KO	j.n.ConnectException: Connection refused: no further information
REQUEST		Open Home Page	1645381313810	1645381313812	KO	j.n.ConnectException: Connection refused: no further information
REQUEST		Open Home Page	1645381313856	1645381313858	KO	j.n.ConnectException: Connection refused: no further information
REQUEST		POST Add Owner	1645381314059	1645381314060	KO	j.n.ConnectException: Connection refused: no further information
REQUEST		request_122	1645381314152	1645381314168	KO	j.n.ConnectException: Connection refused: no further information
REQUEST		POST Add Owner	1645381314198	1645381314200	KO	j.n.ConnectException: Connection refused: no further information
REQUEST		Open Home Page	1645381314308	1645381314309	KO	j.n.ConnectException: Connection refused: no further information
REQUEST		POST Add Owner	1645381314401	1645381314417	KO	j.n.ConnectException: Connection refused: no further information
REQUEST		POST Add Owner	1645381314448	1645381314449	KO	j.n.ConnectException: Connection refused: no further information
REQUEST		GET Add Owner	1645381314588	1645381314604	KO	j.n.ConnectException: Connection refused: no further information
REQUEST		POST Add Owner	1645381314603	1645381314604	KO	j.n.ConnectException: Connection refused: no further information
REQUEST		Open Home Page	1645381314728	1645381314729	KO	j.n.ConnectException: Connection refused: no further information
REQUEST		GET Add Owner	1645381314822	1645381314823	KO	j.n.ConnectException: Connection refused: no further information
REQUEST		Open Home Page	1645381314916	1645381314918	KO	j.n.ConnectException: Connection refused: no further information
REQUEST		Get Edit Pet Page	1645381315349	1645381315351	KO	j.n.ConnectException: Connection refused: no further information
REQUEST		request_152	1645381315365	1645381315366	KO	j.n.ConnectException: Connection refused: no further information
REQUEST		request_152	1645381315519	1645381315520	KO	j.n.ConnectException: Connection refused: no further information
REQUEST		Get Add Pet	1645381315645	1645381315646	KO	j.n.ConnectException: Connection refused: no further information
REQUEST		GET Find Owners Page	1645381315660	1645381315676	KO	j.n.ConnectException: Connection refused: no further information
REQUEST		GET Find Owners Page	1645381315724	1645381315739	KO	j.n.ConnectException: Connection refused: no further information
REQUEST		POST Add Owner	1645381315786	1645381315789	KO	j.n.ConnectException: Connection refused: no further information
REQUEST		GET Find Owners Page	1645381315786	1645381315789	KO	j.n.ConnectException: Connection refused: no further information
REQUEST		POST Add Owner	1645381315942	1645381315958	KO	j.n.ConnectException: Connection refused: no further information
REQUEST		Get Add Pet	1645381316004	1645381316008	KO	j.n.ConnectException: Connection refused: no further information
REQUEST		Get Add Pet	1645381316050	1645381316066	KO	j.n.ConnectException: Connection refused: no further information
REQUEST		request_122	1645381316191	1645381316192	KO	j.n.ConnectException: Connection refused: no further information
REQUEST		request_122	1645381316502	1645381316503	KO	j.n.ConnectException: Connection refused: no further information
REQUEST		GET Find Owners Page	1645381316502	1645381316517	KO	j.n.ConnectException: Connection refused: no further information
REQUEST		GET Find Owners Page	1645381316517	1645381316518	KO	j.n.ConnectException: Connection refused: no further information
REQUEST		Get Add Pet	1645381316534	1645381316534	KO	j.n.ConnectException: Connection refused: no further information
REQUEST		POST Add Owner	1645381316799	1645381316800	KO	j.n.ConnectException: Connection refused: no further information
REQUEST		GET Add Owner	1645381316878	1645381316881	KO	j.n.ConnectException: Connection refused: no further information
REQUEST		POST Add Owner	1645381316878	1645381316881	KO	j.n.ConnectException: Connection refused: no further information
REQUEST		Get Add Pet	1645381316925	1645381316941	KO	j.n.ConnectException: Connection refused: no further information
REQUEST		request_137	1645381316941	1645381316956	KO	j.n.ConnectException: Connection refused: no further information
REQUEST		Open Home Page	1645381317249	1645381317250	KO	j.n.ConnectException: Connection refused: no further information
REQUEST		Open Home Page	1645381317530	1645381317531	KO	j.n.ConnectException: Connection refused: no further information
REQUEST		GET Find Owners Page	1645381317749	1645381317750	KO	j.n.ConnectException: Connection refused: no further information
REQUEST		POST Add Pet	1645381317781	1645381317797	KO	j.n.ConnectException: Connection refused: no further information
REQUEST		Get Add Pet	1645381317859	1645381317875	KO	j.n.ConnectException: Connection refused: no further information
REQUEST		GET Add Owner	1645381318141	1645381318143	KO	j.n.ConnectException: Connection refused: no further information
REQUEST		POST Add Owner	1645381318234	1645381318250	KO	j.n.ConnectException: Connection refused: no further information
REQUEST		Get Add Pet	1645381318357	1645381318358	KO	j.n.ConnectException: Connection refused: no further information
REQUEST		POST Add Pet	1645381318559	1645381318561	KO	j.n.ConnectException: Connection refused: no further information
REQUEST		GET Add Owner	1645381318559	1645381318562	KO	j.n.ConnectException: Connection refused: no further information
REQUEST		POST Add Pet	1645381318591	1645381318592	KO	j.n.ConnectException: Connection refused: no further information
REQUEST		request_137	1645381318591	1645381318592	KO	j.n.ConnectException: Connection refused: no further information
REQUEST		Get Add Pet	1645381318761	1645381318764	KO	j.n.ConnectException: Connection refused: no further information
REQUEST		POST Add Pet	1645381318869	1645381318870	KO	j.n.ConnectException: Connection refused: no further information
REQUEST		Get Add Pet	1645381318993	1645381318994	KO	j.n.ConnectException: Connection refused: no further information
REQUEST		request_137	1645381319009	1645381319025	KO	j.n.ConnectException: Connection refused: no further information
REQUEST		GET Find Owners Page	1645381319086	1645381319102	KO	j.n.ConnectException: Connection refused: no further information
REQUEST		GET Add Owner	1645381319225	1645381319241	KO	j.n.ConnectException: Connection refused: no further information
REQUEST		GET Add Owner	1645381319286	1645381319302	KO	j.n.ConnectException: Connection refused: no further information
REQUEST		request_152	1645381319317	1645381319333	KO	j.n.ConnectException: Connection refused: no further information
REQUEST		POST Add Owner	1645381319317	1645381319333	KO	j.n.ConnectException: Connection refused: no further information
REQUEST		GET Add Owner	1645381319333	1645381319333	KO	j.n.ConnectException: Connection refused: no further information
REQUEST		Get Edit Pet Page	1645381319536	1645381319536	KO	j.n.ConnectException: Connection refused: no further information
REQUEST		GET Find Owners Page	1645381319597	1645381319613	KO	j.n.ConnectException: Connection refused: no further information
REQUEST		POST Add Pet	1645381319816	1645381319817	KO	j.n.ConnectException: Connection refused: no further information
REQUEST		POST Add Pet	1645381319816	1645381319817	KO	j.n.ConnectException: Connection refused: no further information
REQUEST		Get Edit Pet Page	1645381319927	1645381319928	KO	j.n.ConnectException: Connection refused: no further information
REQUEST		request_152	1645381320054	1645381320070	KO	j.n.ConnectException: Connection refused: no further information
REQUEST		Get Edit Pet Page	1645381320163	1645381320164	KO	j.n.ConnectException: Connection refused: no further information
REQUEST		POST Add Pet	1645381320538	1645381320541	KO	j.n.ConnectException: Connection refused: no further information
REQUEST		request_152	1645381320584	1645381320587	KO	j.n.ConnectException: Connection refused: no further information
REQUEST		POST Add Owner	1645381320600	1645381320603	KO	j.n.ConnectException: Connection refused: no further information
REQUEST		POST Add Pet	1645381320693	1645381320695	KO	j.n.ConnectException: Connection refused: no further information
REQUEST		Get Edit Pet Page	1645381320709	1645381320711	KO	j.n.ConnectException: Connection refused: no further information
REQUEST		POST Add Pet	1645381320879	1645381320880	KO	j.n.ConnectException: Connection refused: no further information
REQUEST		Get Add Pet	1645381320925	1645381320928	KO	j.n.ConnectException: Connection refused: no further information
REQUEST		Get Add Pet	1645381321019	1645381321022	KO	j.n.ConnectException: Connection refused: no further information
REQUEST		POST Add Owner	1645381321050	1645381321052	KO	j.n.ConnectException: Connection refused: no further information
REQUEST		POST Add Owner	1645381321411	1645381321412	KO	j.n.ConnectException: Connection refused: no further information
REQUEST		GET Add Owner	1645381321694	1645381321709	KO	j.n.ConnectException: Connection refused: no further information
REQUEST		Open Home Page	1645381321740	1645381321756	KO	j.n.ConnectException: Connection refused: no further information
REQUEST		POST Add Owner	1645381321756	1645381321757	KO	j.n.ConnectException: Connection refused: no further information
REQUEST		request_122	1645381321880	1645381321881	KO	j.n.ConnectException: Connection refused: no further information
REQUEST		GET Add Owner	1645381321880	1645381321881	KO	j.n.ConnectException: Connection refused: no further information
REQUEST		Get Edit Pet Page	1645381322020	1645381322036	KO	j.n.ConnectException: Connection refused: no further information
REQUEST		request_122	1645381322036	1645381322037	KO	j.n.ConnectException: Connection refused: no further information
REQUEST		Get Add Pet	1645381322067	1645381322069	KO	j.n.ConnectException: Connection refused: no further information
REQUEST		Open Home Page	1645381322317	1645381322317	KO	j.n.ConnectException: Connection refused: no further information
REQUEST		Get Edit Pet Page	1645381322347	1645381322363	KO	j.n.ConnectException: Connection refused: no further information
REQUEST		Get Add Pet	1645381322503	1645381322504	KO	j.n.ConnectException: Connection refused: no further information
REQUEST		Get Edit Pet Page	1645381322519	1645381322520	KO	j.n.ConnectException: Connection refused: no further information
REQUEST		request_122	1645381322769	1645381322770	KO	j.n.ConnectException: Connection refused: no further information
REQUEST		Get Add Pet	1645381322878	1645381322879	KO	j.n.ConnectException: Connection refused: no further information
REQUEST		Get Edit Pet Page	1645381322910	1645381322925	KO	j.n.ConnectException: Connection refused: no further information
REQUEST		POST Add Pet	1645381322988	1645381322990	KO	j.n.ConnectException: Connection refused: no further information
REQUEST		POST Add Pet	1645381323004	1645381323005	KO	j.n.ConnectException: Connection refused: no further information
REQUEST		GET Find Owners Page	1645381323223	1645381323224	KO	j.n.ConnectException: Connection refused: no further information
REQUEST		Get Edit Pet Page	1645381323301	1645381323302	KO	j.n.ConnectException: Connection refused: no further information
REQUEST		request_137	1645381323301	1645381323302	KO	j.n.ConnectException: Connection refused: no further information
REQUEST		request_122	1645381323316	1645381323332	KO	j.n.ConnectException: Connection refused: no further information
REQUEST		Open Home Page	1645381323503	1645381323504	KO	j.n.ConnectException: Connection refused: no further information
REQUEST		Get Add Pet	1645381323564	1645381323565	KO	j.n.ConnectException: Connection refused: no further information
REQUEST		POST Add Owner	1645381323753	1645381323754	KO	j.n.ConnectException: Connection refused: no further information
REQUEST		request_122	1645381323830	1645381323831	KO	j.n.ConnectException: Connection refused: no further information
REQUEST		request_122	1645381323985	1645381324001	KO	j.n.ConnectException: Connection refused: no further information
REQUEST		POST Add Owner	1645381324016	1645381324018	KO	j.n.ConnectException: Connection refused: no further information
REQUEST		Get Edit Pet Page	1645381324222	1645381324237	KO	j.n.ConnectException: Connection refused: no further information
REQUEST		request_137	1645381324331	1645381324332	KO	j.n.ConnectException: Connection refused: no further information
REQUEST		request_122	1645381324410	1645381324425	KO	j.n.ConnectException: Connection refused: no further information
REQUEST		POST Add Pet	1645381324440	1645381324441	KO	j.n.ConnectException: Connection refused: no further information
REQUEST		request_122	1645381324440	1645381324455	KO	j.n.ConnectException: Connection refused: no further information
REQUEST		request_152	1645381324546	1645381324547	KO	j.n.ConnectException: Connection refused: no further information
REQUEST		GET Add Owner	1645381324562	1645381324564	KO	j.n.ConnectException: Connection refused: no further information
REQUEST		GET Find Owners Page	1645381324562	1645381324578	KO	j.n.ConnectException: Connection refused: no further information
REQUEST		POST Add Pet	1645381324841	1645381324844	KO	j.n.ConnectException: Connection refused: no further information
REQUEST		request_137	1645381324872	1645381324875	KO	j.n.ConnectException: Connection refused: no further information
REQUEST		request_137	1645381324933	1645381324934	KO	j.n.ConnectException: Connection refused: no further information
REQUEST		POST Add Pet	1645381324933	1645381324949	KO	j.n.ConnectException: Connection refused: no further information
REQUEST		GET Find Owners Page	1645381325012	1645381325028	KO	j.n.ConnectException: Connection refused: no further information
REQUEST		Get Add Pet	1645381325060	1645381325061	KO	j.n.ConnectException: Connection refused: no further information
REQUEST		Get Add Pet	1645381325123	1645381325139	KO	j.n.ConnectException: Connection refused: no further information
REQUEST		request_122	1645381325155	1645381325156	KO	j.n.ConnectException: Connection refused: no further information
REQUEST		POST Add Pet	1645381325295	1645381325296	KO	j.n.ConnectException: Connection refused: no further information
REQUEST		request_137	1645381325469	1645381325484	KO	j.n.ConnectException: Connection refused: no further information
REQUEST		Get Edit Pet Page	1645381325948	1645381325964	KO	j.n.ConnectException: Connection refused: no further information
REQUEST		GET Add Owner	1645381326105	1645381326108	KO	j.n.ConnectException: Connection refused: no further information
REQUEST		Get Edit Pet Page	1645381326167	1645381326168	KO	j.n.ConnectException: Connection refused: no further information
REQUEST		POST Add Owner	1645381326199	1645381326201	KO	j.n.ConnectException: Connection refused: no further information
REQUEST		request_122	1645381326339	1645381326341	KO	j.n.ConnectException: Connection refused: no further information
REQUEST		request_137	1645381326447	1645381326448	KO	j.n.ConnectException: Connection refused: no further information
REQUEST		request_137	1645381326525	1645381326541	KO	j.n.ConnectException: Connection refused: no further information
REQUEST		GET Add Owner	1645381326540	1645381326541	KO	j.n.ConnectException: Connection refused: no further information
REQUEST		Open Home Page	1645381326571	1645381326573	KO	j.n.ConnectException: Connection refused: no further information
REQUEST		request_137	1645381326649	1645381326649	KO	j.n.ConnectException: Connection refused: no further information
REQUEST		Get Edit Pet Page	1645381326727	1645381326729	KO	j.n.ConnectException: Connection refused: no further information
REQUEST		request_152	1645381326899	1645381326916	KO	j.n.ConnectException: Connection refused: no further information
REQUEST		request_152	1645381326915	1645381326916	KO	j.n.ConnectException: Connection refused: no further information
REQUEST		request_152	1645381326915	1645381326916	KO	j.n.ConnectException: Connection refused: no further information
REQUEST		request_137	1645381327255	1645381327256	KO	j.n.ConnectException: Connection refused: no further information
REQUEST		Get Edit Pet Page	1645381327348	1645381327350	KO	j.n.ConnectException: Connection refused: no further information
REQUEST		request_152	1645381327427	1645381327430	KO	j.n.ConnectException: Connection refused: no further information
REQUEST		POST Add Pet	1645381327570	1645381327571	KO	j.n.ConnectException: Connection refused: no further information
REQUEST		request_152	1645381327663	1645381327665	KO	j.n.ConnectException: Connection refused: no further information
REQUEST		GET Find Owners Page	1645381327882	1645381327883	KO	j.n.ConnectException: Connection refused: no further information
REQUEST		POST Add Pet	1645381327914	1645381327915	KO	j.n.ConnectException: Connection refused: no further information
REQUEST		request_137	1645381327944	1645381327945	KO	j.n.ConnectException: Connection refused: no further information
REQUEST		request_122	1645381327944	1645381327960	KO	j.n.ConnectException: Connection refused: no further information
REQUEST		Get Edit Pet Page	1645381328007	1645381328009	KO	j.n.ConnectException: Connection refused: no further information
REQUEST		POST Add Owner	1645381328084	1645381328101	KO	j.n.ConnectException: Connection refused: no further information
REQUEST		Open Home Page	1645381328194	1645381328195	KO	j.n.ConnectException: Connection refused: no further information
REQUEST		request_122	1645381328240	1645381328241	KO	j.n.ConnectException: Connection refused: no further information
REQUEST		request_152	1645381328580	1645381328583	KO	j.n.ConnectException: Connection refused: no further information
REQUEST		Open Home Page	1645381328612	1645381328614	KO	j.n.ConnectException: Connection refused: no further information
REQUEST		request_122	1645381328642	1645381328645	KO	j.n.ConnectException: Connection refused: no further information
REQUEST		Get Add Pet	1645381328658	1645381328661	KO	j.n.ConnectException: Connection refused: no further information
REQUEST		POST Add Owner	1645381328690	1645381328692	KO	j.n.ConnectException: Connection refused: no further information
REQUEST		request_152	1645381328706	1645381328708	KO	j.n.ConnectException: Connection refused: no further information
REQUEST		Open Home Page	1645381328815	1645381328816	KO	j.n.ConnectException: Connection refused: no further information
REQUEST		Get Edit Pet Page	1645381329064	1645381329080	KO	j.n.ConnectException: Connection refused: no further information
REQUEST		request_152	1645381329408	1645381329409	KO	j.n.ConnectException: Connection refused: no further information
REQUEST		request_122	1645381329424	1645381329440	KO	j.n.ConnectException: Connection refused: no further information
REQUEST		request_152	1645381329470	1645381329472	KO	j.n.ConnectException: Connection refused: no further information
REQUEST		Open Home Page	1645381329798	1645381329815	KO	j.n.ConnectException: Connection refused: no further information
REQUEST		Get Add Pet	1645381329829	1645381329830	KO	j.n.ConnectException: Connection refused: no further information
REQUEST		GET Find Owners Page	1645381329860	1645381329862	KO	j.n.ConnectException: Connection refused: no further information
REQUEST		Open Home Page	1645381329970	1645381329986	KO	j.n.ConnectException: Connection refused: no further information
REQUEST		request_137	1645381330048	1645381330049	KO	j.n.ConnectException: Connection refused: no further information
REQUEST		GET Find Owners Page	1645381330064	1645381330080	KO	j.n.ConnectException: Connection refused: no further information
REQUEST		Open Home Page	1645381330157	1645381330158	KO	j.n.ConnectException: Connection refused: no further information
REQUEST		Open Home Page	1645381330390	1645381330392	KO	j.n.ConnectException: Connection refused: no further information
REQUEST		Get Edit Pet Page	1645381330656	1645381330671	KO	j.n.ConnectException: Connection refused: no further information
REQUEST		request_122	1645381330671	1645381330672	KO	j.n.ConnectException: Connection refused: no further information
REQUEST		GET Add Owner	1645381330765	1645381330781	KO	j.n.ConnectException: Connection refused: no further information
REQUEST		GET Find Owners Page	1645381330936	1645381330937	KO	j.n.ConnectException: Connection refused: no further information
REQUEST		request_122	1645381330936	1645381330943	KO	j.n.ConnectException: Connection refused: no further information
REQUEST		request_137	1645381331029	1645381331034	KO	j.n.ConnectException: Connection refused: no further information
REQUEST		Get Add Pet	1645381331060	1645381331061	KO	j.n.ConnectException: Connection refused: no further information
REQUEST		request_152	1645381331091	1645381331092	KO	j.n.ConnectException: Connection refused: no further information
REQUEST		request_137	1645381331122	1645381331124	KO	j.n.ConnectException: Connection refused: no further information
REQUEST		Open Home Page	1645381331154	1645381331155	KO	j.n.ConnectException: Connection refused: no further information
REQUEST		GET Find Owners Page	1645381331170	1645381331171	KO	j.n.ConnectException: Connection refused: no further information
REQUEST		POST Add Pet	1645381331232	1645381331233	KO	j.n.ConnectException: Connection refused: no further information
REQUEST		POST Add Pet	1645381331669	1645381331672	KO	j.n.ConnectException: Connection refused: no further information
REQUEST		request_137	1645381331716	1645381331719	KO	j.n.ConnectException: Connection refused: no further information
REQUEST		GET Add Owner	1645381331904	1645381331905	KO	j.n.ConnectException: Connection refused: no further information
REQUEST		request_122	1645381331966	1645381331967	KO	j.n.ConnectException: Connection refused: no further information
REQUEST		Open Home Page	1645381331966	1645381331967	KO	j.n.ConnectException: Connection refused: no further information
REQUEST		GET Find Owners Page	1645381332154	1645381332170	KO	j.n.ConnectException: Connection refused: no further information
REQUEST		request_137	1645381332358	1645381332360	KO	j.n.ConnectException: Connection refused: no further information
REQUEST		GET Find Owners Page	1645381332405	1645381332406	KO	j.n.ConnectException: Connection refused: no further information
REQUEST		GET Add Owner	1645381332483	1645381332499	KO	j.n.ConnectException: Connection refused: no further information
REQUEST		GET Add Owner	1645381332529	1645381332531	KO	j.n.ConnectException: Connection refused: no further information
REQUEST		Open Home Page	1645381332546	1645381332547	KO	j.n.ConnectException: Connection refused: no further information
REQUEST		Get Edit Pet Page	1645381332577	1645381332578	KO	j.n.ConnectException: Connection refused: no further information
REQUEST		request_137	1645381332814	1645381332815	KO	j.n.ConnectException: Connection refused: no further information
REQUEST		POST Add Owner	1645381333005	1645381333021	KO	j.n.ConnectException: Connection refused: no further information
REQUEST		GET Find Owners Page	1645381333082	1645381333098	KO	j.n.ConnectException: Connection refused: no further information
REQUEST		GET Find Owners Page	1645381333098	1645381333099	KO	j.n.ConnectException: Connection refused: no further information
REQUEST		Get Edit Pet Page	1645381333098	1645381333099	KO	j.n.ConnectException: Connection refused: no further information
REQUEST		GET Add Owner	1645381333191	1645381333207	KO	j.n.ConnectException: Connection refused: no further information
REQUEST		GET Add Owner	1645381333269	1645381333270	KO	j.n.ConnectException: Connection refused: no further information
REQUEST		request_152	1645381333301	1645381333302	KO	j.n.ConnectException: Connection refused: no further information
REQUEST		POST Add Owner	1645381333517	1645381333518	KO	j.n.ConnectException: Connection refused: no further information
REQUEST		GET Find Owners Page	1645381333594	1645381333610	KO	j.n.ConnectException: Connection refused: no further information
REQUEST		request_152	1645381333672	1645381333675	KO	j.n.ConnectException: Connection refused: no further information
REQUEST		POST Add Pet	1645381334048	1645381334051	KO	j.n.ConnectException: Connection refused: no further information
REQUEST		GET Find Owners Page	1645381334063	1645381334065	KO	j.n.ConnectException: Connection refused: no further information
REQUEST		GET Add Owner	1645381334157	1645381334158	KO	j.n.ConnectException: Connection refused: no further information
REQUEST		request_152	1645381334189	1645381334190	KO	j.n.ConnectException: Connection refused: no further information
REQUEST		request_122	1645381334221	1645381334237	KO	j.n.ConnectException: Connection refused: no further information
REQUEST		request_152	1645381334269	1645381334270	KO	j.n.ConnectException: Connection refused: no further information
REQUEST		Get Add Pet	1645381334315	1645381334331	KO	j.n.ConnectException: Connection refused: no further information
REQUEST		POST Add Owner	1645381334705	1645381334706	KO	j.n.ConnectException: Connection refused: no further information
REQUEST		request_137	1645381334751	1645381334767	KO	j.n.ConnectException: Connection refused: no further information
REQUEST		request_152	1645381335081	1645381335098	KO	j.n.ConnectException: Connection refused: no further information
REQUEST		Open Home Page	1645381335081	1645381335098	KO	j.n.ConnectException: Connection refused: no further information
REQUEST		POST Add Owner	1645381335206	1645381335209	KO	j.n.ConnectException: Connection refused: no further information
REQUEST		Open Home Page	1645381335221	1645381335222	KO	j.n.ConnectException: Connection refused: no further information
REQUEST		Open Home Page	1645381335267	1645381335268	KO	j.n.ConnectException: Connection refused: no further information
REQUEST		Get Edit Pet Page	1645381335346	1645381335361	KO	j.n.ConnectException: Connection refused: no further information
REQUEST		POST Add Owner	1645381335408	1645381335411	KO	j.n.ConnectException: Connection refused: no further information
REQUEST		request_122	1645381335455	1645381335456	KO	j.n.ConnectException: Connection refused: no further information
REQUEST		GET Add Owner	1645381335486	1645381335487	KO	j.n.ConnectException: Connection refused: no further information
REQUEST		POST Add Owner	1645381335502	1645381335503	KO	j.n.ConnectException: Connection refused: no further information
REQUEST		GET Add Owner	1645381335755	1645381335770	KO	j.n.ConnectException: Connection refused: no further information
REQUEST		GET Add Owner	1645381335785	1645381335787	KO	j.n.ConnectException: Connection refused: no further information
REQUEST		Get Add Pet	1645381335849	1645381335851	KO	j.n.ConnectException: Connection refused: no further information
USER	RecordedSimulation2	END	1645381335961
REQUEST		Get Add Pet	1645381336114	1645381336115	KO	j.n.ConnectException: Connection refused: no further information
REQUEST		POST Add Owner	1645381336270	1645381336271	KO	j.n.ConnectException: Connection refused: no further information
REQUEST		request_122	1645381336379	1645381336380	KO	j.n.ConnectException: Connection refused: no further information
REQUEST		Get Add Pet	1645381336487	1645381336488	KO	j.n.ConnectException: Connection refused: no further information
REQUEST		request_137	1645381336487	1645381336488	KO	j.n.ConnectException: Connection refused: no further information
REQUEST		POST Add Pet	1645381336599	1645381336615	KO	j.n.ConnectException: Connection refused: no further information
REQUEST		request_152	1645381336820	1645381336821	KO	j.n.ConnectException: Connection refused: no further information
REQUEST		GET Add Owner	1645381336820	1645381336821	KO	j.n.ConnectException: Connection refused: no further information
REQUEST		POST Add Owner	1645381336820	1645381336835	KO	j.n.ConnectException: Connection refused: no further information
REQUEST		Open Home Page	1645381336928	1645381336944	KO	j.n.ConnectException: Connection refused: no further information
REQUEST		POST Add Pet	1645381337007	1645381337010	KO	j.n.ConnectException: Connection refused: no further information
REQUEST		Get Add Pet	1645381337133	1645381337149	KO	j.n.ConnectException: Connection refused: no further information
REQUEST		Get Add Pet	1645381337616	1645381337619	KO	j.n.ConnectException: Connection refused: no further information
REQUEST		POST Add Pet	1645381337772	1645381337775	KO	j.n.ConnectException: Connection refused: no further information
REQUEST		Get Edit Pet Page	1645381337803	1645381337805	KO	j.n.ConnectException: Connection refused: no further information
REQUEST		Get Add Pet	1645381337803	1645381337805	KO	j.n.ConnectException: Connection refused: no further information
REQUEST		request_137	1645381337819	1645381337821	KO	j.n.ConnectException: Connection refused: no further information
REQUEST		GET Find Owners Page	1645381337929	1645381337930	KO	j.n.ConnectException: Connection refused: no further information
REQUEST		GET Find Owners Page	1645381337960	1645381337961	KO	j.n.ConnectException: Connection refused: no further information
REQUEST		GET Find Owners Page	1645381338069	1645381338069	KO	j.n.ConnectException: Connection refused: no further information
REQUEST		GET Find Owners Page	1645381338116	1645381338131	KO	j.n.ConnectException: Connection refused: no further information
REQUEST		request_152	1645381338366	1645381338367	KO	j.n.ConnectException: Connection refused: no further information
REQUEST		POST Add Owner	1645381338413	1645381338429	KO	j.n.ConnectException: Connection refused: no further information
REQUEST		POST Add Owner	1645381338491	1645381338493	KO	j.n.ConnectException: Connection refused: no further information
REQUEST		Get Add Pet	1645381338537	1645381338538	KO	j.n.ConnectException: Connection refused: no further information
REQUEST		POST Add Pet	1645381338598	1645381338599	KO	j.n.ConnectException: Connection refused: no further information
REQUEST		Get Edit Pet Page	1645381338614	1645381338631	KO	j.n.ConnectException: Connection refused: no further information
REQUEST		POST Add Owner	1645381338740	1645381338741	KO	j.n.ConnectException: Connection refused: no further information
REQUEST		request_137	1645381338850	1645381338851	KO	j.n.ConnectException: Connection refused: no further information
REQUEST		Get Edit Pet Page	1645381339036	1645381339039	KO	j.n.ConnectException: Connection refused: no further information
REQUEST		GET Add Owner	1645381339114	1645381339130	KO	j.n.ConnectException: Connection refused: no further information
USER	RecordedSimulation2	END	1645381339302
REQUEST		GET Add Owner	1645381339441	1645381339443	KO	j.n.ConnectException: Connection refused: no further information
REQUEST		request_122	1645381339441	1645381339456	KO	j.n.ConnectException: Connection refused: no further information
REQUEST		POST Add Pet	1645381339503	1645381339504	KO	j.n.ConnectException: Connection refused: no further information
REQUEST		GET Add Owner	1645381339660	1645381339676	KO	j.n.ConnectException: Connection refused: no further information
REQUEST		request_122	1645381339785	1645381339801	KO	j.n.ConnectException: Connection refused: no further information
REQUEST		POST Add Pet	1645381339801	1645381339818	KO	j.n.ConnectException: Connection refused: no further information
REQUEST		POST Add Pet	1645381339817	1645381339818	KO	j.n.ConnectException: Connection refused: no further information
REQUEST		request_152	1645381340003	1645381340018	KO	j.n.ConnectException: Connection refused: no further information
REQUEST		Open Home Page	1645381340003	1645381340019	KO	j.n.ConnectException: Connection refused: no further information
REQUEST		request_152	1645381340034	1645381340035	KO	j.n.ConnectException: Connection refused: no further information
REQUEST		POST Add Pet	1645381340408	1645381340410	KO	j.n.ConnectException: Connection refused: no further information
REQUEST		POST Add Owner	1645381340472	1645381340475	KO	j.n.ConnectException: Connection refused: no further information
REQUEST		Get Add Pet	1645381340519	1645381340522	KO	j.n.ConnectException: Connection refused: no further information
REQUEST		GET Add Owner	1645381340583	1645381340599	KO	j.n.ConnectException: Connection refused: no further information
REQUEST		POST Add Owner	1645381340724	1645381340725	KO	j.n.ConnectException: Connection refused: no further information
REQUEST		Get Add Pet	1645381340756	1645381340771	KO	j.n.ConnectException: Connection refused: no further information
REQUEST		request_137	1645381340771	1645381340788	KO	j.n.ConnectException: Connection refused: no further information
REQUEST		Get Edit Pet Page	1645381341224	1645381341227	KO	j.n.ConnectException: Connection refused: no further information
REQUEST		request_122	1645381341285	1645381341289	KO	j.n.ConnectException: Connection refused: no further information
REQUEST		POST Add Owner	1645381341301	1645381341316	KO	j.n.ConnectException: Connection refused: no further information
REQUEST		Get Add Pet	1645381341378	1645381341394	KO	j.n.ConnectException: Connection refused: no further information
REQUEST		Get Edit Pet Page	1645381341409	1645381341410	KO	j.n.ConnectException: Connection refused: no further information
REQUEST		Open Home Page	1645381341628	1645381341629	KO	j.n.ConnectException: Connection refused: no further information
REQUEST		Get Edit Pet Page	1645381341738	1645381341740	KO	j.n.ConnectException: Connection refused: no further information
REQUEST		GET Find Owners Page	1645381341816	1645381341832	KO	j.n.ConnectException: Connection refused: no further information
REQUEST		request_152	1645381342021	1645381342022	KO	j.n.ConnectException: Connection refused: no further information
REQUEST		Get Add Pet	1645381342222	1645381342224	KO	j.n.ConnectException: Connection refused: no further information
REQUEST		POST Add Pet	1645381342237	1645381342239	KO	j.n.ConnectException: Connection refused: no further information
REQUEST		request_137	1645381342393	1645381342395	KO	j.n.ConnectException: Connection refused: no further information
REQUEST		POST Add Owner	1645381342440	1645381342441	KO	j.n.ConnectException: Connection refused: no further information
REQUEST		request_122	1645381342487	1645381342503	KO	j.n.ConnectException: Connection refused: no further information
REQUEST		Get Edit Pet Page	1645381342518	1645381342533	KO	j.n.ConnectException: Connection refused: no further information
REQUEST		POST Add Pet	1645381342659	1645381342660	KO	j.n.ConnectException: Connection refused: no further information
REQUEST		Open Home Page	1645381342722	1645381342737	KO	j.n.ConnectException: Connection refused: no further information
REQUEST		Get Edit Pet Page	1645381342799	1645381342815	KO	j.n.ConnectException: Connection refused: no further information
REQUEST		request_137	1645381343033	1645381343034	KO	j.n.ConnectException: Connection refused: no further information
REQUEST		Get Add Pet	1645381343203	1645381343220	KO	j.n.ConnectException: Connection refused: no further information
REQUEST		POST Add Pet	1645381343313	1645381343329	KO	j.n.ConnectException: Connection refused: no further information
REQUEST		Get Add Pet	1645381343706	1645381343708	KO	j.n.ConnectException: Connection refused: no further information
REQUEST		Get Edit Pet Page	1645381343813	1645381343829	KO	j.n.ConnectException: Connection refused: no further information
REQUEST		Get Add Pet	1645381344000	1645381344002	KO	j.n.ConnectException: Connection refused: no further information
REQUEST		request_122	1645381344079	1645381344080	KO	j.n.ConnectException: Connection refused: no further information
REQUEST		GET Find Owners Page	1645381344219	1645381344220	KO	j.n.ConnectException: Connection refused: no further information
REQUEST		request_152	1645381344391	1645381344407	KO	j.n.ConnectException: Connection refused: no further information
REQUEST		request_122	1645381344469	1645381344470	KO	j.n.ConnectException: Connection refused: no further information
REQUEST		request_152	1645381344500	1645381344502	KO	j.n.ConnectException: Connection refused: no further information
USER	RecordedSimulation2	END	1645381344547
REQUEST		Get Edit Pet Page	1645381344579	1645381344579	KO	j.n.ConnectException: Connection refused: no further information
REQUEST		request_137	1645381344672	1645381344673	KO	j.n.ConnectException: Connection refused: no further information
REQUEST		POST Add Pet	1645381344720	1645381344721	KO	j.n.ConnectException: Connection refused: no further information
REQUEST		GET Add Owner	1645381344782	1645381344784	KO	j.n.ConnectException: Connection refused: no further information
REQUEST		POST Add Pet	1645381344860	1645381344861	KO	j.n.ConnectException: Connection refused: no further information
REQUEST		GET Find Owners Page	1645381345002	1645381345018	KO	j.n.ConnectException: Connection refused: no further information
REQUEST		GET Find Owners By LastName	1645381345390	1645381345391	KO	j.n.ConnectException: Connection refused: no further information
REQUEST		request_122	1645381345467	1645381345483	KO	j.n.ConnectException: Connection refused: no further information
REQUEST		request_122	1645381345498	1645381345499	KO	j.n.ConnectException: Connection refused: no further information
REQUEST		POST Add Pet	1645381345763	1645381345780	KO	j.n.ConnectException: Connection refused: no further information
REQUEST		Get Edit Pet Page	1645381345810	1645381345812	KO	j.n.ConnectException: Connection refused: no further information
REQUEST		POST Add Pet	1645381345935	1645381345938	KO	j.n.ConnectException: Connection refused: no further information
REQUEST		Get Edit Pet Page	1645381346013	1645381346028	KO	j.n.ConnectException: Connection refused: no further information
REQUEST		request_122	1645381346105	1645381346107	KO	j.n.ConnectException: Connection refused: no further information
USER	RecordedSimulation2	END	1645381346152
REQUEST		request_152	1645381346325	1645381346341	KO	j.n.ConnectException: Connection refused: no further information
REQUEST		GET Add Owner	1645381346420	1645381346421	KO	j.n.ConnectException: Connection refused: no further information
REQUEST		request_122	1645381346699	1645381346716	KO	j.n.ConnectException: Connection refused: no further information
USER	RecordedSimulation2	END	1645381346948
REQUEST		request_137	1645381346994	1645381347010	KO	j.n.ConnectException: Connection refused: no further information
REQUEST		request_137	1645381347026	1645381347042	KO	j.n.ConnectException: Connection refused: no further information
REQUEST		request_122	1645381347058	1645381347074	KO	j.n.ConnectException: Connection refused: no further information
REQUEST		Get Edit Pet Page	1645381347104	1645381347120	KO	j.n.ConnectException: Connection refused: no further information
REQUEST		POST Add Owner	1645381347245	1645381347275	KO	j.n.ConnectException: Connection refused: no further information
REQUEST		Get Open Edit Owner Page	1645381347479	1645381347481	KO	j.n.ConnectException: Connection refused: no further information
REQUEST		request_122	1645381347510	1645381347511	KO	j.n.ConnectException: Connection refused: no further information
REQUEST		Get Edit Pet Page	1645381347541	1645381347557	KO	j.n.ConnectException: Connection refused: no further information
REQUEST		request_137	1645381347728	1645381347729	KO	j.n.ConnectException: Connection refused: no further information
REQUEST		request_137	1645381348008	1645381348009	KO	j.n.ConnectException: Connection refused: no further information
USER	RecordedSimulation2	END	1645381348259
REQUEST		Get Edit Pet Page	1645381348259	1645381348260	KO	j.n.ConnectException: Connection refused: no further information
REQUEST		POST Add Owner	1645381348291	1645381348292	KO	j.n.ConnectException: Connection refused: no further information
REQUEST		request_122	1645381348306	1645381348307	KO	j.n.ConnectException: Connection refused: no further information
REQUEST		request_137	1645381348572	1645381348588	KO	j.n.ConnectException: Connection refused: no further information
REQUEST		request_137	1645381348588	1645381348588	KO	j.n.ConnectException: Connection refused: no further information
REQUEST		request_152	1645381348604	1645381348619	KO	j.n.ConnectException: Connection refused: no further information
REQUEST		POST Update Owner	1645381348712	1645381348728	KO	j.n.ConnectException: Connection refused: no further information
REQUEST		request_122	1645381348804	1645381348821	KO	j.n.ConnectException: Connection refused: no further information
REQUEST		request_137	1645381348976	1645381348978	KO	j.n.ConnectException: Connection refused: no further information
REQUEST		request_137	1645381349352	1645381349355	KO	j.n.ConnectException: Connection refused: no further information
REQUEST		request_152	1645381349771	1645381349788	KO	j.n.ConnectException: Connection refused: no further information
REQUEST		request_122	1645381349987	1645381350003	KO	j.n.ConnectException: Connection refused: no further information
REQUEST		request_152	1645381350065	1645381350081	KO	j.n.ConnectException: Connection refused: no further information
REQUEST		request_137	1645381350190	1645381350192	KO	j.n.ConnectException: Connection refused: no further information
REQUEST		Get Add Pet	1645381350205	1645381350221	KO	j.n.ConnectException: Connection refused: no further information
REQUEST		request_152	1645381350253	1645381350268	KO	j.n.ConnectException: Connection refused: no further information
REQUEST		Get Add Pet	1645381350314	1645381350330	KO	j.n.ConnectException: Connection refused: no further information
REQUEST		request_152	1645381350425	1645381350426	KO	j.n.ConnectException: Connection refused: no further information
REQUEST		request_152	1645381350564	1645381350565	KO	j.n.ConnectException: Connection refused: no further information
REQUEST		GET Vets List	1645381350770	1645381350786	KO	j.n.ConnectException: Connection refused: no further information
REQUEST		request_152	1645381350926	1645381350928	KO	j.n.ConnectException: Connection refused: no further information
REQUEST		request_152	1645381350942	1645381350944	KO	j.n.ConnectException: Connection refused: no further information
REQUEST		request_137	1645381351503	1645381351518	KO	j.n.ConnectException: Connection refused: no further information
USER	RecordedSimulation2	END	1645381351550
REQUEST		request_137	1645381351836	1645381351837	KO	j.n.ConnectException: Connection refused: no further information
REQUEST		request_152	1645381351995	1645381352010	KO	j.n.ConnectException: Connection refused: no further information
REQUEST		POST Add Pet	1645381352010	1645381352011	KO	j.n.ConnectException: Connection refused: no further information
USER	RecordedSimulation2	END	1645381352026
USER	RecordedSimulation2	END	1645381352058
USER	RecordedSimulation2	END	1645381352090
USER	RecordedSimulation2	END	1645381352324
USER	RecordedSimulation2	END	1645381352387
REQUEST		POST Add Pet	1645381352727	1645381352742	KO	j.n.ConnectException: Connection refused: no further information
USER	RecordedSimulation2	END	1645381352852
USER	RecordedSimulation2	END	1645381353102
REQUEST		request_152	1645381353367	1645381353368	KO	j.n.ConnectException: Connection refused: no further information
REQUEST		Get Edit Pet Page	1645381353475	1645381353477	KO	j.n.ConnectException: Connection refused: no further information
USER	RecordedSimulation2	END	1645381353679
USER	RecordedSimulation2	END	1645381353756
REQUEST		request_152	1645381354211	1645381354213	KO	j.n.ConnectException: Connection refused: no further information
USER	RecordedSimulation2	END	1645381354820
REQUEST		Get Edit Pet Page	1645381355317	1645381355320	KO	j.n.ConnectException: Connection refused: no further information
USER	RecordedSimulation2	END	1645381355550
REQUEST		request_122	1645381356130	1645381356133	KO	j.n.ConnectException: Connection refused: no further information
REQUEST		request_137	1645381357207	1645381357211	KO	j.n.ConnectException: Connection refused: no further information
REQUEST		request_122	1645381357907	1645381357909	KO	j.n.ConnectException: Connection refused: no further information
REQUEST		request_152	1645381359858	1645381359874	KO	j.n.ConnectException: Connection refused: no further information
REQUEST		request_137	1645381360156	1645381360171	KO	j.n.ConnectException: Connection refused: no further information
REQUEST		request_152	1645381361811	1645381361812	KO	j.n.ConnectException: Connection refused: no further information
USER	RecordedSimulation2	END	1645381362731
USER	RecordedSimulation2	END	1645381364459
