RUN	com.gatling.tests.ComputerDB	computerdb	1646909041789	 	3.7.4
USER	ComputerDB	START	1646909048238
USER	ComputerDB	START	1646909048238
REQUEST		Opening computers page	1646909048264	1646909048752	OK	 
REQUEST		Opening computers page	1646909048264	1646909048752	OK	 
REQUEST		Opening new computers page	1646909049980	1646909050102	OK	 
USER	ComputerDB	START	1646909050233
REQUEST		Opening computers page	1646909050233	1646909050723	OK	 
REQUEST		Opening new computers page	1646909051276	1646909051396	OK	 
USER	ComputerDB	START	1646909052222
REQUEST		Sending new computer info	1646909052177	1646909052300	OK	 
REQUEST		Sending new computer info Redirect 1	1646909052310	1646909052432	OK	 
REQUEST		Opening computers page	1646909052223	1646909052708	OK	 
REQUEST		Opening new computers page	1646909052672	1646909052794	OK	 
REQUEST		Sending new computer info	1646909052924	1646909053044	OK	 
REQUEST		Sending new computer info Redirect 1	1646909053045	1646909053165	OK	 
REQUEST		Searching for new record	1646909053792	1646909053913	OK	 
USER	ComputerDB	START	1646909054220
REQUEST		Sending new computer info	1646909054316	1646909054437	OK	 
REQUEST		Sending new computer info Redirect 1	1646909054438	1646909054559	OK	 
REQUEST		Opening computers page	1646909054220	1646909054704	OK	 
REQUEST		Searching for new record	1646909054710	1646909054831	OK	 
REQUEST		Opening new computers page	1646909054960	1646909055083	OK	 
USER	ComputerDB	START	1646909056226
REQUEST		Get single record	1646909056242	1646909056362	OK	 
REQUEST		Searching for new record	1646909056445	1646909056566	OK	 
REQUEST		Opening computers page	1646909056227	1646909056714	OK	 
REQUEST		Get single record	1646909057154	1646909057274	OK	 
REQUEST		Sending new computer info	1646909057314	1646909057435	OK	 
REQUEST		Sending new computer info Redirect 1	1646909057436	1646909057565	OK	 
REQUEST		Opening new computers page	1646909057674	1646909057797	OK	 
USER	ComputerDB	START	1646909058229
REQUEST		Opening computers page	1646909058230	1646909058719	OK	 
REQUEST		Edit record	1646909058700	1646909058820	OK	 
USER	ComputerDB	END	1646909058823
REQUEST		Get single record	1646909058936	1646909059057	OK	 
USER	ComputerDB	START	1646909059234
REQUEST		Edit record	1646909059218	1646909059340	OK	 
USER	ComputerDB	END	1646909059341
REQUEST		Opening new computers page	1646909059546	1646909059667	OK	 
REQUEST		Opening computers page	1646909059235	1646909059717	OK	 
REQUEST		Opening new computers page	1646909059982	1646909060103	OK	 
USER	ComputerDB	START	1646909060232
REQUEST		Edit record	1646909060312	1646909060433	OK	 
USER	ComputerDB	END	1646909060434
REQUEST		Searching for new record	1646909060472	1646909060596	OK	 
REQUEST		Opening computers page	1646909060233	1646909060718	OK	 
REQUEST		Sending new computer info	1646909060644	1646909060766	OK	 
REQUEST		Sending new computer info Redirect 1	1646909060766	1646909060888	OK	 
USER	ComputerDB	START	1646909061229
REQUEST		Sending new computer info	1646909061459	1646909061580	OK	 
REQUEST		Sending new computer info Redirect 1	1646909061581	1646909061702	OK	 
REQUEST		Opening computers page	1646909061229	1646909061716	OK	 
REQUEST		Opening new computers page	1646909061645	1646909061767	OK	 
USER	ComputerDB	START	1646909062227
REQUEST		Sending new computer info	1646909062307	1646909062429	OK	 
REQUEST		Sending new computer info Redirect 1	1646909062429	1646909062551	OK	 
REQUEST		Opening computers page	1646909062228	1646909062711	OK	 
REQUEST		Searching for new record	1646909062633	1646909062755	OK	 
REQUEST		Opening new computers page	1646909062665	1646909062786	OK	 
REQUEST		Get single record	1646909062759	1646909062885	OK	 
USER	ComputerDB	START	1646909063227
REQUEST		Opening new computers page	1646909063449	1646909063588	OK	 
REQUEST		Opening computers page	1646909063227	1646909063712	OK	 
REQUEST		Opening new computers page	1646909063802	1646909063923	OK	 
REQUEST		Searching for new record	1646909063850	1646909063971	OK	 
REQUEST		Sending new computer info	1646909063930	1646909064051	OK	 
REQUEST		Edit record	1646909063978	1646909064099	OK	 
USER	ComputerDB	END	1646909064100
REQUEST		Sending new computer info Redirect 1	1646909064052	1646909064173	OK	 
USER	ComputerDB	START	1646909064227
REQUEST		Searching for new record	1646909064552	1646909064673	OK	 
REQUEST		Opening computers page	1646909064227	1646909064702	OK	 
REQUEST		Get single record	1646909064694	1646909064815	OK	 
USER	ComputerDB	START	1646909065225
REQUEST		Opening new computers page	1646909065147	1646909065271	OK	 
REQUEST		Sending new computer info	1646909065414	1646909065535	OK	 
REQUEST		Sending new computer info Redirect 1	1646909065536	1646909065674	OK	 
REQUEST		Opening computers page	1646909065225	1646909065716	OK	 
REQUEST		Sending new computer info	1646909065664	1646909065784	OK	 
REQUEST		Sending new computer info Redirect 1	1646909065785	1646909065905	OK	 
USER	ComputerDB	START	1646909066224
REQUEST		Sending new computer info	1646909066428	1646909066549	OK	 
REQUEST		Opening new computers page	1646909066443	1646909066562	OK	 
REQUEST		Searching for new record	1646909066443	1646909066564	OK	 
REQUEST		Get single record	1646909066458	1646909066579	OK	 
REQUEST		Sending new computer info Redirect 1	1646909066549	1646909066671	OK	 
REQUEST		Opening computers page	1646909066224	1646909066700	OK	 
USER	ComputerDB	START	1646909067232
REQUEST		Searching for new record	1646909067184	1646909067304	OK	 
REQUEST		Searching for new record	1646909067388	1646909067509	OK	 
REQUEST		Edit record	1646909067420	1646909067542	OK	 
USER	ComputerDB	END	1646909067543
REQUEST		Sending new computer info	1646909067560	1646909067679	OK	 
REQUEST		Opening computers page	1646909067232	1646909067728	OK	 
REQUEST		Get single record	1646909067639	1646909067761	OK	 
REQUEST		Sending new computer info Redirect 1	1646909067679	1646909067799	OK	 
REQUEST		Opening new computers page	1646909067766	1646909067887	OK	 
REQUEST		Edit record	1646909067861	1646909067982	OK	 
USER	ComputerDB	END	1646909067983
REQUEST		Get single record	1646909068208	1646909068329	OK	 
REQUEST		Sending new computer info	1646909068620	1646909068743	OK	 
REQUEST		Searching for new record	1646909068620	1646909068745	OK	 
REQUEST		Sending new computer info Redirect 1	1646909068743	1646909068864	OK	 
REQUEST		Opening new computers page	1646909068761	1646909068882	OK	 
REQUEST		Sending new computer info	1646909068918	1646909069039	OK	 
REQUEST		Get single record	1646909068949	1646909069069	OK	 
REQUEST		Sending new computer info Redirect 1	1646909069039	1646909069161	OK	 
REQUEST		Get single record	1646909069137	1646909069256	OK	 
REQUEST		Opening new computers page	1646909069387	1646909069508	OK	 
REQUEST		Edit record	1646909069481	1646909069604	OK	 
USER	ComputerDB	END	1646909069606
REQUEST		Searching for new record	1646909069633	1646909069754	OK	 
REQUEST		Edit record	1646909070131	1646909070253	OK	 
USER	ComputerDB	END	1646909070254
REQUEST		Edit record	1646909070896	1646909071017	OK	 
USER	ComputerDB	END	1646909071018
REQUEST		Searching for new record	1646909071036	1646909071157	OK	 
REQUEST		Sending new computer info	1646909071270	1646909071389	OK	 
REQUEST		Sending new computer info	1646909071365	1646909071485	OK	 
REQUEST		Sending new computer info Redirect 1	1646909071390	1646909071510	OK	 
REQUEST		Sending new computer info Redirect 1	1646909071486	1646909071608	OK	 
REQUEST		Get single record	1646909071490	1646909071609	OK	 
REQUEST		Searching for new record	1646909071708	1646909071828	OK	 
REQUEST		Get single record	1646909071739	1646909071860	OK	 
REQUEST		Edit record	1646909071850	1646909071971	OK	 
USER	ComputerDB	END	1646909071972
REQUEST		Get single record	1646909072253	1646909072374	OK	 
REQUEST		Searching for new record	1646909072835	1646909072954	OK	 
REQUEST		Get single record	1646909073576	1646909073696	OK	 
REQUEST		Edit record	1646909073687	1646909073808	OK	 
USER	ComputerDB	END	1646909073809
REQUEST		Edit record	1646909073877	1646909074001	OK	 
USER	ComputerDB	END	1646909074002
REQUEST		Edit record	1646909074476	1646909074597	OK	 
USER	ComputerDB	END	1646909074598
REQUEST		Searching for new record	1646909074507	1646909074629	OK	 
REQUEST		Get single record	1646909074849	1646909074970	OK	 
REQUEST		Get single record	1646909075703	1646909075825	OK	 
REQUEST		Edit record	1646909076175	1646909076296	OK	 
USER	ComputerDB	END	1646909076297
REQUEST		Edit record	1646909076427	1646909076547	OK	 
USER	ComputerDB	END	1646909076548
REQUEST		Edit record	1646909077859	1646909077979	OK	 
USER	ComputerDB	END	1646909077981
