RUN	demoPetClinic.RecordedSimulationByHAR	recordedsimulationbyhar	1645435722329	 	3.7.4
USER	RecordedSimulation2	START	1645435723264
REQUEST		Open Home Page	1645435723294	1645435723309	KO	j.n.ConnectException: Connection refused: no further information
USER	RecordedSimulation2	START	1645435723353
REQUEST		Open Home Page	1645435723353	1645435723356	KO	j.n.ConnectException: Connection refused: no further information
USER	RecordedSimulation2	START	1645435723448
REQUEST		Open Home Page	1645435723449	1645435723454	KO	j.n.ConnectException: Connection refused: no further information
USER	RecordedSimulation2	START	1645435723543
REQUEST		Open Home Page	1645435723544	1645435723548	KO	j.n.ConnectException: Connection refused: no further information
USER	RecordedSimulation2	START	1645435723639
REQUEST		Open Home Page	1645435723639	1645435723641	KO	j.n.ConnectException: Connection refused: no further information
USER	RecordedSimulation2	START	1645435723717
REQUEST		Open Home Page	1645435723718	1645435723720	KO	j.n.ConnectException: Connection refused: no further information
USER	RecordedSimulation2	START	1645435723810
REQUEST		Open Home Page	1645435723811	1645435723813	KO	j.n.ConnectException: Connection refused: no further information
USER	RecordedSimulation2	START	1645435723905
REQUEST		Open Home Page	1645435723905	1645435723907	KO	j.n.ConnectException: Connection refused: no further information
USER	RecordedSimulation2	START	1645435723998
REQUEST		Open Home Page	1645435723999	1645435724001	KO	j.n.ConnectException: Connection refused: no further information
USER	RecordedSimulation2	START	1645435724091
REQUEST		Open Home Page	1645435724092	1645435724093	KO	j.n.ConnectException: Connection refused: no further information
USER	RecordedSimulation2	START	1645435724186
REQUEST		Open Home Page	1645435724186	1645435724188	KO	j.n.ConnectException: Connection refused: no further information
USER	RecordedSimulation2	START	1645435724268
REQUEST		Open Home Page	1645435724268	1645435724270	KO	j.n.ConnectException: Connection refused: no further information
REQUEST		GET Find Owners Page	1645435724654	1645435724655	KO	j.n.ConnectException: Connection refused: no further information
REQUEST		GET Find Owners Page	1645435724748	1645435724749	KO	j.n.ConnectException: Connection refused: no further information
REQUEST		GET Find Owners Page	1645435725184	1645435725186	KO	j.n.ConnectException: Connection refused: no further information
USER	RecordedSimulation2	START	1645435725267
REQUEST		Open Home Page	1645435725267	1645435725269	KO	j.n.ConnectException: Connection refused: no further information
REQUEST		GET Find Owners Page	1645435725343	1645435725348	KO	j.n.ConnectException: Connection refused: no further information
REQUEST		GET Find Owners Page	1645435725450	1645435725452	KO	j.n.ConnectException: Connection refused: no further information
REQUEST		GET Add Owner	1645435725825	1645435725827	KO	j.n.ConnectException: Connection refused: no further information
REQUEST		GET Find Owners Page	1645435725871	1645435725872	KO	j.n.ConnectException: Connection refused: no further information
REQUEST		GET Find Owners Page	1645435725871	1645435725887	KO	j.n.ConnectException: Connection refused: no further information
REQUEST		GET Find Owners Page	1645435725886	1645435725887	KO	j.n.ConnectException: Connection refused: no further information
REQUEST		GET Find Owners By LastName	1645435725949	1645435725951	KO	j.n.ConnectException: Connection refused: no further information
USER	RecordedSimulation2	START	1645435726278
REQUEST		Open Home Page	1645435726279	1645435726282	KO	j.n.ConnectException: Connection refused: no further information
REQUEST		GET Find Owners Page	1645435726323	1645435726325	KO	j.n.ConnectException: Connection refused: no further information
REQUEST		GET Add Owner	1645435726371	1645435726373	KO	j.n.ConnectException: Connection refused: no further information
REQUEST		GET Find Owners Page	1645435726542	1645435726544	KO	j.n.ConnectException: Connection refused: no further information
REQUEST		GET Find Owners Page	1645435726620	1645435726621	KO	j.n.ConnectException: Connection refused: no further information
REQUEST		GET Find Owners Page	1645435726667	1645435726669	KO	j.n.ConnectException: Connection refused: no further information
REQUEST		GET Add Owner	1645435726901	1645435726903	KO	j.n.ConnectException: Connection refused: no further information
REQUEST		POST Add Owner	1645435727012	1645435727014	KO	j.n.ConnectException: Connection refused: no further information
REQUEST		GET Find Owners By LastName	1645435727134	1645435727136	KO	j.n.ConnectException: Connection refused: no further information
USER	RecordedSimulation2	START	1645435727275
REQUEST		Open Home Page	1645435727276	1645435727278	KO	j.n.ConnectException: Connection refused: no further information
REQUEST		Get Open Edit Owner Page	1645435727320	1645435727322	KO	j.n.ConnectException: Connection refused: no further information
REQUEST		GET Find Owners Page	1645435727335	1645435727337	KO	j.n.ConnectException: Connection refused: no further information
REQUEST		GET Add Owner	1645435727430	1645435727432	KO	j.n.ConnectException: Connection refused: no further information
REQUEST		GET Add Owner	1645435727445	1645435727447	KO	j.n.ConnectException: Connection refused: no further information
REQUEST		POST Add Owner	1645435727618	1645435727620	KO	j.n.ConnectException: Connection refused: no further information
REQUEST		GET Add Owner	1645435727855	1645435727857	KO	j.n.ConnectException: Connection refused: no further information
REQUEST		GET Find Owners Page	1645435728103	1645435728106	KO	j.n.ConnectException: Connection refused: no further information
REQUEST		GET Add Owner	1645435728197	1645435728198	KO	j.n.ConnectException: Connection refused: no further information
USER	RecordedSimulation2	START	1645435728247
REQUEST		Open Home Page	1645435728247	1645435728249	KO	j.n.ConnectException: Connection refused: no further information
REQUEST		GET Add Owner	1645435728257	1645435728259	KO	j.n.ConnectException: Connection refused: no further information
REQUEST		POST Add Owner	1645435728489	1645435728491	KO	j.n.ConnectException: Connection refused: no further information
REQUEST		POST Update Owner	1645435728988	1645435728990	KO	j.n.ConnectException: Connection refused: no further information
REQUEST		POST Add Owner	1645435729019	1645435729021	KO	j.n.ConnectException: Connection refused: no further information
REQUEST		POST Add Owner	1645435729097	1645435729098	KO	j.n.ConnectException: Connection refused: no further information
REQUEST		GET Add Owner	1645435729128	1645435729130	KO	j.n.ConnectException: Connection refused: no further information
REQUEST		GET Add Owner	1645435729128	1645435729130	KO	j.n.ConnectException: Connection refused: no further information
USER	RecordedSimulation2	START	1645435729270
REQUEST		Open Home Page	1645435729270	1645435729274	KO	j.n.ConnectException: Connection refused: no further information
REQUEST		GET Find Owners By LastName	1645435729317	1645435729318	KO	j.n.ConnectException: Connection refused: no further information
REQUEST		GET Find Owners Page	1645435729380	1645435729381	KO	j.n.ConnectException: Connection refused: no further information
REQUEST		Get Add Pet	1645435729457	1645435729459	KO	j.n.ConnectException: Connection refused: no further information
REQUEST		POST Add Owner	1645435729567	1645435729569	KO	j.n.ConnectException: Connection refused: no further information
REQUEST		Get Open Edit Owner Page	1645435729787	1645435729790	KO	j.n.ConnectException: Connection refused: no further information
REQUEST		Get Add Pet	1645435730084	1645435730086	KO	j.n.ConnectException: Connection refused: no further information
REQUEST		GET Add Owner	1645435730115	1645435730117	KO	j.n.ConnectException: Connection refused: no further information
USER	RecordedSimulation2	START	1645435730273
REQUEST		Open Home Page	1645435730273	1645435730276	KO	j.n.ConnectException: Connection refused: no further information
REQUEST		POST Add Owner	1645435730288	1645435730291	KO	j.n.ConnectException: Connection refused: no further information
REQUEST		POST Add Owner	1645435730334	1645435730336	KO	j.n.ConnectException: Connection refused: no further information
REQUEST		GET Find Owners Page	1645435730396	1645435730398	KO	j.n.ConnectException: Connection refused: no further information
REQUEST		GET Find Owners Page	1645435730534	1645435730537	KO	j.n.ConnectException: Connection refused: no further information
REQUEST		POST Add Owner	1645435730848	1645435730851	KO	j.n.ConnectException: Connection refused: no further information
REQUEST		POST Add Owner	1645435730911	1645435730914	KO	j.n.ConnectException: Connection refused: no further information
REQUEST		Get Open Edit Owner Page	1645435730989	1645435730991	KO	j.n.ConnectException: Connection refused: no further information
REQUEST		GET Vets List	1645435731193	1645435731195	KO	j.n.ConnectException: Connection refused: no further information
USER	RecordedSimulation2	START	1645435731257
REQUEST		Get Add Pet	1645435731256	1645435731258	KO	j.n.ConnectException: Connection refused: no further information
REQUEST		Open Home Page	1645435731258	1645435731260	KO	j.n.ConnectException: Connection refused: no further information
REQUEST		Get Add Pet	1645435731288	1645435731289	KO	j.n.ConnectException: Connection refused: no further information
REQUEST		Get Add Pet	1645435731382	1645435731384	KO	j.n.ConnectException: Connection refused: no further information
REQUEST		GET Find Owners Page	1645435731398	1645435731400	KO	j.n.ConnectException: Connection refused: no further information
REQUEST		POST Add Pet	1645435731525	1645435731528	KO	j.n.ConnectException: Connection refused: no further information
REQUEST		GET Add Owner	1645435731603	1645435731605	KO	j.n.ConnectException: Connection refused: no further information
REQUEST		Get Add Pet	1645435731761	1645435731763	KO	j.n.ConnectException: Connection refused: no further information
REQUEST		POST Add Pet	1645435731872	1645435731875	KO	j.n.ConnectException: Connection refused: no further information
REQUEST		Get Add Pet	1645435732204	1645435732206	KO	j.n.ConnectException: Connection refused: no further information
USER	RecordedSimulation2	START	1645435732267
REQUEST		Open Home Page	1645435732268	1645435732270	KO	j.n.ConnectException: Connection refused: no further information
REQUEST		POST Update Owner	1645435732330	1645435732331	KO	j.n.ConnectException: Connection refused: no further information
REQUEST		GET Find Owners Page	1645435732377	1645435732379	KO	j.n.ConnectException: Connection refused: no further information
REQUEST		GET Add Owner	1645435732409	1645435732411	KO	j.n.ConnectException: Connection refused: no further information
REQUEST		GET Find Owners By LastName	1645435732550	1645435732552	KO	j.n.ConnectException: Connection refused: no further information
REQUEST		POST Add Owner	1645435732581	1645435732583	KO	j.n.ConnectException: Connection refused: no further information
REQUEST		Get Add Pet	1645435732597	1645435732599	KO	j.n.ConnectException: Connection refused: no further information
REQUEST		POST Add Pet	1645435732597	1645435732599	KO	j.n.ConnectException: Connection refused: no further information
REQUEST		POST Update Owner	1645435732660	1645435732662	KO	j.n.ConnectException: Connection refused: no further information
REQUEST		POST Add Pet	1645435732896	1645435732899	KO	j.n.ConnectException: Connection refused: no further information
REQUEST		Get Add Pet	1645435732927	1645435732928	KO	j.n.ConnectException: Connection refused: no further information
REQUEST		Get Add Pet	1645435733052	1645435733054	KO	j.n.ConnectException: Connection refused: no further information
REQUEST		GET Find Owners By LastName	1645435733416	1645435733418	KO	j.n.ConnectException: Connection refused: no further information
REQUEST		POST Add Owner	1645435733511	1645435733513	KO	j.n.ConnectException: Connection refused: no further information
REQUEST		POST Add Owner	1645435733590	1645435733591	KO	j.n.ConnectException: Connection refused: no further information
REQUEST		GET Find Owners Page	1645435733621	1645435733622	KO	j.n.ConnectException: Connection refused: no further information
REQUEST		POST Add Pet	1645435733637	1645435733638	KO	j.n.ConnectException: Connection refused: no further information
REQUEST		Get Edit Pet Page	1645435733714	1645435733716	KO	j.n.ConnectException: Connection refused: no further information
REQUEST		Get Open Edit Owner Page	1645435733994	1645435733997	KO	j.n.ConnectException: Connection refused: no further information
REQUEST		Get Edit Pet Page	1645435734040	1645435734043	KO	j.n.ConnectException: Connection refused: no further information
REQUEST		POST Add Pet	1645435734057	1645435734059	KO	j.n.ConnectException: Connection refused: no further information
REQUEST		Get Add Pet	1645435734102	1645435734104	KO	j.n.ConnectException: Connection refused: no further information
REQUEST		Open Home Page	1645435734134	1645435734136	KO	j.n.ConnectException: Connection refused: no further information
REQUEST		Get Edit Pet Page	1645435734134	1645435734136	KO	j.n.ConnectException: Connection refused: no further information
REQUEST		POST Add Pet	1645435734257	1645435734260	KO	j.n.ConnectException: Connection refused: no further information
REQUEST		POST Add Pet	1645435734274	1645435734276	KO	j.n.ConnectException: Connection refused: no further information
REQUEST		Get Edit Pet Page	1645435734429	1645435734432	KO	j.n.ConnectException: Connection refused: no further information
REQUEST		GET Vets List	1645435734769	1645435734772	KO	j.n.ConnectException: Connection refused: no further information
REQUEST		POST Add Pet	1645435734828	1645435734830	KO	j.n.ConnectException: Connection refused: no further information
REQUEST		Get Open Edit Owner Page	1645435734999	1645435735001	KO	j.n.ConnectException: Connection refused: no further information
REQUEST		Get Edit Pet Page	1645435734982	1645435734984	KO	j.n.ConnectException: Connection refused: no further information
REQUEST		GET Add Owner	1645435735062	1645435735065	KO	j.n.ConnectException: Connection refused: no further information
REQUEST		GET Vets List	1645435735486	1645435735488	KO	j.n.ConnectException: Connection refused: no further information
REQUEST		request_122	1645435735564	1645435735567	KO	j.n.ConnectException: Connection refused: no further information
REQUEST		POST Add Pet	1645435735581	1645435735583	KO	j.n.ConnectException: Connection refused: no further information
REQUEST		POST Update Owner	1645435735669	1645435735671	KO	j.n.ConnectException: Connection refused: no further information
REQUEST		GET Add Owner	1645435735910	1645435735913	KO	j.n.ConnectException: Connection refused: no further information
REQUEST		Get Edit Pet Page	1645435736101	1645435736104	KO	j.n.ConnectException: Connection refused: no further information
REQUEST		request_122	1645435736117	1645435736120	KO	j.n.ConnectException: Connection refused: no further information
REQUEST		Get Edit Pet Page	1645435736292	1645435736295	KO	j.n.ConnectException: Connection refused: no further information
REQUEST		request_122	1645435736292	1645435736295	KO	j.n.ConnectException: Connection refused: no further information
REQUEST		Get Add Pet	1645435736292	1645435736295	KO	j.n.ConnectException: Connection refused: no further information
REQUEST		Get Add Pet	1645435736340	1645435736343	KO	j.n.ConnectException: Connection refused: no further information
REQUEST		Get Edit Pet Page	1645435736636	1645435736640	KO	j.n.ConnectException: Connection refused: no further information
REQUEST		POST Add Pet	1645435736652	1645435736655	KO	j.n.ConnectException: Connection refused: no further information
REQUEST		GET Find Owners Page	1645435736667	1645435736670	KO	j.n.ConnectException: Connection refused: no further information
REQUEST		POST Add Owner	1645435736816	1645435736819	KO	j.n.ConnectException: Connection refused: no further information
REQUEST		Get Edit Pet Page	1645435736909	1645435736912	KO	j.n.ConnectException: Connection refused: no further information
REQUEST		request_122	1645435736981	1645435737002	KO	j.n.ConnectException: Connection refused: no further information
REQUEST		Get Edit Pet Page	1645435737029	1645435737031	KO	j.n.ConnectException: Connection refused: no further information
REQUEST		request_137	1645435737137	1645435737140	KO	j.n.ConnectException: Connection refused: no further information
REQUEST		Open Home Page	1645435737170	1645435737173	KO	j.n.ConnectException: Connection refused: no further information
REQUEST		GET Vets List	1645435737420	1645435737424	KO	j.n.ConnectException: Connection refused: no further information
REQUEST		POST Update Owner	1645435737467	1645435737469	KO	j.n.ConnectException: Connection refused: no further information
REQUEST		Open Home Page	1645435737640	1645435737643	KO	j.n.ConnectException: Connection refused: no further information
REQUEST		request_122	1645435737859	1645435737862	KO	j.n.ConnectException: Connection refused: no further information
REQUEST		request_137	1645435738113	1645435738116	KO	j.n.ConnectException: Connection refused: no further information
REQUEST		request_122	1645435738145	1645435738148	KO	j.n.ConnectException: Connection refused: no further information
REQUEST		POST Add Owner	1645435738208	1645435738210	KO	j.n.ConnectException: Connection refused: no further information
REQUEST		request_137	1645435738268	1645435738270	KO	j.n.ConnectException: Connection refused: no further information
REQUEST		request_122	1645435738346	1645435738348	KO	j.n.ConnectException: Connection refused: no further information
REQUEST		POST Add Pet	1645435738410	1645435738413	KO	j.n.ConnectException: Connection refused: no further information
REQUEST		Get Add Pet	1645435738548	1645435738550	KO	j.n.ConnectException: Connection refused: no further information
REQUEST		request_122	1645435738802	1645435738804	KO	j.n.ConnectException: Connection refused: no further information
REQUEST		request_122	1645435738802	1645435738804	KO	j.n.ConnectException: Connection refused: no further information
REQUEST		request_122	1645435738833	1645435738835	KO	j.n.ConnectException: Connection refused: no further information
REQUEST		Get Edit Pet Page	1645435738848	1645435738850	KO	j.n.ConnectException: Connection refused: no further information
REQUEST		GET Add Owner	1645435738863	1645435738866	KO	j.n.ConnectException: Connection refused: no further information
REQUEST		request_152	1645435739082	1645435739085	KO	j.n.ConnectException: Connection refused: no further information
REQUEST		request_137	1645435739316	1645435739319	KO	j.n.ConnectException: Connection refused: no further information
REQUEST		POST Add Pet	1645435739316	1645435739319	KO	j.n.ConnectException: Connection refused: no further information
REQUEST		Get Add Pet	1645435739393	1645435739397	KO	j.n.ConnectException: Connection refused: no further information
REQUEST		request_137	1645435739394	1645435739397	KO	j.n.ConnectException: Connection refused: no further information
REQUEST		GET Vets List	1645435739440	1645435739442	KO	j.n.ConnectException: Connection refused: no further information
REQUEST		request_137	1645435739518	1645435739520	KO	j.n.ConnectException: Connection refused: no further information
REQUEST		GET Find Owners Page	1645435739924	1645435739927	KO	j.n.ConnectException: Connection refused: no further information
REQUEST		request_137	1645435739924	1645435739927	KO	j.n.ConnectException: Connection refused: no further information
REQUEST		request_137	1645435740032	1645435740035	KO	j.n.ConnectException: Connection refused: no further information
REQUEST		request_122	1645435740095	1645435740096	KO	j.n.ConnectException: Connection refused: no further information
REQUEST		Open Home Page	1645435740252	1645435740254	KO	j.n.ConnectException: Connection refused: no further information
REQUEST		GET Find Owners Page	1645435740252	1645435740254	KO	j.n.ConnectException: Connection refused: no further information
REQUEST		POST Add Pet	1645435740362	1645435740364	KO	j.n.ConnectException: Connection refused: no further information
REQUEST		request_152	1645435740362	1645435740364	KO	j.n.ConnectException: Connection refused: no further information
REQUEST		Get Edit Pet Page	1645435740520	1645435740521	KO	j.n.ConnectException: Connection refused: no further information
REQUEST		Open Home Page	1645435740659	1645435740661	KO	j.n.ConnectException: Connection refused: no further information
REQUEST		request_137	1645435740705	1645435740707	KO	j.n.ConnectException: Connection refused: no further information
REQUEST		request_152	1645435740737	1645435740739	KO	j.n.ConnectException: Connection refused: no further information
REQUEST		request_152	1645435740847	1645435740849	KO	j.n.ConnectException: Connection refused: no further information
REQUEST		request_152	1645435740940	1645435740943	KO	j.n.ConnectException: Connection refused: no further information
REQUEST		POST Add Owner	1645435740940	1645435740943	KO	j.n.ConnectException: Connection refused: no further information
REQUEST		request_137	1645435741113	1645435741115	KO	j.n.ConnectException: Connection refused: no further information
REQUEST		GET Add Owner	1645435741129	1645435741130	KO	j.n.ConnectException: Connection refused: no further information
REQUEST		request_152	1645435741394	1645435741396	KO	j.n.ConnectException: Connection refused: no further information
REQUEST		request_152	1645435741442	1645435741444	KO	j.n.ConnectException: Connection refused: no further information
REQUEST		request_137	1645435741581	1645435741582	KO	j.n.ConnectException: Connection refused: no further information
REQUEST		Get Edit Pet Page	1645435741596	1645435741597	KO	j.n.ConnectException: Connection refused: no further information
REQUEST		GET Find Owners Page	1645435741687	1645435741689	KO	j.n.ConnectException: Connection refused: no further information
REQUEST		Get Edit Pet Page	1645435741718	1645435741720	KO	j.n.ConnectException: Connection refused: no further information
REQUEST		request_152	1645435741829	1645435741831	KO	j.n.ConnectException: Connection refused: no further information
REQUEST		POST Add Pet	1645435742033	1645435742036	KO	j.n.ConnectException: Connection refused: no further information
REQUEST		Open Home Page	1645435742049	1645435742051	KO	j.n.ConnectException: Connection refused: no further information
REQUEST		Open Home Page	1645435742315	1645435742317	KO	j.n.ConnectException: Connection refused: no further information
REQUEST		POST Add Owner	1645435742394	1645435742396	KO	j.n.ConnectException: Connection refused: no further information
REQUEST		GET Find Owners Page	1645435742472	1645435742474	KO	j.n.ConnectException: Connection refused: no further information
REQUEST		Get Add Pet	1645435742535	1645435742537	KO	j.n.ConnectException: Connection refused: no further information
REQUEST		GET Add Owner	1645435742565	1645435742567	KO	j.n.ConnectException: Connection refused: no further information
REQUEST		Open Home Page	1645435742785	1645435742787	KO	j.n.ConnectException: Connection refused: no further information
REQUEST		Open Home Page	1645435742848	1645435742850	KO	j.n.ConnectException: Connection refused: no further information
REQUEST		request_122	1645435742941	1645435742943	KO	j.n.ConnectException: Connection refused: no further information
REQUEST		Open Home Page	1645435743034	1645435743036	KO	j.n.ConnectException: Connection refused: no further information
REQUEST		Open Home Page	1645435743191	1645435743193	KO	j.n.ConnectException: Connection refused: no further information
REQUEST		request_122	1645435743191	1645435743193	KO	j.n.ConnectException: Connection refused: no further information
REQUEST		request_152	1645435743253	1645435743255	KO	j.n.ConnectException: Connection refused: no further information
REQUEST		request_152	1645435743253	1645435743255	KO	j.n.ConnectException: Connection refused: no further information
REQUEST		request_152	1645435743425	1645435743427	KO	j.n.ConnectException: Connection refused: no further information
REQUEST		Open Home Page	1645435743441	1645435743442	KO	j.n.ConnectException: Connection refused: no further information
REQUEST		GET Add Owner	1645435743565	1645435743567	KO	j.n.ConnectException: Connection refused: no further information
REQUEST		Open Home Page	1645435743612	1645435743614	KO	j.n.ConnectException: Connection refused: no further information
REQUEST		request_122	1645435743846	1645435743848	KO	j.n.ConnectException: Connection refused: no further information
REQUEST		Get Add Pet	1645435743876	1645435743879	KO	j.n.ConnectException: Connection refused: no further information
REQUEST		POST Add Pet	1645435744125	1645435744127	KO	j.n.ConnectException: Connection refused: no further information
REQUEST		POST Add Owner	1645435744315	1645435744316	KO	j.n.ConnectException: Connection refused: no further information
REQUEST		GET Find Owners Page	1645435744330	1645435744332	KO	j.n.ConnectException: Connection refused: no further information
REQUEST		Open Home Page	1645435744612	1645435744613	KO	j.n.ConnectException: Connection refused: no further information
REQUEST		Get Edit Pet Page	1645435744627	1645435744628	KO	j.n.ConnectException: Connection refused: no further information
REQUEST		GET Find Owners Page	1645435744658	1645435744659	KO	j.n.ConnectException: Connection refused: no further information
REQUEST		Open Home Page	1645435744705	1645435744706	KO	j.n.ConnectException: Connection refused: no further information
REQUEST		GET Find Owners Page	1645435744705	1645435744706	KO	j.n.ConnectException: Connection refused: no further information
REQUEST		request_137	1645435744735	1645435744737	KO	j.n.ConnectException: Connection refused: no further information
REQUEST		GET Add Owner	1645435744860	1645435744862	KO	j.n.ConnectException: Connection refused: no further information
REQUEST		POST Add Pet	1645435745140	1645435745142	KO	j.n.ConnectException: Connection refused: no further information
REQUEST		GET Find Owners Page	1645435745156	1645435745158	KO	j.n.ConnectException: Connection refused: no further information
REQUEST		GET Find Owners Page	1645435745203	1645435745205	KO	j.n.ConnectException: Connection refused: no further information
REQUEST		GET Find Owners Page	1645435745235	1645435745236	KO	j.n.ConnectException: Connection refused: no further information
REQUEST		request_137	1645435745360	1645435745362	KO	j.n.ConnectException: Connection refused: no further information
REQUEST		GET Add Owner	1645435745424	1645435745426	KO	j.n.ConnectException: Connection refused: no further information
REQUEST		GET Find Owners Page	1645435745424	1645435745425	KO	j.n.ConnectException: Connection refused: no further information
REQUEST		Open Home Page	1645435745549	1645435745550	KO	j.n.ConnectException: Connection refused: no further information
REQUEST		POST Add Owner	1645435745595	1645435745597	KO	j.n.ConnectException: Connection refused: no further information
REQUEST		GET Find Owners By LastName	1645435745719	1645435745724	KO	j.n.ConnectException: Connection refused: no further information
REQUEST		GET Find Owners By LastName	1645435745891	1645435745893	KO	j.n.ConnectException: Connection refused: no further information
REQUEST		request_137	1645435745923	1645435745924	KO	j.n.ConnectException: Connection refused: no further information
REQUEST		GET Find Owners Page	1645435746079	1645435746081	KO	j.n.ConnectException: Connection refused: no further information
REQUEST		GET Find Owners Page	1645435746311	1645435746313	KO	j.n.ConnectException: Connection refused: no further information
REQUEST		Get Edit Pet Page	1645435746326	1645435746328	KO	j.n.ConnectException: Connection refused: no further information
REQUEST		request_152	1645435746389	1645435746391	KO	j.n.ConnectException: Connection refused: no further information
REQUEST		Get Edit Pet Page	1645435746405	1645435746422	KO	j.n.ConnectException: Connection refused: no further information
REQUEST		POST Add Owner	1645435746564	1645435746566	KO	j.n.ConnectException: Connection refused: no further information
REQUEST		GET Add Owner	1645435746564	1645435746566	KO	j.n.ConnectException: Connection refused: no further information
REQUEST		Get Add Pet	1645435746595	1645435746597	KO	j.n.ConnectException: Connection refused: no further information
REQUEST		request_122	1645435746687	1645435746689	KO	j.n.ConnectException: Connection refused: no further information
REQUEST		GET Find Owners By LastName	1645435746687	1645435746689	KO	j.n.ConnectException: Connection refused: no further information
REQUEST		GET Add Owner	1645435746750	1645435746751	KO	j.n.ConnectException: Connection refused: no further information
REQUEST		POST Add Owner	1645435747003	1645435747005	KO	j.n.ConnectException: Connection refused: no further information
REQUEST		GET Find Owners Page	1645435747126	1645435747127	KO	j.n.ConnectException: Connection refused: no further information
REQUEST		Get Open Edit Owner Page	1645435747344	1645435747346	KO	j.n.ConnectException: Connection refused: no further information
REQUEST		Get Add Pet	1645435747391	1645435747392	KO	j.n.ConnectException: Connection refused: no further information
REQUEST		GET Add Owner	1645435747578	1645435747580	KO	j.n.ConnectException: Connection refused: no further information
REQUEST		GET Find Owners Page	1645435747702	1645435747703	KO	j.n.ConnectException: Connection refused: no further information
REQUEST		request_152	1645435747734	1645435747735	KO	j.n.ConnectException: Connection refused: no further information
REQUEST		request_122	1645435748140	1645435748142	KO	j.n.ConnectException: Connection refused: no further information
REQUEST		GET Add Owner	1645435748155	1645435748157	KO	j.n.ConnectException: Connection refused: no further information
REQUEST		GET Find Owners By LastName	1645435748170	1645435748172	KO	j.n.ConnectException: Connection refused: no further information
REQUEST		Get Open Edit Owner Page	1645435748358	1645435748360	KO	j.n.ConnectException: Connection refused: no further information
REQUEST		GET Find Owners By LastName	1645435748469	1645435748471	KO	j.n.ConnectException: Connection refused: no further information
REQUEST		request_137	1645435748514	1645435748517	KO	j.n.ConnectException: Connection refused: no further information
REQUEST		Get Add Pet	1645435748514	1645435748517	KO	j.n.ConnectException: Connection refused: no further information
REQUEST		Open Home Page	1645435748809	1645435748828	KO	j.n.ConnectException: Connection refused: no further information
REQUEST		request_152	1645435748856	1645435748858	KO	j.n.ConnectException: Connection refused: no further information
REQUEST		POST Add Pet	1645435748903	1645435748905	KO	j.n.ConnectException: Connection refused: no further information
REQUEST		POST Add Owner	1645435748998	1645435748999	KO	j.n.ConnectException: Connection refused: no further information
REQUEST		POST Add Owner	1645435749075	1645435749077	KO	j.n.ConnectException: Connection refused: no further information
REQUEST		POST Add Owner	1645435749153	1645435749154	KO	j.n.ConnectException: Connection refused: no further information
REQUEST		Get Add Pet	1645435749169	1645435749170	KO	j.n.ConnectException: Connection refused: no further information
REQUEST		POST Update Owner	1645435749231	1645435749248	KO	j.n.ConnectException: Connection refused: no further information
REQUEST		request_122	1645435749247	1645435749249	KO	j.n.ConnectException: Connection refused: no further information
REQUEST		Open Home Page	1645435749278	1645435749279	KO	j.n.ConnectException: Connection refused: no further information
REQUEST		request_137	1645435749495	1645435749497	KO	j.n.ConnectException: Connection refused: no further information
REQUEST		Get Open Edit Owner Page	1645435749495	1645435749497	KO	j.n.ConnectException: Connection refused: no further information
REQUEST		POST Add Owner	1645435749525	1645435749527	KO	j.n.ConnectException: Connection refused: no further information
REQUEST		POST Update Owner	1645435750008	1645435750009	KO	j.n.ConnectException: Connection refused: no further information
REQUEST		POST Add Pet	1645435750211	1645435750213	KO	j.n.ConnectException: Connection refused: no further information
REQUEST		GET Find Owners By LastName	1645435750243	1645435750245	KO	j.n.ConnectException: Connection refused: no further information
REQUEST		POST Add Pet	1645435750335	1645435750337	KO	j.n.ConnectException: Connection refused: no further information
REQUEST		Get Edit Pet Page	1645435750366	1645435750367	KO	j.n.ConnectException: Connection refused: no further information
REQUEST		POST Add Pet	1645435750366	1645435750367	KO	j.n.ConnectException: Connection refused: no further information
REQUEST		Get Add Pet	1645435750632	1645435750634	KO	j.n.ConnectException: Connection refused: no further information
REQUEST		GET Vets List	1645435750632	1645435750634	KO	j.n.ConnectException: Connection refused: no further information
REQUEST		Get Open Edit Owner Page	1645435750663	1645435750664	KO	j.n.ConnectException: Connection refused: no further information
REQUEST		GET Find Owners Page	1645435750741	1645435750757	KO	j.n.ConnectException: Connection refused: no further information
REQUEST		Get Add Pet	1645435750898	1645435750900	KO	j.n.ConnectException: Connection refused: no further information
REQUEST		Get Add Pet	1645435750914	1645435750916	KO	j.n.ConnectException: Connection refused: no further information
REQUEST		request_152	1645435751021	1645435751023	KO	j.n.ConnectException: Connection refused: no further information
REQUEST		request_152	1645435751145	1645435751147	KO	j.n.ConnectException: Connection refused: no further information
REQUEST		Get Open Edit Owner Page	1645435751363	1645435751365	KO	j.n.ConnectException: Connection refused: no further information
REQUEST		Get Edit Pet Page	1645435751472	1645435751473	KO	j.n.ConnectException: Connection refused: no further information
REQUEST		request_122	1645435751630	1645435751633	KO	j.n.ConnectException: Connection refused: no further information
REQUEST		GET Find Owners Page	1645435751662	1645435751664	KO	j.n.ConnectException: Connection refused: no further information
REQUEST		Get Edit Pet Page	1645435751662	1645435751664	KO	j.n.ConnectException: Connection refused: no further information
REQUEST		Get Open Edit Owner Page	1645435751678	1645435751680	KO	j.n.ConnectException: Connection refused: no further information
REQUEST		POST Update Owner	1645435751694	1645435751695	KO	j.n.ConnectException: Connection refused: no further information
REQUEST		request_137	1645435751756	1645435751757	KO	j.n.ConnectException: Connection refused: no further information
REQUEST		Get Add Pet	1645435751819	1645435751820	KO	j.n.ConnectException: Connection refused: no further information
REQUEST		Open Home Page	1645435751819	1645435751835	KO	j.n.ConnectException: Connection refused: no further information
REQUEST		POST Add Pet	1645435752116	1645435752117	KO	j.n.ConnectException: Connection refused: no further information
REQUEST		GET Vets List	1645435752523	1645435752524	KO	j.n.ConnectException: Connection refused: no further information
REQUEST		Open Home Page	1645435752599	1645435752601	KO	j.n.ConnectException: Connection refused: no further information
REQUEST		POST Add Pet	1645435752615	1645435752616	KO	j.n.ConnectException: Connection refused: no further information
REQUEST		POST Add Pet	1645435752615	1645435752631	KO	j.n.ConnectException: Connection refused: no further information
REQUEST		GET Add Owner	1645435752725	1645435752726	KO	j.n.ConnectException: Connection refused: no further information
REQUEST		GET Add Owner	1645435752771	1645435752772	KO	j.n.ConnectException: Connection refused: no further information
REQUEST		Get Edit Pet Page	1645435753300	1645435753302	KO	j.n.ConnectException: Connection refused: no further information
REQUEST		request_122	1645435753315	1645435753317	KO	j.n.ConnectException: Connection refused: no further information
REQUEST		Open Home Page	1645435753442	1645435753446	KO	j.n.ConnectException: Connection refused: no further information
REQUEST		Open Home Page	1645435753442	1645435753446	KO	j.n.ConnectException: Connection refused: no further information
REQUEST		POST Update Owner	1645435753489	1645435753491	KO	j.n.ConnectException: Connection refused: no further information
REQUEST		Get Edit Pet Page	1645435753521	1645435753522	KO	j.n.ConnectException: Connection refused: no further information
REQUEST		request_137	1645435753583	1645435753584	KO	j.n.ConnectException: Connection refused: no further information
REQUEST		Get Edit Pet Page	1645435753661	1645435753663	KO	j.n.ConnectException: Connection refused: no further information
REQUEST		POST Add Owner	1645435753803	1645435753804	KO	j.n.ConnectException: Connection refused: no further information
REQUEST		request_152	1645435753992	1645435753994	KO	j.n.ConnectException: Connection refused: no further information
REQUEST		POST Add Owner	1645435754101	1645435754102	KO	j.n.ConnectException: Connection refused: no further information
REQUEST		GET Vets List	1645435754132	1645435754133	KO	j.n.ConnectException: Connection refused: no further information
REQUEST		POST Add Pet	1645435754257	1645435754274	KO	j.n.ConnectException: Connection refused: no further information
REQUEST		POST Update Owner	1645435754335	1645435754336	KO	j.n.ConnectException: Connection refused: no further information
REQUEST		request_122	1645435754446	1645435754460	KO	j.n.ConnectException: Connection refused: no further information
REQUEST		POST Update Owner	1645435754446	1645435754461	KO	j.n.ConnectException: Connection refused: no further information
REQUEST		GET Find Owners Page	1645435754648	1645435754650	KO	j.n.ConnectException: Connection refused: no further information
REQUEST		GET Find Owners Page	1645435754994	1645435754995	KO	j.n.ConnectException: Connection refused: no further information
REQUEST		Open Home Page	1645435755056	1645435755072	KO	j.n.ConnectException: Connection refused: no further information
REQUEST		Open Home Page	1645435755149	1645435755150	KO	j.n.ConnectException: Connection refused: no further information
REQUEST		Get Edit Pet Page	1645435755165	1645435755166	KO	j.n.ConnectException: Connection refused: no further information
REQUEST		request_137	1645435755212	1645435755213	KO	j.n.ConnectException: Connection refused: no further information
REQUEST		request_122	1645435755243	1645435755245	KO	j.n.ConnectException: Connection refused: no further information
REQUEST		GET Find Owners Page	1645435755259	1645435755261	KO	j.n.ConnectException: Connection refused: no further information
REQUEST		Get Add Pet	1645435755306	1645435755307	KO	j.n.ConnectException: Connection refused: no further information
REQUEST		GET Vets List	1645435755338	1645435755355	KO	j.n.ConnectException: Connection refused: no further information
REQUEST		request_137	1645435755481	1645435755483	KO	j.n.ConnectException: Connection refused: no further information
REQUEST		GET Vets List	1645435755590	1645435755606	KO	j.n.ConnectException: Connection refused: no further information
REQUEST		request_122	1645435755699	1645435755701	KO	j.n.ConnectException: Connection refused: no further information
REQUEST		GET Find Owners Page	1645435755747	1645435755748	KO	j.n.ConnectException: Connection refused: no further information
REQUEST		request_122	1645435755903	1645435755905	KO	j.n.ConnectException: Connection refused: no further information
REQUEST		Get Add Pet	1645435755950	1645435755951	KO	j.n.ConnectException: Connection refused: no further information
REQUEST		Get Edit Pet Page	1645435756121	1645435756137	KO	j.n.ConnectException: Connection refused: no further information
REQUEST		Open Home Page	1645435756137	1645435756138	KO	j.n.ConnectException: Connection refused: no further information
REQUEST		GET Find Owners By LastName	1645435756307	1645435756308	KO	j.n.ConnectException: Connection refused: no further information
REQUEST		Open Home Page	1645435756478	1645435756494	KO	j.n.ConnectException: Connection refused: no further information
REQUEST		request_152	1645435756571	1645435756573	KO	j.n.ConnectException: Connection refused: no further information
REQUEST		GET Find Owners Page	1645435756571	1645435756587	KO	j.n.ConnectException: Connection refused: no further information
REQUEST		GET Add Owner	1645435756774	1645435756777	KO	j.n.ConnectException: Connection refused: no further information
REQUEST		GET Vets List	1645435757057	1645435757059	KO	j.n.ConnectException: Connection refused: no further information
REQUEST		GET Add Owner	1645435757104	1645435757105	KO	j.n.ConnectException: Connection refused: no further information
REQUEST		request_137	1645435757261	1645435757277	KO	j.n.ConnectException: Connection refused: no further information
REQUEST		request_122	1645435757323	1645435757325	KO	j.n.ConnectException: Connection refused: no further information
REQUEST		request_152	1645435757527	1645435757529	KO	j.n.ConnectException: Connection refused: no further information
REQUEST		POST Add Pet	1645435757559	1645435757574	KO	j.n.ConnectException: Connection refused: no further information
REQUEST		request_137	1645435757605	1645435757622	KO	j.n.ConnectException: Connection refused: no further information
REQUEST		GET Find Owners Page	1645435757730	1645435757732	KO	j.n.ConnectException: Connection refused: no further information
REQUEST		GET Find Owners Page	1645435757761	1645435757763	KO	j.n.ConnectException: Connection refused: no further information
REQUEST		GET Add Owner	1645435757997	1645435757998	KO	j.n.ConnectException: Connection refused: no further information
REQUEST		Get Open Edit Owner Page	1645435758076	1645435758078	KO	j.n.ConnectException: Connection refused: no further information
REQUEST		request_152	1645435758233	1645435758234	KO	j.n.ConnectException: Connection refused: no further information
REQUEST		POST Add Pet	1645435758326	1645435758342	KO	j.n.ConnectException: Connection refused: no further information
REQUEST		request_122	1645435758326	1645435758343	KO	j.n.ConnectException: Connection refused: no further information
REQUEST		Open Home Page	1645435758374	1645435758375	KO	j.n.ConnectException: Connection refused: no further information
REQUEST		Open Home Page	1645435758453	1645435758454	KO	j.n.ConnectException: Connection refused: no further information
REQUEST		GET Add Owner	1645435758453	1645435758454	KO	j.n.ConnectException: Connection refused: no further information
REQUEST		request_137	1645435758578	1645435758594	KO	j.n.ConnectException: Connection refused: no further information
REQUEST		POST Add Owner	1645435758593	1645435758594	KO	j.n.ConnectException: Connection refused: no further information
REQUEST		Open Home Page	1645435758720	1645435758721	KO	j.n.ConnectException: Connection refused: no further information
REQUEST		POST Add Owner	1645435758846	1645435758847	KO	j.n.ConnectException: Connection refused: no further information
REQUEST		request_152	1645435758895	1645435758899	KO	j.n.ConnectException: Connection refused: no further information
REQUEST		request_137	1645435759052	1645435759053	KO	j.n.ConnectException: Connection refused: no further information
REQUEST		GET Add Owner	1645435759114	1645435759115	KO	j.n.ConnectException: Connection refused: no further information
REQUEST		GET Find Owners Page	1645435759161	1645435759162	KO	j.n.ConnectException: Connection refused: no further information
REQUEST		Get Edit Pet Page	1645435759161	1645435759162	KO	j.n.ConnectException: Connection refused: no further information
REQUEST		POST Add Owner	1645435759193	1645435759194	KO	j.n.ConnectException: Connection refused: no further information
REQUEST		request_152	1645435759473	1645435759476	KO	j.n.ConnectException: Connection refused: no further information
REQUEST		request_137	1645435759488	1645435759489	KO	j.n.ConnectException: Connection refused: no further information
REQUEST		POST Update Owner	1645435759736	1645435759738	KO	j.n.ConnectException: Connection refused: no further information
REQUEST		Open Home Page	1645435760128	1645435760129	KO	j.n.ConnectException: Connection refused: no further information
REQUEST		Get Edit Pet Page	1645435760175	1645435760176	KO	j.n.ConnectException: Connection refused: no further information
REQUEST		GET Add Owner	1645435760254	1645435760255	KO	j.n.ConnectException: Connection refused: no further information
REQUEST		POST Add Owner	1645435760346	1645435760347	KO	j.n.ConnectException: Connection refused: no further information
REQUEST		Get Add Pet	1645435760532	1645435760549	KO	j.n.ConnectException: Connection refused: no further information
REQUEST		GET Find Owners Page	1645435760611	1645435760612	KO	j.n.ConnectException: Connection refused: no further information
REQUEST		request_152	1645435760643	1645435760644	KO	j.n.ConnectException: Connection refused: no further information
REQUEST		Open Home Page	1645435760768	1645435760769	KO	j.n.ConnectException: Connection refused: no further information
REQUEST		Get Add Pet	1645435760971	1645435760972	KO	j.n.ConnectException: Connection refused: no further information
REQUEST		GET Find Owners Page	1645435760986	1645435760987	KO	j.n.ConnectException: Connection refused: no further information
REQUEST		Open Home Page	1645435761065	1645435761066	KO	j.n.ConnectException: Connection refused: no further information
REQUEST		Open Home Page	1645435761080	1645435761081	KO	j.n.ConnectException: Connection refused: no further information
REQUEST		GET Find Owners Page	1645435761127	1645435761144	KO	j.n.ConnectException: Connection refused: no further information
REQUEST		request_152	1645435761375	1645435761380	KO	j.n.ConnectException: Connection refused: no further information
REQUEST		GET Add Owner	1645435761375	1645435761380	KO	j.n.ConnectException: Connection refused: no further information
REQUEST		POST Add Owner	1645435761406	1645435761422	KO	j.n.ConnectException: Connection refused: no further information
REQUEST		Get Add Pet	1645435761500	1645435761516	KO	j.n.ConnectException: Connection refused: no further information
REQUEST		request_152	1645435761562	1645435761578	KO	j.n.ConnectException: Connection refused: no further information
REQUEST		request_122	1645435761857	1645435761859	KO	j.n.ConnectException: Connection refused: no further information
REQUEST		GET Find Owners Page	1645435761952	1645435761953	KO	j.n.ConnectException: Connection refused: no further information
REQUEST		GET Find Owners Page	1645435762168	1645435762171	KO	j.n.ConnectException: Connection refused: no further information
REQUEST		GET Vets List	1645435762184	1645435762186	KO	j.n.ConnectException: Connection refused: no further information
REQUEST		Open Home Page	1645435762230	1645435762232	KO	j.n.ConnectException: Connection refused: no further information
REQUEST		GET Add Owner	1645435762294	1645435762295	KO	j.n.ConnectException: Connection refused: no further information
REQUEST		Get Add Pet	1645435762294	1645435762295	KO	j.n.ConnectException: Connection refused: no further information
REQUEST		POST Add Owner	1645435762386	1645435762401	KO	j.n.ConnectException: Connection refused: no further information
REQUEST		GET Add Owner	1645435762635	1645435762637	KO	j.n.ConnectException: Connection refused: no further information
REQUEST		POST Add Pet	1645435762746	1645435762747	KO	j.n.ConnectException: Connection refused: no further information
REQUEST		POST Add Owner	1645435762777	1645435762778	KO	j.n.ConnectException: Connection refused: no further information
REQUEST		GET Add Owner	1645435762855	1645435762856	KO	j.n.ConnectException: Connection refused: no further information
REQUEST		POST Add Pet	1645435762932	1645435762933	KO	j.n.ConnectException: Connection refused: no further information
REQUEST		Get Add Pet	1645435762947	1645435762948	KO	j.n.ConnectException: Connection refused: no further information
REQUEST		request_137	1645435762994	1645435762995	KO	j.n.ConnectException: Connection refused: no further information
REQUEST		GET Find Owners Page	1645435763057	1645435763059	KO	j.n.ConnectException: Connection refused: no further information
REQUEST		request_122	1645435763088	1645435763089	KO	j.n.ConnectException: Connection refused: no further information
REQUEST		Open Home Page	1645435763323	1645435763325	KO	j.n.ConnectException: Connection refused: no further information
REQUEST		Open Home Page	1645435763402	1645435763418	KO	j.n.ConnectException: Connection refused: no further information
REQUEST		GET Add Owner	1645435763480	1645435763481	KO	j.n.ConnectException: Connection refused: no further information
REQUEST		POST Add Owner	1645435763822	1645435763823	KO	j.n.ConnectException: Connection refused: no further information
REQUEST		POST Add Pet	1645435763854	1645435763855	KO	j.n.ConnectException: Connection refused: no further information
REQUEST		GET Find Owners Page	1645435763870	1645435763871	KO	j.n.ConnectException: Connection refused: no further information
REQUEST		POST Add Pet	1645435763885	1645435763886	KO	j.n.ConnectException: Connection refused: no further information
REQUEST		GET Add Owner	1645435763915	1645435763916	KO	j.n.ConnectException: Connection refused: no further information
REQUEST		POST Add Owner	1645435763961	1645435763962	KO	j.n.ConnectException: Connection refused: no further information
REQUEST		Get Add Pet	1645435764008	1645435764024	KO	j.n.ConnectException: Connection refused: no further information
REQUEST		request_152	1645435764211	1645435764212	KO	j.n.ConnectException: Connection refused: no further information
REQUEST		request_137	1645435764430	1645435764433	KO	j.n.ConnectException: Connection refused: no further information
REQUEST		Get Edit Pet Page	1645435764476	1645435764479	KO	j.n.ConnectException: Connection refused: no further information
REQUEST		POST Add Owner	1645435764476	1645435764479	KO	j.n.ConnectException: Connection refused: no further information
REQUEST		Open Home Page	1645435764695	1645435764696	KO	j.n.ConnectException: Connection refused: no further information
REQUEST		Get Edit Pet Page	1645435764726	1645435764728	KO	j.n.ConnectException: Connection refused: no further information
REQUEST		GET Add Owner	1645435764836	1645435764837	KO	j.n.ConnectException: Connection refused: no further information
REQUEST		Get Add Pet	1645435765118	1645435765119	KO	j.n.ConnectException: Connection refused: no further information
REQUEST		GET Find Owners Page	1645435765134	1645435765150	KO	j.n.ConnectException: Connection refused: no further information
REQUEST		POST Add Owner	1645435765213	1645435765228	KO	j.n.ConnectException: Connection refused: no further information
REQUEST		GET Add Owner	1645435765243	1645435765259	KO	j.n.ConnectException: Connection refused: no further information
REQUEST		POST Add Pet	1645435765353	1645435765354	KO	j.n.ConnectException: Connection refused: no further information
REQUEST		POST Add Owner	1645435765414	1645435765416	KO	j.n.ConnectException: Connection refused: no further information
REQUEST		Open Home Page	1645435765461	1645435765476	KO	j.n.ConnectException: Connection refused: no further information
REQUEST		Get Add Pet	1645435765492	1645435765493	KO	j.n.ConnectException: Connection refused: no further information
REQUEST		Get Add Pet	1645435765821	1645435765822	KO	j.n.ConnectException: Connection refused: no further information
REQUEST		Get Edit Pet Page	1645435765867	1645435765868	KO	j.n.ConnectException: Connection refused: no further information
REQUEST		Get Add Pet	1645435765883	1645435765884	KO	j.n.ConnectException: Connection refused: no further information
REQUEST		GET Find Owners Page	1645435766038	1645435766040	KO	j.n.ConnectException: Connection refused: no further information
REQUEST		GET Find Owners Page	1645435766085	1645435766086	KO	j.n.ConnectException: Connection refused: no further information
REQUEST		Get Edit Pet Page	1645435766133	1645435766134	KO	j.n.ConnectException: Connection refused: no further information
REQUEST		POST Add Owner	1645435766334	1645435766335	KO	j.n.ConnectException: Connection refused: no further information
REQUEST		GET Find Owners Page	1645435766504	1645435766506	KO	j.n.ConnectException: Connection refused: no further information
REQUEST		Get Edit Pet Page	1645435766630	1645435766632	KO	j.n.ConnectException: Connection refused: no further information
REQUEST		POST Add Pet	1645435766645	1645435766647	KO	j.n.ConnectException: Connection refused: no further information
REQUEST		request_152	1645435766833	1645435766835	KO	j.n.ConnectException: Connection refused: no further information
REQUEST		request_122	1645435767130	1645435767132	KO	j.n.ConnectException: Connection refused: no further information
REQUEST		POST Add Pet	1645435767177	1645435767192	KO	j.n.ConnectException: Connection refused: no further information
REQUEST		POST Add Pet	1645435767255	1645435767256	KO	j.n.ConnectException: Connection refused: no further information
REQUEST		request_122	1645435767425	1645435767426	KO	j.n.ConnectException: Connection refused: no further information
REQUEST		GET Find Owners Page	1645435767442	1645435767443	KO	j.n.ConnectException: Connection refused: no further information
REQUEST		POST Add Pet	1645435767473	1645435767488	KO	j.n.ConnectException: Connection refused: no further information
REQUEST		request_122	1645435767488	1645435767504	KO	j.n.ConnectException: Connection refused: no further information
REQUEST		POST Add Owner	1645435767504	1645435767505	KO	j.n.ConnectException: Connection refused: no further information
REQUEST		Get Add Pet	1645435767689	1645435767690	KO	j.n.ConnectException: Connection refused: no further information
REQUEST		GET Find Owners By LastName	1645435767830	1645435767847	KO	j.n.ConnectException: Connection refused: no further information
REQUEST		Get Edit Pet Page	1645435768034	1645435768035	KO	j.n.ConnectException: Connection refused: no further information
REQUEST		Get Add Pet	1645435768334	1645435768336	KO	j.n.ConnectException: Connection refused: no further information
REQUEST		Open Home Page	1645435768334	1645435768336	KO	j.n.ConnectException: Connection refused: no further information
REQUEST		Get Edit Pet Page	1645435768428	1645435768429	KO	j.n.ConnectException: Connection refused: no further information
REQUEST		Get Add Pet	1645435768615	1645435768616	KO	j.n.ConnectException: Connection refused: no further information
REQUEST		POST Add Pet	1645435768615	1645435768616	KO	j.n.ConnectException: Connection refused: no further information
REQUEST		GET Add Owner	1645435768646	1645435768647	KO	j.n.ConnectException: Connection refused: no further information
REQUEST		GET Add Owner	1645435768710	1645435768711	KO	j.n.ConnectException: Connection refused: no further information
REQUEST		request_122	1645435768727	1645435768728	KO	j.n.ConnectException: Connection refused: no further information
REQUEST		GET Add Owner	1645435768726	1645435768728	KO	j.n.ConnectException: Connection refused: no further information
REQUEST		GET Add Owner	1645435768955	1645435768961	KO	j.n.ConnectException: Connection refused: no further information
REQUEST		request_122	1645435769371	1645435769372	KO	j.n.ConnectException: Connection refused: no further information
REQUEST		request_137	1645435769418	1645435769419	KO	j.n.ConnectException: Connection refused: no further information
REQUEST		Get Edit Pet Page	1645435769481	1645435769482	KO	j.n.ConnectException: Connection refused: no further information
REQUEST		GET Find Owners Page	1645435769481	1645435769497	KO	j.n.ConnectException: Connection refused: no further information
REQUEST		Get Add Pet	1645435769481	1645435769497	KO	j.n.ConnectException: Connection refused: no further information
REQUEST		Get Edit Pet Page	1645435769528	1645435769544	KO	j.n.ConnectException: Connection refused: no further information
REQUEST		request_137	1645435769638	1645435769640	KO	j.n.ConnectException: Connection refused: no further information
REQUEST		POST Add Pet	1645435769638	1645435769640	KO	j.n.ConnectException: Connection refused: no further information
REQUEST		request_122	1645435769826	1645435769827	KO	j.n.ConnectException: Connection refused: no further information
REQUEST		POST Add Owner	1645435770058	1645435770074	KO	j.n.ConnectException: Connection refused: no further information
REQUEST		POST Add Pet	1645435770197	1645435770213	KO	j.n.ConnectException: Connection refused: no further information
REQUEST		request_137	1645435770228	1645435770230	KO	j.n.ConnectException: Connection refused: no further information
REQUEST		Get Open Edit Owner Page	1645435770293	1645435770294	KO	j.n.ConnectException: Connection refused: no further information
REQUEST		request_122	1645435770451	1645435770452	KO	j.n.ConnectException: Connection refused: no further information
REQUEST		Get Edit Pet Page	1645435770609	1645435770611	KO	j.n.ConnectException: Connection refused: no further information
REQUEST		request_122	1645435770624	1645435770626	KO	j.n.ConnectException: Connection refused: no further information
REQUEST		POST Add Pet	1645435770796	1645435770812	KO	j.n.ConnectException: Connection refused: no further information
REQUEST		POST Add Owner	1645435770827	1645435770843	KO	j.n.ConnectException: Connection refused: no further information
REQUEST		GET Add Owner	1645435770843	1645435770844	KO	j.n.ConnectException: Connection refused: no further information
REQUEST		request_137	1645435770874	1645435770875	KO	j.n.ConnectException: Connection refused: no further information
REQUEST		POST Add Pet	1645435770999	1645435771015	KO	j.n.ConnectException: Connection refused: no further information
REQUEST		POST Add Owner	1645435771078	1645435771079	KO	j.n.ConnectException: Connection refused: no further information
REQUEST		request_137	1645435771202	1645435771203	KO	j.n.ConnectException: Connection refused: no further information
REQUEST		request_137	1645435771298	1645435771300	KO	j.n.ConnectException: Connection refused: no further information
REQUEST		Get Edit Pet Page	1645435771314	1645435771315	KO	j.n.ConnectException: Connection refused: no further information
REQUEST		request_152	1645435771375	1645435771376	KO	j.n.ConnectException: Connection refused: no further information
REQUEST		POST Add Owner	1645435771452	1645435771454	KO	j.n.ConnectException: Connection refused: no further information
REQUEST		request_122	1645435771499	1645435771501	KO	j.n.ConnectException: Connection refused: no further information
REQUEST		request_152	1645435771546	1645435771547	KO	j.n.ConnectException: Connection refused: no further information
REQUEST		request_152	1645435771887	1645435771889	KO	j.n.ConnectException: Connection refused: no further information
REQUEST		Get Add Pet	1645435771887	1645435771889	KO	j.n.ConnectException: Connection refused: no further information
REQUEST		request_137	1645435771919	1645435771920	KO	j.n.ConnectException: Connection refused: no further information
REQUEST		Get Edit Pet Page	1645435772107	1645435772108	KO	j.n.ConnectException: Connection refused: no further information
REQUEST		Get Add Pet	1645435772215	1645435772217	KO	j.n.ConnectException: Connection refused: no further information
REQUEST		Get Edit Pet Page	1645435772215	1645435772217	KO	j.n.ConnectException: Connection refused: no further information
REQUEST		request_122	1645435772215	1645435772216	KO	j.n.ConnectException: Connection refused: no further information
REQUEST		request_152	1645435772308	1645435772325	KO	j.n.ConnectException: Connection refused: no further information
REQUEST		request_137	1645435772432	1645435772448	KO	j.n.ConnectException: Connection refused: no further information
REQUEST		Get Add Pet	1645435772495	1645435772496	KO	j.n.ConnectException: Connection refused: no further information
REQUEST		Get Add Pet	1645435772573	1645435772575	KO	j.n.ConnectException: Connection refused: no further information
REQUEST		request_152	1645435772666	1645435772668	KO	j.n.ConnectException: Connection refused: no further information
REQUEST		request_122	1645435772666	1645435772684	KO	j.n.ConnectException: Connection refused: no further information
REQUEST		POST Add Owner	1645435772683	1645435772684	KO	j.n.ConnectException: Connection refused: no further information
REQUEST		Open Home Page	1645435772698	1645435772699	KO	j.n.ConnectException: Connection refused: no further information
REQUEST		request_152	1645435772994	1645435772995	KO	j.n.ConnectException: Connection refused: no further information
REQUEST		POST Update Owner	1645435773024	1645435773026	KO	j.n.ConnectException: Connection refused: no further information
REQUEST		Open Home Page	1645435773321	1645435773322	KO	j.n.ConnectException: Connection refused: no further information
REQUEST		Get Edit Pet Page	1645435773524	1645435773525	KO	j.n.ConnectException: Connection refused: no further information
REQUEST		request_137	1645435773742	1645435773744	KO	j.n.ConnectException: Connection refused: no further information
REQUEST		POST Add Pet	1645435773929	1645435773931	KO	j.n.ConnectException: Connection refused: no further information
REQUEST		GET Find Owners Page	1645435774132	1645435774149	KO	j.n.ConnectException: Connection refused: no further information
REQUEST		request_137	1645435774349	1645435774366	KO	j.n.ConnectException: Connection refused: no further information
REQUEST		request_152	1645435774427	1645435774428	KO	j.n.ConnectException: Connection refused: no further information
REQUEST		request_122	1645435774475	1645435774491	KO	j.n.ConnectException: Connection refused: no further information
REQUEST		POST Add Pet	1645435774537	1645435774538	KO	j.n.ConnectException: Connection refused: no further information
REQUEST		request_137	1645435774600	1645435774601	KO	j.n.ConnectException: Connection refused: no further information
REQUEST		Open Home Page	1645435774661	1645435774663	KO	j.n.ConnectException: Connection refused: no further information
REQUEST		request_122	1645435774677	1645435774678	KO	j.n.ConnectException: Connection refused: no further information
REQUEST		request_152	1645435774802	1645435774804	KO	j.n.ConnectException: Connection refused: no further information
REQUEST		POST Add Pet	1645435774802	1645435774804	KO	j.n.ConnectException: Connection refused: no further information
REQUEST		request_152	1645435774849	1645435774850	KO	j.n.ConnectException: Connection refused: no further information
REQUEST		Open Home Page	1645435775054	1645435775056	KO	j.n.ConnectException: Connection refused: no further information
REQUEST		Open Home Page	1645435775070	1645435775071	KO	j.n.ConnectException: Connection refused: no further information
REQUEST		Open Home Page	1645435775101	1645435775102	KO	j.n.ConnectException: Connection refused: no further information
REQUEST		Get Add Pet	1645435775306	1645435775307	KO	j.n.ConnectException: Connection refused: no further information
REQUEST		Get Edit Pet Page	1645435775368	1645435775370	KO	j.n.ConnectException: Connection refused: no further information
REQUEST		POST Add Pet	1645435775415	1645435775416	KO	j.n.ConnectException: Connection refused: no further information
REQUEST		GET Vets List	1645435775555	1645435775556	KO	j.n.ConnectException: Connection refused: no further information
REQUEST		request_152	1645435775741	1645435775743	KO	j.n.ConnectException: Connection refused: no further information
REQUEST		GET Find Owners Page	1645435775898	1645435775913	KO	j.n.ConnectException: Connection refused: no further information
REQUEST		GET Add Owner	1645435776163	1645435776165	KO	j.n.ConnectException: Connection refused: no further information
REQUEST		Get Edit Pet Page	1645435776179	1645435776180	KO	j.n.ConnectException: Connection refused: no further information
REQUEST		request_122	1645435776366	1645435776367	KO	j.n.ConnectException: Connection refused: no further information
REQUEST		request_137	1645435776443	1645435776444	KO	j.n.ConnectException: Connection refused: no further information
REQUEST		Open Home Page	1645435776506	1645435776523	KO	j.n.ConnectException: Connection refused: no further information
REQUEST		request_152	1645435776740	1645435776741	KO	j.n.ConnectException: Connection refused: no further information
REQUEST		Open Home Page	1645435776895	1645435776897	KO	j.n.ConnectException: Connection refused: no further information
REQUEST		Open Home Page	1645435776911	1645435776913	KO	j.n.ConnectException: Connection refused: no further information
REQUEST		request_137	1645435777036	1645435777038	KO	j.n.ConnectException: Connection refused: no further information
REQUEST		Get Edit Pet Page	1645435777036	1645435777038	KO	j.n.ConnectException: Connection refused: no further information
REQUEST		GET Find Owners Page	1645435777036	1645435777038	KO	j.n.ConnectException: Connection refused: no further information
REQUEST		Open Home Page	1645435777068	1645435777069	KO	j.n.ConnectException: Connection refused: no further information
REQUEST		GET Find Owners Page	1645435777131	1645435777132	KO	j.n.ConnectException: Connection refused: no further information
REQUEST		GET Find Owners Page	1645435777302	1645435777303	KO	j.n.ConnectException: Connection refused: no further information
REQUEST		POST Add Owner	1645435777348	1645435777349	KO	j.n.ConnectException: Connection refused: no further information
REQUEST		request_122	1645435777427	1645435777428	KO	j.n.ConnectException: Connection refused: no further information
REQUEST		GET Add Owner	1645435777458	1645435777459	KO	j.n.ConnectException: Connection refused: no further information
REQUEST		Open Home Page	1645435777458	1645435777459	KO	j.n.ConnectException: Connection refused: no further information
REQUEST		request_137	1645435777675	1645435777691	KO	j.n.ConnectException: Connection refused: no further information
REQUEST		Get Edit Pet Page	1645435777831	1645435777846	KO	j.n.ConnectException: Connection refused: no further information
REQUEST		GET Find Owners Page	1645435778080	1645435778081	KO	j.n.ConnectException: Connection refused: no further information
REQUEST		GET Find Owners Page	1645435778095	1645435778111	KO	j.n.ConnectException: Connection refused: no further information
REQUEST		POST Add Pet	1645435778237	1645435778238	KO	j.n.ConnectException: Connection refused: no further information
REQUEST		request_122	1645435778252	1645435778253	KO	j.n.ConnectException: Connection refused: no further information
REQUEST		request_152	1645435778299	1645435778301	KO	j.n.ConnectException: Connection refused: no further information
REQUEST		GET Find Owners Page	1645435778377	1645435778378	KO	j.n.ConnectException: Connection refused: no further information
REQUEST		GET Find Owners Page	1645435778563	1645435778564	KO	j.n.ConnectException: Connection refused: no further information
REQUEST		GET Add Owner	1645435778811	1645435778813	KO	j.n.ConnectException: Connection refused: no further information
REQUEST		GET Add Owner	1645435778811	1645435778813	KO	j.n.ConnectException: Connection refused: no further information
REQUEST		request_137	1645435778827	1645435778832	KO	j.n.ConnectException: Connection refused: no further information
REQUEST		GET Add Owner	1645435778905	1645435778920	KO	j.n.ConnectException: Connection refused: no further information
REQUEST		POST Add Owner	1645435779279	1645435779280	KO	j.n.ConnectException: Connection refused: no further information
REQUEST		request_152	1645435779294	1645435779310	KO	j.n.ConnectException: Connection refused: no further information
REQUEST		request_137	1645435779341	1645435779342	KO	j.n.ConnectException: Connection refused: no further information
REQUEST		Get Edit Pet Page	1645435779372	1645435779373	KO	j.n.ConnectException: Connection refused: no further information
REQUEST		Open Home Page	1645435779388	1645435779389	KO	j.n.ConnectException: Connection refused: no further information
REQUEST		request_122	1645435779606	1645435779607	KO	j.n.ConnectException: Connection refused: no further information
REQUEST		request_152	1645435779638	1645435779654	KO	j.n.ConnectException: Connection refused: no further information
REQUEST		GET Find Owners Page	1645435779904	1645435779905	KO	j.n.ConnectException: Connection refused: no further information
REQUEST		Get Add Pet	1645435780044	1645435780046	KO	j.n.ConnectException: Connection refused: no further information
REQUEST		GET Find Owners Page	1645435780074	1645435780076	KO	j.n.ConnectException: Connection refused: no further information
REQUEST		GET Find Owners By LastName	1645435780480	1645435780482	KO	j.n.ConnectException: Connection refused: no further information
REQUEST		POST Add Owner	1645435780655	1645435780656	KO	j.n.ConnectException: Connection refused: no further information
REQUEST		Open Home Page	1645435780670	1645435780686	KO	j.n.ConnectException: Connection refused: no further information
REQUEST		Get Add Pet	1645435780686	1645435780687	KO	j.n.ConnectException: Connection refused: no further information
REQUEST		request_122	1645435780733	1645435780734	KO	j.n.ConnectException: Connection refused: no further information
REQUEST		POST Add Owner	1645435780794	1645435780796	KO	j.n.ConnectException: Connection refused: no further information
REQUEST		request_122	1645435780825	1645435780842	KO	j.n.ConnectException: Connection refused: no further information
REQUEST		GET Find Owners Page	1645435780856	1645435780872	KO	j.n.ConnectException: Connection refused: no further information
REQUEST		GET Find Owners By LastName	1645435780933	1645435780934	KO	j.n.ConnectException: Connection refused: no further information
REQUEST		GET Add Owner	1645435780963	1645435780965	KO	j.n.ConnectException: Connection refused: no further information
REQUEST		request_152	1645435781026	1645435781028	KO	j.n.ConnectException: Connection refused: no further information
REQUEST		Open Home Page	1645435781264	1645435781265	KO	j.n.ConnectException: Connection refused: no further information
REQUEST		GET Add Owner	1645435781310	1645435781311	KO	j.n.ConnectException: Connection refused: no further information
REQUEST		POST Add Pet	1645435781450	1645435781451	KO	j.n.ConnectException: Connection refused: no further information
REQUEST		POST Add Owner	1645435781685	1645435781686	KO	j.n.ConnectException: Connection refused: no further information
REQUEST		request_137	1645435781701	1645435781717	KO	j.n.ConnectException: Connection refused: no further information
REQUEST		GET Find Owners Page	1645435781856	1645435781873	KO	j.n.ConnectException: Connection refused: no further information
REQUEST		request_152	1645435781982	1645435781983	KO	j.n.ConnectException: Connection refused: no further information
REQUEST		GET Add Owner	1645435782060	1645435782077	KO	j.n.ConnectException: Connection refused: no further information
REQUEST		Open Home Page	1645435782155	1645435782157	KO	j.n.ConnectException: Connection refused: no further information
REQUEST		Open Home Page	1645435782218	1645435782219	KO	j.n.ConnectException: Connection refused: no further information
REQUEST		Get Add Pet	1645435782234	1645435782250	KO	j.n.ConnectException: Connection refused: no further information
REQUEST		Get Add Pet	1645435782311	1645435782312	KO	j.n.ConnectException: Connection refused: no further information
REQUEST		GET Add Owner	1645435782531	1645435782547	KO	j.n.ConnectException: Connection refused: no further information
REQUEST		Get Open Edit Owner Page	1645435782828	1645435782830	KO	j.n.ConnectException: Connection refused: no further information
REQUEST		GET Add Owner	1645435782860	1645435782862	KO	j.n.ConnectException: Connection refused: no further information
REQUEST		request_137	1645435782876	1645435782878	KO	j.n.ConnectException: Connection refused: no further information
REQUEST		GET Find Owners By LastName	1645435782971	1645435782972	KO	j.n.ConnectException: Connection refused: no further information
REQUEST		POST Add Owner	1645435783034	1645435783035	KO	j.n.ConnectException: Connection refused: no further information
REQUEST		POST Add Pet	1645435783409	1645435783424	KO	j.n.ConnectException: Connection refused: no further information
REQUEST		request_137	1645435783579	1645435783596	KO	j.n.ConnectException: Connection refused: no further information
REQUEST		Open Home Page	1645435783642	1645435783643	KO	j.n.ConnectException: Connection refused: no further information
REQUEST		POST Add Owner	1645435783735	1645435783737	KO	j.n.ConnectException: Connection refused: no further information
REQUEST		Get Open Edit Owner Page	1645435783751	1645435783753	KO	j.n.ConnectException: Connection refused: no further information
REQUEST		Get Edit Pet Page	1645435783766	1645435783768	KO	j.n.ConnectException: Connection refused: no further information
REQUEST		GET Find Owners Page	1645435784092	1645435784095	KO	j.n.ConnectException: Connection refused: no further information
REQUEST		Get Add Pet	1645435784279	1645435784296	KO	j.n.ConnectException: Connection refused: no further information
REQUEST		POST Add Owner	1645435784310	1645435784311	KO	j.n.ConnectException: Connection refused: no further information
REQUEST		GET Find Owners Page	1645435784326	1645435784327	KO	j.n.ConnectException: Connection refused: no further information
REQUEST		request_152	1645435784389	1645435784406	KO	j.n.ConnectException: Connection refused: no further information
REQUEST		request_152	1645435784670	1645435784685	KO	j.n.ConnectException: Connection refused: no further information
REQUEST		POST Add Pet	1645435784748	1645435784749	KO	j.n.ConnectException: Connection refused: no further information
REQUEST		GET Find Owners Page	1645435784936	1645435784937	KO	j.n.ConnectException: Connection refused: no further information
REQUEST		request_152	1645435784968	1645435784969	KO	j.n.ConnectException: Connection refused: no further information
REQUEST		GET Find Owners Page	1645435785076	1645435785078	KO	j.n.ConnectException: Connection refused: no further information
REQUEST		Get Add Pet	1645435785171	1645435785173	KO	j.n.ConnectException: Connection refused: no further information
REQUEST		POST Add Pet	1645435785171	1645435785173	KO	j.n.ConnectException: Connection refused: no further information
REQUEST		Get Open Edit Owner Page	1645435785235	1645435785238	KO	j.n.ConnectException: Connection refused: no further information
REQUEST		POST Add Owner	1645435785251	1645435785253	KO	j.n.ConnectException: Connection refused: no further information
REQUEST		request_122	1645435785329	1645435785346	KO	j.n.ConnectException: Connection refused: no further information
REQUEST		GET Add Owner	1645435785345	1645435785361	KO	j.n.ConnectException: Connection refused: no further information
REQUEST		Get Edit Pet Page	1645435785377	1645435785393	KO	j.n.ConnectException: Connection refused: no further information
REQUEST		POST Add Owner	1645435785549	1645435785550	KO	j.n.ConnectException: Connection refused: no further information
REQUEST		POST Update Owner	1645435785674	1645435785676	KO	j.n.ConnectException: Connection refused: no further information
REQUEST		Get Add Pet	1645435785752	1645435785753	KO	j.n.ConnectException: Connection refused: no further information
REQUEST		POST Add Pet	1645435785892	1645435785893	KO	j.n.ConnectException: Connection refused: no further information
REQUEST		GET Add Owner	1645435786081	1645435786082	KO	j.n.ConnectException: Connection refused: no further information
REQUEST		Open Home Page	1645435786160	1645435786176	KO	j.n.ConnectException: Connection refused: no further information
REQUEST		Get Edit Pet Page	1645435786363	1645435786364	KO	j.n.ConnectException: Connection refused: no further information
REQUEST		GET Find Owners By LastName	1645435786411	1645435786412	KO	j.n.ConnectException: Connection refused: no further information
REQUEST		POST Update Owner	1645435786411	1645435786412	KO	j.n.ConnectException: Connection refused: no further information
REQUEST		Open Home Page	1645435786598	1645435786599	KO	j.n.ConnectException: Connection refused: no further information
REQUEST		Get Add Pet	1645435786722	1645435786723	KO	j.n.ConnectException: Connection refused: no further information
USER	RecordedSimulation2	END	1645435786724
REQUEST		request_137	1645435787378	1645435787394	KO	j.n.ConnectException: Connection refused: no further information
REQUEST		POST Add Owner	1645435787424	1645435787425	KO	j.n.ConnectException: Connection refused: no further information
REQUEST		GET Add Owner	1645435787595	1645435787597	KO	j.n.ConnectException: Connection refused: no further information
REQUEST		GET Vets List	1645435787627	1645435787643	KO	j.n.ConnectException: Connection refused: no further information
REQUEST		request_122	1645435787689	1645435787691	KO	j.n.ConnectException: Connection refused: no further information
REQUEST		POST Add Pet	1645435787751	1645435787752	KO	j.n.ConnectException: Connection refused: no further information
REQUEST		Get Edit Pet Page	1645435787908	1645435787924	KO	j.n.ConnectException: Connection refused: no further information
REQUEST		Get Add Pet	1645435788002	1645435788003	KO	j.n.ConnectException: Connection refused: no further information
REQUEST		Get Add Pet	1645435788111	1645435788113	KO	j.n.ConnectException: Connection refused: no further information
REQUEST		POST Update Owner	1645435788127	1645435788128	KO	j.n.ConnectException: Connection refused: no further information
REQUEST		Get Edit Pet Page	1645435788173	1645435788175	KO	j.n.ConnectException: Connection refused: no further information
REQUEST		GET Vets List	1645435788189	1645435788191	KO	j.n.ConnectException: Connection refused: no further information
REQUEST		GET Find Owners Page	1645435788330	1645435788331	KO	j.n.ConnectException: Connection refused: no further information
REQUEST		GET Find Owners Page	1645435788453	1645435788468	KO	j.n.ConnectException: Connection refused: no further information
REQUEST		POST Add Owner	1645435788578	1645435788579	KO	j.n.ConnectException: Connection refused: no further information
REQUEST		POST Add Pet	1645435788656	1645435788657	KO	j.n.ConnectException: Connection refused: no further information
REQUEST		Get Open Edit Owner Page	1645435788687	1645435788688	KO	j.n.ConnectException: Connection refused: no further information
REQUEST		request_152	1645435788765	1645435788767	KO	j.n.ConnectException: Connection refused: no further information
REQUEST		request_122	1645435788874	1645435788875	KO	j.n.ConnectException: Connection refused: no further information
USER	RecordedSimulation2	END	1645435788966
REQUEST		POST Add Pet	1645435789075	1645435789078	KO	j.n.ConnectException: Connection refused: no further information
REQUEST		Get Edit Pet Page	1645435789291	1645435789292	KO	j.n.ConnectException: Connection refused: no further information
REQUEST		request_137	1645435789431	1645435789433	KO	j.n.ConnectException: Connection refused: no further information
REQUEST		POST Add Pet	1645435789589	1645435789591	KO	j.n.ConnectException: Connection refused: no further information
REQUEST		GET Vets List	1645435789683	1645435789685	KO	j.n.ConnectException: Connection refused: no further information
REQUEST		Get Edit Pet Page	1645435789888	1645435789890	KO	j.n.ConnectException: Connection refused: no further information
USER	RecordedSimulation2	END	1645435789904
REQUEST		request_122	1645435790152	1645435790154	KO	j.n.ConnectException: Connection refused: no further information
REQUEST		Get Add Pet	1645435790184	1645435790185	KO	j.n.ConnectException: Connection refused: no further information
REQUEST		GET Add Owner	1645435790262	1645435790264	KO	j.n.ConnectException: Connection refused: no further information
REQUEST		POST Add Owner	1645435790309	1645435790310	KO	j.n.ConnectException: Connection refused: no further information
REQUEST		Get Edit Pet Page	1645435790435	1645435790437	KO	j.n.ConnectException: Connection refused: no further information
REQUEST		Get Add Pet	1645435790545	1645435790560	KO	j.n.ConnectException: Connection refused: no further information
USER	RecordedSimulation2	END	1645435790749
REQUEST		request_122	1645435790843	1645435790844	KO	j.n.ConnectException: Connection refused: no further information
REQUEST		request_137	1645435790843	1645435790860	KO	j.n.ConnectException: Connection refused: no further information
REQUEST		request_152	1645435790953	1645435790954	KO	j.n.ConnectException: Connection refused: no further information
REQUEST		POST Add Pet	1645435791000	1645435791002	KO	j.n.ConnectException: Connection refused: no further information
REQUEST		request_122	1645435791032	1645435791034	KO	j.n.ConnectException: Connection refused: no further information
REQUEST		Get Edit Pet Page	1645435791237	1645435791238	KO	j.n.ConnectException: Connection refused: no further information
REQUEST		GET Add Owner	1645435791269	1645435791271	KO	j.n.ConnectException: Connection refused: no further information
REQUEST		POST Add Owner	1645435791300	1645435791301	KO	j.n.ConnectException: Connection refused: no further information
REQUEST		request_122	1645435791363	1645435791364	KO	j.n.ConnectException: Connection refused: no further information
REQUEST		POST Update Owner	1645435791410	1645435791426	KO	j.n.ConnectException: Connection refused: no further information
REQUEST		Get Add Pet	1645435791580	1645435791581	KO	j.n.ConnectException: Connection refused: no further information
REQUEST		request_152	1645435791893	1645435791894	KO	j.n.ConnectException: Connection refused: no further information
USER	RecordedSimulation2	END	1645435791909
REQUEST		request_137	1645435791971	1645435791973	KO	j.n.ConnectException: Connection refused: no further information
REQUEST		request_122	1645435792205	1645435792207	KO	j.n.ConnectException: Connection refused: no further information
REQUEST		POST Add Pet	1645435792347	1645435792348	KO	j.n.ConnectException: Connection refused: no further information
USER	RecordedSimulation2	END	1645435792506
REQUEST		GET Vets List	1645435792568	1645435792584	KO	j.n.ConnectException: Connection refused: no further information
REQUEST		request_137	1645435792677	1645435792678	KO	j.n.ConnectException: Connection refused: no further information
REQUEST		request_137	1645435792849	1645435792850	KO	j.n.ConnectException: Connection refused: no further information
REQUEST		POST Add Pet	1645435792944	1645435792945	KO	j.n.ConnectException: Connection refused: no further information
REQUEST		POST Add Owner	1645435792975	1645435792977	KO	j.n.ConnectException: Connection refused: no further information
REQUEST		request_122	1645435793287	1645435793289	KO	j.n.ConnectException: Connection refused: no further information
REQUEST		request_137	1645435793441	1645435793442	KO	j.n.ConnectException: Connection refused: no further information
REQUEST		Get Add Pet	1645435793457	1645435793458	KO	j.n.ConnectException: Connection refused: no further information
REQUEST		request_152	1645435793536	1645435793538	KO	j.n.ConnectException: Connection refused: no further information
REQUEST		Get Edit Pet Page	1645435793552	1645435793554	KO	j.n.ConnectException: Connection refused: no further information
USER	RecordedSimulation2	END	1645435793723
REQUEST		POST Add Pet	1645435793911	1645435793926	KO	j.n.ConnectException: Connection refused: no further information
REQUEST		request_152	1645435794004	1645435794005	KO	j.n.ConnectException: Connection refused: no further information
USER	RecordedSimulation2	END	1645435794737
USER	RecordedSimulation2	END	1645435794846
REQUEST		request_137	1645435794892	1645435794893	KO	j.n.ConnectException: Connection refused: no further information
REQUEST		request_122	1645435795034	1645435795036	KO	j.n.ConnectException: Connection refused: no further information
REQUEST		Get Edit Pet Page	1645435795049	1645435795065	KO	j.n.ConnectException: Connection refused: no further information
REQUEST		Get Edit Pet Page	1645435795140	1645435795142	KO	j.n.ConnectException: Connection refused: no further information
REQUEST		Get Add Pet	1645435795282	1645435795298	KO	j.n.ConnectException: Connection refused: no further information
REQUEST		request_152	1645435795313	1645435795315	KO	j.n.ConnectException: Connection refused: no further information
REQUEST		Get Edit Pet Page	1645435795579	1645435795581	KO	j.n.ConnectException: Connection refused: no further information
REQUEST		request_137	1645435795611	1645435795626	KO	j.n.ConnectException: Connection refused: no further information
REQUEST		request_152	1645435795689	1645435795690	KO	j.n.ConnectException: Connection refused: no further information
REQUEST		request_137	1645435796187	1645435796203	KO	j.n.ConnectException: Connection refused: no further information
REQUEST		POST Add Pet	1645435796296	1645435796297	KO	j.n.ConnectException: Connection refused: no further information
REQUEST		request_122	1645435796296	1645435796313	KO	j.n.ConnectException: Connection refused: no further information
REQUEST		request_122	1645435796485	1645435796486	KO	j.n.ConnectException: Connection refused: no further information
REQUEST		POST Add Pet	1645435796547	1645435796564	KO	j.n.ConnectException: Connection refused: no further information
USER	RecordedSimulation2	END	1645435796736
USER	RecordedSimulation2	END	1645435796844
REQUEST		request_122	1645435797218	1645435797220	KO	j.n.ConnectException: Connection refused: no further information
REQUEST		request_152	1645435797483	1645435797485	KO	j.n.ConnectException: Connection refused: no further information
REQUEST		request_137	1645435797610	1645435797611	KO	j.n.ConnectException: Connection refused: no further information
USER	RecordedSimulation2	END	1645435797859
REQUEST		Get Edit Pet Page	1645435798076	1645435798078	KO	j.n.ConnectException: Connection refused: no further information
REQUEST		request_152	1645435798264	1645435798280	KO	j.n.ConnectException: Connection refused: no further information
REQUEST		request_137	1645435798358	1645435798359	KO	j.n.ConnectException: Connection refused: no further information
REQUEST		request_152	1645435798997	1645435798998	KO	j.n.ConnectException: Connection refused: no further information
REQUEST		Get Edit Pet Page	1645435799231	1645435799232	KO	j.n.ConnectException: Connection refused: no further information
REQUEST		request_137	1645435799780	1645435799781	KO	j.n.ConnectException: Connection refused: no further information
REQUEST		request_152	1645435799827	1645435799829	KO	j.n.ConnectException: Connection refused: no further information
USER	RecordedSimulation2	END	1645435799984
REQUEST		request_122	1645435800233	1645435800234	KO	j.n.ConnectException: Connection refused: no further information
USER	RecordedSimulation2	END	1645435800374
REQUEST		request_152	1645435800732	1645435800733	KO	j.n.ConnectException: Connection refused: no further information
REQUEST		request_122	1645435800936	1645435800937	KO	j.n.ConnectException: Connection refused: no further information
REQUEST		request_137	1645435801594	1645435801610	KO	j.n.ConnectException: Connection refused: no further information
REQUEST		request_152	1645435801827	1645435801828	KO	j.n.ConnectException: Connection refused: no further information
USER	RecordedSimulation2	END	1645435801937
USER	RecordedSimulation2	END	1645435802060
USER	RecordedSimulation2	END	1645435802464
REQUEST		request_137	1645435802966	1645435802968	KO	j.n.ConnectException: Connection refused: no further information
USER	RecordedSimulation2	END	1645435804023
REQUEST		request_152	1645435804414	1645435804415	KO	j.n.ConnectException: Connection refused: no further information
USER	RecordedSimulation2	END	1645435805631
REQUEST		request_152	1645435805770	1645435805771	KO	j.n.ConnectException: Connection refused: no further information
USER	RecordedSimulation2	END	1645435807550
