RUN	demoPetClinic.RecordedSimulation2	recordedsimulation2	1645104635615	 	3.7.4
USER	RecordedSimulation2	START	1645104636487
REQUEST		Open Home Page	1645104636506	1645104636519	KO	j.n.ConnectException: Connection refused: no further information
USER	RecordedSimulation2	START	1645104636586
REQUEST		Open Home Page	1645104636587	1645104636588	KO	j.n.ConnectException: Connection refused: no further information
USER	RecordedSimulation2	START	1645104636666
REQUEST		Open Home Page	1645104636667	1645104636668	KO	j.n.ConnectException: Connection refused: no further information
USER	RecordedSimulation2	START	1645104636761
REQUEST		Open Home Page	1645104636762	1645104636767	KO	j.n.ConnectException: Connection refused: no further information
USER	RecordedSimulation2	START	1645104636855
REQUEST		Open Home Page	1645104636855	1645104636859	KO	j.n.ConnectException: Connection refused: no further information
USER	RecordedSimulation2	START	1645104636949
REQUEST		Open Home Page	1645104636950	1645104636955	KO	j.n.ConnectException: Connection refused: no further information
USER	RecordedSimulation2	START	1645104637043
REQUEST		Open Home Page	1645104637043	1645104637047	KO	j.n.ConnectException: Connection refused: no further information
USER	RecordedSimulation2	START	1645104637137
REQUEST		Open Home Page	1645104637137	1645104637140	KO	j.n.ConnectException: Connection refused: no further information
USER	RecordedSimulation2	START	1645104637214
REQUEST		Open Home Page	1645104637214	1645104637216	KO	j.n.ConnectException: Connection refused: no further information
USER	RecordedSimulation2	START	1645104637307
REQUEST		Open Home Page	1645104637308	1645104637309	KO	j.n.ConnectException: Connection refused: no further information
USER	RecordedSimulation2	START	1645104637402
REQUEST		Open Home Page	1645104637402	1645104637405	KO	j.n.ConnectException: Connection refused: no further information
USER	RecordedSimulation2	START	1645104637499
REQUEST		Open Home Page	1645104637500	1645104637506	KO	j.n.ConnectException: Connection refused: no further information
REQUEST		GET Find Owners Page	1645104638246	1645104638250	KO	j.n.ConnectException: Connection refused: no further information
REQUEST		GET Find Owners Page	1645104638260	1645104638276	KO	j.n.ConnectException: Connection refused: no further information
REQUEST		GET Find Owners Page	1645104638352	1645104638354	KO	j.n.ConnectException: Connection refused: no further information
REQUEST		GET Find Owners Page	1645104638415	1645104638416	KO	j.n.ConnectException: Connection refused: no further information
USER	RecordedSimulation2	START	1645104638496
REQUEST		Open Home Page	1645104638497	1645104638500	KO	j.n.ConnectException: Connection refused: no further information
REQUEST		GET Find Owners Page	1645104638665	1645104638666	KO	j.n.ConnectException: Connection refused: no further information
REQUEST		GET Find Owners Page	1645104638665	1645104638666	KO	j.n.ConnectException: Connection refused: no further information
REQUEST		GET Find Owners Page	1645104638821	1645104638825	KO	j.n.ConnectException: Connection refused: no further information
REQUEST		GET Find Owners Page	1645104638867	1645104638868	KO	j.n.ConnectException: Connection refused: no further information
REQUEST		GET Find Owners Page	1645104639038	1645104639042	KO	j.n.ConnectException: Connection refused: no further information
REQUEST		GET Find Owners Page	1645104639116	1645104639117	KO	j.n.ConnectException: Connection refused: no further information
REQUEST		GET Find Owners Page	1645104639224	1645104639227	KO	j.n.ConnectException: Connection refused: no further information
REQUEST		GET Add Owner	1645104639410	1645104639411	KO	j.n.ConnectException: Connection refused: no further information
REQUEST		GET Add Owner	1645104639487	1645104639488	KO	j.n.ConnectException: Connection refused: no further information
USER	RecordedSimulation2	START	1645104639503
REQUEST		Open Home Page	1645104639503	1645104639505	KO	j.n.ConnectException: Connection refused: no further information
REQUEST		GET Add Owner	1645104639846	1645104639851	KO	j.n.ConnectException: Connection refused: no further information
REQUEST		GET Find Owners Page	1645104639877	1645104639878	KO	j.n.ConnectException: Connection refused: no further information
REQUEST		GET Add Owner	1645104640267	1645104640269	KO	j.n.ConnectException: Connection refused: no further information
REQUEST		POST Add Owner	1645104640427	1645104640430	KO	j.n.ConnectException: Connection refused: no further information
REQUEST		GET Add Owner	1645104640484	1645104640487	KO	j.n.ConnectException: Connection refused: no further information
USER	RecordedSimulation2	START	1645104640486
REQUEST		Open Home Page	1645104640486	1645104640489	KO	j.n.ConnectException: Connection refused: no further information
REQUEST		GET Find Owners Page	1645104640532	1645104640533	KO	j.n.ConnectException: Connection refused: no further information
REQUEST		GET Add Owner	1645104640563	1645104640565	KO	j.n.ConnectException: Connection refused: no further information
REQUEST		GET Add Owner	1645104640657	1645104640658	KO	j.n.ConnectException: Connection refused: no further information
REQUEST		POST Add Owner	1645104640657	1645104640658	KO	j.n.ConnectException: Connection refused: no further information
REQUEST		GET Add Owner	1645104640842	1645104640843	KO	j.n.ConnectException: Connection refused: no further information
REQUEST		GET Find Owners By LastName	1645104641108	1645104641113	KO	j.n.ConnectException: Connection refused: no further information
REQUEST		GET Find Owners Page	1645104641340	1645104641342	KO	j.n.ConnectException: Connection refused: no further information
REQUEST		GET Add Owner	1645104641372	1645104641373	KO	j.n.ConnectException: Connection refused: no further information
REQUEST		GET Find Owners By LastName	1645104641372	1645104641373	KO	j.n.ConnectException: Connection refused: no further information
REQUEST		POST Add Owner	1645104641481	1645104641482	KO	j.n.ConnectException: Connection refused: no further information
USER	RecordedSimulation2	START	1645104641497
REQUEST		Open Home Page	1645104641497	1645104641498	KO	j.n.ConnectException: Connection refused: no further information
REQUEST		GET Add Owner	1645104642027	1645104642028	KO	j.n.ConnectException: Connection refused: no further information
REQUEST		POST Add Owner	1645104642198	1645104642201	KO	j.n.ConnectException: Connection refused: no further information
REQUEST		POST Add Owner	1645104642198	1645104642201	KO	j.n.ConnectException: Connection refused: no further information
REQUEST		POST Add Owner	1645104642215	1645104642218	KO	j.n.ConnectException: Connection refused: no further information
USER	RecordedSimulation2	START	1645104642497
REQUEST		Open Home Page	1645104642497	1645104642501	KO	j.n.ConnectException: Connection refused: no further information
REQUEST		GET Add Owner	1645104642587	1645104642588	KO	j.n.ConnectException: Connection refused: no further information
REQUEST		POST Add Owner	1645104642760	1645104642761	KO	j.n.ConnectException: Connection refused: no further information
REQUEST		POST Add Owner	1645104642885	1645104642889	KO	j.n.ConnectException: Connection refused: no further information
REQUEST		GET Find Owners Page	1645104643135	1645104643138	KO	j.n.ConnectException: Connection refused: no further information
REQUEST		Get Open Edit Owner Page	1645104643305	1645104643309	KO	j.n.ConnectException: Connection refused: no further information
REQUEST		Get Add Pet	1645104643351	1645104643356	KO	j.n.ConnectException: Connection refused: no further information
REQUEST		Get Add Pet	1645104643413	1645104643414	KO	j.n.ConnectException: Connection refused: no further information
USER	RecordedSimulation2	START	1645104643495
REQUEST		Open Home Page	1645104643495	1645104643497	KO	j.n.ConnectException: Connection refused: no further information
REQUEST		POST Add Owner	1645104643521	1645104643522	KO	j.n.ConnectException: Connection refused: no further information
REQUEST		Get Add Pet	1645104643583	1645104643584	KO	j.n.ConnectException: Connection refused: no further information
REQUEST		Get Open Edit Owner Page	1645104643629	1645104643631	KO	j.n.ConnectException: Connection refused: no further information
REQUEST		POST Add Owner	1645104643815	1645104643818	KO	j.n.ConnectException: Connection refused: no further information
REQUEST		Get Add Pet	1645104643846	1645104643849	KO	j.n.ConnectException: Connection refused: no further information
REQUEST		Get Add Pet	1645104643876	1645104643877	KO	j.n.ConnectException: Connection refused: no further information
REQUEST		Get Add Pet	1645104643939	1645104643942	KO	j.n.ConnectException: Connection refused: no further information
REQUEST		GET Find Owners Page	1645104644284	1645104644286	KO	j.n.ConnectException: Connection refused: no further information
REQUEST		GET Add Owner	1645104644331	1645104644333	KO	j.n.ConnectException: Connection refused: no further information
REQUEST		Get Add Pet	1645104644346	1645104644348	KO	j.n.ConnectException: Connection refused: no further information
REQUEST		POST Add Owner	1645104644454	1645104644457	KO	j.n.ConnectException: Connection refused: no further information
REQUEST		POST Add Pet	1645104644470	1645104644471	KO	j.n.ConnectException: Connection refused: no further information
USER	RecordedSimulation2	START	1645104644500
REQUEST		Open Home Page	1645104644500	1645104644501	KO	j.n.ConnectException: Connection refused: no further information
REQUEST		Get Add Pet	1645104644593	1645104644609	KO	j.n.ConnectException: Connection refused: no further information
REQUEST		GET Find Owners Page	1645104644624	1645104644625	KO	j.n.ConnectException: Connection refused: no further information
REQUEST		GET Add Owner	1645104644874	1645104644875	KO	j.n.ConnectException: Connection refused: no further information
REQUEST		GET Find Owners Page	1645104644999	1645104645000	KO	j.n.ConnectException: Connection refused: no further information
REQUEST		POST Update Owner	1645104645031	1645104645032	KO	j.n.ConnectException: Connection refused: no further information
REQUEST		POST Add Pet	1645104645298	1645104645299	KO	j.n.ConnectException: Connection refused: no further information
REQUEST		POST Add Pet	1645104645377	1645104645379	KO	j.n.ConnectException: Connection refused: no further information
USER	RecordedSimulation2	START	1645104645475
REQUEST		Open Home Page	1645104645475	1645104645476	KO	j.n.ConnectException: Connection refused: no further information
REQUEST		GET Add Owner	1645104645718	1645104645720	KO	j.n.ConnectException: Connection refused: no further information
REQUEST		POST Add Pet	1645104645734	1645104645735	KO	j.n.ConnectException: Connection refused: no further information
REQUEST		POST Add Pet	1645104645781	1645104645782	KO	j.n.ConnectException: Connection refused: no further information
REQUEST		POST Add Owner	1645104645922	1645104645938	KO	j.n.ConnectException: Connection refused: no further information
REQUEST		POST Add Pet	1645104646109	1645104646110	KO	j.n.ConnectException: Connection refused: no further information
REQUEST		Get Add Pet	1645104646202	1645104646203	KO	j.n.ConnectException: Connection refused: no further information
REQUEST		POST Add Pet	1645104646249	1645104646251	KO	j.n.ConnectException: Connection refused: no further information
REQUEST		GET Find Owners Page	1645104646326	1645104646329	KO	j.n.ConnectException: Connection refused: no further information
REQUEST		POST Add Pet	1645104646342	1645104646344	KO	j.n.ConnectException: Connection refused: no further information
REQUEST		Get Add Pet	1645104646388	1645104646389	KO	j.n.ConnectException: Connection refused: no further information
REQUEST		Get Add Pet	1645104646499	1645104646500	KO	j.n.ConnectException: Connection refused: no further information
REQUEST		POST Update Owner	1645104646499	1645104646500	KO	j.n.ConnectException: Connection refused: no further information
REQUEST		POST Add Owner	1645104646608	1645104646609	KO	j.n.ConnectException: Connection refused: no further information
REQUEST		Get Edit Pet Page	1645104646749	1645104646764	KO	j.n.ConnectException: Connection refused: no further information
REQUEST		GET Add Owner	1645104647060	1645104647064	KO	j.n.ConnectException: Connection refused: no further information
REQUEST		Get Add Pet	1645104647076	1645104647078	KO	j.n.ConnectException: Connection refused: no further information
REQUEST		Get Edit Pet Page	1645104647214	1645104647217	KO	j.n.ConnectException: Connection refused: no further information
REQUEST		Get Edit Pet Page	1645104647245	1645104647249	KO	j.n.ConnectException: Connection refused: no further information
REQUEST		GET Add Owner	1645104647292	1645104647293	KO	j.n.ConnectException: Connection refused: no further information
REQUEST		POST Add Owner	1645104647604	1645104647605	KO	j.n.ConnectException: Connection refused: no further information
REQUEST		POST Add Pet	1645104647666	1645104647668	KO	j.n.ConnectException: Connection refused: no further information
REQUEST		request_122	1645104647900	1645104647904	KO	j.n.ConnectException: Connection refused: no further information
REQUEST		Get Edit Pet Page	1645104647915	1645104647919	KO	j.n.ConnectException: Connection refused: no further information
REQUEST		GET Vets List	1645104647977	1645104647978	KO	j.n.ConnectException: Connection refused: no further information
REQUEST		Get Edit Pet Page	1645104648164	1645104648168	KO	j.n.ConnectException: Connection refused: no further information
REQUEST		Get Edit Pet Page	1645104648257	1645104648260	KO	j.n.ConnectException: Connection refused: no further information
REQUEST		GET Find Owners Page	1645104648273	1645104648276	KO	j.n.ConnectException: Connection refused: no further information
REQUEST		POST Add Pet	1645104648305	1645104648308	KO	j.n.ConnectException: Connection refused: no further information
REQUEST		Get Edit Pet Page	1645104648305	1645104648308	KO	j.n.ConnectException: Connection refused: no further information
REQUEST		request_122	1645104648337	1645104648340	KO	j.n.ConnectException: Connection refused: no further information
REQUEST		POST Add Pet	1645104648525	1645104648541	KO	j.n.ConnectException: Connection refused: no further information
REQUEST		Get Edit Pet Page	1645104648587	1645104648589	KO	j.n.ConnectException: Connection refused: no further information
REQUEST		GET Add Owner	1645104648711	1645104648712	KO	j.n.ConnectException: Connection refused: no further information
REQUEST		GET Vets List	1645104648758	1645104648760	KO	j.n.ConnectException: Connection refused: no further information
REQUEST		POST Add Owner	1645104648945	1645104648949	KO	j.n.ConnectException: Connection refused: no further information
REQUEST		Get Add Pet	1645104649054	1645104649070	KO	j.n.ConnectException: Connection refused: no further information
REQUEST		POST Add Pet	1645104649415	1645104649416	KO	j.n.ConnectException: Connection refused: no further information
REQUEST		request_122	1645104649461	1645104649462	KO	j.n.ConnectException: Connection refused: no further information
REQUEST		request_137	1645104649540	1645104649541	KO	j.n.ConnectException: Connection refused: no further information
REQUEST		request_122	1645104649540	1645104649541	KO	j.n.ConnectException: Connection refused: no further information
REQUEST		Get Add Pet	1645104649618	1645104649620	KO	j.n.ConnectException: Connection refused: no further information
REQUEST		request_122	1645104649697	1645104649698	KO	j.n.ConnectException: Connection refused: no further information
REQUEST		Get Edit Pet Page	1645104649870	1645104649871	KO	j.n.ConnectException: Connection refused: no further information
REQUEST		GET Add Owner	1645104649996	1645104650012	KO	j.n.ConnectException: Connection refused: no further information
REQUEST		POST Add Owner	1645104650059	1645104650060	KO	j.n.ConnectException: Connection refused: no further information
REQUEST		Get Edit Pet Page	1645104650075	1645104650076	KO	j.n.ConnectException: Connection refused: no further information
REQUEST		request_137	1645104650123	1645104650124	KO	j.n.ConnectException: Connection refused: no further information
REQUEST		Get Edit Pet Page	1645104650123	1645104650124	KO	j.n.ConnectException: Connection refused: no further information
REQUEST		request_122	1645104650123	1645104650124	KO	j.n.ConnectException: Connection refused: no further information
REQUEST		POST Add Owner	1645104650201	1645104650217	KO	j.n.ConnectException: Connection refused: no further information
REQUEST		Get Add Pet	1645104650248	1645104650250	KO	j.n.ConnectException: Connection refused: no further information
REQUEST		Open Home Page	1645104650481	1645104650483	KO	j.n.ConnectException: Connection refused: no further information
REQUEST		request_137	1645104650497	1645104650499	KO	j.n.ConnectException: Connection refused: no further information
REQUEST		Open Home Page	1645104650545	1645104650546	KO	j.n.ConnectException: Connection refused: no further information
REQUEST		request_152	1645104650747	1645104650748	KO	j.n.ConnectException: Connection refused: no further information
REQUEST		request_122	1645104650778	1645104650779	KO	j.n.ConnectException: Connection refused: no further information
REQUEST		request_122	1645104651276	1645104651279	KO	j.n.ConnectException: Connection refused: no further information
REQUEST		request_122	1645104651322	1645104651323	KO	j.n.ConnectException: Connection refused: no further information
REQUEST		request_122	1645104651338	1645104651339	KO	j.n.ConnectException: Connection refused: no further information
REQUEST		POST Add Pet	1645104651445	1645104651447	KO	j.n.ConnectException: Connection refused: no further information
REQUEST		request_152	1645104651461	1645104651463	KO	j.n.ConnectException: Connection refused: no further information
REQUEST		request_137	1645104651650	1645104651651	KO	j.n.ConnectException: Connection refused: no further information
REQUEST		GET Find Owners Page	1645104651664	1645104651665	KO	j.n.ConnectException: Connection refused: no further information
REQUEST		Get Edit Pet Page	1645104651664	1645104651665	KO	j.n.ConnectException: Connection refused: no further information
REQUEST		Get Add Pet	1645104651741	1645104651743	KO	j.n.ConnectException: Connection refused: no further information
REQUEST		Get Add Pet	1645104651943	1645104651947	KO	j.n.ConnectException: Connection refused: no further information
REQUEST		request_122	1645104652162	1645104652163	KO	j.n.ConnectException: Connection refused: no further information
REQUEST		request_137	1645104652178	1645104652195	KO	j.n.ConnectException: Connection refused: no further information
REQUEST		request_137	1645104652288	1645104652289	KO	j.n.ConnectException: Connection refused: no further information
REQUEST		POST Add Pet	1645104652334	1645104652336	KO	j.n.ConnectException: Connection refused: no further information
REQUEST		POST Add Pet	1645104652567	1645104652571	KO	j.n.ConnectException: Connection refused: no further information
REQUEST		request_152	1645104652631	1645104652632	KO	j.n.ConnectException: Connection refused: no further information
REQUEST		POST Add Owner	1645104652708	1645104652724	KO	j.n.ConnectException: Connection refused: no further information
REQUEST		Get Edit Pet Page	1645104652756	1645104652757	KO	j.n.ConnectException: Connection refused: no further information
REQUEST		GET Find Owners Page	1645104652756	1645104652773	KO	j.n.ConnectException: Connection refused: no further information
REQUEST		Open Home Page	1645104653006	1645104653008	KO	j.n.ConnectException: Connection refused: no further information
REQUEST		request_137	1645104653083	1645104653084	KO	j.n.ConnectException: Connection refused: no further information
REQUEST		request_122	1645104653519	1645104653520	KO	j.n.ConnectException: Connection refused: no further information
REQUEST		request_137	1645104653564	1645104653566	KO	j.n.ConnectException: Connection refused: no further information
REQUEST		Open Home Page	1645104653672	1645104653673	KO	j.n.ConnectException: Connection refused: no further information
REQUEST		Get Add Pet	1645104653785	1645104653797	KO	j.n.ConnectException: Connection refused: no further information
REQUEST		request_137	1645104653858	1645104653859	KO	j.n.ConnectException: Connection refused: no further information
REQUEST		Get Edit Pet Page	1645104653874	1645104653878	KO	j.n.ConnectException: Connection refused: no further information
REQUEST		POST Add Pet	1645104654139	1645104654140	KO	j.n.ConnectException: Connection refused: no further information
REQUEST		request_152	1645104654201	1645104654217	KO	j.n.ConnectException: Connection refused: no further information
REQUEST		request_152	1645104654216	1645104654217	KO	j.n.ConnectException: Connection refused: no further information
REQUEST		request_137	1645104654232	1645104654233	KO	j.n.ConnectException: Connection refused: no further information
REQUEST		GET Add Owner	1645104654232	1645104654233	KO	j.n.ConnectException: Connection refused: no further information
REQUEST		GET Add Owner	1645104654296	1645104654300	KO	j.n.ConnectException: Connection refused: no further information
REQUEST		request_122	1645104654358	1645104654362	KO	j.n.ConnectException: Connection refused: no further information
REQUEST		POST Add Pet	1645104654419	1645104654435	KO	j.n.ConnectException: Connection refused: no further information
REQUEST		request_137	1645104654857	1645104654858	KO	j.n.ConnectException: Connection refused: no further information
REQUEST		POST Add Pet	1645104654966	1645104654968	KO	j.n.ConnectException: Connection refused: no further information
REQUEST		request_137	1645104654966	1645104654968	KO	j.n.ConnectException: Connection refused: no further information
REQUEST		request_152	1645104655013	1645104655015	KO	j.n.ConnectException: Connection refused: no further information
REQUEST		request_152	1645104655263	1645104655264	KO	j.n.ConnectException: Connection refused: no further information
REQUEST		Open Home Page	1645104655279	1645104655281	KO	j.n.ConnectException: Connection refused: no further information
REQUEST		request_152	1645104655311	1645104655312	KO	j.n.ConnectException: Connection refused: no further information
REQUEST		Get Edit Pet Page	1645104655388	1645104655404	KO	j.n.ConnectException: Connection refused: no further information
REQUEST		GET Find Owners Page	1645104655561	1645104655564	KO	j.n.ConnectException: Connection refused: no further information
REQUEST		Open Home Page	1645104655591	1645104655593	KO	j.n.ConnectException: Connection refused: no further information
REQUEST		request_152	1645104655591	1645104655593	KO	j.n.ConnectException: Connection refused: no further information
REQUEST		request_152	1645104655840	1645104655841	KO	j.n.ConnectException: Connection refused: no further information
REQUEST		GET Find Owners Page	1645104655887	1645104655889	KO	j.n.ConnectException: Connection refused: no further information
REQUEST		Get Edit Pet Page	1645104656043	1645104656045	KO	j.n.ConnectException: Connection refused: no further information
REQUEST		Open Home Page	1645104656184	1645104656186	KO	j.n.ConnectException: Connection refused: no further information
REQUEST		Open Home Page	1645104656277	1645104656278	KO	j.n.ConnectException: Connection refused: no further information
REQUEST		Get Edit Pet Page	1645104656277	1645104656292	KO	j.n.ConnectException: Connection refused: no further information
REQUEST		Get Edit Pet Page	1645104656401	1645104656403	KO	j.n.ConnectException: Connection refused: no further information
REQUEST		request_122	1645104656479	1645104656480	KO	j.n.ConnectException: Connection refused: no further information
REQUEST		request_152	1645104656652	1645104656656	KO	j.n.ConnectException: Connection refused: no further information
REQUEST		POST Add Owner	1645104656683	1645104656685	KO	j.n.ConnectException: Connection refused: no further information
REQUEST		GET Find Owners Page	1645104656746	1645104656762	KO	j.n.ConnectException: Connection refused: no further information
REQUEST		request_152	1645104656825	1645104656826	KO	j.n.ConnectException: Connection refused: no further information
REQUEST		Open Home Page	1645104656982	1645104656983	KO	j.n.ConnectException: Connection refused: no further information
REQUEST		POST Add Owner	1645104657076	1645104657077	KO	j.n.ConnectException: Connection refused: no further information
REQUEST		request_137	1645104657296	1645104657311	KO	j.n.ConnectException: Connection refused: no further information
REQUEST		Open Home Page	1645104657389	1645104657405	KO	j.n.ConnectException: Connection refused: no further information
REQUEST		GET Add Owner	1645104657497	1645104657513	KO	j.n.ConnectException: Connection refused: no further information
REQUEST		request_122	1645104657575	1645104657576	KO	j.n.ConnectException: Connection refused: no further information
REQUEST		request_137	1645104657901	1645104657902	KO	j.n.ConnectException: Connection refused: no further information
REQUEST		GET Find Owners Page	1645104658058	1645104658059	KO	j.n.ConnectException: Connection refused: no further information
REQUEST		GET Add Owner	1645104658122	1645104658124	KO	j.n.ConnectException: Connection refused: no further information
REQUEST		GET Find Owners Page	1645104658159	1645104658160	KO	j.n.ConnectException: Connection refused: no further information
REQUEST		Open Home Page	1645104658264	1645104658265	KO	j.n.ConnectException: Connection refused: no further information
REQUEST		GET Find Owners Page	1645104658311	1645104658312	KO	j.n.ConnectException: Connection refused: no further information
REQUEST		request_122	1645104658343	1645104658344	KO	j.n.ConnectException: Connection refused: no further information
REQUEST		Get Add Pet	1645104658391	1645104658392	KO	j.n.ConnectException: Connection refused: no further information
REQUEST		Open Home Page	1645104658455	1645104658456	KO	j.n.ConnectException: Connection refused: no further information
REQUEST		GET Find Owners Page	1645104658644	1645104658646	KO	j.n.ConnectException: Connection refused: no further information
REQUEST		request_122	1645104658660	1645104658662	KO	j.n.ConnectException: Connection refused: no further information
REQUEST		Open Home Page	1645104658660	1645104658676	KO	j.n.ConnectException: Connection refused: no further information
REQUEST		POST Add Owner	1645104658723	1645104658724	KO	j.n.ConnectException: Connection refused: no further information
REQUEST		request_152	1645104659052	1645104659053	KO	j.n.ConnectException: Connection refused: no further information
REQUEST		Get Add Pet	1645104659068	1645104659069	KO	j.n.ConnectException: Connection refused: no further information
REQUEST		request_122	1645104659100	1645104659101	KO	j.n.ConnectException: Connection refused: no further information
REQUEST		GET Find Owners Page	1645104659131	1645104659132	KO	j.n.ConnectException: Connection refused: no further information
REQUEST		request_152	1645104659241	1645104659242	KO	j.n.ConnectException: Connection refused: no further information
REQUEST		GET Find Owners By LastName	1645104659257	1645104659258	KO	j.n.ConnectException: Connection refused: no further information
REQUEST		Open Home Page	1645104659336	1645104659337	KO	j.n.ConnectException: Connection refused: no further information
REQUEST		POST Add Pet	1645104659461	1645104659463	KO	j.n.ConnectException: Connection refused: no further information
REQUEST		GET Add Owner	1645104659508	1645104659510	KO	j.n.ConnectException: Connection refused: no further information
REQUEST		GET Find Owners Page	1645104659806	1645104659807	KO	j.n.ConnectException: Connection refused: no further information
REQUEST		POST Add Owner	1645104659852	1645104659854	KO	j.n.ConnectException: Connection refused: no further information
REQUEST		GET Add Owner	1645104659962	1645104659979	KO	j.n.ConnectException: Connection refused: no further information
REQUEST		GET Find Owners Page	1645104660072	1645104660073	KO	j.n.ConnectException: Connection refused: no further information
REQUEST		Get Add Pet	1645104660197	1645104660198	KO	j.n.ConnectException: Connection refused: no further information
REQUEST		request_137	1645104660244	1645104660246	KO	j.n.ConnectException: Connection refused: no further information
REQUEST		GET Add Owner	1645104660370	1645104660386	KO	j.n.ConnectException: Connection refused: no further information
REQUEST		Open Home Page	1645104660431	1645104660447	KO	j.n.ConnectException: Connection refused: no further information
REQUEST		request_137	1645104660820	1645104660821	KO	j.n.ConnectException: Connection refused: no further information
REQUEST		GET Find Owners Page	1645104660946	1645104660947	KO	j.n.ConnectException: Connection refused: no further information
REQUEST		request_137	1645104661072	1645104661074	KO	j.n.ConnectException: Connection refused: no further information
REQUEST		request_137	1645104661151	1645104661166	KO	j.n.ConnectException: Connection refused: no further information
REQUEST		Open Home Page	1645104661197	1645104661198	KO	j.n.ConnectException: Connection refused: no further information
REQUEST		GET Find Owners Page	1645104661307	1645104661323	KO	j.n.ConnectException: Connection refused: no further information
REQUEST		GET Add Owner	1645104661385	1645104661401	KO	j.n.ConnectException: Connection refused: no further information
REQUEST		POST Add Pet	1645104661557	1645104661558	KO	j.n.ConnectException: Connection refused: no further information
REQUEST		GET Find Owners By LastName	1645104661572	1645104661573	KO	j.n.ConnectException: Connection refused: no further information
REQUEST		Get Open Edit Owner Page	1645104661712	1645104661714	KO	j.n.ConnectException: Connection refused: no further information
REQUEST		GET Add Owner	1645104661759	1645104661775	KO	j.n.ConnectException: Connection refused: no further information
REQUEST		request_152	1645104661852	1645104661854	KO	j.n.ConnectException: Connection refused: no further information
REQUEST		Get Edit Pet Page	1645104661914	1645104661915	KO	j.n.ConnectException: Connection refused: no further information
REQUEST		GET Find Owners By LastName	1645104662070	1645104662086	KO	j.n.ConnectException: Connection refused: no further information
REQUEST		POST Add Owner	1645104662101	1645104662102	KO	j.n.ConnectException: Connection refused: no further information
REQUEST		GET Add Owner	1645104662367	1645104662368	KO	j.n.ConnectException: Connection refused: no further information
REQUEST		POST Add Owner	1645104662428	1645104662431	KO	j.n.ConnectException: Connection refused: no further information
REQUEST		GET Find Owners Page	1645104662444	1645104662446	KO	j.n.ConnectException: Connection refused: no further information
REQUEST		POST Add Owner	1645104662522	1645104662523	KO	j.n.ConnectException: Connection refused: no further information
REQUEST		Get Edit Pet Page	1645104662632	1645104662633	KO	j.n.ConnectException: Connection refused: no further information
REQUEST		request_152	1645104662663	1645104662665	KO	j.n.ConnectException: Connection refused: no further information
REQUEST		POST Add Pet	1645104662772	1645104662774	KO	j.n.ConnectException: Connection refused: no further information
REQUEST		Get Add Pet	1645104662819	1645104662822	KO	j.n.ConnectException: Connection refused: no further information
REQUEST		GET Find Owners Page	1645104662866	1645104662869	KO	j.n.ConnectException: Connection refused: no further information
REQUEST		POST Update Owner	1645104662928	1645104662944	KO	j.n.ConnectException: Connection refused: no further information
REQUEST		POST Add Owner	1645104662990	1645104662993	KO	j.n.ConnectException: Connection refused: no further information
REQUEST		GET Add Owner	1645104663131	1645104663132	KO	j.n.ConnectException: Connection refused: no further information
REQUEST		POST Add Owner	1645104663394	1645104663396	KO	j.n.ConnectException: Connection refused: no further information
REQUEST		request_122	1645104663457	1645104663459	KO	j.n.ConnectException: Connection refused: no further information
REQUEST		GET Find Owners By LastName	1645104663488	1645104663489	KO	j.n.ConnectException: Connection refused: no further information
REQUEST		request_152	1645104663628	1645104663631	KO	j.n.ConnectException: Connection refused: no further information
REQUEST		request_152	1645104663752	1645104663753	KO	j.n.ConnectException: Connection refused: no further information
REQUEST		GET Vets List	1645104663987	1645104663988	KO	j.n.ConnectException: Connection refused: no further information
REQUEST		Get Open Edit Owner Page	1645104664049	1645104664052	KO	j.n.ConnectException: Connection refused: no further information
REQUEST		Open Home Page	1645104664157	1645104664158	KO	j.n.ConnectException: Connection refused: no further information
REQUEST		Get Open Edit Owner Page	1645104664421	1645104664423	KO	j.n.ConnectException: Connection refused: no further information
REQUEST		Open Home Page	1645104664437	1645104664439	KO	j.n.ConnectException: Connection refused: no further information
REQUEST		Get Open Edit Owner Page	1645104664531	1645104664534	KO	j.n.ConnectException: Connection refused: no further information
REQUEST		GET Add Owner	1645104664594	1645104664596	KO	j.n.ConnectException: Connection refused: no further information
REQUEST		POST Add Owner	1645104664689	1645104664690	KO	j.n.ConnectException: Connection refused: no further information
REQUEST		Get Edit Pet Page	1645104664860	1645104664863	KO	j.n.ConnectException: Connection refused: no further information
REQUEST		request_122	1645104664923	1645104664924	KO	j.n.ConnectException: Connection refused: no further information
REQUEST		POST Add Owner	1645104665047	1645104665051	KO	j.n.ConnectException: Connection refused: no further information
REQUEST		Get Add Pet	1645104665047	1645104665051	KO	j.n.ConnectException: Connection refused: no further information
REQUEST		Get Add Pet	1645104665062	1645104665065	KO	j.n.ConnectException: Connection refused: no further information
REQUEST		Open Home Page	1645104665280	1645104665283	KO	j.n.ConnectException: Connection refused: no further information
REQUEST		Get Add Pet	1645104665374	1645104665376	KO	j.n.ConnectException: Connection refused: no further information
REQUEST		POST Add Pet	1645104665513	1645104665514	KO	j.n.ConnectException: Connection refused: no further information
REQUEST		POST Update Owner	1645104665544	1645104665546	KO	j.n.ConnectException: Connection refused: no further information
REQUEST		Open Home Page	1645104665606	1645104665607	KO	j.n.ConnectException: Connection refused: no further information
REQUEST		POST Add Owner	1645104665653	1645104665654	KO	j.n.ConnectException: Connection refused: no further information
REQUEST		GET Find Owners Page	1645104665653	1645104665654	KO	j.n.ConnectException: Connection refused: no further information
REQUEST		request_137	1645104665685	1645104665702	KO	j.n.ConnectException: Connection refused: no further information
REQUEST		Get Add Pet	1645104665732	1645104665733	KO	j.n.ConnectException: Connection refused: no further information
REQUEST		request_137	1645104666047	1645104666048	KO	j.n.ConnectException: Connection refused: no further information
REQUEST		GET Find Owners Page	1645104666047	1645104666063	KO	j.n.ConnectException: Connection refused: no further information
REQUEST		Get Add Pet	1645104666140	1645104666156	KO	j.n.ConnectException: Connection refused: no further information
REQUEST		POST Update Owner	1645104666249	1645104666250	KO	j.n.ConnectException: Connection refused: no further information
REQUEST		POST Update Owner	1645104666405	1645104666406	KO	j.n.ConnectException: Connection refused: no further information
REQUEST		request_122	1645104666467	1645104666469	KO	j.n.ConnectException: Connection refused: no further information
REQUEST		POST Add Pet	1645104666467	1645104666469	KO	j.n.ConnectException: Connection refused: no further information
REQUEST		Open Home Page	1645104666761	1645104666764	KO	j.n.ConnectException: Connection refused: no further information
REQUEST		Get Add Pet	1645104666885	1645104666886	KO	j.n.ConnectException: Connection refused: no further information
REQUEST		POST Add Pet	1645104666885	1645104666886	KO	j.n.ConnectException: Connection refused: no further information
REQUEST		GET Find Owners Page	1645104667042	1645104667043	KO	j.n.ConnectException: Connection refused: no further information
REQUEST		GET Vets List	1645104667290	1645104667291	KO	j.n.ConnectException: Connection refused: no further information
REQUEST		POST Add Pet	1645104667382	1645104667383	KO	j.n.ConnectException: Connection refused: no further information
REQUEST		request_152	1645104667398	1645104667414	KO	j.n.ConnectException: Connection refused: no further information
REQUEST		POST Add Pet	1645104667413	1645104667414	KO	j.n.ConnectException: Connection refused: no further information
REQUEST		GET Find Owners Page	1645104667460	1645104667461	KO	j.n.ConnectException: Connection refused: no further information
REQUEST		Get Add Pet	1645104667616	1645104667620	KO	j.n.ConnectException: Connection refused: no further information
REQUEST		Get Edit Pet Page	1645104667616	1645104667620	KO	j.n.ConnectException: Connection refused: no further information
REQUEST		GET Add Owner	1645104667616	1645104667621	KO	j.n.ConnectException: Connection refused: no further information
REQUEST		POST Add Pet	1645104667834	1645104667835	KO	j.n.ConnectException: Connection refused: no further information
REQUEST		request_152	1645104667866	1645104667881	KO	j.n.ConnectException: Connection refused: no further information
REQUEST		Get Add Pet	1645104668051	1645104668052	KO	j.n.ConnectException: Connection refused: no further information
REQUEST		GET Vets List	1645104668051	1645104668052	KO	j.n.ConnectException: Connection refused: no further information
REQUEST		POST Add Pet	1645104668223	1645104668224	KO	j.n.ConnectException: Connection refused: no further information
REQUEST		GET Add Owner	1645104668333	1645104668334	KO	j.n.ConnectException: Connection refused: no further information
REQUEST		GET Vets List	1645104668538	1645104668539	KO	j.n.ConnectException: Connection refused: no further information
REQUEST		Get Edit Pet Page	1645104668601	1645104668603	KO	j.n.ConnectException: Connection refused: no further information
REQUEST		request_137	1645104668742	1645104668743	KO	j.n.ConnectException: Connection refused: no further information
REQUEST		Open Home Page	1645104669039	1645104669040	KO	j.n.ConnectException: Connection refused: no further information
REQUEST		POST Add Pet	1645104669054	1645104669057	KO	j.n.ConnectException: Connection refused: no further information
REQUEST		GET Find Owners Page	1645104669101	1645104669104	KO	j.n.ConnectException: Connection refused: no further information
REQUEST		Get Edit Pet Page	1645104669116	1645104669119	KO	j.n.ConnectException: Connection refused: no further information
REQUEST		request_122	1645104669177	1645104669178	KO	j.n.ConnectException: Connection refused: no further information
REQUEST		GET Add Owner	1645104669209	1645104669225	KO	j.n.ConnectException: Connection refused: no further information
REQUEST		Get Edit Pet Page	1645104669395	1645104669397	KO	j.n.ConnectException: Connection refused: no further information
REQUEST		Open Home Page	1645104669488	1645104669491	KO	j.n.ConnectException: Connection refused: no further information
REQUEST		GET Add Owner	1645104669659	1645104669660	KO	j.n.ConnectException: Connection refused: no further information
REQUEST		Get Edit Pet Page	1645104669659	1645104669675	KO	j.n.ConnectException: Connection refused: no further information
REQUEST		Get Edit Pet Page	1645104669815	1645104669818	KO	j.n.ConnectException: Connection refused: no further information
REQUEST		Open Home Page	1645104670157	1645104670173	KO	j.n.ConnectException: Connection refused: no further information
REQUEST		POST Add Pet	1645104670173	1645104670174	KO	j.n.ConnectException: Connection refused: no further information
REQUEST		POST Add Owner	1645104670235	1645104670237	KO	j.n.ConnectException: Connection refused: no further information
REQUEST		POST Add Owner	1645104670298	1645104670300	KO	j.n.ConnectException: Connection refused: no further information
REQUEST		Get Edit Pet Page	1645104670485	1645104670487	KO	j.n.ConnectException: Connection refused: no further information
REQUEST		Open Home Page	1645104670563	1645104670565	KO	j.n.ConnectException: Connection refused: no further information
REQUEST		GET Add Owner	1645104670656	1645104670672	KO	j.n.ConnectException: Connection refused: no further information
REQUEST		request_122	1645104670703	1645104670704	KO	j.n.ConnectException: Connection refused: no further information
REQUEST		GET Find Owners Page	1645104670781	1645104670782	KO	j.n.ConnectException: Connection refused: no further information
REQUEST		Get Edit Pet Page	1645104670813	1645104670829	KO	j.n.ConnectException: Connection refused: no further information
REQUEST		POST Add Owner	1645104671313	1645104671314	KO	j.n.ConnectException: Connection refused: no further information
REQUEST		request_122	1645104671440	1645104671443	KO	j.n.ConnectException: Connection refused: no further information
REQUEST		request_137	1645104671440	1645104671444	KO	j.n.ConnectException: Connection refused: no further information
REQUEST		Open Home Page	1645104671486	1645104671489	KO	j.n.ConnectException: Connection refused: no further information
REQUEST		request_122	1645104671671	1645104671673	KO	j.n.ConnectException: Connection refused: no further information
REQUEST		request_152	1645104671748	1645104671751	KO	j.n.ConnectException: Connection refused: no further information
REQUEST		request_137	1645104671748	1645104671751	KO	j.n.ConnectException: Connection refused: no further information
REQUEST		POST Add Owner	1645104671905	1645104671906	KO	j.n.ConnectException: Connection refused: no further information
REQUEST		GET Find Owners Page	1645104671951	1645104671952	KO	j.n.ConnectException: Connection refused: no further information
REQUEST		Get Add Pet	1645104672029	1645104672032	KO	j.n.ConnectException: Connection refused: no further information
REQUEST		request_122	1645104672029	1645104672032	KO	j.n.ConnectException: Connection refused: no further information
REQUEST		GET Find Owners Page	1645104672278	1645104672279	KO	j.n.ConnectException: Connection refused: no further information
REQUEST		request_122	1645104672403	1645104672405	KO	j.n.ConnectException: Connection refused: no further information
REQUEST		POST Add Owner	1645104672463	1645104672465	KO	j.n.ConnectException: Connection refused: no further information
REQUEST		request_122	1645104672479	1645104672481	KO	j.n.ConnectException: Connection refused: no further information
REQUEST		Get Edit Pet Page	1645104672542	1645104672544	KO	j.n.ConnectException: Connection refused: no further information
REQUEST		GET Find Owners Page	1645104672683	1645104672685	KO	j.n.ConnectException: Connection refused: no further information
REQUEST		Get Add Pet	1645104672761	1645104672762	KO	j.n.ConnectException: Connection refused: no further information
REQUEST		request_122	1645104672775	1645104672777	KO	j.n.ConnectException: Connection refused: no further information
REQUEST		Get Add Pet	1645104672839	1645104672840	KO	j.n.ConnectException: Connection refused: no further information
REQUEST		GET Find Owners Page	1645104673385	1645104673386	KO	j.n.ConnectException: Connection refused: no further information
REQUEST		request_137	1645104673543	1645104673545	KO	j.n.ConnectException: Connection refused: no further information
REQUEST		request_137	1645104673650	1645104673651	KO	j.n.ConnectException: Connection refused: no further information
REQUEST		Open Home Page	1645104673682	1645104673699	KO	j.n.ConnectException: Connection refused: no further information
REQUEST		GET Add Owner	1645104673744	1645104673747	KO	j.n.ConnectException: Connection refused: no further information
REQUEST		request_137	1645104673900	1645104673903	KO	j.n.ConnectException: Connection refused: no further information
REQUEST		request_137	1645104673962	1645104673965	KO	j.n.ConnectException: Connection refused: no further information
REQUEST		Get Add Pet	1645104673994	1645104673997	KO	j.n.ConnectException: Connection refused: no further information
REQUEST		POST Add Pet	1645104674040	1645104674041	KO	j.n.ConnectException: Connection refused: no further information
REQUEST		POST Add Pet	1645104674166	1645104674167	KO	j.n.ConnectException: Connection refused: no further information
REQUEST		request_137	1645104674243	1645104674246	KO	j.n.ConnectException: Connection refused: no further information
REQUEST		request_152	1645104674258	1645104674261	KO	j.n.ConnectException: Connection refused: no further information
REQUEST		request_152	1645104674446	1645104674449	KO	j.n.ConnectException: Connection refused: no further information
REQUEST		GET Add Owner	1645104674556	1645104674560	KO	j.n.ConnectException: Connection refused: no further information
REQUEST		GET Find Owners By LastName	1645104674727	1645104674728	KO	j.n.ConnectException: Connection refused: no further information
REQUEST		GET Add Owner	1645104674837	1645104674838	KO	j.n.ConnectException: Connection refused: no further information
REQUEST		request_137	1645104675057	1645104675072	KO	j.n.ConnectException: Connection refused: no further information
REQUEST		Get Add Pet	1645104675057	1645104675073	KO	j.n.ConnectException: Connection refused: no further information
REQUEST		request_152	1645104675089	1645104675090	KO	j.n.ConnectException: Connection refused: no further information
REQUEST		request_122	1645104675277	1645104675278	KO	j.n.ConnectException: Connection refused: no further information
REQUEST		POST Add Pet	1645104675277	1645104675278	KO	j.n.ConnectException: Connection refused: no further information
REQUEST		GET Find Owners By LastName	1645104675418	1645104675421	KO	j.n.ConnectException: Connection refused: no further information
REQUEST		request_152	1645104675418	1645104675421	KO	j.n.ConnectException: Connection refused: no further information
REQUEST		Open Home Page	1645104675745	1645104675746	KO	j.n.ConnectException: Connection refused: no further information
REQUEST		Open Home Page	1645104675807	1645104675823	KO	j.n.ConnectException: Connection refused: no further information
REQUEST		request_152	1645104675822	1645104675824	KO	j.n.ConnectException: Connection refused: no further information
REQUEST		POST Add Owner	1645104675947	1645104675950	KO	j.n.ConnectException: Connection refused: no further information
REQUEST		Get Open Edit Owner Page	1645104676150	1645104676151	KO	j.n.ConnectException: Connection refused: no further information
REQUEST		request_152	1645104676165	1645104676166	KO	j.n.ConnectException: Connection refused: no further information
REQUEST		POST Add Owner	1645104676245	1645104676245	KO	j.n.ConnectException: Connection refused: no further information
REQUEST		POST Add Owner	1645104676292	1645104676307	KO	j.n.ConnectException: Connection refused: no further information
REQUEST		request_152	1645104676322	1645104676324	KO	j.n.ConnectException: Connection refused: no further information
REQUEST		POST Add Pet	1645104676338	1645104676339	KO	j.n.ConnectException: Connection refused: no further information
REQUEST		request_152	1645104676431	1645104676432	KO	j.n.ConnectException: Connection refused: no further information
REQUEST		Open Home Page	1645104676447	1645104676462	KO	j.n.ConnectException: Connection refused: no further information
REQUEST		POST Add Pet	1645104676556	1645104676558	KO	j.n.ConnectException: Connection refused: no further information
REQUEST		GET Find Owners Page	1645104676650	1645104676651	KO	j.n.ConnectException: Connection refused: no further information
REQUEST		Get Edit Pet Page	1645104676851	1645104676855	KO	j.n.ConnectException: Connection refused: no further information
REQUEST		Get Edit Pet Page	1645104676882	1645104676897	KO	j.n.ConnectException: Connection refused: no further information
REQUEST		Get Edit Pet Page	1645104676991	1645104676992	KO	j.n.ConnectException: Connection refused: no further information
REQUEST		Get Open Edit Owner Page	1645104677100	1645104677102	KO	j.n.ConnectException: Connection refused: no further information
REQUEST		Open Home Page	1645104677163	1645104677164	KO	j.n.ConnectException: Connection refused: no further information
REQUEST		Open Home Page	1645104677618	1645104677619	KO	j.n.ConnectException: Connection refused: no further information
REQUEST		Get Add Pet	1645104677618	1645104677619	KO	j.n.ConnectException: Connection refused: no further information
REQUEST		Get Edit Pet Page	1645104677618	1645104677619	KO	j.n.ConnectException: Connection refused: no further information
REQUEST		Get Add Pet	1645104677665	1645104677667	KO	j.n.ConnectException: Connection refused: no further information
REQUEST		Get Add Pet	1645104677712	1645104677714	KO	j.n.ConnectException: Connection refused: no further information
REQUEST		GET Find Owners Page	1645104678009	1645104678011	KO	j.n.ConnectException: Connection refused: no further information
REQUEST		request_137	1645104678119	1645104678120	KO	j.n.ConnectException: Connection refused: no further information
REQUEST		POST Update Owner	1645104678134	1645104678137	KO	j.n.ConnectException: Connection refused: no further information
REQUEST		Open Home Page	1645104678150	1645104678152	KO	j.n.ConnectException: Connection refused: no further information
REQUEST		Open Home Page	1645104678196	1645104678199	KO	j.n.ConnectException: Connection refused: no further information
REQUEST		GET Find Owners Page	1645104678227	1645104678230	KO	j.n.ConnectException: Connection refused: no further information
REQUEST		GET Find Owners Page	1645104678367	1645104678368	KO	j.n.ConnectException: Connection refused: no further information
REQUEST		Get Edit Pet Page	1645104678741	1645104678742	KO	j.n.ConnectException: Connection refused: no further information
REQUEST		request_122	1645104678741	1645104678742	KO	j.n.ConnectException: Connection refused: no further information
REQUEST		GET Find Owners Page	1645104678756	1645104678757	KO	j.n.ConnectException: Connection refused: no further information
REQUEST		GET Add Owner	1645104678834	1645104678837	KO	j.n.ConnectException: Connection refused: no further information
REQUEST		Open Home Page	1645104678927	1645104678944	KO	j.n.ConnectException: Connection refused: no further information
REQUEST		POST Update Owner	1645104679008	1645104679010	KO	j.n.ConnectException: Connection refused: no further information
REQUEST		POST Add Pet	1645104679146	1645104679162	KO	j.n.ConnectException: Connection refused: no further information
REQUEST		request_122	1645104679255	1645104679258	KO	j.n.ConnectException: Connection refused: no further information
REQUEST		GET Add Owner	1645104679472	1645104679475	KO	j.n.ConnectException: Connection refused: no further information
REQUEST		GET Add Owner	1645104679489	1645104679491	KO	j.n.ConnectException: Connection refused: no further information
REQUEST		request_122	1645104679519	1645104679522	KO	j.n.ConnectException: Connection refused: no further information
REQUEST		GET Find Owners Page	1645104679674	1645104679675	KO	j.n.ConnectException: Connection refused: no further information
REQUEST		GET Add Owner	1645104679940	1645104679943	KO	j.n.ConnectException: Connection refused: no further information
REQUEST		request_152	1645104680050	1645104680051	KO	j.n.ConnectException: Connection refused: no further information
REQUEST		GET Find Owners Page	1645104680113	1645104680113	KO	j.n.ConnectException: Connection refused: no further information
REQUEST		GET Add Owner	1645104680328	1645104680347	KO	j.n.ConnectException: Connection refused: no further information
REQUEST		GET Find Owners Page	1645104680378	1645104680379	KO	j.n.ConnectException: Connection refused: no further information
REQUEST		POST Add Pet	1645104680426	1645104680442	KO	j.n.ConnectException: Connection refused: no further information
REQUEST		POST Add Pet	1645104680456	1645104680458	KO	j.n.ConnectException: Connection refused: no further information
REQUEST		request_122	1645104680567	1645104680568	KO	j.n.ConnectException: Connection refused: no further information
REQUEST		GET Vets List	1645104680583	1645104680584	KO	j.n.ConnectException: Connection refused: no further information
REQUEST		POST Add Owner	1645104680599	1645104680600	KO	j.n.ConnectException: Connection refused: no further information
REQUEST		request_137	1645104680662	1645104680678	KO	j.n.ConnectException: Connection refused: no further information
REQUEST		request_137	1645104680880	1645104680882	KO	j.n.ConnectException: Connection refused: no further information
REQUEST		GET Find Owners Page	1645104680911	1645104680913	KO	j.n.ConnectException: Connection refused: no further information
REQUEST		request_137	1645104681052	1645104681054	KO	j.n.ConnectException: Connection refused: no further information
REQUEST		request_122	1645104681193	1645104681193	KO	j.n.ConnectException: Connection refused: no further information
REQUEST		GET Vets List	1645104681224	1645104681240	KO	j.n.ConnectException: Connection refused: no further information
REQUEST		POST Add Owner	1645104681379	1645104681394	KO	j.n.ConnectException: Connection refused: no further information
REQUEST		POST Add Owner	1645104681441	1645104681442	KO	j.n.ConnectException: Connection refused: no further information
REQUEST		Get Edit Pet Page	1645104681611	1645104681612	KO	j.n.ConnectException: Connection refused: no further information
REQUEST		POST Add Owner	1645104681643	1645104681645	KO	j.n.ConnectException: Connection refused: no further information
REQUEST		GET Add Owner	1645104681659	1645104681662	KO	j.n.ConnectException: Connection refused: no further information
REQUEST		Get Edit Pet Page	1645104681768	1645104681769	KO	j.n.ConnectException: Connection refused: no further information
REQUEST		GET Find Owners By LastName	1645104681832	1645104681847	KO	j.n.ConnectException: Connection refused: no further information
REQUEST		Get Edit Pet Page	1645104681924	1645104681927	KO	j.n.ConnectException: Connection refused: no further information
REQUEST		request_152	1645104681987	1645104681990	KO	j.n.ConnectException: Connection refused: no further information
REQUEST		GET Add Owner	1645104682018	1645104682021	KO	j.n.ConnectException: Connection refused: no further information
REQUEST		POST Add Owner	1645104682096	1645104682112	KO	j.n.ConnectException: Connection refused: no further information
REQUEST		Open Home Page	1645104682376	1645104682377	KO	j.n.ConnectException: Connection refused: no further information
REQUEST		Open Home Page	1645104682471	1645104682473	KO	j.n.ConnectException: Connection refused: no further information
REQUEST		request_152	1645104682517	1645104682519	KO	j.n.ConnectException: Connection refused: no further information
REQUEST		Get Add Pet	1645104682548	1645104682550	KO	j.n.ConnectException: Connection refused: no further information
REQUEST		request_137	1645104682580	1645104682581	KO	j.n.ConnectException: Connection refused: no further information
REQUEST		Open Home Page	1645104682643	1645104682644	KO	j.n.ConnectException: Connection refused: no further information
REQUEST		request_137	1645104682752	1645104682768	KO	j.n.ConnectException: Connection refused: no further information
REQUEST		Get Add Pet	1645104682798	1645104682814	KO	j.n.ConnectException: Connection refused: no further information
REQUEST		Get Add Pet	1645104682954	1645104682955	KO	j.n.ConnectException: Connection refused: no further information
REQUEST		request_122	1645104682969	1645104682969	KO	j.n.ConnectException: Connection refused: no further information
REQUEST		GET Add Owner	1645104683122	1645104683138	KO	j.n.ConnectException: Connection refused: no further information
REQUEST		Get Add Pet	1645104683309	1645104683309	KO	j.n.ConnectException: Connection refused: no further information
REQUEST		request_122	1645104683324	1645104683340	KO	j.n.ConnectException: Connection refused: no further information
REQUEST		POST Add Owner	1645104683526	1645104683527	KO	j.n.ConnectException: Connection refused: no further information
REQUEST		GET Find Owners Page	1645104683839	1645104683839	KO	j.n.ConnectException: Connection refused: no further information
REQUEST		request_152	1645104683933	1645104683948	KO	j.n.ConnectException: Connection refused: no further information
REQUEST		Get Add Pet	1645104684026	1645104684027	KO	j.n.ConnectException: Connection refused: no further information
REQUEST		Open Home Page	1645104684041	1645104684042	KO	j.n.ConnectException: Connection refused: no further information
REQUEST		request_152	1645104684041	1645104684042	KO	j.n.ConnectException: Connection refused: no further information
REQUEST		POST Add Pet	1645104684056	1645104684072	KO	j.n.ConnectException: Connection refused: no further information
REQUEST		request_122	1645104684072	1645104684088	KO	j.n.ConnectException: Connection refused: no further information
REQUEST		POST Add Pet	1645104684242	1645104684242	KO	j.n.ConnectException: Connection refused: no further information
REQUEST		GET Find Owners Page	1645104684446	1645104684448	KO	j.n.ConnectException: Connection refused: no further information
REQUEST		Get Open Edit Owner Page	1645104684790	1645104684792	KO	j.n.ConnectException: Connection refused: no further information
REQUEST		POST Add Owner	1645104684790	1645104684807	KO	j.n.ConnectException: Connection refused: no further information
REQUEST		Get Add Pet	1645104684869	1645104684885	KO	j.n.ConnectException: Connection refused: no further information
REQUEST		Open Home Page	1645104684963	1645104684964	KO	j.n.ConnectException: Connection refused: no further information
REQUEST		GET Find Owners Page	1645104684994	1645104684994	KO	j.n.ConnectException: Connection refused: no further information
REQUEST		POST Add Owner	1645104685133	1645104685134	KO	j.n.ConnectException: Connection refused: no further information
REQUEST		POST Add Pet	1645104685226	1645104685229	KO	j.n.ConnectException: Connection refused: no further information
REQUEST		request_137	1645104685382	1645104685398	KO	j.n.ConnectException: Connection refused: no further information
REQUEST		Open Home Page	1645104685460	1645104685462	KO	j.n.ConnectException: Connection refused: no further information
REQUEST		request_152	1645104685476	1645104685478	KO	j.n.ConnectException: Connection refused: no further information
REQUEST		POST Add Pet	1645104685492	1645104685495	KO	j.n.ConnectException: Connection refused: no further information
REQUEST		request_137	1645104685679	1645104685681	KO	j.n.ConnectException: Connection refused: no further information
REQUEST		Get Edit Pet Page	1645104685710	1645104685712	KO	j.n.ConnectException: Connection refused: no further information
REQUEST		Open Home Page	1645104685787	1645104685804	KO	j.n.ConnectException: Connection refused: no further information
REQUEST		POST Update Owner	1645104685835	1645104685837	KO	j.n.ConnectException: Connection refused: no further information
REQUEST		Get Edit Pet Page	1645104685897	1645104685899	KO	j.n.ConnectException: Connection refused: no further information
REQUEST		POST Add Pet	1645104686040	1645104686041	KO	j.n.ConnectException: Connection refused: no further information
REQUEST		request_137	1645104686040	1645104686056	KO	j.n.ConnectException: Connection refused: no further information
REQUEST		Get Add Pet	1645104686214	1645104686216	KO	j.n.ConnectException: Connection refused: no further information
REQUEST		POST Add Pet	1645104686229	1645104686231	KO	j.n.ConnectException: Connection refused: no further information
REQUEST		GET Add Owner	1645104686245	1645104686247	KO	j.n.ConnectException: Connection refused: no further information
REQUEST		request_152	1645104686711	1645104686711	KO	j.n.ConnectException: Connection refused: no further information
REQUEST		GET Find Owners Page	1645104686711	1645104686726	KO	j.n.ConnectException: Connection refused: no further information
REQUEST		GET Add Owner	1645104686741	1645104686742	KO	j.n.ConnectException: Connection refused: no further information
REQUEST		Open Home Page	1645104686788	1645104686804	KO	j.n.ConnectException: Connection refused: no further information
REQUEST		request_152	1645104687101	1645104687104	KO	j.n.ConnectException: Connection refused: no further information
REQUEST		GET Vets List	1645104687164	1645104687166	KO	j.n.ConnectException: Connection refused: no further information
REQUEST		request_152	1645104687275	1645104687277	KO	j.n.ConnectException: Connection refused: no further information
REQUEST		GET Add Owner	1645104687353	1645104687354	KO	j.n.ConnectException: Connection refused: no further information
REQUEST		Get Edit Pet Page	1645104687369	1645104687385	KO	j.n.ConnectException: Connection refused: no further information
REQUEST		GET Find Owners Page	1645104687495	1645104687495	KO	j.n.ConnectException: Connection refused: no further information
REQUEST		Get Add Pet	1645104687572	1645104687588	KO	j.n.ConnectException: Connection refused: no further information
REQUEST		GET Find Owners Page	1645104687634	1645104687635	KO	j.n.ConnectException: Connection refused: no further information
REQUEST		Get Edit Pet Page	1645104688132	1645104688134	KO	j.n.ConnectException: Connection refused: no further information
REQUEST		GET Find Owners Page	1645104688132	1645104688134	KO	j.n.ConnectException: Connection refused: no further information
REQUEST		Get Edit Pet Page	1645104688164	1645104688165	KO	j.n.ConnectException: Connection refused: no further information
REQUEST		GET Find Owners Page	1645104688398	1645104688400	KO	j.n.ConnectException: Connection refused: no further information
REQUEST		Get Edit Pet Page	1645104688492	1645104688493	KO	j.n.ConnectException: Connection refused: no further information
REQUEST		Open Home Page	1645104688524	1645104688526	KO	j.n.ConnectException: Connection refused: no further information
REQUEST		GET Add Owner	1645104688571	1645104688572	KO	j.n.ConnectException: Connection refused: no further information
REQUEST		request_122	1645104688634	1645104688635	KO	j.n.ConnectException: Connection refused: no further information
REQUEST		Open Home Page	1645104688744	1645104688744	KO	j.n.ConnectException: Connection refused: no further information
REQUEST		request_122	1645104688775	1645104688790	KO	j.n.ConnectException: Connection refused: no further information
REQUEST		POST Add Owner	1645104688851	1645104688852	KO	j.n.ConnectException: Connection refused: no further information
REQUEST		POST Add Pet	1645104689084	1645104689087	KO	j.n.ConnectException: Connection refused: no further information
REQUEST		POST Add Owner	1645104689240	1645104689242	KO	j.n.ConnectException: Connection refused: no further information
REQUEST		request_122	1645104689412	1645104689413	KO	j.n.ConnectException: Connection refused: no further information
REQUEST		GET Add Owner	1645104689443	1645104689444	KO	j.n.ConnectException: Connection refused: no further information
REQUEST		POST Add Pet	1645104689539	1645104689541	KO	j.n.ConnectException: Connection refused: no further information
REQUEST		Open Home Page	1645104689586	1645104689588	KO	j.n.ConnectException: Connection refused: no further information
REQUEST		request_122	1645104689632	1645104689648	KO	j.n.ConnectException: Connection refused: no further information
REQUEST		Open Home Page	1645104689773	1645104689775	KO	j.n.ConnectException: Connection refused: no further information
REQUEST		GET Find Owners Page	1645104689988	1645104689990	KO	j.n.ConnectException: Connection refused: no further information
REQUEST		Get Add Pet	1645104690020	1645104690022	KO	j.n.ConnectException: Connection refused: no further information
REQUEST		POST Add Owner	1645104690050	1645104690051	KO	j.n.ConnectException: Connection refused: no further information
REQUEST		POST Add Owner	1645104690050	1645104690051	KO	j.n.ConnectException: Connection refused: no further information
REQUEST		GET Add Owner	1645104690268	1645104690269	KO	j.n.ConnectException: Connection refused: no further information
REQUEST		request_122	1645104690268	1645104690269	KO	j.n.ConnectException: Connection refused: no further information
REQUEST		Get Add Pet	1645104690364	1645104690365	KO	j.n.ConnectException: Connection refused: no further information
REQUEST		GET Add Owner	1645104690851	1645104690852	KO	j.n.ConnectException: Connection refused: no further information
REQUEST		GET Find Owners Page	1645104691054	1645104691057	KO	j.n.ConnectException: Connection refused: no further information
REQUEST		POST Add Owner	1645104691054	1645104691057	KO	j.n.ConnectException: Connection refused: no further information
REQUEST		GET Find Owners Page	1645104691100	1645104691116	KO	j.n.ConnectException: Connection refused: no further information
REQUEST		POST Add Pet	1645104691179	1645104691179	KO	j.n.ConnectException: Connection refused: no further information
REQUEST		request_137	1645104691335	1645104691336	KO	j.n.ConnectException: Connection refused: no further information
REQUEST		GET Find Owners By LastName	1645104691350	1645104691366	KO	j.n.ConnectException: Connection refused: no further information
REQUEST		request_122	1645104691429	1645104691444	KO	j.n.ConnectException: Connection refused: no further information
REQUEST		Get Edit Pet Page	1645104691568	1645104691569	KO	j.n.ConnectException: Connection refused: no further information
REQUEST		request_137	1645104691568	1645104691569	KO	j.n.ConnectException: Connection refused: no further information
REQUEST		request_137	1645104691568	1645104691569	KO	j.n.ConnectException: Connection refused: no further information
REQUEST		GET Find Owners By LastName	1645104691770	1645104691773	KO	j.n.ConnectException: Connection refused: no further information
REQUEST		Get Edit Pet Page	1645104691770	1645104691773	KO	j.n.ConnectException: Connection refused: no further information
REQUEST		Get Add Pet	1645104691785	1645104691788	KO	j.n.ConnectException: Connection refused: no further information
REQUEST		POST Add Pet	1645104691910	1645104691925	KO	j.n.ConnectException: Connection refused: no further information
REQUEST		request_137	1645104691955	1645104691972	KO	j.n.ConnectException: Connection refused: no further information
REQUEST		Get Add Pet	1645104692081	1645104692081	KO	j.n.ConnectException: Connection refused: no further information
REQUEST		POST Add Owner	1645104692081	1645104692081	KO	j.n.ConnectException: Connection refused: no further information
REQUEST		GET Find Owners Page	1645104692127	1645104692143	KO	j.n.ConnectException: Connection refused: no further information
REQUEST		Get Add Pet	1645104692378	1645104692379	KO	j.n.ConnectException: Connection refused: no further information
REQUEST		request_152	1645104692550	1645104692551	KO	j.n.ConnectException: Connection refused: no further information
REQUEST		Get Edit Pet Page	1645104692797	1645104692798	KO	j.n.ConnectException: Connection refused: no further information
REQUEST		request_122	1645104692797	1645104692813	KO	j.n.ConnectException: Connection refused: no further information
REQUEST		request_152	1645104692860	1645104692861	KO	j.n.ConnectException: Connection refused: no further information
REQUEST		Get Open Edit Owner Page	1645104692876	1645104692876	KO	j.n.ConnectException: Connection refused: no further information
REQUEST		POST Add Pet	1645104692908	1645104692908	KO	j.n.ConnectException: Connection refused: no further information
REQUEST		request_137	1645104692955	1645104692972	KO	j.n.ConnectException: Connection refused: no further information
REQUEST		POST Add Owner	1645104693142	1645104693145	KO	j.n.ConnectException: Connection refused: no further information
REQUEST		POST Add Pet	1645104693281	1645104693283	KO	j.n.ConnectException: Connection refused: no further information
REQUEST		GET Add Owner	1645104693406	1645104693422	KO	j.n.ConnectException: Connection refused: no further information
REQUEST		request_122	1645104693421	1645104693436	KO	j.n.ConnectException: Connection refused: no further information
REQUEST		request_137	1645104693467	1645104693483	KO	j.n.ConnectException: Connection refused: no further information
REQUEST		Get Add Pet	1645104693797	1645104693798	KO	j.n.ConnectException: Connection refused: no further information
REQUEST		GET Add Owner	1645104693907	1645104693910	KO	j.n.ConnectException: Connection refused: no further information
REQUEST		GET Add Owner	1645104694033	1645104694034	KO	j.n.ConnectException: Connection refused: no further information
REQUEST		Get Edit Pet Page	1645104694111	1645104694112	KO	j.n.ConnectException: Connection refused: no further information
REQUEST		Get Open Edit Owner Page	1645104694127	1645104694128	KO	j.n.ConnectException: Connection refused: no further information
REQUEST		Open Home Page	1645104694221	1645104694222	KO	j.n.ConnectException: Connection refused: no further information
REQUEST		request_152	1645104694346	1645104694347	KO	j.n.ConnectException: Connection refused: no further information
REQUEST		request_152	1645104694361	1645104694363	KO	j.n.ConnectException: Connection refused: no further information
REQUEST		request_122	1645104694564	1645104694567	KO	j.n.ConnectException: Connection refused: no further information
REQUEST		POST Add Pet	1645104694564	1645104694567	KO	j.n.ConnectException: Connection refused: no further information
REQUEST		POST Update Owner	1645104694877	1645104694893	KO	j.n.ConnectException: Connection refused: no further information
REQUEST		POST Add Owner	1645104695003	1645104695006	KO	j.n.ConnectException: Connection refused: no further information
REQUEST		Open Home Page	1645104695221	1645104695222	KO	j.n.ConnectException: Connection refused: no further information
REQUEST		request_152	1645104695267	1645104695269	KO	j.n.ConnectException: Connection refused: no further information
REQUEST		request_122	1645104695329	1645104695331	KO	j.n.ConnectException: Connection refused: no further information
REQUEST		request_137	1645104695329	1645104695331	KO	j.n.ConnectException: Connection refused: no further information
REQUEST		request_137	1645104695345	1645104695346	KO	j.n.ConnectException: Connection refused: no further information
REQUEST		POST Add Owner	1645104695438	1645104695439	KO	j.n.ConnectException: Connection refused: no further information
REQUEST		POST Add Owner	1645104695545	1645104695562	KO	j.n.ConnectException: Connection refused: no further information
REQUEST		POST Add Pet	1645104695703	1645104695718	KO	j.n.ConnectException: Connection refused: no further information
REQUEST		Get Edit Pet Page	1645104695733	1645104695734	KO	j.n.ConnectException: Connection refused: no further information
REQUEST		request_137	1645104695780	1645104695781	KO	j.n.ConnectException: Connection refused: no further information
REQUEST		request_152	1645104695858	1645104695861	KO	j.n.ConnectException: Connection refused: no further information
REQUEST		Get Add Pet	1645104695999	1645104696000	KO	j.n.ConnectException: Connection refused: no further information
REQUEST		Get Edit Pet Page	1645104696047	1645104696048	KO	j.n.ConnectException: Connection refused: no further information
REQUEST		Open Home Page	1645104696172	1645104696172	KO	j.n.ConnectException: Connection refused: no further information
REQUEST		GET Vets List	1645104696171	1645104696172	KO	j.n.ConnectException: Connection refused: no further information
REQUEST		POST Update Owner	1645104696470	1645104696471	KO	j.n.ConnectException: Connection refused: no further information
REQUEST		Get Add Pet	1645104696516	1645104696517	KO	j.n.ConnectException: Connection refused: no further information
REQUEST		request_152	1645104696703	1645104696704	KO	j.n.ConnectException: Connection refused: no further information
REQUEST		GET Find Owners Page	1645104696703	1645104696704	KO	j.n.ConnectException: Connection refused: no further information
REQUEST		Open Home Page	1645104696829	1645104696831	KO	j.n.ConnectException: Connection refused: no further information
REQUEST		request_137	1645104696877	1645104696878	KO	j.n.ConnectException: Connection refused: no further information
REQUEST		Open Home Page	1645104696893	1645104696894	KO	j.n.ConnectException: Connection refused: no further information
REQUEST		request_152	1645104696925	1645104696940	KO	j.n.ConnectException: Connection refused: no further information
REQUEST		GET Find Owners Page	1645104697001	1645104697002	KO	j.n.ConnectException: Connection refused: no further information
REQUEST		Get Add Pet	1645104697048	1645104697050	KO	j.n.ConnectException: Connection refused: no further information
REQUEST		GET Find Owners Page	1645104697224	1645104697225	KO	j.n.ConnectException: Connection refused: no further information
REQUEST		POST Add Pet	1645104697333	1645104697334	KO	j.n.ConnectException: Connection refused: no further information
REQUEST		request_122	1645104697365	1645104697366	KO	j.n.ConnectException: Connection refused: no further information
REQUEST		request_152	1645104697428	1645104697429	KO	j.n.ConnectException: Connection refused: no further information
USER	RecordedSimulation2	END	1645104697462
REQUEST		Get Edit Pet Page	1645104697491	1645104697492	KO	j.n.ConnectException: Connection refused: no further information
REQUEST		request_122	1645104697677	1645104697692	KO	j.n.ConnectException: Connection refused: no further information
REQUEST		POST Add Pet	1645104698376	1645104698377	KO	j.n.ConnectException: Connection refused: no further information
USER	RecordedSimulation2	END	1645104698433
REQUEST		Get Edit Pet Page	1645104698442	1645104698443	KO	j.n.ConnectException: Connection refused: no further information
REQUEST		Get Add Pet	1645104698462	1645104698463	KO	j.n.ConnectException: Connection refused: no further information
REQUEST		GET Find Owners Page	1645104698571	1645104698572	KO	j.n.ConnectException: Connection refused: no further information
REQUEST		GET Vets List	1645104698728	1645104698729	KO	j.n.ConnectException: Connection refused: no further information
REQUEST		GET Add Owner	1645104699053	1645104699054	KO	j.n.ConnectException: Connection refused: no further information
REQUEST		POST Add Pet	1645104699193	1645104699194	KO	j.n.ConnectException: Connection refused: no further information
USER	RecordedSimulation2	END	1645104699255
REQUEST		GET Find Owners Page	1645104699285	1645104699287	KO	j.n.ConnectException: Connection refused: no further information
REQUEST		GET Add Owner	1645104699332	1645104699333	KO	j.n.ConnectException: Connection refused: no further information
REQUEST		Open Home Page	1645104699417	1645104699419	KO	j.n.ConnectException: Connection refused: no further information
REQUEST		request_152	1645104699505	1645104699506	KO	j.n.ConnectException: Connection refused: no further information
REQUEST		Get Edit Pet Page	1645104699568	1645104699569	KO	j.n.ConnectException: Connection refused: no further information
REQUEST		request_122	1645104699802	1645104699818	KO	j.n.ConnectException: Connection refused: no further information
REQUEST		GET Add Owner	1645104699879	1645104699880	KO	j.n.ConnectException: Connection refused: no further information
REQUEST		Get Edit Pet Page	1645104699972	1645104699973	KO	j.n.ConnectException: Connection refused: no further information
USER	RecordedSimulation2	END	1645104700127
REQUEST		request_137	1645104700220	1645104700221	KO	j.n.ConnectException: Connection refused: no further information
REQUEST		request_137	1645104700314	1645104700330	KO	j.n.ConnectException: Connection refused: no further information
REQUEST		GET Add Owner	1645104700580	1645104700580	KO	j.n.ConnectException: Connection refused: no further information
USER	RecordedSimulation2	END	1645104700689
REQUEST		request_122	1645104700768	1645104700769	KO	j.n.ConnectException: Connection refused: no further information
REQUEST		POST Add Pet	1645104700910	1645104700941	KO	j.n.ConnectException: Connection refused: no further information
REQUEST		POST Add Owner	1645104700941	1645104700942	KO	j.n.ConnectException: Connection refused: no further information
REQUEST		POST Add Owner	1645104701051	1645104701067	KO	j.n.ConnectException: Connection refused: no further information
REQUEST		Get Edit Pet Page	1645104701097	1645104701112	KO	j.n.ConnectException: Connection refused: no further information
REQUEST		POST Add Owner	1645104701270	1645104701270	KO	j.n.ConnectException: Connection refused: no further information
REQUEST		GET Add Owner	1645104701361	1645104701362	KO	j.n.ConnectException: Connection refused: no further information
REQUEST		request_152	1645104701393	1645104701393	KO	j.n.ConnectException: Connection refused: no further information
REQUEST		request_137	1645104701469	1645104701485	KO	j.n.ConnectException: Connection refused: no further information
USER	RecordedSimulation2	END	1645104701671
REQUEST		request_122	1645104701749	1645104701750	KO	j.n.ConnectException: Connection refused: no further information
REQUEST		GET Find Owners Page	1645104702139	1645104702156	KO	j.n.ConnectException: Connection refused: no further information
REQUEST		request_152	1645104702171	1645104702172	KO	j.n.ConnectException: Connection refused: no further information
REQUEST		request_122	1645104702171	1645104702172	KO	j.n.ConnectException: Connection refused: no further information
REQUEST		Get Edit Pet Page	1645104702297	1645104702314	KO	j.n.ConnectException: Connection refused: no further information
REQUEST		request_122	1645104702528	1645104702544	KO	j.n.ConnectException: Connection refused: no further information
REQUEST		POST Add Owner	1645104702701	1645104702703	KO	j.n.ConnectException: Connection refused: no further information
REQUEST		POST Add Owner	1645104702872	1645104702888	KO	j.n.ConnectException: Connection refused: no further information
REQUEST		request_152	1645104702904	1645104702921	KO	j.n.ConnectException: Connection refused: no further information
USER	RecordedSimulation2	END	1645104703167
REQUEST		request_137	1645104703214	1645104703216	KO	j.n.ConnectException: Connection refused: no further information
REQUEST		Get Add Pet	1645104703430	1645104703431	KO	j.n.ConnectException: Connection refused: no further information
REQUEST		request_137	1645104703445	1645104703461	KO	j.n.ConnectException: Connection refused: no further information
REQUEST		request_137	1645104703585	1645104703587	KO	j.n.ConnectException: Connection refused: no further information
REQUEST		Get Add Pet	1645104703601	1645104703602	KO	j.n.ConnectException: Connection refused: no further information
REQUEST		request_137	1645104703896	1645104703897	KO	j.n.ConnectException: Connection refused: no further information
REQUEST		GET Find Owners By LastName	1645104703975	1645104703976	KO	j.n.ConnectException: Connection refused: no further information
USER	RecordedSimulation2	END	1645104704038
REQUEST		request_122	1645104704179	1645104704195	KO	j.n.ConnectException: Connection refused: no further information
USER	RecordedSimulation2	END	1645104704226
REQUEST		Get Add Pet	1645104704256	1645104704272	KO	j.n.ConnectException: Connection refused: no further information
REQUEST		Get Add Pet	1645104704736	1645104704738	KO	j.n.ConnectException: Connection refused: no further information
REQUEST		POST Add Pet	1645104704783	1645104704798	KO	j.n.ConnectException: Connection refused: no further information
REQUEST		request_152	1645104705098	1645104705114	KO	j.n.ConnectException: Connection refused: no further information
REQUEST		request_152	1645104705098	1645104705114	KO	j.n.ConnectException: Connection refused: no further information
REQUEST		Get Add Pet	1645104705365	1645104705381	KO	j.n.ConnectException: Connection refused: no further information
REQUEST		request_152	1645104705631	1645104705632	KO	j.n.ConnectException: Connection refused: no further information
REQUEST		request_152	1645104705726	1645104705727	KO	j.n.ConnectException: Connection refused: no further information
REQUEST		POST Add Pet	1645104705958	1645104705974	KO	j.n.ConnectException: Connection refused: no further information
REQUEST		POST Add Pet	1645104706300	1645104706301	KO	j.n.ConnectException: Connection refused: no further information
REQUEST		Get Open Edit Owner Page	1645104706488	1645104706504	KO	j.n.ConnectException: Connection refused: no further information
REQUEST		POST Add Pet	1645104706766	1645104706767	KO	j.n.ConnectException: Connection refused: no further information
REQUEST		request_137	1645104706766	1645104706782	KO	j.n.ConnectException: Connection refused: no further information
REQUEST		Get Edit Pet Page	1645104706828	1645104706844	KO	j.n.ConnectException: Connection refused: no further information
USER	RecordedSimulation2	END	1645104706876
REQUEST		Get Edit Pet Page	1645104707376	1645104707377	KO	j.n.ConnectException: Connection refused: no further information
USER	RecordedSimulation2	END	1645104707471
USER	RecordedSimulation2	END	1645104707642
USER	RecordedSimulation2	END	1645104707797
REQUEST		POST Update Owner	1645104707828	1645104707829	KO	j.n.ConnectException: Connection refused: no further information
REQUEST		request_122	1645104707970	1645104707970	KO	j.n.ConnectException: Connection refused: no further information
REQUEST		Get Edit Pet Page	1645104707985	1645104707987	KO	j.n.ConnectException: Connection refused: no further information
REQUEST		POST Add Pet	1645104708358	1645104708358	KO	j.n.ConnectException: Connection refused: no further information
REQUEST		request_122	1645104708405	1645104708405	KO	j.n.ConnectException: Connection refused: no further information
REQUEST		Get Edit Pet Page	1645104708750	1645104708751	KO	j.n.ConnectException: Connection refused: no further information
REQUEST		GET Vets List	1645104709234	1645104709235	KO	j.n.ConnectException: Connection refused: no further information
REQUEST		request_152	1645104709343	1645104709344	KO	j.n.ConnectException: Connection refused: no further information
REQUEST		request_122	1645104709623	1645104709623	KO	j.n.ConnectException: Connection refused: no further information
REQUEST		request_137	1645104709733	1645104709736	KO	j.n.ConnectException: Connection refused: no further information
REQUEST		request_122	1645104710480	1645104710496	KO	j.n.ConnectException: Connection refused: no further information
USER	RecordedSimulation2	END	1645104710824
REQUEST		Get Edit Pet Page	1645104710856	1645104710872	KO	j.n.ConnectException: Connection refused: no further information
REQUEST		request_137	1645104710966	1645104710983	KO	j.n.ConnectException: Connection refused: no further information
REQUEST		request_137	1645104711415	1645104711416	KO	j.n.ConnectException: Connection refused: no further information
USER	RecordedSimulation2	END	1645104711915
REQUEST		request_152	1645104712149	1645104712151	KO	j.n.ConnectException: Connection refused: no further information
REQUEST		request_122	1645104712307	1645104712323	KO	j.n.ConnectException: Connection refused: no further information
REQUEST		request_152	1645104712742	1645104712745	KO	j.n.ConnectException: Connection refused: no further information
REQUEST		request_137	1645104713273	1645104713288	KO	j.n.ConnectException: Connection refused: no further information
REQUEST		request_152	1645104713382	1645104713384	KO	j.n.ConnectException: Connection refused: no further information
USER	RecordedSimulation2	END	1645104714349
REQUEST		request_152	1645104714428	1645104714445	KO	j.n.ConnectException: Connection refused: no further information
REQUEST		request_137	1645104714740	1645104714741	KO	j.n.ConnectException: Connection refused: no further information
USER	RecordedSimulation2	END	1645104715116
USER	RecordedSimulation2	END	1645104716055
USER	RecordedSimulation2	END	1645104716459
REQUEST		request_152	1645104717706	1645104717708	KO	j.n.ConnectException: Connection refused: no further information
USER	RecordedSimulation2	END	1645104720214
