RUN	demoPetClinic.RecordedSimulationByHAR	recordedsimulationbyhar	1645555724474	 	3.7.4
USER	RecordedSimulationByHAR	START	1645555725642
REQUEST		Open Home Page	1645555725664	1645555725783	OK	 
USER	RecordedSimulationByHAR	START	1645555726647
REQUEST		Open Home Page	1645555726647	1645555726655	OK	 
USER	RecordedSimulationByHAR	START	1645555727644
REQUEST		Open Home Page	1645555727645	1645555727651	OK	 
REQUEST		GET Find Owners Page	1645555727988	1645555727994	OK	 
REQUEST		GET Find Owners Page	1645555728582	1645555728587	OK	 
USER	RecordedSimulationByHAR	START	1645555728647
REQUEST		Open Home Page	1645555728648	1645555728653	OK	 
REQUEST		GET Add Owner	1645555729492	1645555729499	OK	 
USER	RecordedSimulationByHAR	START	1645555729660
REQUEST		Open Home Page	1645555729661	1645555729678	OK	 
REQUEST		GET Find Owners Page	1645555729899	1645555729914	OK	 
REQUEST		GET Find Owners Page	1645555729960	1645555729965	OK	 
REQUEST		GET Add Owner	1645555731193	1645555731197	OK	 
REQUEST		POST Add Owner	1645555731210	1645555731217	OK	 
REQUEST		POST Add Owner Redirect 1	1645555731221	1645555731227	OK	 
REQUEST		Get Owners Info	1645555731234	1645555731265	OK	 
REQUEST		GET Add Owner	1645555731506	1645555731511	OK	 
REQUEST		POST Add Owner	1645555732613	1645555732617	OK	 
REQUEST		POST Add Owner Redirect 1	1645555732618	1645555732621	OK	 
REQUEST		Get Owners Info	1645555732623	1645555732651	OK	 
REQUEST		GET Find Owners Page	1645555732659	1645555732665	OK	 
REQUEST		GET Add Owner	1645555732690	1645555732695	OK	 
REQUEST		POST Add Owner	1645555733692	1645555733696	OK	 
REQUEST		POST Add Owner Redirect 1	1645555733697	1645555733700	OK	 
REQUEST		Get Owners Info	1645555733702	1645555733731	OK	 
REQUEST		Get Add Pet	1645555734131	1645555734148	OK	 
REQUEST		Get Add Pet	1645555734927	1645555734934	OK	 
REQUEST		POST Add Pet	1645555735538	1645555735548	OK	 
REQUEST		Get owners Info	1645555735549	1645555735582	OK	 
REQUEST		GET Add Owner	1645555735630	1645555735636	OK	 
REQUEST		POST Add Owner	1645555735691	1645555735695	OK	 
REQUEST		POST Add Owner Redirect 1	1645555735696	1645555735699	OK	 
REQUEST		Get Owners Info	1645555735701	1645555735731	OK	 
REQUEST		Get Add Pet	1645555736498	1645555736505	OK	 
REQUEST		Get Edit Pet Page	1645555736991	1645555736999	OK	 
REQUEST		POST Add Owner	1645555737709	1645555737720	OK	 
REQUEST		POST Add Owner Redirect 1	1645555737720	1645555737726	OK	 
REQUEST		Get Owners Info	1645555737727	1645555737758	OK	 
REQUEST		POST Add Pet	1645555737813	1645555737822	OK	 
REQUEST		Get owners Info	1645555737824	1645555737853	OK	 
REQUEST		Get Add Pet	1645555738512	1645555738524	OK	 
REQUEST		POST Add Pet	1645555739059	1645555739067	OK	 
REQUEST		Get owners Info	1645555739068	1645555739098	OK	 
REQUEST		request_122	1645555739244	1645555739254	OK	 
REQUEST		request_122 Redirect 1	1645555739254	1645555739285	OK	 
REQUEST		Get owners Info	1645555739287	1645555739317	OK	 
REQUEST		Get Edit Pet Page	1645555739712	1645555739724	OK	 
REQUEST		POST Add Pet	1645555739790	1645555739803	OK	 
REQUEST		Get owners Info	1645555739805	1645555739839	OK	 
REQUEST		Get Add Pet	1645555740116	1645555740124	OK	 
REQUEST		request_137	1645555740489	1645555740520	OK	 
REQUEST		Get Edit Pet Page	1645555741001	1645555741010	OK	 
REQUEST		request_122	1645555741063	1645555741073	OK	 
REQUEST		request_122 Redirect 1	1645555741073	1645555741103	OK	 
REQUEST		Get owners Info	1645555741104	1645555741139	OK	 
REQUEST		Get Edit Pet Page	1645555742479	1645555742491	OK	 
REQUEST		POST Add Pet	1645555742556	1645555742566	OK	 
REQUEST		Get owners Info	1645555742567	1645555742596	OK	 
REQUEST		request_152	1645555743133	1645555743139	OK	 
REQUEST		request_137	1645555743133	1645555743163	OK	 
REQUEST		request_152 Redirect 1	1645555743139	1645555743169	OK	 
REQUEST		Get owners Info	1645555743170	1645555743204	OK	 
REQUEST		request_122	1645555743786	1645555743795	OK	 
REQUEST		request_122 Redirect 1	1645555743795	1645555743824	OK	 
REQUEST		Get owners Info	1645555743826	1645555743854	OK	 
REQUEST		request_122	1645555744376	1645555744384	OK	 
REQUEST		request_122 Redirect 1	1645555744385	1645555744413	OK	 
REQUEST		Get owners Info	1645555744414	1645555744444	OK	 
REQUEST		Open Home Page	1645555744501	1645555744507	OK	 
REQUEST		request_152	1645555744657	1645555744664	OK	 
REQUEST		request_152 Redirect 1	1645555744665	1645555744694	OK	 
REQUEST		Get owners Info	1645555744695	1645555744724	OK	 
REQUEST		Get Edit Pet Page	1645555744860	1645555744870	OK	 
REQUEST		request_137	1645555745666	1645555745697	OK	 
REQUEST		request_137	1645555746211	1645555746239	OK	 
REQUEST		GET Find Owners Page	1645555746646	1645555746652	OK	 
REQUEST		Open Home Page	1645555746770	1645555746774	OK	 
REQUEST		request_122	1645555747053	1645555747064	OK	 
REQUEST		request_122 Redirect 1	1645555747064	1645555747094	OK	 
REQUEST		Get owners Info	1645555747095	1645555747123	OK	 
REQUEST		request_152	1645555747489	1645555747497	OK	 
REQUEST		request_152 Redirect 1	1645555747497	1645555747527	OK	 
REQUEST		Get owners Info	1645555747528	1645555747558	OK	 
REQUEST		GET Find Owners Page	1645555748069	1645555748080	OK	 
REQUEST		GET Add Owner	1645555748069	1645555748083	OK	 
REQUEST		request_137	1645555748473	1645555748504	OK	 
REQUEST		request_152	1645555748645	1645555748652	OK	 
REQUEST		request_152 Redirect 1	1645555748652	1645555748689	OK	 
REQUEST		Get owners Info	1645555748690	1645555748721	OK	 
REQUEST		Open Home Page	1645555748861	1645555748866	OK	 
REQUEST		GET Add Owner	1645555749124	1645555749128	OK	 
REQUEST		Open Home Page	1645555749892	1645555749901	OK	 
REQUEST		request_152	1645555750265	1645555750271	OK	 
REQUEST		request_152 Redirect 1	1645555750271	1645555750301	OK	 
REQUEST		Get owners Info	1645555750302	1645555750332	OK	 
REQUEST		POST Add Owner	1645555750451	1645555750458	OK	 
REQUEST		POST Add Owner Redirect 1	1645555750458	1645555750462	OK	 
REQUEST		Get Owners Info	1645555750463	1645555750492	OK	 
REQUEST		GET Find Owners Page	1645555751121	1645555751126	OK	 
REQUEST		POST Add Owner	1645555751369	1645555751374	OK	 
REQUEST		POST Add Owner Redirect 1	1645555751375	1645555751378	OK	 
REQUEST		Get Owners Info	1645555751379	1645555751395	OK	 
REQUEST		GET Find Owners Page	1645555751400	1645555751403	OK	 
REQUEST		Open Home Page	1645555751715	1645555751720	OK	 
REQUEST		Get Add Pet	1645555753119	1645555753129	OK	 
REQUEST		Get Add Pet	1645555753166	1645555753172	OK	 
REQUEST		GET Add Owner	1645555753166	1645555753172	OK	 
REQUEST		GET Find Owners Page	1645555753912	1645555753915	OK	 
REQUEST		GET Find Owners By LastName	1645555753912	1645555753921	OK	 
REQUEST		Get Owners Info	1645555753927	1645555753992	OK	 
REQUEST		POST Add Pet	1645555754833	1645555754843	OK	 
REQUEST		Get owners Info	1645555754844	1645555754866	OK	 
REQUEST		POST Add Owner	1645555755525	1645555755529	OK	 
REQUEST		POST Add Owner Redirect 1	1645555755529	1645555755533	OK	 
REQUEST		Get Owners Info	1645555755534	1645555755562	OK	 
REQUEST		POST Add Pet	1645555755555	1645555755562	OK	 
REQUEST		Get owners Info	1645555755563	1645555755592	OK	 
REQUEST		Get Open Edit Owner Page	1645555755617	1645555755624	OK	 
REQUEST		GET Add Owner	1645555756777	1645555756781	OK	 
REQUEST		Get Add Pet	1645555757058	1645555757065	OK	 
REQUEST		Get Edit Pet Page	1645555757275	1645555757287	OK	 
REQUEST		Get Edit Pet Page	1645555757604	1645555757612	OK	 
REQUEST		POST Update Owner	1645555757728	1645555757734	OK	 
REQUEST		POST Update Owner Redirect 1	1645555757735	1645555757763	OK	 
REQUEST		GET Owners Info	1645555757764	1645555757774	OK	 
REQUEST		POST Add Owner	1645555757820	1645555757824	OK	 
REQUEST		POST Add Owner Redirect 1	1645555757824	1645555757828	OK	 
REQUEST		Get Owners Info	1645555757829	1645555757859	OK	 
REQUEST		request_122	1645555758745	1645555758757	OK	 
REQUEST		request_122 Redirect 1	1645555758757	1645555758791	OK	 
REQUEST		Get owners Info	1645555758793	1645555758824	OK	 
REQUEST		GET Vets List	1645555759252	1645555759259	OK	 
REQUEST		Get Add Pet	1645555759252	1645555759260	OK	 
REQUEST		POST Add Pet	1645555759534	1645555759542	OK	 
REQUEST		Get owners Info	1645555759543	1645555759582	OK	 
REQUEST		request_122	1645555759595	1645555759606	OK	 
REQUEST		request_122 Redirect 1	1645555759606	1645555759642	OK	 
REQUEST		Get owners Info	1645555759643	1645555759677	OK	 
REQUEST		request_137	1645555760306	1645555760338	OK	 
REQUEST		POST Add Pet	1645555760646	1645555760657	OK	 
REQUEST		Get owners Info	1645555760659	1645555760704	OK	 
REQUEST		request_137	1645555761048	1645555761081	OK	 
REQUEST		Open Home Page	1645555761630	1645555761636	OK	 
REQUEST		Get Edit Pet Page	1645555761677	1645555761683	OK	 
REQUEST		request_152	1645555762409	1645555762417	OK	 
REQUEST		request_152 Redirect 1	1645555762417	1645555762440	OK	 
REQUEST		Get owners Info	1645555762441	1645555762463	OK	 
REQUEST		GET Find Owners Page	1645555763089	1645555763094	OK	 
REQUEST		request_152	1645555763449	1645555763454	OK	 
REQUEST		request_152 Redirect 1	1645555763454	1645555763472	OK	 
REQUEST		Get owners Info	1645555763473	1645555763482	OK	 
REQUEST		Get Edit Pet Page	1645555763622	1645555763627	OK	 
REQUEST		GET Add Owner	1645555764293	1645555764297	OK	 
REQUEST		request_122	1645555764339	1645555764353	OK	 
REQUEST		request_122 Redirect 1	1645555764354	1645555764364	OK	 
REQUEST		Get owners Info	1645555764365	1645555764382	OK	 
REQUEST		Open Home Page	1645555764974	1645555764976	OK	 
REQUEST		Open Home Page	1645555765981	1645555765984	OK	 
REQUEST		request_137	1645555766214	1645555766223	OK	 
REQUEST		request_122	1645555766588	1645555766593	OK	 
REQUEST		request_122 Redirect 1	1645555766594	1645555766608	OK	 
REQUEST		Get owners Info	1645555766609	1645555766616	OK	 
REQUEST		POST Add Owner	1645555767152	1645555767154	OK	 
REQUEST		POST Add Owner Redirect 1	1645555767155	1645555767157	OK	 
REQUEST		Get Owners Info	1645555767158	1645555767167	OK	 
REQUEST		GET Find Owners Page	1645555767337	1645555767343	OK	 
REQUEST		request_152	1645555767430	1645555767436	OK	 
REQUEST		request_152 Redirect 1	1645555767437	1645555767448	OK	 
REQUEST		Get owners Info	1645555767449	1645555767459	OK	 
REQUEST		GET Find Owners Page	1645555767789	1645555767792	OK	 
REQUEST		Open Home Page	1645555768655	1645555768657	OK	 
REQUEST		request_137	1645555768717	1645555768727	OK	 
REQUEST		GET Find Owners By LastName	1645555768857	1645555768864	OK	 
REQUEST		Get Owners Info	1645555768867	1645555768877	OK	 
REQUEST		GET Add Owner	1645555769916	1645555769920	OK	 
REQUEST		GET Find Owners Page	1645555769932	1645555769935	OK	 
REQUEST		Get Open Edit Owner Page	1645555770043	1645555770047	OK	 
REQUEST		Get Add Pet	1645555770090	1645555770095	OK	 
REQUEST		request_152	1645555770199	1645555770206	OK	 
REQUEST		request_152 Redirect 1	1645555770206	1645555770215	OK	 
REQUEST		Get owners Info	1645555770216	1645555770226	OK	 
REQUEST		POST Add Pet	1645555771691	1645555771696	OK	 
REQUEST		Get owners Info	1645555771697	1645555771712	OK	 
REQUEST		POST Add Owner	1645555771785	1645555771788	OK	 
REQUEST		POST Add Owner Redirect 1	1645555771788	1645555771792	OK	 
REQUEST		Get Owners Info	1645555771793	1645555771805	OK	 
REQUEST		GET Add Owner	1645555772052	1645555772055	OK	 
REQUEST		POST Update Owner	1645555772616	1645555772620	OK	 
REQUEST		POST Update Owner Redirect 1	1645555772620	1645555772628	OK	 
REQUEST		GET Owners Info	1645555772629	1645555772633	OK	 
REQUEST		Open Home Page	1645555773064	1645555773067	OK	 
REQUEST		Get Add Pet	1645555773237	1645555773240	OK	 
REQUEST		GET Vets List	1645555773661	1645555773665	OK	 
REQUEST		Get Edit Pet Page	1645555774369	1645555774374	OK	 
REQUEST		POST Add Owner	1645555774762	1645555774765	OK	 
REQUEST		POST Add Owner Redirect 1	1645555774766	1645555774770	OK	 
REQUEST		Get Owners Info	1645555774771	1645555774782	OK	 
REQUEST		GET Find Owners Page	1645555774933	1645555774936	OK	 
REQUEST		Open Home Page	1645555775058	1645555775061	OK	 
REQUEST		Get Add Pet	1645555775838	1645555775848	OK	 
REQUEST		POST Add Pet	1645555775852	1645555775857	OK	 
REQUEST		Get owners Info	1645555775858	1645555775866	OK	 
REQUEST		GET Find Owners Page	1645555776481	1645555776486	OK	 
REQUEST		request_122	1645555776604	1645555776608	OK	 
REQUEST		request_122 Redirect 1	1645555776609	1645555776616	OK	 
REQUEST		Get owners Info	1645555776617	1645555776625	OK	 
REQUEST		Get Edit Pet Page	1645555776964	1645555776970	OK	 
REQUEST		GET Find Owners By LastName	1645555777266	1645555777273	OK	 
REQUEST		Get Owners Info	1645555777274	1645555777282	OK	 
REQUEST		POST Add Pet	1645555777703	1645555777711	OK	 
REQUEST		Get owners Info	1645555777712	1645555777719	OK	 
REQUEST		GET Add Owner	1645555777952	1645555777956	OK	 
REQUEST		request_137	1645555778548	1645555778557	OK	 
REQUEST		request_122	1645555778672	1645555778678	OK	 
REQUEST		request_122 Redirect 1	1645555778678	1645555778686	OK	 
REQUEST		Get owners Info	1645555778687	1645555778694	OK	 
REQUEST		Get Open Edit Owner Page	1645555779403	1645555779407	OK	 
REQUEST		request_137	1645555780407	1645555780469	OK	 
REQUEST		Get Edit Pet Page	1645555780454	1645555780472	OK	 
REQUEST		POST Add Owner	1645555780750	1645555780754	OK	 
REQUEST		POST Add Owner Redirect 1	1645555780754	1645555780758	OK	 
REQUEST		Get Owners Info	1645555780758	1645555780766	OK	 
REQUEST		request_152	1645555781500	1645555781505	OK	 
REQUEST		request_152 Redirect 1	1645555781506	1645555781513	OK	 
REQUEST		Get owners Info	1645555781514	1645555781521	OK	 
REQUEST		request_122	1645555781577	1645555781589	OK	 
REQUEST		request_122 Redirect 1	1645555781589	1645555781597	OK	 
REQUEST		Get owners Info	1645555781598	1645555781609	OK	 
REQUEST		POST Update Owner	1645555781750	1645555781754	OK	 
REQUEST		POST Update Owner Redirect 1	1645555781754	1645555781762	OK	 
REQUEST		GET Owners Info	1645555781763	1645555781767	OK	 
REQUEST		request_137	1645555782637	1645555782646	OK	 
REQUEST		request_152	1645555782952	1645555782956	OK	 
REQUEST		request_152 Redirect 1	1645555782957	1645555782965	OK	 
REQUEST		Get owners Info	1645555782965	1645555782973	OK	 
REQUEST		Open Home Page	1645555783203	1645555783207	OK	 
REQUEST		Get Add Pet	1645555783203	1645555783209	OK	 
REQUEST		GET Vets List	1645555783749	1645555783754	OK	 
REQUEST		Open Home Page	1645555785310	1645555785313	OK	 
REQUEST		request_152	1645555785310	1645555785315	OK	 
REQUEST		request_152 Redirect 1	1645555785315	1645555785324	OK	 
REQUEST		Get owners Info	1645555785325	1645555785332	OK	 
REQUEST		GET Find Owners Page	1645555785467	1645555785471	OK	 
REQUEST		POST Add Pet	1645555786044	1645555786049	OK	 
REQUEST		Get owners Info	1645555786051	1645555786061	OK	 
REQUEST		GET Find Owners Page	1645555786485	1645555786494	OK	 
REQUEST		Open Home Page	1645555786656	1645555786659	OK	 
REQUEST		GET Add Owner	1645555787501	1645555787505	OK	 
REQUEST		Get Edit Pet Page	1645555787734	1645555787739	OK	 
REQUEST		Open Home Page	1645555787969	1645555787972	OK	 
REQUEST		GET Find Owners Page	1645555788188	1645555788190	OK	 
REQUEST		GET Add Owner	1645555789127	1645555789131	OK	 
REQUEST		request_122	1645555789442	1645555789447	OK	 
REQUEST		request_122 Redirect 1	1645555789447	1645555789455	OK	 
REQUEST		Get owners Info	1645555789456	1645555789463	OK	 
REQUEST		POST Add Owner	1645555789503	1645555789506	OK	 
REQUEST		POST Add Owner Redirect 1	1645555789506	1645555789509	OK	 
REQUEST		Get Owners Info	1645555789510	1645555789518	OK	 
REQUEST		GET Find Owners Page	1645555789534	1645555789537	OK	 
REQUEST		GET Add Owner	1645555790162	1645555790165	OK	 
REQUEST		POST Add Owner	1645555791182	1645555791188	OK	 
REQUEST		POST Add Owner Redirect 1	1645555791189	1645555791192	OK	 
REQUEST		Get Owners Info	1645555791192	1645555791201	OK	 
REQUEST		request_137	1645555791353	1645555791363	OK	 
REQUEST		Get Add Pet	1645555791509	1645555791515	OK	 
REQUEST		GET Find Owners By LastName	1645555791682	1645555791690	OK	 
REQUEST		Get Owners Info	1645555791691	1645555791699	OK	 
REQUEST		Get Add Pet	1645555792715	1645555792719	OK	 
REQUEST		POST Add Owner	1645555792778	1645555792781	OK	 
REQUEST		POST Add Owner Redirect 1	1645555792781	1645555792784	OK	 
REQUEST		Get Owners Info	1645555792784	1645555792792	OK	 
REQUEST		request_152	1645555793167	1645555793172	OK	 
REQUEST		request_152 Redirect 1	1645555793172	1645555793180	OK	 
REQUEST		Get owners Info	1645555793181	1645555793189	OK	 
REQUEST		POST Add Pet	1645555793826	1645555793831	OK	 
REQUEST		Get owners Info	1645555793832	1645555793840	OK	 
REQUEST		Get Open Edit Owner Page	1645555794013	1645555794022	OK	 
REQUEST		Get Add Pet	1645555794497	1645555794501	OK	 
REQUEST		Get Edit Pet Page	1645555794872	1645555794878	OK	 
REQUEST		POST Add Pet	1645555795390	1645555795395	OK	 
REQUEST		Get owners Info	1645555795396	1645555795403	OK	 
REQUEST		POST Update Owner	1645555795652	1645555795657	OK	 
REQUEST		POST Update Owner Redirect 1	1645555795657	1645555795665	OK	 
REQUEST		GET Owners Info	1645555795666	1645555795670	OK	 
USER	RecordedSimulationByHAR	END	1645555795826
REQUEST		Get Edit Pet Page	1645555796429	1645555796435	OK	 
REQUEST		GET Vets List	1645555797083	1645555797086	OK	 
REQUEST		POST Add Pet	1645555797380	1645555797386	OK	 
REQUEST		Get owners Info	1645555797387	1645555797396	OK	 
REQUEST		request_122	1645555797444	1645555797449	OK	 
REQUEST		request_122 Redirect 1	1645555797449	1645555797458	OK	 
REQUEST		Get owners Info	1645555797459	1645555797468	OK	 
USER	RecordedSimulationByHAR	END	1645555798836
REQUEST		request_122	1645555799099	1645555799106	OK	 
REQUEST		request_122 Redirect 1	1645555799107	1645555799116	OK	 
REQUEST		Get owners Info	1645555799117	1645555799125	OK	 
REQUEST		Get Edit Pet Page	1645555799958	1645555799963	OK	 
REQUEST		request_137	1645555800052	1645555800064	OK	 
REQUEST		request_137	1645555800378	1645555800387	OK	 
REQUEST		request_152	1645555801516	1645555801520	OK	 
REQUEST		request_152 Redirect 1	1645555801520	1645555801528	OK	 
REQUEST		Get owners Info	1645555801529	1645555801538	OK	 
REQUEST		request_152	1645555802048	1645555802054	OK	 
REQUEST		request_152 Redirect 1	1645555802054	1645555802066	OK	 
REQUEST		Get owners Info	1645555802067	1645555802076	OK	 
REQUEST		request_122	1645555802470	1645555802477	OK	 
REQUEST		request_122 Redirect 1	1645555802478	1645555802490	OK	 
REQUEST		Get owners Info	1645555802491	1645555802502	OK	 
USER	RecordedSimulationByHAR	END	1645555804085
USER	RecordedSimulationByHAR	END	1645555804178
REQUEST		request_137	1645555805233	1645555805247	OK	 
REQUEST		request_152	1645555806609	1645555806614	OK	 
REQUEST		request_152 Redirect 1	1645555806614	1645555806632	OK	 
REQUEST		Get owners Info	1645555806634	1645555806656	OK	 
USER	RecordedSimulationByHAR	END	1645555807911
