RUN	com.gatling.tests.ComputerDB	computerdb	1646828355410	 	3.7.4
USER	ComputerDB	START	1646828361745
USER	ComputerDB	START	1646828361745
USER	ComputerDB	START	1646828362235
REQUEST		Opening computers page	1646828361772	1646828362261	OK	 
REQUEST		Opening computers page	1646828361772	1646828362261	OK	 
REQUEST		Opening computers page	1646828362236	1646828362714	OK	 
USER	ComputerDB	START	1646828362732
REQUEST		Opening computers page	1646828362733	1646828363211	OK	 
USER	ComputerDB	START	1646828363230
REQUEST		Opening new computers page	1646828363556	1646828363684	OK	 
REQUEST		Opening computers page	1646828363231	1646828363715	OK	 
USER	ComputerDB	START	1646828363726
REQUEST		Opening computers page	1646828363727	1646828364212	OK	 
USER	ComputerDB	START	1646828364236
REQUEST		Opening new computers page	1646828364282	1646828364402	OK	 
REQUEST		Opening computers page	1646828364237	1646828364714	OK	 
USER	ComputerDB	START	1646828364732
REQUEST		Opening new computers page	1646828364638	1646828364761	OK	 
REQUEST		Opening new computers page	1646828364870	1646828365000	OK	 
USER	ComputerDB	START	1646828365228
REQUEST		Opening computers page	1646828364733	1646828365230	OK	 
USER	ComputerDB	START	1646828365736
REQUEST		Opening computers page	1646828365228	1646828365754	OK	 
REQUEST		Sending new computer info	1646828365662	1646828365793	OK	 
REQUEST		Sending new computer info Redirect 1	1646828365802	1646828365921	OK	 
USER	ComputerDB	START	1646828366232
REQUEST		Opening computers page	1646828365737	1646828366248	OK	 
REQUEST		Opening new computers page	1646828366124	1646828366251	OK	 
REQUEST		Opening new computers page	1646828366497	1646828366618	OK	 
REQUEST		Opening computers page	1646828366233	1646828366712	OK	 
REQUEST		Sending new computer info	1646828366591	1646828366712	OK	 
USER	ComputerDB	START	1646828366749
REQUEST		Opening new computers page	1646828366670	1646828366792	OK	 
REQUEST		Sending new computer info Redirect 1	1646828366712	1646828366834	OK	 
REQUEST		Opening new computers page	1646828366794	1646828366916	OK	 
USER	ComputerDB	START	1646828367226
REQUEST		Opening computers page	1646828366751	1646828367235	OK	 
REQUEST		Searching for new record	1646828367338	1646828367461	OK	 
REQUEST		Opening new computers page	1646828367415	1646828367538	OK	 
REQUEST		Opening computers page	1646828367227	1646828367709	OK	 
USER	ComputerDB	START	1646828367742
REQUEST		Sending new computer info	1646828367663	1646828367784	OK	 
REQUEST		Sending new computer info Redirect 1	1646828367785	1646828367906	OK	 
REQUEST		Sending new computer info	1646828367973	1646828368094	OK	 
REQUEST		Sending new computer info	1646828367988	1646828368108	OK	 
REQUEST		Sending new computer info	1646828368066	1646828368186	OK	 
REQUEST		Sending new computer info Redirect 1	1646828368095	1646828368220	OK	 
USER	ComputerDB	START	1646828368235
REQUEST		Opening computers page	1646828367743	1646828368237	OK	 
REQUEST		Sending new computer info Redirect 1	1646828368108	1646828368237	OK	 
REQUEST		Sending new computer info Redirect 1	1646828368187	1646828368308	OK	 
REQUEST		Get single record	1646828368498	1646828368621	OK	 
REQUEST		Sending new computer info	1646828368561	1646828368682	OK	 
REQUEST		Opening new computers page	1646828368576	1646828368699	OK	 
REQUEST		Opening computers page	1646828368236	1646828368715	OK	 
USER	ComputerDB	START	1646828368729
REQUEST		Sending new computer info Redirect 1	1646828368683	1646828368804	OK	 
REQUEST		Opening computers page	1646828368730	1646828369209	OK	 
REQUEST		Sending new computer info	1646828369113	1646828369234	OK	 
USER	ComputerDB	START	1646828369237
REQUEST		Sending new computer info Redirect 1	1646828369234	1646828369353	OK	 
REQUEST		Sending new computer info	1646828369300	1646828369419	OK	 
REQUEST		Searching for new record	1646828369331	1646828369459	OK	 
REQUEST		Opening new computers page	1646828369347	1646828369467	OK	 
REQUEST		Sending new computer info Redirect 1	1646828369420	1646828369541	OK	 
REQUEST		Searching for new record	1646828369440	1646828369561	OK	 
REQUEST		Opening new computers page	1646828369487	1646828369608	OK	 
REQUEST		Opening computers page	1646828369238	1646828369720	OK	 
USER	ComputerDB	START	1646828369733
REQUEST		Opening new computers page	1646828369902	1646828370023	OK	 
REQUEST		Searching for new record	1646828370025	1646828370146	OK	 
REQUEST		Opening computers page	1646828369734	1646828370219	OK	 
USER	ComputerDB	START	1646828370228
REQUEST		Searching for new record	1646828370150	1646828370269	OK	 
REQUEST		Opening new computers page	1646828370351	1646828370473	OK	 
REQUEST		Opening new computers page	1646828370474	1646828370596	OK	 
REQUEST		Opening computers page	1646828370229	1646828370705	OK	 
USER	ComputerDB	START	1646828370736
REQUEST		Searching for new record	1646828370674	1646828370794	OK	 
REQUEST		Opening new computers page	1646828370720	1646828370840	OK	 
REQUEST		Sending new computer info	1646828370783	1646828370902	OK	 
REQUEST		Sending new computer info Redirect 1	1646828370903	1646828371025	OK	 
REQUEST		Searching for new record	1646828370998	1646828371120	OK	 
REQUEST		Get single record	1646828371029	1646828371150	OK	 
REQUEST		Opening computers page	1646828370736	1646828371218	OK	 
USER	ComputerDB	START	1646828371230
REQUEST		Edit record	1646828371277	1646828371396	OK	 
USER	ComputerDB	END	1646828371399
REQUEST		Get single record	1646828371324	1646828371444	OK	 
REQUEST		Sending new computer info	1646828371558	1646828371678	OK	 
REQUEST		Opening computers page	1646828371231	1646828371724	OK	 
REQUEST		Sending new computer info	1646828371620	1646828371739	OK	 
USER	ComputerDB	START	1646828371742
REQUEST		Sending new computer info Redirect 1	1646828371679	1646828371800	OK	 
REQUEST		Searching for new record	1646828371726	1646828371844	OK	 
REQUEST		Sending new computer info Redirect 1	1646828371740	1646828371861	OK	 
USER	ComputerDB	START	1646828371927
REQUEST		Get single record	1646828371866	1646828371986	OK	 
REQUEST		Opening new computers page	1646828371912	1646828372034	OK	 
USER	ComputerDB	START	1646828372128
REQUEST		Opening computers page	1646828371742	1646828372220	OK	 
REQUEST		Get single record	1646828372204	1646828372324	OK	 
REQUEST		Searching for new record	1646828372204	1646828372324	OK	 
USER	ComputerDB	START	1646828372327
REQUEST		Opening computers page	1646828371927	1646828372403	OK	 
REQUEST		Sending new computer info	1646828372358	1646828372479	OK	 
REQUEST		Get single record	1646828372374	1646828372495	OK	 
USER	ComputerDB	START	1646828372541
REQUEST		Sending new computer info Redirect 1	1646828372480	1646828372600	OK	 
REQUEST		Opening computers page	1646828372128	1646828372612	OK	 
REQUEST		Opening new computers page	1646828372526	1646828372646	OK	 
REQUEST		Sending new computer info	1646828372603	1646828372724	OK	 
USER	ComputerDB	START	1646828372739
REQUEST		Opening computers page	1646828372328	1646828372812	OK	 
REQUEST		Sending new computer info Redirect 1	1646828372725	1646828372845	OK	 
USER	ComputerDB	START	1646828372926
REQUEST		Get single record	1646828372895	1646828373015	OK	 
REQUEST		Opening computers page	1646828372542	1646828373019	OK	 
USER	ComputerDB	START	1646828373127
REQUEST		Opening new computers page	1646828373065	1646828373189	OK	 
REQUEST		Edit record	1646828373065	1646828373190	OK	 
USER	ComputerDB	END	1646828373191
REQUEST		Opening computers page	1646828372740	1646828373225	OK	 
REQUEST		Searching for new record	1646828373128	1646828373248	OK	 
USER	ComputerDB	START	1646828373329
REQUEST		Opening new computers page	1646828373252	1646828373379	OK	 
REQUEST		Sending new computer info	1646828373267	1646828373385	OK	 
REQUEST		Opening computers page	1646828372927	1646828373422	OK	 
REQUEST		Sending new computer info	1646828373345	1646828373464	OK	 
REQUEST		Sending new computer info Redirect 1	1646828373386	1646828373506	OK	 
USER	ComputerDB	START	1646828373530
REQUEST		Edit record	1646828373407	1646828373530	OK	 
USER	ComputerDB	END	1646828373531
REQUEST		Sending new computer info Redirect 1	1646828373464	1646828373585	OK	 
REQUEST		Opening computers page	1646828373128	1646828373612	OK	 
REQUEST		Sending new computer info	1646828373592	1646828373716	OK	 
USER	ComputerDB	START	1646828373732
REQUEST		Opening new computers page	1646828373623	1646828373742	OK	 
REQUEST		Edit record	1646828373655	1646828373774	OK	 
USER	ComputerDB	END	1646828373775
REQUEST		Opening new computers page	1646828373686	1646828373805	OK	 
REQUEST		Opening computers page	1646828373330	1646828373815	OK	 
REQUEST		Searching for new record	1646828373717	1646828373836	OK	 
REQUEST		Sending new computer info Redirect 1	1646828373717	1646828373837	OK	 
REQUEST		Edit record	1646828373809	1646828373930	OK	 
USER	ComputerDB	END	1646828373931
USER	ComputerDB	START	1646828373932
REQUEST		Get single record	1646828373872	1646828373994	OK	 
REQUEST		Opening computers page	1646828373530	1646828374018	OK	 
REQUEST		Searching for new record	1646828373932	1646828374060	OK	 
REQUEST		Opening new computers page	1646828373948	1646828374067	OK	 
USER	ComputerDB	START	1646828374131
REQUEST		Searching for new record	1646828374023	1646828374144	OK	 
REQUEST		Opening computers page	1646828373733	1646828374213	OK	 
REQUEST		Edit record	1646828374131	1646828374251	OK	 
USER	ComputerDB	END	1646828374252
REQUEST		Opening new computers page	1646828374161	1646828374281	OK	 
USER	ComputerDB	START	1646828374331
REQUEST		Opening computers page	1646828373933	1646828374420	OK	 
REQUEST		Get single record	1646828374332	1646828374451	OK	 
USER	ComputerDB	START	1646828374530
REQUEST		Opening computers page	1646828374132	1646828374623	OK	 
REQUEST		Sending new computer info	1646828374606	1646828374726	OK	 
USER	ComputerDB	START	1646828374730
REQUEST		Opening new computers page	1646828374699	1646828374818	OK	 
REQUEST		Opening computers page	1646828374332	1646828374822	OK	 
REQUEST		Sending new computer info Redirect 1	1646828374727	1646828374847	OK	 
USER	ComputerDB	START	1646828374928
REQUEST		Opening computers page	1646828374531	1646828375010	OK	 
REQUEST		Sending new computer info	1646828374974	1646828375096	OK	 
REQUEST		Sending new computer info	1646828374974	1646828375096	OK	 
USER	ComputerDB	START	1646828375128
REQUEST		Searching for new record	1646828375082	1646828375203	OK	 
REQUEST		Opening computers page	1646828374731	1646828375209	OK	 
REQUEST		Sending new computer info Redirect 1	1646828375098	1646828375218	OK	 
REQUEST		Sending new computer info Redirect 1	1646828375098	1646828375220	OK	 
REQUEST		Get single record	1646828375205	1646828375325	OK	 
USER	ComputerDB	START	1646828375326
REQUEST		Opening computers page	1646828374929	1646828375435	OK	 
REQUEST		Edit record	1646828375326	1646828375448	OK	 
USER	ComputerDB	END	1646828375449
REQUEST		Sending new computer info	1646828375342	1646828375463	OK	 
USER	ComputerDB	START	1646828375542
REQUEST		Sending new computer info Redirect 1	1646828375463	1646828375584	OK	 
REQUEST		Get single record	1646828375464	1646828375584	OK	 
REQUEST		Get single record	1646828375480	1646828375600	OK	 
REQUEST		Searching for new record	1646828375480	1646828375600	OK	 
REQUEST		Opening computers page	1646828375128	1646828375612	OK	 
USER	ComputerDB	START	1646828375726
REQUEST		Sending new computer info	1646828375634	1646828375762	OK	 
REQUEST		Opening computers page	1646828375327	1646828375818	OK	 
REQUEST		Searching for new record	1646828375695	1646828375824	OK	 
REQUEST		Opening new computers page	1646828375711	1646828375839	OK	 
REQUEST		Edit record	1646828375741	1646828375861	OK	 
USER	ComputerDB	END	1646828375862
REQUEST		Sending new computer info Redirect 1	1646828375762	1646828375884	OK	 
USER	ComputerDB	START	1646828375941
REQUEST		Sending new computer info	1646828375834	1646828375954	OK	 
REQUEST		Opening new computers page	1646828375834	1646828375955	OK	 
REQUEST		Opening new computers page	1646828375849	1646828375970	OK	 
REQUEST		Opening computers page	1646828375542	1646828376027	OK	 
REQUEST		Sending new computer info Redirect 1	1646828375954	1646828376075	OK	 
REQUEST		Opening new computers page	1646828375665	1646828376081	OK	 
REQUEST		Opening new computers page	1646828375989	1646828376110	OK	 
REQUEST		Opening new computers page	1646828375989	1646828376110	OK	 
USER	ComputerDB	START	1646828376127
REQUEST		Opening computers page	1646828375727	1646828376211	OK	 
REQUEST		Opening new computers page	1646828376173	1646828376293	OK	 
USER	ComputerDB	START	1646828376328
REQUEST		Opening computers page	1646828375942	1646828376433	OK	 
REQUEST		Edit record	1646828376328	1646828376448	OK	 
USER	ComputerDB	END	1646828376449
USER	ComputerDB	START	1646828376528
REQUEST		Sending new computer info	1646828376437	1646828376555	OK	 
REQUEST		Opening computers page	1646828376128	1646828376604	OK	 
REQUEST		Searching for new record	1646828376498	1646828376617	OK	 
REQUEST		Sending new computer info Redirect 1	1646828376556	1646828376675	OK	 
USER	ComputerDB	START	1646828376730
REQUEST		Edit record	1646828376652	1646828376772	OK	 
USER	ComputerDB	END	1646828376773
REQUEST		Opening computers page	1646828376329	1646828376808	OK	 
REQUEST		Opening new computers page	1646828376808	1646828376927	OK	 
USER	ComputerDB	START	1646828376932
REQUEST		Get single record	1646828376839	1646828376958	OK	 
REQUEST		Opening new computers page	1646828376869	1646828376989	OK	 
REQUEST		Opening computers page	1646828376529	1646828377008	OK	 
REQUEST		Opening new computers page	1646828376900	1646828377020	OK	 
REQUEST		Searching for new record	1646828376963	1646828377082	OK	 
REQUEST		Get single record	1646828376969	1646828377092	OK	 
USER	ComputerDB	START	1646828377132
REQUEST		Opening new computers page	1646828377055	1646828377175	OK	 
REQUEST		Opening computers page	1646828376731	1646828377211	OK	 
USER	ComputerDB	START	1646828377333
REQUEST		Get single record	1646828377223	1646828377345	OK	 
REQUEST		Opening computers page	1646828376932	1646828377407	OK	 
USER	ComputerDB	START	1646828377533
REQUEST		Opening new computers page	1646828377425	1646828377546	OK	 
REQUEST		Sending new computer info	1646828377456	1646828377576	OK	 
REQUEST		Searching for new record	1646828377456	1646828377578	OK	 
REQUEST		Opening computers page	1646828377132	1646828377616	OK	 
REQUEST		Sending new computer info	1646828377549	1646828377668	OK	 
REQUEST		Edit record	1646828377565	1646828377687	OK	 
REQUEST		Opening new computers page	1646828377565	1646828377687	OK	 
USER	ComputerDB	END	1646828377687
REQUEST		Opening new computers page	1646828377571	1646828377694	OK	 
REQUEST		Sending new computer info Redirect 1	1646828377576	1646828377695	OK	 
USER	ComputerDB	START	1646828377733
REQUEST		Searching for new record	1646828377627	1646828377748	OK	 
REQUEST		Opening new computers page	1646828377627	1646828377749	OK	 
REQUEST		Sending new computer info Redirect 1	1646828377668	1646828377796	OK	 
REQUEST		Searching for new record	1646828377688	1646828377811	OK	 
REQUEST		Opening computers page	1646828377334	1646828377816	OK	 
REQUEST		Opening new computers page	1646828377810	1646828377931	OK	 
USER	ComputerDB	START	1646828377934
REQUEST		Opening new computers page	1646828377825	1646828377946	OK	 
REQUEST		Searching for new record	1646828377855	1646828377977	OK	 
REQUEST		Opening computers page	1646828377534	1646828378012	OK	 
USER	ComputerDB	START	1646828378135
REQUEST		Opening computers page	1646828377734	1646828378216	OK	 
REQUEST		Opening new computers page	1646828378119	1646828378239	OK	 
REQUEST		Edit record	1646828378135	1646828378257	OK	 
USER	ComputerDB	END	1646828378258
REQUEST		Sending new computer info	1646828378165	1646828378286	OK	 
REQUEST		Opening new computers page	1646828378181	1646828378300	OK	 
REQUEST		Sending new computer info	1646828378197	1646828378318	OK	 
USER	ComputerDB	START	1646828378333
REQUEST		Sending new computer info	1646828378258	1646828378384	OK	 
REQUEST		Sending new computer info	1646828378258	1646828378385	OK	 
REQUEST		Sending new computer info Redirect 1	1646828378287	1646828378416	OK	 
REQUEST		Opening computers page	1646828377935	1646828378423	KO	status.find.in([200, 209], 304), found 429
REQUEST		Opening new computers page	1646828378318	1646828378436	KO	status.find.in([200, 209], 304), found 429
REQUEST		Sending new computer info Redirect 1	1646828378318	1646828378438	KO	status.find.in([200, 209], 304), found 429
REQUEST		Sending new computer info Redirect 1	1646828378385	1646828378505	OK	 
REQUEST		Sending new computer info Redirect 1	1646828378384	1646828378505	OK	 
USER	ComputerDB	START	1646828378533
REQUEST		Opening computers page	1646828378135	1646828378615	OK	 
REQUEST		Opening new computers page	1646828378548	1646828378667	OK	 
REQUEST		Get single record	1646828378579	1646828378699	OK	 
REQUEST		Edit record	1646828378609	1646828378731	OK	 
USER	ComputerDB	END	1646828378732
USER	ComputerDB	START	1646828378749
REQUEST		Opening computers page	1646828378333	1646828378815	OK	 
REQUEST		Opening new computers page	1646828378700	1646828378820	OK	 
USER	ComputerDB	START	1646828378934
REQUEST		Searching for new record	1646828378823	1646828378942	OK	 
REQUEST		Sending new computer info	1646828378823	1646828378943	OK	 
REQUEST		Sending new computer info	1646828378839	1646828378959	OK	 
REQUEST		Opening computers page	1646828378533	1646828379012	OK	 
REQUEST		Sending new computer info Redirect 1	1646828378944	1646828379065	OK	 
REQUEST		Sending new computer info Redirect 1	1646828378959	1646828379078	KO	status.find.in([200, 209], 304), found 429
REQUEST		Searching for new record	1646828378965	1646828379083	KO	status.find.in([200, 209], 304), found 429
REQUEST		Get single record	1646828378979	1646828379097	KO	status.find.in([200, 209], 304), found 429
REQUEST		Edit record	1646828378979	1646828379097	KO	status.find.in([200, 209], 304), found 429
REQUEST		Get single record	1646828378979	1646828379097	KO	status.find.in([200, 209], 304), found 429
USER	ComputerDB	END	1646828379098
REQUEST		Opening new computers page	1646828378995	1646828379115	OK	 
USER	ComputerDB	START	1646828379132
REQUEST		Opening computers page	1646828378750	1646828379232	OK	 
USER	ComputerDB	START	1646828379332
REQUEST		Sending new computer info	1646828379224	1646828379345	OK	 
REQUEST		Sending new computer info	1646828379240	1646828379361	OK	 
REQUEST		Opening new computers page	1646828379286	1646828379406	OK	 
REQUEST		Opening computers page	1646828378935	1646828379418	OK	 
REQUEST		Sending new computer info Redirect 1	1646828379345	1646828379466	OK	 
REQUEST		Sending new computer info Redirect 1	1646828379361	1646828379483	OK	 
REQUEST		Opening new computers page	1646828379408	1646828379529	OK	 
USER	ComputerDB	START	1646828379531
REQUEST		Opening new computers page	1646828379455	1646828379574	KO	status.find.in([200, 209], 304), found 429
REQUEST		Sending new computer info	1646828379455	1646828379574	OK	 
REQUEST		Sending new computer info	1646828379455	1646828379575	KO	status.find.in([200, 209], 304), found 429
REQUEST		Searching for new record	1646828379470	1646828379588	KO	status.find.in([200, 209], 304), found 429
REQUEST		Opening computers page	1646828379133	1646828379613	OK	 
REQUEST		Get single record	1646828379516	1646828379635	KO	status.find.in([200, 209], 304), found 429
REQUEST		Searching for new record	1646828379516	1646828379635	KO	status.find.in([200, 209], 304), found 429
REQUEST		Searching for new record	1646828379547	1646828379667	OK	 
REQUEST		Sending new computer info Redirect 1	1646828379575	1646828379693	KO	status.find.in([200, 209], 304), found 429
REQUEST		Opening new computers page	1646828379608	1646828379729	OK	 
USER	ComputerDB	START	1646828379731
REQUEST		Sending new computer info	1646828379654	1646828379773	OK	 
REQUEST		Opening computers page	1646828379332	1646828379808	OK	 
REQUEST		Get single record	1646828379701	1646828379820	KO	status.find.in([200, 209], 304), found 429
REQUEST		Sending new computer info	1646828379716	1646828379834	KO	status.find.in([200, 209], 304), found 429
REQUEST		Sending new computer info Redirect 1	1646828379774	1646828379900	OK	 
REQUEST		Sending new computer info	1646828379791	1646828379917	OK	 
USER	ComputerDB	START	1646828379928
REQUEST		Sending new computer info	1646828379852	1646828379972	OK	 
REQUEST		Opening computers page	1646828379532	1646828380019	KO	status.find.in([200, 209], 304), found 429
REQUEST		Searching for new record	1646828379898	1646828380019	OK	 
REQUEST		Sending new computer info Redirect 1	1646828379918	1646828380039	KO	status.find.in([200, 209], 304), found 429
REQUEST		Sending new computer info Redirect 1	1646828379973	1646828380093	OK	 
USER	ComputerDB	START	1646828380128
REQUEST		Get single record	1646828380066	1646828380187	OK	 
REQUEST		Opening computers page	1646828379731	1646828380213	OK	 
REQUEST		Sending new computer info	1646828380096	1646828380216	OK	 
REQUEST		Opening new computers page	1646828380144	1646828380264	KO	status.find.in([200, 209], 304), found 429
REQUEST		Sending new computer info	1646828380144	1646828380264	KO	status.find.in([200, 209], 304), found 429
REQUEST		Sending new computer info	1646828380144	1646828380264	OK	 
REQUEST		Opening new computers page	1646828380159	1646828380291	KO	status.find.in([200, 209], 304), found 429
REQUEST		Get single record	1646828380191	1646828380312	OK	 
USER	ComputerDB	START	1646828380328
REQUEST		Sending new computer info Redirect 1	1646828380217	1646828380337	KO	status.find.in([200, 209], 304), found 429
REQUEST		Sending new computer info	1646828380236	1646828380357	OK	 
REQUEST		Sending new computer info Redirect 1	1646828380264	1646828380383	KO	status.find.in([200, 209], 304), found 429
REQUEST		Sending new computer info	1646828380267	1646828380387	KO	status.find.in([200, 209], 304), found 429
REQUEST		Opening computers page	1646828379929	1646828380411	OK	 
REQUEST		Sending new computer info Redirect 1	1646828380358	1646828380481	OK	 
REQUEST		Edit record	1646828380359	1646828380481	KO	status.find.in([200, 209], 304), found 429
USER	ComputerDB	END	1646828380482
USER	ComputerDB	START	1646828380540
REQUEST		Sending new computer info	1646828380419	1646828380540	OK	 
REQUEST		Opening computers page	1646828380128	1646828380635	OK	 
REQUEST		Sending new computer info	1646828380510	1646828380635	OK	 
REQUEST		Sending new computer info Redirect 1	1646828380540	1646828380663	OK	 
ERROR	Edit record: Failed to build request: No attribute named 'computerID' is defined 	1646828380695
USER	ComputerDB	END	1646828380696
USER	ComputerDB	START	1646828380741
REQUEST		Sending new computer info Redirect 1	1646828380635	1646828380756	OK	 
REQUEST		Opening new computers page	1646828380647	1646828380768	OK	 
REQUEST		Opening computers page	1646828380329	1646828380812	OK	 
REQUEST		Sending new computer info	1646828380771	1646828380891	KO	status.find.in([200, 209], 304), found 429
REQUEST		Searching for new record	1646828380771	1646828380891	OK	 
ERROR	Edit record: Failed to build request: No attribute named 'computerID' is defined 	1646828380925
USER	ComputerDB	END	1646828380925
REQUEST		Get single record	1646828380816	1646828380937	OK	 
USER	ComputerDB	START	1646828380941
REQUEST		Edit record	1646828380894	1646828381020	OK	 
USER	ComputerDB	END	1646828381021
REQUEST		Opening computers page	1646828380540	1646828381030	OK	 
USER	ComputerDB	START	1646828381140
REQUEST		Searching for new record	1646828381034	1646828381159	OK	 
REQUEST		Opening new computers page	1646828381094	1646828381220	OK	 
REQUEST		Opening computers page	1646828380741	1646828381232	OK	 
REQUEST		Searching for new record	1646828381109	1646828381247	OK	 
REQUEST		Sending new computer info	1646828381171	1646828381294	OK	 
ERROR	Edit record: Failed to build request: No attribute named 'computerID' is defined 	1646828381339
USER	ComputerDB	START	1646828381340
USER	ComputerDB	END	1646828381340
REQUEST		Searching for new record	1646828381293	1646828381419	OK	 
REQUEST		Sending new computer info Redirect 1	1646828381294	1646828381419	OK	 
REQUEST		Opening computers page	1646828380942	1646828381449	OK	 
USER	ComputerDB	START	1646828381527
REQUEST		Searching for new record	1646828381432	1646828381553	OK	 
REQUEST		Opening computers page	1646828381140	1646828381625	OK	 
REQUEST		Sending new computer info	1646828381512	1646828381631	OK	 
REQUEST		Opening new computers page	1646828381558	1646828381678	OK	 
REQUEST		Opening new computers page	1646828381558	1646828381680	OK	 
REQUEST		Searching for new record	1646828381575	1646828381695	KO	status.find.in([200, 209], 304), found 429
REQUEST		Opening new computers page	1646828381620	1646828381739	OK	 
REQUEST		Sending new computer info Redirect 1	1646828381632	1646828381750	KO	status.find.in([200, 209], 304), found 429
REQUEST		Get single record	1646828381635	1646828381755	OK	 
REQUEST		Opening new computers page	1646828381666	1646828381785	KO	status.find.in([200, 209], 304), found 429
REQUEST		Searching for new record	1646828381667	1646828381787	KO	status.find.in([200, 209], 304), found 429
REQUEST		Opening computers page	1646828381340	1646828381828	OK	 
REQUEST		Searching for new record	1646828381727	1646828381844	KO	status.find.in([200, 209], 304), found 429
REQUEST		Opening new computers page	1646828381727	1646828381848	KO	status.find.in([200, 209], 304), found 429
REQUEST		Get single record	1646828381727	1646828381848	KO	status.find.in([200, 209], 304), found 429
REQUEST		Searching for new record	1646828381820	1646828381941	OK	 
REQUEST		Sending new computer info	1646828381897	1646828382019	OK	 
REQUEST		Opening computers page	1646828381528	1646828382021	OK	 
REQUEST		Get single record	1646828381912	1646828382033	OK	 
REQUEST		Edit record	1646828381928	1646828382053	KO	status.find.in([200, 209], 304), found 429
REQUEST		Searching for new record	1646828381928	1646828382053	KO	status.find.in([200, 209], 304), found 429
USER	ComputerDB	END	1646828382053
REQUEST		Searching for new record	1646828381988	1646828382110	OK	 
REQUEST		Sending new computer info Redirect 1	1646828382019	1646828382141	OK	 
REQUEST		Searching for new record	1646828382050	1646828382169	OK	 
REQUEST		Searching for new record	1646828382112	1646828382236	OK	 
REQUEST		Edit record	1646828382142	1646828382262	OK	 
USER	ComputerDB	END	1646828382263
REQUEST		Opening new computers page	1646828382173	1646828382300	KO	status.find.in([200, 209], 304), found 429
ERROR	Edit record: Failed to build request: No attribute named 'computerID' is defined 	1646828382328
USER	ComputerDB	END	1646828382328
REQUEST		Sending new computer info	1646828382265	1646828382386	OK	 
REQUEST		Get single record	1646828382297	1646828382417	OK	 
REQUEST		Get single record	1646828382297	1646828382420	OK	 
REQUEST		Searching for new record	1646828382297	1646828382421	KO	status.find.in([200, 209], 304), found 429
REQUEST		Opening new computers page	1646828382313	1646828382433	KO	status.find.in([200, 209], 304), found 429
REQUEST		Searching for new record	1646828382343	1646828382463	OK	 
REQUEST		Sending new computer info Redirect 1	1646828382386	1646828382508	OK	 
REQUEST		Sending new computer info	1646828382420	1646828382538	KO	status.find.in([200, 209], 304), found 429
REQUEST		Searching for new record	1646828382559	1646828382680	OK	 
REQUEST		Get single record	1646828382559	1646828382680	OK	 
REQUEST		Searching for new record	1646828382575	1646828382695	OK	 
REQUEST		Get single record	1646828382635	1646828382762	OK	 
REQUEST		Searching for new record	1646828382665	1646828382789	OK	 
REQUEST		Sending new computer info	1646828382680	1646828382800	OK	 
REQUEST		Sending new computer info Redirect 1	1646828382800	1646828382923	OK	 
REQUEST		Edit record	1646828382848	1646828382968	OK	 
USER	ComputerDB	END	1646828382968
ERROR	Edit record: Failed to build request: No attribute named 'computerID' is defined 	1646828382985
USER	ComputerDB	END	1646828382986
REQUEST		Get single record	1646828382863	1646828382990	OK	 
REQUEST		Opening new computers page	1646828382878	1646828383004	OK	 
REQUEST		Opening new computers page	1646828382893	1646828383019	KO	status.find.in([200, 209], 304), found 429
REQUEST		Searching for new record	1646828382909	1646828383036	KO	status.find.in([200, 209], 304), found 429
REQUEST		Sending new computer info	1646828383047	1646828383167	OK	 
REQUEST		Sending new computer info	1646828383047	1646828383167	OK	 
REQUEST		Opening new computers page	1646828383048	1646828383168	OK	 
REQUEST		Get single record	1646828383124	1646828383245	OK	 
REQUEST		Sending new computer info Redirect 1	1646828383167	1646828383288	OK	 
REQUEST		Sending new computer info Redirect 1	1646828383168	1646828383288	KO	status.find.in([200, 209], 304), found 429
REQUEST		Sending new computer info	1646828383187	1646828383307	OK	 
REQUEST		Sending new computer info	1646828383296	1646828383415	OK	 
REQUEST		Sending new computer info Redirect 1	1646828383308	1646828383429	OK	 
REQUEST		Sending new computer info Redirect 1	1646828383416	1646828383536	OK	 
REQUEST		Opening new computers page	1646828383465	1646828383587	OK	 
REQUEST		Edit record	1646828383481	1646828383602	OK	 
REQUEST		Get single record	1646828383481	1646828383601	OK	 
USER	ComputerDB	END	1646828383602
REQUEST		Searching for new record	1646828383512	1646828383633	KO	status.find.in([200, 209], 304), found 429
REQUEST		Edit record	1646828383606	1646828383726	OK	 
REQUEST		Get single record	1646828383606	1646828383726	OK	 
USER	ComputerDB	END	1646828383727
REQUEST		Edit record	1646828383669	1646828383790	OK	 
USER	ComputerDB	END	1646828383791
REQUEST		Opening new computers page	1646828383715	1646828383837	KO	status.find.in([200, 209], 304), found 429
REQUEST		Searching for new record	1646828383715	1646828383839	OK	 
REQUEST		Get single record	1646828383838	1646828383959	OK	 
REQUEST		Get single record	1646828383838	1646828383961	OK	 
REQUEST		Sending new computer info	1646828383915	1646828384035	OK	 
REQUEST		Get single record	1646828383963	1646828384082	OK	 
REQUEST		Opening new computers page	1646828383978	1646828384101	OK	 
REQUEST		Get single record	1646828383993	1646828384113	OK	 
REQUEST		Get single record	1646828384024	1646828384144	KO	status.find.in([200, 209], 304), found 429
REQUEST		Sending new computer info Redirect 1	1646828384036	1646828384155	OK	 
REQUEST		Searching for new record	1646828384055	1646828384174	KO	status.find.in([200, 209], 304), found 429
REQUEST		Get single record	1646828384180	1646828384301	OK	 
REQUEST		Get single record	1646828384210	1646828384337	OK	 
REQUEST		Sending new computer info	1646828384210	1646828384337	OK	 
REQUEST		Opening new computers page	1646828384255	1646828384376	OK	 
REQUEST		Searching for new record	1646828384319	1646828384440	OK	 
REQUEST		Sending new computer info Redirect 1	1646828384337	1646828384458	OK	 
REQUEST		Opening new computers page	1646828384397	1646828384518	OK	 
REQUEST		Sending new computer info	1646828384413	1646828384534	KO	status.find.in([200, 209], 304), found 429
REQUEST		Sending new computer info	1646828384503	1646828384622	OK	 
REQUEST		Edit record	1646828384549	1646828384669	OK	 
USER	ComputerDB	END	1646828384670
REQUEST		Sending new computer info Redirect 1	1646828384622	1646828384741	OK	 
REQUEST		Get single record	1646828384687	1646828384808	OK	 
REQUEST		Get single record	1646828384687	1646828384809	OK	 
REQUEST		Get single record	1646828384703	1646828384823	OK	 
REQUEST		Sending new computer info	1646828384808	1646828384929	OK	 
REQUEST		Edit record	1646828384905	1646828385026	OK	 
USER	ComputerDB	END	1646828385027
REQUEST		Sending new computer info Redirect 1	1646828384929	1646828385050	OK	 
REQUEST		Get single record	1646828384951	1646828385072	OK	 
REQUEST		Edit record	1646828384982	1646828385104	OK	 
USER	ComputerDB	END	1646828385105
REQUEST		Sending new computer info	1646828384998	1646828385119	OK	 
REQUEST		Edit record	1646828385074	1646828385197	OK	 
USER	ComputerDB	END	1646828385198
REQUEST		Get single record	1646828385104	1646828385223	KO	status.find.in([200, 209], 304), found 429
REQUEST		Edit record	1646828385104	1646828385224	OK	 
USER	ComputerDB	END	1646828385225
REQUEST		Searching for new record	1646828385119	1646828385241	KO	status.find.in([200, 209], 304), found 429
REQUEST		Sending new computer info Redirect 1	1646828385120	1646828385244	KO	status.find.in([200, 209], 304), found 429
REQUEST		Sending new computer info	1646828385134	1646828385259	OK	 
REQUEST		Edit record	1646828385165	1646828385292	KO	status.find.in([200, 209], 304), found 429
USER	ComputerDB	END	1646828385294
REQUEST		Searching for new record	1646828385181	1646828385308	OK	 
REQUEST		Searching for new record	1646828385227	1646828385346	KO	status.find.in([200, 209], 304), found 429
REQUEST		Sending new computer info Redirect 1	1646828385259	1646828385380	OK	 
REQUEST		Searching for new record	1646828385273	1646828385395	KO	status.find.in([200, 209], 304), found 429
REQUEST		Searching for new record	1646828385305	1646828385423	KO	status.find.in([200, 209], 304), found 429
REQUEST		Get single record	1646828385304	1646828385426	OK	 
REQUEST		Get single record	1646828385320	1646828385440	KO	status.find.in([200, 209], 304), found 429
REQUEST		Sending new computer info	1646828385458	1646828385580	OK	 
REQUEST		Sending new computer info	1646828385504	1646828385629	OK	 
REQUEST		Sending new computer info Redirect 1	1646828385581	1646828385703	OK	 
ERROR	Edit record: Failed to build request: No attribute named 'computerID' is defined 	1646828385705
USER	ComputerDB	END	1646828385706
REQUEST		Sending new computer info Redirect 1	1646828385629	1646828385758	OK	 
REQUEST		Searching for new record	1646828385705	1646828385825	OK	 
REQUEST		Sending new computer info	1646828385766	1646828385886	OK	 
REQUEST		Sending new computer info	1646828385827	1646828385947	OK	 
REQUEST		Sending new computer info Redirect 1	1646828385887	1646828386007	OK	 
REQUEST		Edit record	1646828385950	1646828386069	OK	 
REQUEST		Sending new computer info Redirect 1	1646828385948	1646828386069	OK	 
USER	ComputerDB	END	1646828386070
REQUEST		Sending new computer info	1646828385980	1646828386101	OK	 
REQUEST		Sending new computer info Redirect 1	1646828386101	1646828386225	OK	 
REQUEST		Edit record	1646828386119	1646828386239	OK	 
USER	ComputerDB	END	1646828386240
REQUEST		Searching for new record	1646828386211	1646828386332	OK	 
REQUEST		Edit record	1646828386243	1646828386364	OK	 
REQUEST		Searching for new record	1646828386243	1646828386364	OK	 
USER	ComputerDB	END	1646828386365
REQUEST		Edit record	1646828386243	1646828386365	OK	 
USER	ComputerDB	END	1646828386366
REQUEST		Searching for new record	1646828386289	1646828386410	OK	 
REQUEST		Get single record	1646828386335	1646828386455	OK	 
REQUEST		Edit record	1646828386350	1646828386470	OK	 
USER	ComputerDB	END	1646828386471
REQUEST		Edit record	1646828386396	1646828386515	OK	 
USER	ComputerDB	END	1646828386515
REQUEST		Get single record	1646828386442	1646828386563	OK	 
REQUEST		Get single record	1646828386457	1646828386577	OK	 
REQUEST		Searching for new record	1646828386550	1646828386671	OK	 
REQUEST		Searching for new record	1646828386565	1646828386685	OK	 
REQUEST		Get single record	1646828386689	1646828386811	OK	 
REQUEST		Get single record	1646828386689	1646828386811	OK	 
ERROR	Edit record: Failed to build request: No attribute named 'computerID' is defined 	1646828386890
USER	ComputerDB	END	1646828386890
REQUEST		Edit record	1646828386830	1646828386949	OK	 
USER	ComputerDB	END	1646828386950
REQUEST		Get single record	1646828386875	1646828386994	OK	 
REQUEST		Get single record	1646828386890	1646828387011	OK	 
REQUEST		Searching for new record	1646828386890	1646828387011	OK	 
REQUEST		Get single record	1646828386906	1646828387030	OK	 
REQUEST		Searching for new record	1646828386906	1646828387030	KO	status.find.in([200, 209], 304), found 429
REQUEST		Sending new computer info	1646828387060	1646828387181	OK	 
REQUEST		Edit record	1646828387106	1646828387228	OK	 
USER	ComputerDB	END	1646828387230
REQUEST		Searching for new record	1646828387137	1646828387260	OK	 
REQUEST		Searching for new record	1646828387152	1646828387274	OK	 
REQUEST		Sending new computer info Redirect 1	1646828387182	1646828387304	OK	 
REQUEST		Edit record	1646828387260	1646828387381	OK	 
USER	ComputerDB	END	1646828387381
REQUEST		Searching for new record	1646828387552	1646828387675	OK	 
REQUEST		Edit record	1646828387552	1646828387677	OK	 
USER	ComputerDB	END	1646828387677
REQUEST		Edit record	1646828387583	1646828387713	OK	 
USER	ComputerDB	END	1646828387713
REQUEST		Searching for new record	1646828387675	1646828387799	OK	 
REQUEST		Get single record	1646828387690	1646828387814	OK	 
REQUEST		Edit record	1646828387874	1646828387996	OK	 
USER	ComputerDB	END	1646828387996
REQUEST		Searching for new record	1646828387921	1646828388041	OK	 
REQUEST		Edit record	1646828387952	1646828388073	OK	 
USER	ComputerDB	END	1646828388073
ERROR	Edit record: Failed to build request: No attribute named 'computerID' is defined 	1646828388180
USER	ComputerDB	END	1646828388181
REQUEST		Searching for new record	1646828388135	1646828388258	OK	 
REQUEST		Get single record	1646828388180	1646828388300	OK	 
REQUEST		Edit record	1646828388212	1646828388330	OK	 
USER	ComputerDB	END	1646828388331
REQUEST		Get single record	1646828388228	1646828388349	OK	 
REQUEST		Get single record	1646828388399	1646828388520	OK	 
REQUEST		Searching for new record	1646828388553	1646828388676	OK	 
REQUEST		Get single record	1646828388616	1646828388737	OK	 
REQUEST		Get single record	1646828388941	1646828389061	OK	 
REQUEST		Edit record	1646828389018	1646828389140	OK	 
USER	ComputerDB	END	1646828389141
REQUEST		Get single record	1646828389018	1646828389142	OK	 
REQUEST		Get single record	1646828389034	1646828389155	OK	 
REQUEST		Get single record	1646828389173	1646828389293	OK	 
REQUEST		Edit record	1646828389173	1646828389299	OK	 
USER	ComputerDB	END	1646828389299
REQUEST		Get single record	1646828389189	1646828389311	OK	 
REQUEST		Get single record	1646828389251	1646828389381	OK	 
REQUEST		Get single record	1646828389377	1646828389501	OK	 
REQUEST		Edit record	1646828389699	1646828389820	OK	 
USER	ComputerDB	END	1646828389820
REQUEST		Edit record	1646828389714	1646828389855	OK	 
USER	ComputerDB	END	1646828389856
REQUEST		Edit record	1646828389805	1646828389938	OK	 
USER	ComputerDB	END	1646828389939
REQUEST		Edit record	1646828389820	1646828389942	OK	 
USER	ComputerDB	END	1646828389943
REQUEST		Get single record	1646828389942	1646828390063	OK	 
REQUEST		Edit record	1646828390114	1646828390234	OK	 
USER	ComputerDB	END	1646828390235
REQUEST		Edit record	1646828390344	1646828390464	OK	 
USER	ComputerDB	END	1646828390465
REQUEST		Edit record	1646828390375	1646828390495	OK	 
USER	ComputerDB	END	1646828390496
REQUEST		Edit record	1646828390591	1646828390719	OK	 
USER	ComputerDB	END	1646828390720
REQUEST		Edit record	1646828390684	1646828390804	OK	 
USER	ComputerDB	END	1646828390805
REQUEST		Get single record	1646828390885	1646828391005	OK	 
REQUEST		Edit record	1646828391070	1646828391191	OK	 
USER	ComputerDB	END	1646828391191
REQUEST		Edit record	1646828391085	1646828391207	OK	 
USER	ComputerDB	END	1646828391209
REQUEST		Get single record	1646828391194	1646828391316	OK	 
REQUEST		Edit record	1646828391286	1646828391407	OK	 
USER	ComputerDB	END	1646828391408
REQUEST		Edit record	1646828391333	1646828391458	OK	 
USER	ComputerDB	END	1646828391459
REQUEST		Edit record	1646828391379	1646828391505	OK	 
USER	ComputerDB	END	1646828391506
REQUEST		Edit record	1646828391968	1646828392092	OK	 
USER	ComputerDB	END	1646828392093
REQUEST		Edit record	1646828392169	1646828392295	OK	 
USER	ComputerDB	END	1646828392296
REQUEST		Edit record	1646828392230	1646828392355	OK	 
USER	ComputerDB	END	1646828392356
REQUEST		Edit record	1646828392433	1646828392564	OK	 
USER	ComputerDB	END	1646828392565
REQUEST		Edit record	1646828394075	1646828394200	OK	 
USER	ComputerDB	END	1646828394201
