RUN	demoPetClinic.RecordedSimulationByHAR	recordedsimulationbyhar	1645436242149	 	3.7.4
USER	RecordedSimulation2	START	1645436243033
REQUEST		Open Home Page	1645436243058	1645436243080	OK	 
USER	RecordedSimulation2	START	1645436244041
REQUEST		Open Home Page	1645436244042	1645436244053	OK	 
USER	RecordedSimulation2	START	1645436245042
REQUEST		Open Home Page	1645436245043	1645436245051	OK	 
REQUEST		GET Find Owners Page	1645436245680	1645436245685	OK	 
USER	RecordedSimulation2	START	1645436246025
REQUEST		GET Find Owners Page	1645436246022	1645436246027	OK	 
REQUEST		Open Home Page	1645436246026	1645436246033	OK	 
REQUEST		GET Find Owners Page	1645436246084	1645436246087	OK	 
USER	RecordedSimulation2	START	1645436247037
REQUEST		Open Home Page	1645436247037	1645436247044	OK	 
REQUEST		GET Add Owner	1645436247317	1645436247322	OK	 
REQUEST		GET Add Owner	1645436247801	1645436247807	OK	 
REQUEST		GET Add Owner	1645436248815	1645436248819	OK	 
REQUEST		GET Find Owners Page	1645436248985	1645436248989	OK	 
REQUEST		POST Add Owner	1645436249050	1645436249057	KO	status.find.in([200, 209], 304), found 302
REQUEST		POST Add Owner	1645436249204	1645436249211	KO	status.find.in([200, 209], 304), found 302
REQUEST		GET Find Owners Page	1645436249938	1645436249948	OK	 
REQUEST		POST Add Owner	1645436250717	1645436250723	KO	status.find.in([200, 209], 304), found 302
REQUEST		GET Add Owner	1645436250951	1645436250957	OK	 
REQUEST		Get Add Pet	1645436251813	1645436251820	OK	 
REQUEST		Get Add Pet	1645436251906	1645436251911	OK	 
REQUEST		GET Add Owner	1645436252232	1645436252236	OK	 
REQUEST		Get Add Pet	1645436252403	1645436252416	OK	 
REQUEST		POST Add Pet	1645436253760	1645436253767	OK	 
REQUEST		Get owners Info	1645436253773	1645436253780	OK	 
REQUEST		POST Add Pet	1645436253788	1645436253794	OK	 
REQUEST		Get owners Info	1645436253795	1645436253800	OK	 
REQUEST		POST Add Owner	1645436253804	1645436253807	KO	status.find.in([200, 209], 304), found 302
REQUEST		POST Add Pet	1645436254007	1645436254014	OK	 
REQUEST		Get owners Info	1645436254015	1645436254021	OK	 
REQUEST		POST Add Owner	1645436254131	1645436254135	KO	status.find.in([200, 209], 304), found 302
REQUEST		Get Edit Pet Page	1645436255073	1645436255083	OK	 
REQUEST		Get Add Pet	1645436255513	1645436255523	OK	 
REQUEST		Get Add Pet	1645436255947	1645436255957	OK	 
REQUEST		Get Edit Pet Page	1645436256213	1645436256219	OK	 
REQUEST		Get Edit Pet Page	1645436256526	1645436256532	OK	 
REQUEST		POST Add Pet	1645436256651	1645436256657	OK	 
REQUEST		Get owners Info	1645436256658	1645436256665	OK	 
REQUEST		request_122	1645436257414	1645436257427	KO	status.find.in([200, 209], 304), found 302
REQUEST		POST Add Pet	1645436257460	1645436257466	OK	 
REQUEST		Get owners Info	1645436257467	1645436257473	OK	 
REQUEST		request_122	1645436258076	1645436258087	KO	status.find.in([200, 209], 304), found 302
REQUEST		request_122	1645436258507	1645436258517	KO	status.find.in([200, 209], 304), found 302
REQUEST		request_137	1645436258864	1645436258873	OK	 
REQUEST		Get Edit Pet Page	1645436259396	1645436259403	OK	 
REQUEST		Get Edit Pet Page	1645436259600	1645436259608	OK	 
REQUEST		request_137	1645436259725	1645436259733	OK	 
REQUEST		request_152	1645436260191	1645436260196	KO	status.find.in([200, 209], 304), found 302
REQUEST		request_137	1645436260707	1645436260717	OK	 
REQUEST		request_152	1645436260911	1645436260916	KO	status.find.in([200, 209], 304), found 302
REQUEST		request_122	1645436261854	1645436261862	KO	status.find.in([200, 209], 304), found 302
REQUEST		Open Home Page	1645436262027	1645436262031	OK	 
REQUEST		request_122	1645436262166	1645436262172	KO	status.find.in([200, 209], 304), found 302
REQUEST		request_152	1645436262525	1645436262531	KO	status.find.in([200, 209], 304), found 302
REQUEST		Open Home Page	1645436262777	1645436262780	OK	 
REQUEST		request_137	1645436262917	1645436262924	OK	 
REQUEST		GET Find Owners Page	1645436263213	1645436263217	OK	 
REQUEST		Open Home Page	1645436263695	1645436263698	OK	 
REQUEST		GET Find Owners Page	1645436264104	1645436264112	OK	 
REQUEST		request_137	1645436264680	1645436264691	OK	 
REQUEST		GET Find Owners By LastName	1645436264727	1645436264733	OK	 
REQUEST		Get Owners Info	1645436264737	1645436264744	OK	 
REQUEST		GET Find Owners Page	1645436265444	1645436265449	OK	 
REQUEST		request_152	1645436265632	1645436265642	KO	status.find.in([200, 209], 304), found 302
REQUEST		GET Add Owner	1645436265648	1645436265653	OK	 
REQUEST		Get Open Edit Owner Page	1645436266082	1645436266087	OK	 
REQUEST		request_152	1645436267020	1645436267027	KO	status.find.in([200, 209], 304), found 302
REQUEST		Open Home Page	1645436267162	1645436267169	OK	 
REQUEST		POST Add Owner	1645436267553	1645436267560	KO	status.find.in([200, 209], 304), found 302
REQUEST		POST Update Owner	1645436268179	1645436268186	KO	status.find.in([200, 209], 304), found 302
REQUEST		GET Add Owner	1645436268304	1645436268308	OK	 
REQUEST		GET Find Owners Page	1645436268382	1645436268386	OK	 
REQUEST		Open Home Page	1645436269351	1645436269354	OK	 
REQUEST		Get Add Pet	1645436269880	1645436269887	OK	 
REQUEST		GET Vets List	1645436269895	1645436269899	OK	 
REQUEST		POST Add Owner	1645436270036	1645436270042	KO	status.find.in([200, 209], 304), found 302
REQUEST		GET Find Owners By LastName	1645436270584	1645436270594	OK	 
REQUEST		Get Owners Info	1645436270595	1645436270602	OK	 
REQUEST		GET Find Owners Page	1645436271290	1645436271294	OK	 
REQUEST		Get Add Pet	1645436271540	1645436271546	OK	 
REQUEST		Get Open Edit Owner Page	1645436271728	1645436271733	OK	 
REQUEST		Open Home Page	1645436272227	1645436272230	OK	 
REQUEST		POST Add Pet	1645436272461	1645436272467	OK	 
REQUEST		Get owners Info	1645436272468	1645436272475	OK	 
REQUEST		GET Find Owners By LastName	1645436272710	1645436272717	OK	 
REQUEST		Get Owners Info	1645436272718	1645436272724	OK	 
REQUEST		POST Update Owner	1645436273476	1645436273482	KO	status.find.in([200, 209], 304), found 302
REQUEST		Get Open Edit Owner Page	1645436273974	1645436273981	OK	 
REQUEST		POST Add Pet	1645436274130	1645436274136	OK	 
REQUEST		Get owners Info	1645436274136	1645436274143	OK	 
REQUEST		GET Find Owners Page	1645436274754	1645436274758	OK	 
REQUEST		Get Edit Pet Page	1645436274881	1645436274893	OK	 
REQUEST		POST Update Owner	1645436275493	1645436275497	KO	status.find.in([200, 209], 304), found 302
REQUEST		GET Add Owner	1645436275995	1645436276004	OK	 
REQUEST		GET Vets List	1645436276447	1645436276456	OK	 
REQUEST		Get Edit Pet Page	1645436276461	1645436276466	OK	 
REQUEST		request_122	1645436276947	1645436276953	KO	status.find.in([200, 209], 304), found 302
REQUEST		request_122	1645436277788	1645436277793	KO	status.find.in([200, 209], 304), found 302
REQUEST		GET Vets List	1645436277958	1645436277962	OK	 
REQUEST		POST Add Owner	1645436278207	1645436278211	KO	status.find.in([200, 209], 304), found 302
REQUEST		Open Home Page	1645436278445	1645436278449	OK	 
REQUEST		request_137	1645436279125	1645436279132	OK	 
REQUEST		GET Find Owners Page	1645436280210	1645436280409	OK	 
REQUEST		Get Add Pet	1645436280190	1645436280409	OK	 
REQUEST		request_137	1645436280409	1645436280479	OK	 
REQUEST		request_152	1645436280577	1645436280662	KO	status.find.in([200, 209], 304), found 302
REQUEST		Open Home Page	1645436280719	1645436280723	OK	 
REQUEST		Open Home Page	1645436281892	1645436281894	OK	 
REQUEST		request_152	1645436282375	1645436282381	KO	status.find.in([200, 209], 304), found 302
REQUEST		GET Find Owners Page	1645436282438	1645436282441	OK	 
REQUEST		POST Add Pet	1645436283052	1645436283058	OK	 
REQUEST		Get owners Info	1645436283059	1645436283065	OK	 
REQUEST		GET Add Owner	1645436283084	1645436283088	OK	 
REQUEST		GET Add Owner	1645436284123	1645436284126	OK	 
REQUEST		Open Home Page	1645436284250	1645436284253	OK	 
REQUEST		POST Add Owner	1645436284250	1645436284253	KO	status.find.in([200, 209], 304), found 302
REQUEST		Get Edit Pet Page	1645436284609	1645436284615	OK	 
REQUEST		GET Find Owners Page	1645436284812	1645436284816	OK	 
REQUEST		Get Add Pet	1645436285720	1645436285726	OK	 
REQUEST		GET Find Owners Page	1645436285735	1645436285738	OK	 
REQUEST		POST Add Pet	1645436286868	1645436286874	OK	 
REQUEST		Get owners Info	1645436286875	1645436286881	OK	 
REQUEST		POST Add Owner	1645436286994	1645436286999	KO	status.find.in([200, 209], 304), found 302
REQUEST		GET Add Owner	1645436287118	1645436287122	OK	 
REQUEST		request_122	1645436287574	1645436287580	KO	status.find.in([200, 209], 304), found 302
REQUEST		GET Add Owner	1645436288104	1645436288107	OK	 
REQUEST		Get Edit Pet Page	1645436289080	1645436289090	OK	 
REQUEST		request_137	1645436289284	1645436289292	OK	 
REQUEST		POST Add Owner	1645436289566	1645436289570	KO	status.find.in([200, 209], 304), found 302
REQUEST		Get Add Pet	1645436289581	1645436289586	OK	 
REQUEST		POST Add Owner	1645436289674	1645436289678	KO	status.find.in([200, 209], 304), found 302
REQUEST		Get Add Pet	1645436290946	1645436290951	OK	 
REQUEST		Get Add Pet	1645436290962	1645436290966	OK	 
REQUEST		request_122	1645436291165	1645436291172	KO	status.find.in([200, 209], 304), found 302
REQUEST		POST Add Pet	1645436291876	1645436291882	OK	 
REQUEST		Get owners Info	1645436291882	1645436291889	OK	 
REQUEST		request_152	1645436292158	1645436292163	KO	status.find.in([200, 209], 304), found 302
REQUEST		request_137	1645436292600	1645436292606	OK	 
REQUEST		Get Edit Pet Page	1645436293554	1645436293562	OK	 
REQUEST		POST Add Pet	1645436293836	1645436293843	OK	 
REQUEST		Get owners Info	1645436293843	1645436293850	OK	 
REQUEST		POST Add Pet	1645436293882	1645436293887	OK	 
REQUEST		Get owners Info	1645436293888	1645436293894	OK	 
REQUEST		Open Home Page	1645436293913	1645436293923	OK	 
REQUEST		request_152	1645436294117	1645436294122	KO	status.find.in([200, 209], 304), found 302
REQUEST		request_122	1645436295881	1645436295887	KO	status.find.in([200, 209], 304), found 302
REQUEST		Get Edit Pet Page	1645436296069	1645436296074	OK	 
REQUEST		Get Edit Pet Page	1645436296333	1645436296343	OK	 
REQUEST		GET Find Owners Page	1645436296930	1645436296933	OK	 
REQUEST		Open Home Page	1645436297116	1645436297119	OK	 
REQUEST		request_137	1645436297463	1645436297473	OK	 
REQUEST		request_122	1645436298399	1645436298404	KO	status.find.in([200, 209], 304), found 302
REQUEST		request_122	1645436298991	1645436298998	KO	status.find.in([200, 209], 304), found 302
REQUEST		GET Find Owners Page	1645436299053	1645436299062	OK	 
REQUEST		GET Add Owner	1645436299523	1645436299528	OK	 
REQUEST		request_152	1645436299634	1645436299639	KO	status.find.in([200, 209], 304), found 302
REQUEST		GET Find Owners By LastName	1645436301303	1645436301309	OK	 
REQUEST		Get Owners Info	1645436301310	1645436301316	OK	 
REQUEST		request_137	1645436301366	1645436301383	OK	 
REQUEST		request_137	1645436301616	1645436301624	OK	 
REQUEST		POST Add Owner	1645436302243	1645436302247	KO	status.find.in([200, 209], 304), found 302
REQUEST		Open Home Page	1645436302510	1645436302514	OK	 
REQUEST		request_152	1645436303356	1645436303361	KO	status.find.in([200, 209], 304), found 302
REQUEST		request_152	1645436303826	1645436303837	KO	status.find.in([200, 209], 304), found 302
REQUEST		Get Open Edit Owner Page	1645436303967	1645436303971	OK	 
REQUEST		Get Add Pet	1645436304184	1645436304190	OK	 
REQUEST		GET Find Owners Page	1645436304918	1645436304922	OK	 
USER	RecordedSimulation2	END	1645436305201
REQUEST		POST Update Owner	1645436305447	1645436305451	KO	status.find.in([200, 209], 304), found 302
REQUEST		GET Find Owners By LastName	1645436306260	1645436306266	OK	 
REQUEST		Get Owners Info	1645436306267	1645436306273	OK	 
USER	RecordedSimulation2	END	1645436306275
REQUEST		GET Vets List	1645436306729	1645436306742	OK	 
REQUEST		POST Add Pet	1645436307074	1645436307081	OK	 
REQUEST		Get owners Info	1645436307082	1645436307089	OK	 
REQUEST		Get Open Edit Owner Page	1645436308672	1645436308682	OK	 
REQUEST		Get Edit Pet Page	1645436308749	1645436308756	OK	 
USER	RecordedSimulation2	END	1645436309669
REQUEST		POST Update Owner	1645436309919	1645436309925	KO	status.find.in([200, 209], 304), found 302
REQUEST		request_122	1645436310540	1645436310555	KO	status.find.in([200, 209], 304), found 302
REQUEST		request_137	1645436312014	1645436312022	OK	 
REQUEST		GET Vets List	1645436312608	1645436312612	OK	 
REQUEST		request_152	1645436313897	1645436313906	KO	status.find.in([200, 209], 304), found 302
USER	RecordedSimulation2	END	1645436314239
USER	RecordedSimulation2	END	1645436315330
