RUN	com.gatling.tests.ComputerDB	computerdb	1645524660464	 	3.7.4
USER	ComputerDB	START	1645524661810
USER	ComputerDB	START	1645524661810
USER	ComputerDB	START	1645524661810
REQUEST		request_0	1645524661838	1645524662353	OK	 
REQUEST		request_0	1645524661837	1645524662353	OK	 
REQUEST		request_0	1645524661837	1645524662353	OK	 
REQUEST		request_1	1645524662487	1645524662684	OK	 
REQUEST		request_1	1645524662487	1645524662684	OK	 
REQUEST		request_1	1645524662487	1645524662713	OK	 
REQUEST		request_2	1645524662460	1645524662764	OK	 
REQUEST		request_2	1645524662460	1645524662763	OK	 
REQUEST		request_2	1645524662460	1645524662764	OK	 
REQUEST		request_3	1645524664785	1645524664905	OK	 
REQUEST		request_3	1645524664785	1645524664908	OK	 
REQUEST		request_3	1645524664785	1645524664908	OK	 
REQUEST		request_4	1645524664912	1645524664916	OK	 
REQUEST		request_4	1645524664912	1645524664916	OK	 
REQUEST		request_4	1645524664912	1645524664918	OK	 
REQUEST		request_6	1645524715931	1645524716075	OK	 
REQUEST		request_6	1645524715931	1645524716075	OK	 
REQUEST		request_6	1645524715931	1645524716072	OK	 
REQUEST		request_6 Redirect 1	1645524716089	1645524716203	OK	 
REQUEST		request_6 Redirect 1	1645524716089	1645524716205	OK	 
REQUEST		request_6 Redirect 1	1645524716089	1645524716206	OK	 
REQUEST		request_7	1645524716208	1645524716212	OK	 
REQUEST		request_7	1645524716207	1645524716212	OK	 
REQUEST		request_7	1645524716206	1645524716213	OK	 
REQUEST		request_9	1645524729219	1645524729332	OK	 
REQUEST		request_9	1645524729219	1645524729335	OK	 
REQUEST		request_9	1645524729219	1645524729335	OK	 
REQUEST		request_10	1645524729334	1645524729337	OK	 
REQUEST		request_10	1645524729336	1645524729339	OK	 
REQUEST		request_10	1645524729336	1645524729339	OK	 
USER	ComputerDB	END	1645524729340
USER	ComputerDB	END	1645524729340
USER	ComputerDB	END	1645524729340
