RUN	demoPetClinic.RecordedSimulation2	recordedsimulation2	1645115772183	0	3.7.4
USER	RecordedSimulation2	START	1645115773022
REQUEST		Open Home Page	1645115773052	1645115773068	KO	j.n.ConnectException: Connection refused: no further information
USER	RecordedSimulation2	START	1645115773121
REQUEST		Open Home Page	1645115773121	1645115773124	KO	j.n.ConnectException: Connection refused: no further information
USER	RecordedSimulation2	START	1645115773216
REQUEST		Open Home Page	1645115773218	1645115773226	KO	j.n.ConnectException: Connection refused: no further information
USER	RecordedSimulation2	START	1645115773307
REQUEST		Open Home Page	1645115773308	1645115773310	KO	j.n.ConnectException: Connection refused: no further information
USER	RecordedSimulation2	START	1645115773387
REQUEST		Open Home Page	1645115773388	1645115773390	KO	j.n.ConnectException: Connection refused: no further information
USER	RecordedSimulation2	START	1645115773483
REQUEST		Open Home Page	1645115773484	1645115773487	KO	j.n.ConnectException: Connection refused: no further information
USER	RecordedSimulation2	START	1645115773578
REQUEST		Open Home Page	1645115773579	1645115773581	KO	j.n.ConnectException: Connection refused: no further information
USER	RecordedSimulation2	START	1645115773658
REQUEST		Open Home Page	1645115773659	1645115773661	KO	j.n.ConnectException: Connection refused: no further information
USER	RecordedSimulation2	START	1645115773753
REQUEST		Open Home Page	1645115773754	1645115773756	KO	j.n.ConnectException: Connection refused: no further information
USER	RecordedSimulation2	START	1645115773849
REQUEST		Open Home Page	1645115773849	1645115773852	KO	j.n.ConnectException: Connection refused: no further information
USER	RecordedSimulation2	START	1645115773943
REQUEST		Open Home Page	1645115773944	1645115773946	KO	j.n.ConnectException: Connection refused: no further information
USER	RecordedSimulation2	START	1645115774023
REQUEST		Open Home Page	1645115774023	1645115774025	KO	j.n.ConnectException: Connection refused: no further information
REQUEST		GET Find Owners Page	1645115774684	1645115774688	KO	j.n.ConnectException: Connection refused: no further information
REQUEST		GET Find Owners Page	1645115774684	1645115774698	KO	j.n.ConnectException: Connection refused: no further information
REQUEST		GET Find Owners Page	1645115774900	1645115774903	KO	j.n.ConnectException: Connection refused: no further information
USER	RecordedSimulation2	START	1645115775011
REQUEST		Open Home Page	1645115775011	1645115775014	KO	j.n.ConnectException: Connection refused: no further information
REQUEST		GET Find Owners Page	1645115775181	1645115775184	KO	j.n.ConnectException: Connection refused: no further information
REQUEST		GET Find Owners Page	1645115775506	1645115775508	KO	j.n.ConnectException: Connection refused: no further information
REQUEST		GET Find Owners Page	1645115775585	1645115775587	KO	j.n.ConnectException: Connection refused: no further information
REQUEST		GET Find Owners Page	1645115775804	1645115775806	KO	j.n.ConnectException: Connection refused: no further information
REQUEST		GET Find Owners By LastName	1645115775867	1645115775868	KO	j.n.ConnectException: Connection refused: no further information
REQUEST		GET Find Owners Page	1645115775962	1645115775964	KO	j.n.ConnectException: Connection refused: no further information
USER	RecordedSimulation2	START	1645115776012
REQUEST		Open Home Page	1645115776013	1645115776015	KO	j.n.ConnectException: Connection refused: no further information
REQUEST		GET Find Owners Page	1645115776041	1645115776043	KO	j.n.ConnectException: Connection refused: no further information
REQUEST		GET Find Owners Page	1645115776056	1645115776058	KO	j.n.ConnectException: Connection refused: no further information
REQUEST		GET Find Owners Page	1645115776321	1645115776323	KO	j.n.ConnectException: Connection refused: no further information
REQUEST		GET Find Owners Page	1645115776398	1645115776400	KO	j.n.ConnectException: Connection refused: no further information
REQUEST		GET Find Owners Page	1645115776445	1645115776446	KO	j.n.ConnectException: Connection refused: no further information
REQUEST		GET Find Owners By LastName	1645115776867	1645115776869	KO	j.n.ConnectException: Connection refused: no further information
USER	RecordedSimulation2	START	1645115777014
REQUEST		Open Home Page	1645115777015	1645115777016	KO	j.n.ConnectException: Connection refused: no further information
REQUEST		GET Add Owner	1645115777071	1645115777073	KO	j.n.ConnectException: Connection refused: no further information
REQUEST		GET Add Owner	1645115777116	1645115777118	KO	j.n.ConnectException: Connection refused: no further information
REQUEST		GET Add Owner	1645115777259	1645115777262	KO	j.n.ConnectException: Connection refused: no further information
REQUEST		GET Add Owner	1645115777510	1645115777514	KO	j.n.ConnectException: Connection refused: no further information
REQUEST		GET Add Owner	1645115777571	1645115777577	KO	j.n.ConnectException: Connection refused: no further information
REQUEST		GET Add Owner	1645115777974	1645115777979	KO	j.n.ConnectException: Connection refused: no further information
USER	RecordedSimulation2	START	1645115778024
REQUEST		Open Home Page	1645115778024	1645115778026	KO	j.n.ConnectException: Connection refused: no further information
REQUEST		GET Find Owners By LastName	1645115778178	1645115778180	KO	j.n.ConnectException: Connection refused: no further information
REQUEST		GET Find Owners By LastName	1645115778397	1645115778399	KO	j.n.ConnectException: Connection refused: no further information
REQUEST		Get Open Edit Owner Page	1645115778445	1645115778447	KO	j.n.ConnectException: Connection refused: no further information
REQUEST		GET Add Owner	1645115778522	1645115778523	KO	j.n.ConnectException: Connection refused: no further information
REQUEST		GET Add Owner	1645115778585	1645115778586	KO	j.n.ConnectException: Connection refused: no further information
REQUEST		POST Add Owner	1645115778602	1645115778604	KO	j.n.ConnectException: Connection refused: no further information
REQUEST		POST Add Owner	1645115778615	1645115778616	KO	j.n.ConnectException: Connection refused: no further information
REQUEST		GET Find Owners Page	1645115778678	1645115778680	KO	j.n.ConnectException: Connection refused: no further information
REQUEST		GET Add Owner	1645115778944	1645115778946	KO	j.n.ConnectException: Connection refused: no further information
USER	RecordedSimulation2	START	1645115779024
REQUEST		Open Home Page	1645115779024	1645115779026	KO	j.n.ConnectException: Connection refused: no further information
REQUEST		POST Add Owner	1645115779178	1645115779180	KO	j.n.ConnectException: Connection refused: no further information
REQUEST		GET Find Owners Page	1645115779490	1645115779491	KO	j.n.ConnectException: Connection refused: no further information
REQUEST		Get Open Edit Owner Page	1645115779520	1645115779522	KO	j.n.ConnectException: Connection refused: no further information
REQUEST		POST Add Owner	1645115779599	1645115779600	KO	j.n.ConnectException: Connection refused: no further information
REQUEST		Get Add Pet	1645115779661	1645115779663	KO	j.n.ConnectException: Connection refused: no further information
REQUEST		Get Open Edit Owner Page	1645115779788	1645115779789	KO	j.n.ConnectException: Connection refused: no further information
REQUEST		POST Add Owner	1645115779942	1645115779945	KO	j.n.ConnectException: Connection refused: no further information
USER	RecordedSimulation2	START	1645115780024
REQUEST		Open Home Page	1645115780024	1645115780026	KO	j.n.ConnectException: Connection refused: no further information
REQUEST		POST Add Owner	1645115780068	1645115780069	KO	j.n.ConnectException: Connection refused: no further information
REQUEST		POST Add Owner	1645115780114	1645115780115	KO	j.n.ConnectException: Connection refused: no further information
REQUEST		GET Find Owners Page	1645115780318	1645115780320	KO	j.n.ConnectException: Connection refused: no further information
REQUEST		POST Update Owner	1645115780489	1645115780491	KO	j.n.ConnectException: Connection refused: no further information
REQUEST		POST Add Owner	1645115780582	1645115780584	KO	j.n.ConnectException: Connection refused: no further information
REQUEST		GET Add Owner	1645115780643	1645115780645	KO	j.n.ConnectException: Connection refused: no further information
REQUEST		POST Add Pet	1645115780847	1645115780848	KO	j.n.ConnectException: Connection refused: no further information
REQUEST		GET Find Owners Page	1645115780924	1645115780925	KO	j.n.ConnectException: Connection refused: no further information
REQUEST		Get Add Pet	1645115780939	1645115780941	KO	j.n.ConnectException: Connection refused: no further information
USER	RecordedSimulation2	START	1645115781034
REQUEST		Open Home Page	1645115781034	1645115781037	KO	j.n.ConnectException: Connection refused: no further information
REQUEST		GET Find Owners Page	1645115781158	1645115781174	KO	j.n.ConnectException: Connection refused: no further information
REQUEST		Get Add Pet	1645115781250	1645115781251	KO	j.n.ConnectException: Connection refused: no further information
REQUEST		POST Update Owner	1645115781328	1645115781329	KO	j.n.ConnectException: Connection refused: no further information
REQUEST		Get Open Edit Owner Page	1645115781359	1645115781360	KO	j.n.ConnectException: Connection refused: no further information
REQUEST		Get Add Pet	1645115781453	1645115781455	KO	j.n.ConnectException: Connection refused: no further information
REQUEST		Get Add Pet	1645115781612	1645115781613	KO	j.n.ConnectException: Connection refused: no further information
REQUEST		POST Add Owner	1645115781612	1645115781614	KO	j.n.ConnectException: Connection refused: no further information
REQUEST		GET Add Owner	1645115781659	1645115781660	KO	j.n.ConnectException: Connection refused: no further information
USER	RecordedSimulation2	START	1645115782004
REQUEST		Open Home Page	1645115782004	1645115782006	KO	j.n.ConnectException: Connection refused: no further information
REQUEST		Get Add Pet	1645115782048	1645115782050	KO	j.n.ConnectException: Connection refused: no further information
REQUEST		GET Add Owner	1645115782404	1645115782406	KO	j.n.ConnectException: Connection refused: no further information
REQUEST		POST Update Owner	1645115782420	1645115782421	KO	j.n.ConnectException: Connection refused: no further information
REQUEST		POST Add Owner	1645115782497	1645115782498	KO	j.n.ConnectException: Connection refused: no further information
REQUEST		GET Add Owner	1645115782639	1645115782641	KO	j.n.ConnectException: Connection refused: no further information
REQUEST		Get Add Pet	1645115782812	1645115782813	KO	j.n.ConnectException: Connection refused: no further information
REQUEST		GET Vets List	1645115783046	1645115783047	KO	j.n.ConnectException: Connection refused: no further information
REQUEST		GET Find Owners Page	1645115783216	1645115783217	KO	j.n.ConnectException: Connection refused: no further information
REQUEST		GET Vets List	1645115783263	1645115783265	KO	j.n.ConnectException: Connection refused: no further information
REQUEST		POST Add Pet	1645115783295	1645115783296	KO	j.n.ConnectException: Connection refused: no further information
REQUEST		POST Add Owner	1645115783310	1645115783312	KO	j.n.ConnectException: Connection refused: no further information
REQUEST		Get Add Pet	1645115783403	1645115783405	KO	j.n.ConnectException: Connection refused: no further information
REQUEST		POST Add Pet	1645115783419	1645115783420	KO	j.n.ConnectException: Connection refused: no further information
REQUEST		Get Add Pet	1645115783481	1645115783482	KO	j.n.ConnectException: Connection refused: no further information
REQUEST		POST Add Owner	1645115783526	1645115783527	KO	j.n.ConnectException: Connection refused: no further information
REQUEST		GET Find Owners Page	1645115783542	1645115783558	KO	j.n.ConnectException: Connection refused: no further information
REQUEST		Get Edit Pet Page	1645115783636	1645115783637	KO	j.n.ConnectException: Connection refused: no further information
REQUEST		POST Update Owner	1645115783697	1645115783698	KO	j.n.ConnectException: Connection refused: no further information
REQUEST		GET Find Owners By LastName	1645115783915	1645115783932	KO	j.n.ConnectException: Connection refused: no further information
REQUEST		POST Add Pet	1645115784011	1645115784012	KO	j.n.ConnectException: Connection refused: no further information
REQUEST		POST Add Owner	1645115784027	1645115784031	KO	j.n.ConnectException: Connection refused: no further information
REQUEST		POST Add Pet	1645115784104	1645115784106	KO	j.n.ConnectException: Connection refused: no further information
REQUEST		POST Add Pet	1645115784308	1645115784310	KO	j.n.ConnectException: Connection refused: no further information
REQUEST		Get Add Pet	1645115784323	1645115784325	KO	j.n.ConnectException: Connection refused: no further information
REQUEST		GET Vets List	1645115784573	1645115784589	KO	j.n.ConnectException: Connection refused: no further information
REQUEST		POST Add Pet	1645115784589	1645115784590	KO	j.n.ConnectException: Connection refused: no further information
REQUEST		POST Add Pet	1645115784761	1645115784762	KO	j.n.ConnectException: Connection refused: no further information
REQUEST		GET Add Owner	1645115784792	1645115784794	KO	j.n.ConnectException: Connection refused: no further information
REQUEST		GET Add Owner	1645115784838	1645115784839	KO	j.n.ConnectException: Connection refused: no further information
REQUEST		GET Vets List	1645115785026	1645115785027	KO	j.n.ConnectException: Connection refused: no further information
REQUEST		Get Edit Pet Page	1645115785088	1645115785090	KO	j.n.ConnectException: Connection refused: no further information
REQUEST		Get Add Pet	1645115785212	1645115785214	KO	j.n.ConnectException: Connection refused: no further information
REQUEST		Open Home Page	1645115785305	1645115785321	KO	j.n.ConnectException: Connection refused: no further information
REQUEST		POST Add Pet	1645115785414	1645115785416	KO	j.n.ConnectException: Connection refused: no further information
REQUEST		Open Home Page	1645115785477	1645115785478	KO	j.n.ConnectException: Connection refused: no further information
REQUEST		Get Edit Pet Page	1645115785492	1645115785493	KO	j.n.ConnectException: Connection refused: no further information
REQUEST		POST Add Pet	1645115785837	1645115785841	KO	j.n.ConnectException: Connection refused: no further information
REQUEST		Get Edit Pet Page	1645115785962	1645115785963	KO	j.n.ConnectException: Connection refused: no further information
REQUEST		Get Add Pet	1645115786041	1645115786043	KO	j.n.ConnectException: Connection refused: no further information
REQUEST		Get Edit Pet Page	1645115786118	1645115786120	KO	j.n.ConnectException: Connection refused: no further information
REQUEST		Get Add Pet	1645115786243	1645115786245	KO	j.n.ConnectException: Connection refused: no further information
REQUEST		Get Edit Pet Page	1645115786337	1645115786339	KO	j.n.ConnectException: Connection refused: no further information
REQUEST		request_122	1645115786524	1645115786526	KO	j.n.ConnectException: Connection refused: no further information
REQUEST		Open Home Page	1645115786540	1645115786541	KO	j.n.ConnectException: Connection refused: no further information
REQUEST		POST Add Owner	1645115786571	1645115786572	KO	j.n.ConnectException: Connection refused: no further information
REQUEST		GET Find Owners Page	1645115786759	1645115786760	KO	j.n.ConnectException: Connection refused: no further information
REQUEST		Get Open Edit Owner Page	1645115786759	1645115786760	KO	j.n.ConnectException: Connection refused: no further information
REQUEST		request_122	1645115787039	1645115787040	KO	j.n.ConnectException: Connection refused: no further information
REQUEST		Get Edit Pet Page	1645115787039	1645115787040	KO	j.n.ConnectException: Connection refused: no further information
REQUEST		Get Edit Pet Page	1645115787225	1645115787226	KO	j.n.ConnectException: Connection refused: no further information
REQUEST		Get Edit Pet Page	1645115787240	1645115787241	KO	j.n.ConnectException: Connection refused: no further information
REQUEST		POST Add Pet	1645115787271	1645115787272	KO	j.n.ConnectException: Connection refused: no further information
REQUEST		request_122	1645115787379	1645115787381	KO	j.n.ConnectException: Connection refused: no further information
REQUEST		request_122	1645115787585	1645115787591	KO	j.n.ConnectException: Connection refused: no further information
REQUEST		request_137	1645115787615	1645115787616	KO	j.n.ConnectException: Connection refused: no further information
REQUEST		POST Add Owner	1645115787631	1645115787632	KO	j.n.ConnectException: Connection refused: no further information
REQUEST		Open Home Page	1645115787865	1645115787866	KO	j.n.ConnectException: Connection refused: no further information
REQUEST		request_122	1645115787865	1645115787866	KO	j.n.ConnectException: Connection refused: no further information
REQUEST		POST Add Pet	1645115788127	1645115788128	KO	j.n.ConnectException: Connection refused: no further information
REQUEST		Get Edit Pet Page	1645115788284	1645115788285	KO	j.n.ConnectException: Connection refused: no further information
REQUEST		Get Edit Pet Page	1645115788375	1645115788376	KO	j.n.ConnectException: Connection refused: no further information
REQUEST		GET Find Owners Page	1645115788453	1645115788454	KO	j.n.ConnectException: Connection refused: no further information
REQUEST		request_122	1645115788468	1645115788469	KO	j.n.ConnectException: Connection refused: no further information
REQUEST		request_137	1645115788561	1645115788562	KO	j.n.ConnectException: Connection refused: no further information
REQUEST		request_137	1645115788654	1645115788656	KO	j.n.ConnectException: Connection refused: no further information
REQUEST		GET Add Owner	1645115789154	1645115789156	KO	j.n.ConnectException: Connection refused: no further information
REQUEST		POST Add Pet	1645115789248	1645115789250	KO	j.n.ConnectException: Connection refused: no further information
REQUEST		request_152	1645115789312	1645115789313	KO	j.n.ConnectException: Connection refused: no further information
REQUEST		GET Find Owners Page	1645115789328	1645115789344	KO	j.n.ConnectException: Connection refused: no further information
REQUEST		Get Add Pet	1645115789375	1645115789376	KO	j.n.ConnectException: Connection refused: no further information
REQUEST		POST Update Owner	1645115789468	1645115789469	KO	j.n.ConnectException: Connection refused: no further information
REQUEST		Get Edit Pet Page	1645115789483	1645115789485	KO	j.n.ConnectException: Connection refused: no further information
REQUEST		GET Find Owners Page	1645115789624	1645115789626	KO	j.n.ConnectException: Connection refused: no further information
REQUEST		request_122	1645115789703	1645115789719	KO	j.n.ConnectException: Connection refused: no further information
REQUEST		request_122	1645115789764	1645115789766	KO	j.n.ConnectException: Connection refused: no further information
REQUEST		GET Add Owner	1645115789905	1645115789906	KO	j.n.ConnectException: Connection refused: no further information
REQUEST		request_122	1645115790122	1645115790138	KO	j.n.ConnectException: Connection refused: no further information
REQUEST		request_137	1645115790137	1645115790138	KO	j.n.ConnectException: Connection refused: no further information
REQUEST		request_152	1645115790200	1645115790203	KO	j.n.ConnectException: Connection refused: no further information
REQUEST		Get Add Pet	1645115790279	1645115790280	KO	j.n.ConnectException: Connection refused: no further information
REQUEST		request_152	1645115790468	1645115790469	KO	j.n.ConnectException: Connection refused: no further information
REQUEST		request_122	1645115790515	1645115790532	KO	j.n.ConnectException: Connection refused: no further information
REQUEST		request_137	1645115790672	1645115790674	KO	j.n.ConnectException: Connection refused: no further information
REQUEST		request_137	1645115790919	1645115790921	KO	j.n.ConnectException: Connection refused: no further information
REQUEST		GET Add Owner	1645115790982	1645115790984	KO	j.n.ConnectException: Connection refused: no further information
REQUEST		request_122	1645115791029	1645115791031	KO	j.n.ConnectException: Connection refused: no further information
REQUEST		POST Add Owner	1645115791029	1645115791031	KO	j.n.ConnectException: Connection refused: no further information
REQUEST		POST Add Owner	1645115791122	1645115791123	KO	j.n.ConnectException: Connection refused: no further information
REQUEST		Open Home Page	1645115791199	1645115791201	KO	j.n.ConnectException: Connection refused: no further information
REQUEST		request_122	1645115791247	1645115791248	KO	j.n.ConnectException: Connection refused: no further information
REQUEST		request_137	1645115791340	1645115791342	KO	j.n.ConnectException: Connection refused: no further information
REQUEST		request_137	1645115791403	1645115791404	KO	j.n.ConnectException: Connection refused: no further information
REQUEST		POST Add Pet	1645115791498	1645115791499	KO	j.n.ConnectException: Connection refused: no further information
REQUEST		POST Add Pet	1645115791608	1645115791610	KO	j.n.ConnectException: Connection refused: no further information
REQUEST		request_152	1645115791826	1645115791828	KO	j.n.ConnectException: Connection refused: no further information
REQUEST		Get Edit Pet Page	1645115791874	1645115791875	KO	j.n.ConnectException: Connection refused: no further information
REQUEST		Get Add Pet	1645115792122	1645115792123	KO	j.n.ConnectException: Connection refused: no further information
REQUEST		POST Add Owner	1645115792202	1645115792206	KO	j.n.ConnectException: Connection refused: no further information
REQUEST		request_137	1645115792232	1645115792233	KO	j.n.ConnectException: Connection refused: no further information
REQUEST		GET Find Owners By LastName	1645115792308	1645115792310	KO	j.n.ConnectException: Connection refused: no further information
REQUEST		Open Home Page	1645115792388	1645115792389	KO	j.n.ConnectException: Connection refused: no further information
REQUEST		GET Vets List	1645115792436	1645115792437	KO	j.n.ConnectException: Connection refused: no further information
REQUEST		request_137	1645115792452	1645115792469	KO	j.n.ConnectException: Connection refused: no further information
REQUEST		request_152	1645115792484	1645115792485	KO	j.n.ConnectException: Connection refused: no further information
REQUEST		Get Edit Pet Page	1645115792751	1645115792752	KO	j.n.ConnectException: Connection refused: no further information
REQUEST		request_152	1645115792782	1645115792783	KO	j.n.ConnectException: Connection refused: no further information
REQUEST		Get Edit Pet Page	1645115792905	1645115792921	KO	j.n.ConnectException: Connection refused: no further information
REQUEST		Open Home Page	1645115792936	1645115792937	KO	j.n.ConnectException: Connection refused: no further information
REQUEST		Open Home Page	1645115792968	1645115792970	KO	j.n.ConnectException: Connection refused: no further information
REQUEST		request_137	1645115793000	1645115793001	KO	j.n.ConnectException: Connection refused: no further information
REQUEST		request_152	1645115793265	1645115793267	KO	j.n.ConnectException: Connection refused: no further information
REQUEST		GET Find Owners Page	1645115793280	1645115793283	KO	j.n.ConnectException: Connection refused: no further information
REQUEST		Get Add Pet	1645115793388	1645115793390	KO	j.n.ConnectException: Connection refused: no further information
REQUEST		Open Home Page	1645115793641	1645115793642	KO	j.n.ConnectException: Connection refused: no further information
REQUEST		request_122	1645115793751	1645115793752	KO	j.n.ConnectException: Connection refused: no further information
REQUEST		GET Find Owners Page	1645115793892	1645115793897	KO	j.n.ConnectException: Connection refused: no further information
REQUEST		request_152	1645115793970	1645115793971	KO	j.n.ConnectException: Connection refused: no further information
REQUEST		request_152	1645115794048	1645115794050	KO	j.n.ConnectException: Connection refused: no further information
REQUEST		request_152	1645115794064	1645115794067	KO	j.n.ConnectException: Connection refused: no further information
REQUEST		request_137	1645115794190	1645115794192	KO	j.n.ConnectException: Connection refused: no further information
REQUEST		request_122	1645115794206	1645115794207	KO	j.n.ConnectException: Connection refused: no further information
REQUEST		request_152	1645115794237	1645115794238	KO	j.n.ConnectException: Connection refused: no further information
REQUEST		POST Add Pet	1645115794394	1645115794396	KO	j.n.ConnectException: Connection refused: no further information
REQUEST		Open Home Page	1645115794394	1645115794396	KO	j.n.ConnectException: Connection refused: no further information
REQUEST		request_122	1645115794394	1645115794396	KO	j.n.ConnectException: Connection refused: no further information
REQUEST		GET Add Owner	1645115794458	1645115794459	KO	j.n.ConnectException: Connection refused: no further information
REQUEST		Get Add Pet	1645115794566	1645115794567	KO	j.n.ConnectException: Connection refused: no further information
REQUEST		Get Open Edit Owner Page	1645115794613	1645115794614	KO	j.n.ConnectException: Connection refused: no further information
REQUEST		POST Add Pet	1645115794738	1645115794754	KO	j.n.ConnectException: Connection refused: no further information
REQUEST		GET Find Owners Page	1645115794786	1645115794787	KO	j.n.ConnectException: Connection refused: no further information
REQUEST		Open Home Page	1645115794897	1645115794898	KO	j.n.ConnectException: Connection refused: no further information
REQUEST		request_137	1645115795194	1645115795195	KO	j.n.ConnectException: Connection refused: no further information
REQUEST		GET Find Owners Page	1645115795210	1645115795211	KO	j.n.ConnectException: Connection refused: no further information
REQUEST		Open Home Page	1645115795411	1645115795412	KO	j.n.ConnectException: Connection refused: no further information
REQUEST		Get Edit Pet Page	1645115795443	1645115795445	KO	j.n.ConnectException: Connection refused: no further information
REQUEST		POST Add Owner	1645115795567	1645115795568	KO	j.n.ConnectException: Connection refused: no further information
REQUEST		Open Home Page	1645115795709	1645115795712	KO	j.n.ConnectException: Connection refused: no further information
REQUEST		GET Add Owner	1645115795849	1645115795851	KO	j.n.ConnectException: Connection refused: no further information
REQUEST		GET Find Owners Page	1645115795880	1645115795881	KO	j.n.ConnectException: Connection refused: no further information
REQUEST		Open Home Page	1645115795957	1645115795959	KO	j.n.ConnectException: Connection refused: no further information
REQUEST		request_152	1645115795987	1645115795989	KO	j.n.ConnectException: Connection refused: no further information
REQUEST		request_137	1645115796238	1645115796242	KO	j.n.ConnectException: Connection refused: no further information
REQUEST		GET Add Owner	1645115796284	1645115796300	KO	j.n.ConnectException: Connection refused: no further information
REQUEST		POST Add Pet	1645115796332	1645115796348	KO	j.n.ConnectException: Connection refused: no further information
REQUEST		GET Find Owners Page	1645115796363	1645115796379	KO	j.n.ConnectException: Connection refused: no further information
REQUEST		GET Find Owners Page	1645115796440	1645115796442	KO	j.n.ConnectException: Connection refused: no further information
REQUEST		Get Edit Pet Page	1645115796721	1645115796722	KO	j.n.ConnectException: Connection refused: no further information
REQUEST		Open Home Page	1645115796753	1645115796754	KO	j.n.ConnectException: Connection refused: no further information
REQUEST		request_137	1645115796753	1645115796754	KO	j.n.ConnectException: Connection refused: no further information
REQUEST		Open Home Page	1645115796940	1645115796942	KO	j.n.ConnectException: Connection refused: no further information
REQUEST		Get Add Pet	1645115797407	1645115797410	KO	j.n.ConnectException: Connection refused: no further information
REQUEST		request_152	1645115797470	1645115797471	KO	j.n.ConnectException: Connection refused: no further information
REQUEST		POST Update Owner	1645115797609	1645115797610	KO	j.n.ConnectException: Connection refused: no further information
REQUEST		request_152	1645115797625	1645115797626	KO	j.n.ConnectException: Connection refused: no further information
REQUEST		GET Add Owner	1645115797672	1645115797674	KO	j.n.ConnectException: Connection refused: no further information
REQUEST		GET Find Owners By LastName	1645115797720	1645115797721	KO	j.n.ConnectException: Connection refused: no further information
REQUEST		Get Edit Pet Page	1645115797829	1645115797831	KO	j.n.ConnectException: Connection refused: no further information
REQUEST		GET Find Owners Page	1645115797938	1645115797939	KO	j.n.ConnectException: Connection refused: no further information
REQUEST		request_152	1645115797954	1645115797955	KO	j.n.ConnectException: Connection refused: no further information
REQUEST		request_122	1645115798127	1645115798128	KO	j.n.ConnectException: Connection refused: no further information
REQUEST		GET Find Owners Page	1645115798250	1645115798266	KO	j.n.ConnectException: Connection refused: no further information
REQUEST		GET Find Owners Page	1645115798266	1645115798266	KO	j.n.ConnectException: Connection refused: no further information
REQUEST		Open Home Page	1645115798424	1645115798427	KO	j.n.ConnectException: Connection refused: no further information
REQUEST		POST Add Owner	1645115798562	1645115798577	KO	j.n.ConnectException: Connection refused: no further information
REQUEST		GET Find Owners Page	1645115798656	1645115798658	KO	j.n.ConnectException: Connection refused: no further information
REQUEST		GET Find Owners Page	1645115798656	1645115798672	KO	j.n.ConnectException: Connection refused: no further information
REQUEST		GET Find Owners By LastName	1645115798688	1645115798690	KO	j.n.ConnectException: Connection refused: no further information
REQUEST		request_122	1645115798874	1645115798875	KO	j.n.ConnectException: Connection refused: no further information
REQUEST		GET Add Owner	1645115799107	1645115799109	KO	j.n.ConnectException: Connection refused: no further information
REQUEST		POST Add Owner	1645115799186	1645115799188	KO	j.n.ConnectException: Connection refused: no further information
REQUEST		Open Home Page	1645115799218	1645115799219	KO	j.n.ConnectException: Connection refused: no further information
REQUEST		Open Home Page	1645115799405	1645115799406	KO	j.n.ConnectException: Connection refused: no further information
REQUEST		GET Vets List	1645115799653	1645115799655	KO	j.n.ConnectException: Connection refused: no further information
REQUEST		POST Add Owner	1645115799761	1645115799777	KO	j.n.ConnectException: Connection refused: no further information
REQUEST		request_137	1645115799918	1645115799919	KO	j.n.ConnectException: Connection refused: no further information
REQUEST		Get Open Edit Owner Page	1645115800042	1645115800058	KO	j.n.ConnectException: Connection refused: no further information
REQUEST		Open Home Page	1645115800120	1645115800121	KO	j.n.ConnectException: Connection refused: no further information
REQUEST		GET Add Owner	1645115800165	1645115800166	KO	j.n.ConnectException: Connection refused: no further information
REQUEST		POST Add Pet	1645115800181	1645115800182	KO	j.n.ConnectException: Connection refused: no further information
REQUEST		GET Add Owner	1645115800196	1645115800198	KO	j.n.ConnectException: Connection refused: no further information
REQUEST		request_122	1645115800276	1645115800278	KO	j.n.ConnectException: Connection refused: no further information
REQUEST		POST Add Owner	1645115800308	1645115800309	KO	j.n.ConnectException: Connection refused: no further information
REQUEST		Get Open Edit Owner Page	1645115800514	1645115800516	KO	j.n.ConnectException: Connection refused: no further information
REQUEST		GET Find Owners Page	1645115800530	1645115800532	KO	j.n.ConnectException: Connection refused: no further information
REQUEST		GET Add Owner	1645115800609	1645115800610	KO	j.n.ConnectException: Connection refused: no further information
REQUEST		Get Add Pet	1645115800767	1645115800768	KO	j.n.ConnectException: Connection refused: no further information
REQUEST		GET Find Owners Page	1645115800767	1645115800768	KO	j.n.ConnectException: Connection refused: no further information
REQUEST		GET Add Owner	1645115801079	1645115801095	KO	j.n.ConnectException: Connection refused: no further information
REQUEST		GET Find Owners Page	1645115801268	1645115801272	KO	j.n.ConnectException: Connection refused: no further information
REQUEST		POST Add Owner	1645115801362	1645115801363	KO	j.n.ConnectException: Connection refused: no further information
REQUEST		GET Add Owner	1645115801424	1645115801440	KO	j.n.ConnectException: Connection refused: no further information
REQUEST		Get Edit Pet Page	1645115801642	1645115801643	KO	j.n.ConnectException: Connection refused: no further information
REQUEST		GET Find Owners Page	1645115801657	1645115801658	KO	j.n.ConnectException: Connection refused: no further information
REQUEST		POST Add Owner	1645115801828	1645115801830	KO	j.n.ConnectException: Connection refused: no further information
REQUEST		GET Find Owners By LastName	1645115801844	1645115801861	KO	j.n.ConnectException: Connection refused: no further information
REQUEST		request_137	1645115801860	1645115801862	KO	j.n.ConnectException: Connection refused: no further information
REQUEST		request_152	1645115802017	1645115802018	KO	j.n.ConnectException: Connection refused: no further information
REQUEST		Open Home Page	1645115802032	1645115802049	KO	j.n.ConnectException: Connection refused: no further information
REQUEST		Get Add Pet	1645115802095	1645115802096	KO	j.n.ConnectException: Connection refused: no further information
REQUEST		POST Add Pet	1645115802110	1645115802111	KO	j.n.ConnectException: Connection refused: no further information
REQUEST		POST Add Owner	1645115802468	1645115802470	KO	j.n.ConnectException: Connection refused: no further information
REQUEST		Get Add Pet	1645115802468	1645115802470	KO	j.n.ConnectException: Connection refused: no further information
REQUEST		POST Add Owner	1645115802563	1645115802579	KO	j.n.ConnectException: Connection refused: no further information
REQUEST		POST Update Owner	1645115802752	1645115802753	KO	j.n.ConnectException: Connection refused: no further information
REQUEST		POST Add Owner	1645115802767	1645115802769	KO	j.n.ConnectException: Connection refused: no further information
REQUEST		GET Add Owner	1645115802767	1645115802769	KO	j.n.ConnectException: Connection refused: no further information
REQUEST		POST Update Owner	1645115802973	1645115802974	KO	j.n.ConnectException: Connection refused: no further information
REQUEST		request_137	1645115802988	1645115802990	KO	j.n.ConnectException: Connection refused: no further information
REQUEST		Get Add Pet	1645115803004	1645115803005	KO	j.n.ConnectException: Connection refused: no further information
REQUEST		Get Add Pet	1645115803051	1645115803052	KO	j.n.ConnectException: Connection refused: no further information
REQUEST		GET Find Owners By LastName	1645115803051	1645115803052	KO	j.n.ConnectException: Connection refused: no further information
REQUEST		Get Add Pet	1645115803067	1645115803068	KO	j.n.ConnectException: Connection refused: no further information
REQUEST		GET Add Owner	1645115803098	1645115803099	KO	j.n.ConnectException: Connection refused: no further information
REQUEST		request_122	1645115803349	1645115803364	KO	j.n.ConnectException: Connection refused: no further information
REQUEST		POST Add Pet	1645115803380	1645115803381	KO	j.n.ConnectException: Connection refused: no further information
REQUEST		Get Open Edit Owner Page	1645115804084	1645115804086	KO	j.n.ConnectException: Connection refused: no further information
REQUEST		Open Home Page	1645115804164	1645115804179	KO	j.n.ConnectException: Connection refused: no further information
REQUEST		POST Add Pet	1645115804210	1645115804225	KO	j.n.ConnectException: Connection refused: no further information
REQUEST		GET Vets List	1645115804225	1645115804226	KO	j.n.ConnectException: Connection refused: no further information
REQUEST		POST Add Owner	1645115804225	1645115804242	KO	j.n.ConnectException: Connection refused: no further information
REQUEST		POST Add Pet	1645115804476	1645115804477	KO	j.n.ConnectException: Connection refused: no further information
REQUEST		Get Add Pet	1645115804507	1645115804523	KO	j.n.ConnectException: Connection refused: no further information
REQUEST		GET Find Owners Page	1645115804523	1645115804524	KO	j.n.ConnectException: Connection refused: no further information
REQUEST		request_152	1645115804538	1645115804539	KO	j.n.ConnectException: Connection refused: no further information
REQUEST		Get Open Edit Owner Page	1645115804554	1645115804555	KO	j.n.ConnectException: Connection refused: no further information
REQUEST		request_152	1645115804585	1645115804586	KO	j.n.ConnectException: Connection refused: no further information
REQUEST		Get Edit Pet Page	1645115804740	1645115804744	KO	j.n.ConnectException: Connection refused: no further information
REQUEST		Get Edit Pet Page	1645115804771	1645115804772	KO	j.n.ConnectException: Connection refused: no further information
REQUEST		POST Add Pet	1645115804926	1645115804928	KO	j.n.ConnectException: Connection refused: no further information
REQUEST		GET Vets List	1645115805021	1645115805022	KO	j.n.ConnectException: Connection refused: no further information
REQUEST		Get Add Pet	1645115805269	1645115805270	KO	j.n.ConnectException: Connection refused: no further information
REQUEST		POST Add Owner	1645115805379	1645115805380	KO	j.n.ConnectException: Connection refused: no further information
REQUEST		Get Add Pet	1645115805456	1645115805457	KO	j.n.ConnectException: Connection refused: no further information
REQUEST		Get Add Pet	1645115805534	1645115805535	KO	j.n.ConnectException: Connection refused: no further information
REQUEST		request_137	1645115805549	1645115805550	KO	j.n.ConnectException: Connection refused: no further information
REQUEST		POST Add Pet	1645115805597	1645115805599	KO	j.n.ConnectException: Connection refused: no further information
REQUEST		Open Home Page	1645115805629	1645115805630	KO	j.n.ConnectException: Connection refused: no further information
REQUEST		request_122	1645115805850	1645115805851	KO	j.n.ConnectException: Connection refused: no further information
REQUEST		POST Add Pet	1645115805882	1645115805883	KO	j.n.ConnectException: Connection refused: no further information
REQUEST		Open Home Page	1645115806130	1645115806132	KO	j.n.ConnectException: Connection refused: no further information
REQUEST		GET Find Owners By LastName	1645115806145	1645115806147	KO	j.n.ConnectException: Connection refused: no further information
REQUEST		Get Edit Pet Page	1645115806441	1645115806443	KO	j.n.ConnectException: Connection refused: no further information
REQUEST		POST Update Owner	1645115806472	1645115806490	KO	j.n.ConnectException: Connection refused: no further information
REQUEST		POST Update Owner	1645115806550	1645115806565	KO	j.n.ConnectException: Connection refused: no further information
REQUEST		Get Edit Pet Page	1645115806956	1645115806958	KO	j.n.ConnectException: Connection refused: no further information
REQUEST		GET Find Owners Page	1645115806988	1645115806990	KO	j.n.ConnectException: Connection refused: no further information
REQUEST		Get Edit Pet Page	1645115807112	1645115807114	KO	j.n.ConnectException: Connection refused: no further information
REQUEST		Open Home Page	1645115807205	1645115807207	KO	j.n.ConnectException: Connection refused: no further information
REQUEST		request_152	1645115807408	1645115807410	KO	j.n.ConnectException: Connection refused: no further information
REQUEST		request_122	1645115807534	1645115807536	KO	j.n.ConnectException: Connection refused: no further information
REQUEST		POST Add Pet	1645115807596	1645115807598	KO	j.n.ConnectException: Connection refused: no further information
REQUEST		POST Add Pet	1645115807788	1645115807790	KO	j.n.ConnectException: Connection refused: no further information
REQUEST		Open Home Page	1645115807788	1645115807790	KO	j.n.ConnectException: Connection refused: no further information
REQUEST		Get Edit Pet Page	1645115807821	1645115807824	KO	j.n.ConnectException: Connection refused: no further information
REQUEST		POST Add Pet	1645115807946	1645115807947	KO	j.n.ConnectException: Connection refused: no further information
REQUEST		Get Edit Pet Page	1645115808107	1645115808108	KO	j.n.ConnectException: Connection refused: no further information
REQUEST		GET Vets List	1645115808170	1645115808171	KO	j.n.ConnectException: Connection refused: no further information
REQUEST		request_137	1645115808200	1645115808201	KO	j.n.ConnectException: Connection refused: no further information
REQUEST		GET Find Owners Page	1645115808200	1645115808217	KO	j.n.ConnectException: Connection refused: no further information
REQUEST		Get Add Pet	1645115808231	1645115808232	KO	j.n.ConnectException: Connection refused: no further information
REQUEST		Get Open Edit Owner Page	1645115808231	1645115808232	KO	j.n.ConnectException: Connection refused: no further information
REQUEST		request_122	1645115808530	1645115808531	KO	j.n.ConnectException: Connection refused: no further information
REQUEST		request_122	1645115808530	1645115808546	KO	j.n.ConnectException: Connection refused: no further information
REQUEST		Open Home Page	1645115808814	1645115808815	KO	j.n.ConnectException: Connection refused: no further information
REQUEST		GET Vets List	1645115808893	1645115808895	KO	j.n.ConnectException: Connection refused: no further information
REQUEST		GET Find Owners Page	1645115808925	1645115808926	KO	j.n.ConnectException: Connection refused: no further information
REQUEST		Get Edit Pet Page	1645115809101	1645115809102	KO	j.n.ConnectException: Connection refused: no further information
REQUEST		request_137	1645115809148	1645115809165	KO	j.n.ConnectException: Connection refused: no further information
REQUEST		Get Edit Pet Page	1645115809350	1645115809351	KO	j.n.ConnectException: Connection refused: no further information
REQUEST		Get Edit Pet Page	1645115809382	1645115809383	KO	j.n.ConnectException: Connection refused: no further information
REQUEST		request_122	1645115809429	1645115809445	KO	j.n.ConnectException: Connection refused: no further information
REQUEST		request_122	1645115809444	1645115809459	KO	j.n.ConnectException: Connection refused: no further information
REQUEST		GET Find Owners Page	1645115809459	1645115809461	KO	j.n.ConnectException: Connection refused: no further information
REQUEST		GET Add Owner	1645115809679	1645115809680	KO	j.n.ConnectException: Connection refused: no further information
REQUEST		GET Add Owner	1645115810007	1645115810023	KO	j.n.ConnectException: Connection refused: no further information
REQUEST		request_137	1645115810086	1645115810101	KO	j.n.ConnectException: Connection refused: no further information
REQUEST		request_152	1645115810164	1645115810165	KO	j.n.ConnectException: Connection refused: no further information
REQUEST		POST Update Owner	1645115810210	1645115810211	KO	j.n.ConnectException: Connection refused: no further information
REQUEST		Open Home Page	1645115810286	1645115810287	KO	j.n.ConnectException: Connection refused: no further information
REQUEST		GET Add Owner	1645115810286	1645115810287	KO	j.n.ConnectException: Connection refused: no further information
REQUEST		GET Find Owners Page	1645115810380	1645115810381	KO	j.n.ConnectException: Connection refused: no further information
REQUEST		request_122	1645115810395	1645115810411	KO	j.n.ConnectException: Connection refused: no further information
REQUEST		request_152	1645115810426	1645115810427	KO	j.n.ConnectException: Connection refused: no further information
REQUEST		Open Home Page	1645115810442	1645115810443	KO	j.n.ConnectException: Connection refused: no further information
REQUEST		request_122	1645115810566	1645115810581	KO	j.n.ConnectException: Connection refused: no further information
REQUEST		request_137	1645115810596	1645115810598	KO	j.n.ConnectException: Connection refused: no further information
REQUEST		GET Add Owner	1645115810643	1645115810644	KO	j.n.ConnectException: Connection refused: no further information
REQUEST		request_122	1645115810705	1645115810721	KO	j.n.ConnectException: Connection refused: no further information
REQUEST		GET Find Owners Page	1645115810767	1645115810768	KO	j.n.ConnectException: Connection refused: no further information
REQUEST		request_122	1645115810970	1645115810986	KO	j.n.ConnectException: Connection refused: no further information
REQUEST		POST Add Pet	1645115811080	1645115811081	KO	j.n.ConnectException: Connection refused: no further information
REQUEST		Open Home Page	1645115811425	1645115811426	KO	j.n.ConnectException: Connection refused: no further information
REQUEST		GET Find Owners Page	1645115811519	1645115811520	KO	j.n.ConnectException: Connection refused: no further information
REQUEST		request_152	1645115811519	1645115811520	KO	j.n.ConnectException: Connection refused: no further information
REQUEST		GET Find Owners Page	1645115811614	1645115811630	KO	j.n.ConnectException: Connection refused: no further information
REQUEST		request_137	1645115811802	1645115811817	KO	j.n.ConnectException: Connection refused: no further information
REQUEST		request_137	1645115811987	1645115812003	KO	j.n.ConnectException: Connection refused: no further information
REQUEST		request_137	1645115812049	1645115812050	KO	j.n.ConnectException: Connection refused: no further information
REQUEST		POST Add Owner	1645115812065	1645115812081	KO	j.n.ConnectException: Connection refused: no further information
REQUEST		POST Add Owner	1645115812112	1645115812113	KO	j.n.ConnectException: Connection refused: no further information
REQUEST		request_137	1645115812144	1645115812160	KO	j.n.ConnectException: Connection refused: no further information
REQUEST		Open Home Page	1645115812396	1645115812397	KO	j.n.ConnectException: Connection refused: no further information
REQUEST		GET Add Owner	1645115812521	1645115812538	KO	j.n.ConnectException: Connection refused: no further information
REQUEST		request_152	1645115812537	1645115812538	KO	j.n.ConnectException: Connection refused: no further information
REQUEST		GET Vets List	1645115812740	1645115812741	KO	j.n.ConnectException: Connection refused: no further information
REQUEST		Get Edit Pet Page	1645115812786	1645115812790	KO	j.n.ConnectException: Connection refused: no further information
REQUEST		POST Add Owner	1645115812833	1645115812836	KO	j.n.ConnectException: Connection refused: no further information
REQUEST		POST Add Owner	1645115812924	1645115812925	KO	j.n.ConnectException: Connection refused: no further information
REQUEST		GET Find Owners Page	1645115813126	1645115813127	KO	j.n.ConnectException: Connection refused: no further information
REQUEST		request_137	1645115813281	1645115813282	KO	j.n.ConnectException: Connection refused: no further information
REQUEST		GET Add Owner	1645115813343	1645115813344	KO	j.n.ConnectException: Connection refused: no further information
REQUEST		request_152	1645115813437	1645115813438	KO	j.n.ConnectException: Connection refused: no further information
REQUEST		request_137	1645115813592	1645115813594	KO	j.n.ConnectException: Connection refused: no further information
REQUEST		Get Add Pet	1645115813840	1645115813842	KO	j.n.ConnectException: Connection refused: no further information
REQUEST		GET Add Owner	1645115814153	1645115814155	KO	j.n.ConnectException: Connection refused: no further information
REQUEST		request_152	1645115814168	1645115814169	KO	j.n.ConnectException: Connection refused: no further information
REQUEST		GET Find Owners Page	1645115814168	1645115814169	KO	j.n.ConnectException: Connection refused: no further information
REQUEST		Open Home Page	1645115814356	1645115814357	KO	j.n.ConnectException: Connection refused: no further information
REQUEST		GET Add Owner	1645115814356	1645115814357	KO	j.n.ConnectException: Connection refused: no further information
REQUEST		Get Add Pet	1645115814372	1645115814373	KO	j.n.ConnectException: Connection refused: no further information
REQUEST		request_152	1645115814372	1645115814389	KO	j.n.ConnectException: Connection refused: no further information
REQUEST		Open Home Page	1645115814420	1645115814436	KO	j.n.ConnectException: Connection refused: no further information
REQUEST		GET Add Owner	1645115814451	1645115814452	KO	j.n.ConnectException: Connection refused: no further information
REQUEST		Open Home Page	1645115814499	1645115814500	KO	j.n.ConnectException: Connection refused: no further information
REQUEST		POST Add Owner	1645115814847	1645115814848	KO	j.n.ConnectException: Connection refused: no further information
REQUEST		POST Add Pet	1645115815019	1645115815021	KO	j.n.ConnectException: Connection refused: no further information
REQUEST		request_152	1645115815034	1645115815036	KO	j.n.ConnectException: Connection refused: no further information
REQUEST		Open Home Page	1645115815097	1645115815098	KO	j.n.ConnectException: Connection refused: no further information
REQUEST		POST Add Owner	1645115815409	1645115815425	KO	j.n.ConnectException: Connection refused: no further information
REQUEST		Get Add Pet	1645115815425	1645115815425	KO	j.n.ConnectException: Connection refused: no further information
REQUEST		request_152	1645115815519	1645115815520	KO	j.n.ConnectException: Connection refused: no further information
REQUEST		request_122	1645115815658	1645115815659	KO	j.n.ConnectException: Connection refused: no further information
REQUEST		Get Add Pet	1645115815736	1645115815752	KO	j.n.ConnectException: Connection refused: no further information
REQUEST		GET Find Owners Page	1645115816113	1645115816114	KO	j.n.ConnectException: Connection refused: no further information
REQUEST		Open Home Page	1645115816348	1645115816364	KO	j.n.ConnectException: Connection refused: no further information
REQUEST		request_152	1645115816395	1645115816396	KO	j.n.ConnectException: Connection refused: no further information
REQUEST		GET Find Owners Page	1645115816426	1645115816427	KO	j.n.ConnectException: Connection refused: no further information
REQUEST		Get Add Pet	1645115816504	1645115816520	KO	j.n.ConnectException: Connection refused: no further information
REQUEST		GET Add Owner	1645115816504	1645115816520	KO	j.n.ConnectException: Connection refused: no further information
REQUEST		POST Add Owner	1645115816520	1645115816521	KO	j.n.ConnectException: Connection refused: no further information
REQUEST		POST Add Owner	1645115816520	1645115816521	KO	j.n.ConnectException: Connection refused: no further information
REQUEST		Open Home Page	1645115816753	1645115816769	KO	j.n.ConnectException: Connection refused: no further information
REQUEST		Open Home Page	1645115816768	1645115816769	KO	j.n.ConnectException: Connection refused: no further information
REQUEST		POST Add Owner	1645115816784	1645115816785	KO	j.n.ConnectException: Connection refused: no further information
REQUEST		GET Find Owners Page	1645115816800	1645115816802	KO	j.n.ConnectException: Connection refused: no further information
REQUEST		Open Home Page	1645115816896	1645115816898	KO	j.n.ConnectException: Connection refused: no further information
REQUEST		GET Find Owners Page	1645115816896	1645115816911	KO	j.n.ConnectException: Connection refused: no further information
REQUEST		POST Add Pet	1645115816957	1645115816958	KO	j.n.ConnectException: Connection refused: no further information
REQUEST		POST Add Pet	1645115816973	1645115816989	KO	j.n.ConnectException: Connection refused: no further information
REQUEST		POST Add Pet	1645115817098	1645115817114	KO	j.n.ConnectException: Connection refused: no further information
REQUEST		Get Edit Pet Page	1645115817392	1645115817393	KO	j.n.ConnectException: Connection refused: no further information
REQUEST		Get Add Pet	1645115817487	1645115817503	KO	j.n.ConnectException: Connection refused: no further information
REQUEST		Get Add Pet	1645115817644	1645115817645	KO	j.n.ConnectException: Connection refused: no further information
REQUEST		Get Add Pet	1645115817832	1645115817834	KO	j.n.ConnectException: Connection refused: no further information
REQUEST		GET Find Owners Page	1645115818051	1645115818052	KO	j.n.ConnectException: Connection refused: no further information
REQUEST		request_137	1645115818067	1645115818068	KO	j.n.ConnectException: Connection refused: no further information
REQUEST		GET Find Owners Page	1645115818114	1645115818115	KO	j.n.ConnectException: Connection refused: no further information
REQUEST		GET Find Owners Page	1645115818207	1645115818209	KO	j.n.ConnectException: Connection refused: no further information
REQUEST		Get Edit Pet Page	1645115818680	1645115818680	KO	j.n.ConnectException: Connection refused: no further information
REQUEST		Open Home Page	1645115818664	1645115818695	KO	j.n.ConnectException: Connection refused: no further information
REQUEST		POST Add Owner	1645115818711	1645115818712	KO	j.n.ConnectException: Connection refused: no further information
REQUEST		request_122	1645115818822	1645115818823	KO	j.n.ConnectException: Connection refused: no further information
REQUEST		GET Find Owners By LastName	1645115818871	1645115818874	KO	j.n.ConnectException: Connection refused: no further information
REQUEST		Get Add Pet	1645115819072	1645115819073	KO	j.n.ConnectException: Connection refused: no further information
REQUEST		GET Add Owner	1645115819087	1645115819088	KO	j.n.ConnectException: Connection refused: no further information
REQUEST		GET Add Owner	1645115819149	1645115819150	KO	j.n.ConnectException: Connection refused: no further information
REQUEST		POST Add Pet	1645115819213	1645115819228	KO	j.n.ConnectException: Connection refused: no further information
REQUEST		GET Add Owner	1645115819710	1645115819712	KO	j.n.ConnectException: Connection refused: no further information
REQUEST		POST Add Pet	1645115819726	1645115819728	KO	j.n.ConnectException: Connection refused: no further information
REQUEST		GET Find Owners Page	1645115819788	1645115819803	KO	j.n.ConnectException: Connection refused: no further information
REQUEST		Get Edit Pet Page	1645115819803	1645115819804	KO	j.n.ConnectException: Connection refused: no further information
REQUEST		GET Add Owner	1645115819834	1645115819835	KO	j.n.ConnectException: Connection refused: no further information
REQUEST		Get Edit Pet Page	1645115819946	1645115819962	KO	j.n.ConnectException: Connection refused: no further information
REQUEST		request_137	1645115820009	1645115820010	KO	j.n.ConnectException: Connection refused: no further information
REQUEST		request_122	1645115820199	1645115820200	KO	j.n.ConnectException: Connection refused: no further information
REQUEST		GET Add Owner	1645115820324	1645115820326	KO	j.n.ConnectException: Connection refused: no further information
REQUEST		POST Add Pet	1645115820355	1645115820357	KO	j.n.ConnectException: Connection refused: no further information
REQUEST		GET Add Owner	1645115820403	1645115820404	KO	j.n.ConnectException: Connection refused: no further information
REQUEST		POST Add Pet	1645115820434	1645115820435	KO	j.n.ConnectException: Connection refused: no further information
REQUEST		POST Add Owner	1645115820591	1645115820592	KO	j.n.ConnectException: Connection refused: no further information
REQUEST		request_152	1645115820607	1645115820608	KO	j.n.ConnectException: Connection refused: no further information
REQUEST		POST Add Owner	1645115820921	1645115820922	KO	j.n.ConnectException: Connection refused: no further information
REQUEST		Get Open Edit Owner Page	1645115820997	1645115820998	KO	j.n.ConnectException: Connection refused: no further information
REQUEST		GET Find Owners Page	1645115821200	1645115821216	KO	j.n.ConnectException: Connection refused: no further information
REQUEST		request_152	1645115821294	1645115821311	KO	j.n.ConnectException: Connection refused: no further information
REQUEST		request_122	1645115821326	1645115821329	KO	j.n.ConnectException: Connection refused: no further information
REQUEST		request_137	1645115821389	1645115821392	KO	j.n.ConnectException: Connection refused: no further information
REQUEST		GET Add Owner	1645115821447	1645115821469	KO	j.n.ConnectException: Connection refused: no further information
REQUEST		Get Add Pet	1645115821595	1645115821611	KO	j.n.ConnectException: Connection refused: no further information
REQUEST		Get Edit Pet Page	1645115821722	1645115821723	KO	j.n.ConnectException: Connection refused: no further information
REQUEST		POST Add Pet	1645115821722	1645115821723	KO	j.n.ConnectException: Connection refused: no further information
REQUEST		POST Add Owner	1645115821738	1645115821739	KO	j.n.ConnectException: Connection refused: no further information
REQUEST		POST Add Owner	1645115821818	1645115821819	KO	j.n.ConnectException: Connection refused: no further information
REQUEST		Get Add Pet	1645115822242	1645115822243	KO	j.n.ConnectException: Connection refused: no further information
REQUEST		Get Edit Pet Page	1645115822257	1645115822273	KO	j.n.ConnectException: Connection refused: no further information
REQUEST		POST Add Owner	1645115822289	1645115822305	KO	j.n.ConnectException: Connection refused: no further information
REQUEST		Get Edit Pet Page	1645115822352	1645115822353	KO	j.n.ConnectException: Connection refused: no further information
REQUEST		Get Edit Pet Page	1645115822399	1645115822400	KO	j.n.ConnectException: Connection refused: no further information
REQUEST		request_122	1645115822727	1645115822729	KO	j.n.ConnectException: Connection refused: no further information
REQUEST		GET Add Owner	1645115823024	1645115823025	KO	j.n.ConnectException: Connection refused: no further information
REQUEST		request_137	1645115823054	1645115823070	KO	j.n.ConnectException: Connection refused: no further information
REQUEST		request_152	1645115823070	1645115823087	KO	j.n.ConnectException: Connection refused: no further information
REQUEST		POST Add Owner	1645115823195	1645115823196	KO	j.n.ConnectException: Connection refused: no further information
REQUEST		Open Home Page	1645115823258	1645115823259	KO	j.n.ConnectException: Connection refused: no further information
REQUEST		Get Add Pet	1645115823288	1645115823289	KO	j.n.ConnectException: Connection refused: no further information
REQUEST		POST Add Pet	1645115823523	1645115823524	KO	j.n.ConnectException: Connection refused: no further information
REQUEST		Get Add Pet	1645115823553	1645115823569	KO	j.n.ConnectException: Connection refused: no further information
REQUEST		request_122	1645115823616	1645115823632	KO	j.n.ConnectException: Connection refused: no further information
REQUEST		POST Update Owner	1645115823743	1645115823744	KO	j.n.ConnectException: Connection refused: no further information
REQUEST		Get Edit Pet Page	1645115823789	1645115823790	KO	j.n.ConnectException: Connection refused: no further information
REQUEST		POST Add Owner	1645115823789	1645115823805	KO	j.n.ConnectException: Connection refused: no further information
REQUEST		request_122	1645115823852	1645115823867	KO	j.n.ConnectException: Connection refused: no further information
REQUEST		POST Add Pet	1645115823992	1645115823994	KO	j.n.ConnectException: Connection refused: no further information
REQUEST		request_122	1645115824149	1645115824150	KO	j.n.ConnectException: Connection refused: no further information
REQUEST		Open Home Page	1645115824164	1645115824181	KO	j.n.ConnectException: Connection refused: no further information
REQUEST		request_122	1645115824227	1645115824228	KO	j.n.ConnectException: Connection refused: no further information
REQUEST		Open Home Page	1645115824305	1645115824306	KO	j.n.ConnectException: Connection refused: no further information
REQUEST		request_152	1645115824476	1645115824477	KO	j.n.ConnectException: Connection refused: no further information
REQUEST		Get Add Pet	1645115824507	1645115824508	KO	j.n.ConnectException: Connection refused: no further information
REQUEST		GET Find Owners Page	1645115824523	1645115824524	KO	j.n.ConnectException: Connection refused: no further information
REQUEST		Get Add Pet	1645115824523	1645115824524	KO	j.n.ConnectException: Connection refused: no further information
REQUEST		Get Add Pet	1645115824647	1645115824650	KO	j.n.ConnectException: Connection refused: no further information
REQUEST		request_137	1645115824882	1645115824883	KO	j.n.ConnectException: Connection refused: no further information
REQUEST		GET Vets List	1645115825022	1645115825023	KO	j.n.ConnectException: Connection refused: no further information
REQUEST		POST Add Pet	1645115825305	1645115825306	KO	j.n.ConnectException: Connection refused: no further information
REQUEST		POST Add Pet	1645115825305	1645115825306	KO	j.n.ConnectException: Connection refused: no further information
REQUEST		request_137	1645115825459	1645115825475	KO	j.n.ConnectException: Connection refused: no further information
REQUEST		request_137	1645115825771	1645115825773	KO	j.n.ConnectException: Connection refused: no further information
REQUEST		POST Add Owner	1645115825771	1645115825773	KO	j.n.ConnectException: Connection refused: no further information
REQUEST		POST Add Pet	1645115825803	1645115825819	KO	j.n.ConnectException: Connection refused: no further information
REQUEST		request_137	1645115825880	1645115825895	KO	j.n.ConnectException: Connection refused: no further information
REQUEST		Get Edit Pet Page	1645115826098	1645115826099	KO	j.n.ConnectException: Connection refused: no further information
REQUEST		Get Edit Pet Page	1645115826176	1645115826193	KO	j.n.ConnectException: Connection refused: no further information
REQUEST		GET Find Owners Page	1645115826208	1645115826209	KO	j.n.ConnectException: Connection refused: no further information
REQUEST		POST Add Pet	1645115826224	1645115826241	KO	j.n.ConnectException: Connection refused: no further information
REQUEST		Get Add Pet	1645115826350	1645115826366	KO	j.n.ConnectException: Connection refused: no further information
REQUEST		Open Home Page	1645115826380	1645115826381	KO	j.n.ConnectException: Connection refused: no further information
REQUEST		GET Find Owners Page	1645115826443	1645115826459	KO	j.n.ConnectException: Connection refused: no further information
REQUEST		request_152	1645115826538	1645115826539	KO	j.n.ConnectException: Connection refused: no further information
REQUEST		request_122	1645115826568	1645115826584	KO	j.n.ConnectException: Connection refused: no further information
REQUEST		GET Add Owner	1645115826785	1645115826801	KO	j.n.ConnectException: Connection refused: no further information
REQUEST		Get Add Pet	1645115826846	1645115826847	KO	j.n.ConnectException: Connection refused: no further information
REQUEST		request_137	1645115826862	1645115826863	KO	j.n.ConnectException: Connection refused: no further information
REQUEST		Get Edit Pet Page	1645115827046	1645115827063	KO	j.n.ConnectException: Connection refused: no further information
REQUEST		request_152	1645115827408	1645115827409	KO	j.n.ConnectException: Connection refused: no further information
REQUEST		request_152	1645115827470	1645115827471	KO	j.n.ConnectException: Connection refused: no further information
REQUEST		POST Add Pet	1645115827516	1645115827517	KO	j.n.ConnectException: Connection refused: no further information
REQUEST		Open Home Page	1645115827594	1645115827595	KO	j.n.ConnectException: Connection refused: no further information
REQUEST		request_122	1645115827686	1645115827687	KO	j.n.ConnectException: Connection refused: no further information
REQUEST		Get Edit Pet Page	1645115827717	1645115827718	KO	j.n.ConnectException: Connection refused: no further information
REQUEST		GET Add Owner	1645115827763	1645115827764	KO	j.n.ConnectException: Connection refused: no further information
REQUEST		request_137	1645115827905	1645115827923	KO	j.n.ConnectException: Connection refused: no further information
REQUEST		Get Edit Pet Page	1645115827969	1645115827970	KO	j.n.ConnectException: Connection refused: no further information
REQUEST		Get Edit Pet Page	1645115828419	1645115828421	KO	j.n.ConnectException: Connection refused: no further information
REQUEST		POST Add Owner	1645115828434	1645115828436	KO	j.n.ConnectException: Connection refused: no further information
REQUEST		request_152	1645115828574	1645115828575	KO	j.n.ConnectException: Connection refused: no further information
REQUEST		Get Edit Pet Page	1645115828637	1645115828638	KO	j.n.ConnectException: Connection refused: no further information
REQUEST		Open Home Page	1645115828700	1645115828715	KO	j.n.ConnectException: Connection refused: no further information
REQUEST		request_122	1645115828762	1645115828762	KO	j.n.ConnectException: Connection refused: no further information
REQUEST		POST Add Pet	1645115828777	1645115828793	KO	j.n.ConnectException: Connection refused: no further information
REQUEST		GET Add Owner	1645115828948	1645115828949	KO	j.n.ConnectException: Connection refused: no further information
REQUEST		POST Add Pet	1645115829010	1645115829011	KO	j.n.ConnectException: Connection refused: no further information
REQUEST		GET Find Owners Page	1645115829056	1645115829057	KO	j.n.ConnectException: Connection refused: no further information
REQUEST		GET Find Owners Page	1645115829149	1645115829150	KO	j.n.ConnectException: Connection refused: no further information
REQUEST		request_122	1645115829149	1645115829150	KO	j.n.ConnectException: Connection refused: no further information
REQUEST		request_137	1645115829258	1645115829258	KO	j.n.ConnectException: Connection refused: no further information
REQUEST		request_122	1645115829416	1645115829434	KO	j.n.ConnectException: Connection refused: no further information
REQUEST		request_152	1645115829494	1645115829495	KO	j.n.ConnectException: Connection refused: no further information
REQUEST		Open Home Page	1645115829572	1645115829573	KO	j.n.ConnectException: Connection refused: no further information
REQUEST		POST Add Owner	1645115829730	1645115829731	KO	j.n.ConnectException: Connection refused: no further information
REQUEST		request_122	1645115829933	1645115829933	KO	j.n.ConnectException: Connection refused: no further information
REQUEST		Open Home Page	1645115830120	1645115830124	KO	j.n.ConnectException: Connection refused: no further information
REQUEST		GET Find Owners Page	1645115830152	1645115830153	KO	j.n.ConnectException: Connection refused: no further information
REQUEST		POST Add Owner	1645115830167	1645115830168	KO	j.n.ConnectException: Connection refused: no further information
REQUEST		GET Add Owner	1645115830370	1645115830371	KO	j.n.ConnectException: Connection refused: no further information
REQUEST		request_122	1645115830401	1645115830402	KO	j.n.ConnectException: Connection refused: no further information
REQUEST		request_137	1645115830526	1645115830528	KO	j.n.ConnectException: Connection refused: no further information
REQUEST		Get Add Pet	1645115830590	1645115830591	KO	j.n.ConnectException: Connection refused: no further information
REQUEST		request_152	1645115830606	1645115830607	KO	j.n.ConnectException: Connection refused: no further information
REQUEST		request_152	1645115830685	1645115830686	KO	j.n.ConnectException: Connection refused: no further information
REQUEST		request_137	1645115830889	1645115830890	KO	j.n.ConnectException: Connection refused: no further information
REQUEST		request_137	1645115830952	1645115830953	KO	j.n.ConnectException: Connection refused: no further information
REQUEST		Get Edit Pet Page	1645115830983	1645115830999	KO	j.n.ConnectException: Connection refused: no further information
REQUEST		request_137	1645115831014	1645115831016	KO	j.n.ConnectException: Connection refused: no further information
REQUEST		GET Add Owner	1645115831217	1645115831218	KO	j.n.ConnectException: Connection refused: no further information
REQUEST		request_122	1645115831279	1645115831281	KO	j.n.ConnectException: Connection refused: no further information
REQUEST		Get Edit Pet Page	1645115831499	1645115831515	KO	j.n.ConnectException: Connection refused: no further information
REQUEST		request_137	1645115831515	1645115831516	KO	j.n.ConnectException: Connection refused: no further information
REQUEST		Open Home Page	1645115831531	1645115831532	KO	j.n.ConnectException: Connection refused: no further information
REQUEST		POST Add Owner	1645115831720	1645115831736	KO	j.n.ConnectException: Connection refused: no further information
REQUEST		GET Find Owners By LastName	1645115831751	1645115831752	KO	j.n.ConnectException: Connection refused: no further information
REQUEST		GET Find Owners Page	1645115831766	1645115831767	KO	j.n.ConnectException: Connection refused: no further information
REQUEST		Get Add Pet	1645115831969	1645115831985	KO	j.n.ConnectException: Connection refused: no further information
REQUEST		Open Home Page	1645115832046	1645115832062	KO	j.n.ConnectException: Connection refused: no further information
REQUEST		Open Home Page	1645115832093	1645115832109	KO	j.n.ConnectException: Connection refused: no further information
REQUEST		Get Add Pet	1645115832418	1645115832419	KO	j.n.ConnectException: Connection refused: no further information
REQUEST		request_137	1645115832732	1645115832733	KO	j.n.ConnectException: Connection refused: no further information
REQUEST		request_122	1645115832763	1645115832780	KO	j.n.ConnectException: Connection refused: no further information
REQUEST		GET Find Owners Page	1645115832795	1645115832811	KO	j.n.ConnectException: Connection refused: no further information
REQUEST		Open Home Page	1645115832920	1645115832921	KO	j.n.ConnectException: Connection refused: no further information
REQUEST		POST Add Owner	1645115833201	1645115833217	KO	j.n.ConnectException: Connection refused: no further information
REQUEST		POST Add Pet	1645115833309	1645115833311	KO	j.n.ConnectException: Connection refused: no further information
REQUEST		request_152	1645115833355	1645115833357	KO	j.n.ConnectException: Connection refused: no further information
REQUEST		GET Find Owners By LastName	1645115833371	1645115833373	KO	j.n.ConnectException: Connection refused: no further information
REQUEST		request_152	1645115833448	1645115833449	KO	j.n.ConnectException: Connection refused: no further information
REQUEST		request_152	1645115833496	1645115833497	KO	j.n.ConnectException: Connection refused: no further information
REQUEST		request_152	1645115833558	1645115833573	KO	j.n.ConnectException: Connection refused: no further information
REQUEST		request_152	1645115833604	1645115833620	KO	j.n.ConnectException: Connection refused: no further information
REQUEST		GET Find Owners Page	1645115833745	1645115833761	KO	j.n.ConnectException: Connection refused: no further information
REQUEST		request_122	1645115833823	1645115833825	KO	j.n.ConnectException: Connection refused: no further information
REQUEST		request_152	1645115833994	1645115833995	KO	