RUN	com.gatling.tests.ComputerDB	computerdb	1646828766027	 	3.7.4
USER	ComputerDB	START	1646828772213
USER	ComputerDB	START	1646828772213
REQUEST		Opening computers page	1646828772240	1646828772743	OK	 
REQUEST		Opening computers page	1646828772240	1646828772737	OK	 
USER	ComputerDB	START	1646828774208
REQUEST		Opening computers page	1646828774208	1646828774689	OK	 
REQUEST		Opening new computers page	1646828774861	1646828774985	OK	 
REQUEST		Opening new computers page	1646828775788	1646828775910	OK	 
USER	ComputerDB	START	1646828776221
REQUEST		Opening new computers page	1646828776267	1646828776388	OK	 
REQUEST		Opening computers page	1646828776221	1646828776697	OK	 
REQUEST		Sending new computer info	1646828776908	1646828777035	KO	status.find.in([200, 209], 304), found 303
REQUEST		Sending new computer info	1646828777506	1646828777627	KO	status.find.in([200, 209], 304), found 303
REQUEST		Sending new computer info	1646828777859	1646828777981	KO	status.find.in([200, 209], 304), found 303
REQUEST		Opening new computers page	1646828777935	1646828778066	OK	 
USER	ComputerDB	START	1646828778213
REQUEST		Opening computers page	1646828778214	1646828778710	OK	 
REQUEST		Searching for new record	1646828779469	1646828779599	OK	 
REQUEST		Searching for new record	1646828779697	1646828779822	OK	 
USER	ComputerDB	START	1646828780209
REQUEST		Searching for new record	1646828780241	1646828780363	OK	 
REQUEST		Opening new computers page	1646828780319	1646828780460	OK	 
REQUEST		Opening computers page	1646828780210	1646828780698	OK	 
REQUEST		Sending new computer info	1646828780877	1646828780998	KO	status.find.in([200, 209], 304), found 303
REQUEST		Get single record	1646828781235	1646828781356	OK	 
REQUEST		Sending new computer info	1646828781561	1646828781682	KO	status.find.in([200, 209], 304), found 303
REQUEST		Get single record	1646828781592	1646828781712	OK	 
USER	ComputerDB	START	1646828782214
REQUEST		Get single record	1646828782565	1646828782687	OK	 
REQUEST		Opening computers page	1646828782215	1646828782711	OK	 
REQUEST		Opening new computers page	1646828782705	1646828782825	OK	 
REQUEST		Edit record	1646828782750	1646828782873	OK	 
USER	ComputerDB	END	1646828782881
REQUEST		Searching for new record	1646828782797	1646828782918	OK	 
REQUEST		Edit record	1646828782828	1646828782948	OK	 
USER	ComputerDB	END	1646828782949
USER	ComputerDB	START	1646828783217
REQUEST		Searching for new record	1646828783123	1646828783245	OK	 
REQUEST		Opening computers page	1646828783218	1646828783703	OK	 
REQUEST		Edit record	1646828783727	1646828783849	OK	 
USER	ComputerDB	END	1646828783850
REQUEST		Opening new computers page	1646828784051	1646828784172	OK	 
USER	ComputerDB	START	1646828784205
REQUEST		Sending new computer info	1646828784453	1646828784575	KO	status.find.in([200, 209], 304), found 303
REQUEST		Opening computers page	1646828784206	1646828784696	OK	 
REQUEST		Opening new computers page	1646828785021	1646828785146	OK	 
USER	ComputerDB	START	1646828785207
REQUEST		Get single record	1646828785269	1646828785390	OK	 
REQUEST		Opening computers page	1646828785208	1646828785685	OK	 
REQUEST		Searching for new record	1646828785911	1646828786045	OK	 
USER	ComputerDB	START	1646828786217
REQUEST		Get single record	1646828786108	1646828786238	OK	 
REQUEST		Sending new computer info	1646828786371	1646828786498	KO	status.find.in([200, 209], 304), found 303
REQUEST		Sending new computer info	1646828786416	1646828786547	KO	status.find.in([200, 209], 304), found 303
REQUEST		Opening new computers page	1646828786586	1646828786728	OK	 
REQUEST		Opening computers page	1646828786218	1646828786748	OK	 
REQUEST		Get single record	1646828787061	1646828787195	OK	 
USER	ComputerDB	START	1646828787215
REQUEST		Opening computers page	1646828787216	1646828787742	OK	 
REQUEST		Searching for new record	1646828787645	1646828787777	OK	 
REQUEST		Sending new computer info	1646828787923	1646828788056	KO	status.find.in([200, 209], 304), found 303
REQUEST		Edit record	1646828787969	1646828788113	OK	 
USER	ComputerDB	END	1646828788114
USER	ComputerDB	START	1646828788217
REQUEST		Edit record	1646828788218	1646828788351	OK	 
USER	ComputerDB	END	1646828788352
REQUEST		Edit record	1646828788385	1646828788510	OK	 
USER	ComputerDB	END	1646828788511
REQUEST		Opening new computers page	1646828788463	1646828788593	OK	 
REQUEST		Opening computers page	1646828788218	1646828788744	OK	 
REQUEST		Opening new computers page	1646828788881	1646828789005	OK	 
USER	ComputerDB	START	1646828789205
REQUEST		Searching for new record	1646828789112	1646828789276	OK	 
REQUEST		Opening new computers page	1646828789235	1646828789367	OK	 
REQUEST		Opening computers page	1646828789206	1646828789723	OK	 
USER	ComputerDB	START	1646828790205
REQUEST		Get single record	1646828790174	1646828790297	OK	 
REQUEST		Opening computers page	1646828790206	1646828790682	OK	 
REQUEST		Get single record	1646828790622	1646828790748	OK	 
REQUEST		Searching for new record	1646828790745	1646828790874	OK	 
REQUEST		Opening new computers page	1646828790776	1646828790901	OK	 
REQUEST		Sending new computer info	1646828790914	1646828791035	KO	status.find.in([200, 209], 304), found 303
USER	ComputerDB	START	1646828791209
REQUEST		Sending new computer info	1646828791300	1646828791420	KO	status.find.in([200, 209], 304), found 303
REQUEST		Opening new computers page	1646828791423	1646828791547	OK	 
REQUEST		Opening computers page	1646828791210	1646828791694	OK	 
REQUEST		Sending new computer info	1646828791826	1646828791946	KO	status.find.in([200, 209], 304), found 303
REQUEST		Opening new computers page	1646828792073	1646828792195	OK	 
REQUEST		Edit record	1646828792242	1646828792362	OK	 
USER	ComputerDB	END	1646828792363
REQUEST		Searching for new record	1646828792863	1646828792988	OK	 
REQUEST		Sending new computer info	1646828793034	1646828793156	KO	status.find.in([200, 209], 304), found 303
REQUEST		Edit record	1646828793143	1646828793269	OK	 
USER	ComputerDB	END	1646828793270
REQUEST		Sending new computer info	1646828793222	1646828793343	KO	status.find.in([200, 209], 304), found 303
REQUEST		Get single record	1646828793576	1646828793697	OK	 
REQUEST		Opening new computers page	1646828794026	1646828794148	OK	 
REQUEST		Sending new computer info	1646828794133	1646828794255	KO	status.find.in([200, 209], 304), found 303
REQUEST		Searching for new record	1646828794302	1646828794423	OK	 
REQUEST		Searching for new record	1646828794581	1646828794709	OK	 
REQUEST		Searching for new record	1646828794673	1646828794793	OK	 
REQUEST		Get single record	1646828795458	1646828795578	OK	 
REQUEST		Get single record	1646828796137	1646828796261	OK	 
REQUEST		Searching for new record	1646828796137	1646828796260	OK	 
REQUEST		Sending new computer info	1646828796352	1646828796494	KO	status.find.in([200, 209], 304), found 303
REQUEST		Searching for new record	1646828796413	1646828796536	OK	 
REQUEST		Get single record	1646828796569	1646828796690	OK	 
REQUEST		Edit record	1646828796583	1646828796707	OK	 
USER	ComputerDB	END	1646828796708
REQUEST		Get single record	1646828797415	1646828797537	OK	 
REQUEST		Edit record	1646828797816	1646828797940	OK	 
USER	ComputerDB	END	1646828797941
REQUEST		Searching for new record	1646828797924	1646828798046	OK	 
REQUEST		Get single record	1646828798141	1646828798265	OK	 
REQUEST		Get single record	1646828798295	1646828798417	OK	 
REQUEST		Edit record	1646828798482	1646828798615	OK	 
USER	ComputerDB	END	1646828798616
REQUEST		Edit record	1646828798840	1646828798964	OK	 
USER	ComputerDB	END	1646828798965
REQUEST		Edit record	1646828799149	1646828799269	OK	 
USER	ComputerDB	END	1646828799270
REQUEST		Edit record	1646828800555	1646828800678	OK	 
USER	ComputerDB	END	1646828800678
REQUEST		Edit record	1646828800771	1646828800899	OK	 
USER	ComputerDB	END	1646828800899
REQUEST		Get single record	1646828800833	1646828800954	OK	 
REQUEST		Edit record	1646828803394	1646828803516	OK	 
USER	ComputerDB	END	1646828803517
