RUN	com.gatling.tests.ComputerDB	computerdb	1646849789217	 	3.7.4
USER	ComputerDB	START	1646849795864
USER	ComputerDB	START	1646849795864
REQUEST		Opening computers page	1646849795891	1646849796446	OK	 
REQUEST		Opening computers page	1646849795891	1646849796437	OK	 
USER	ComputerDB	START	1646849797868
REQUEST		Opening new computers page	1646849798134	1646849798268	OK	 
REQUEST		Opening computers page	1646849797869	1646849798393	OK	 
REQUEST		Opening new computers page	1646849798945	1646849799078	OK	 
USER	ComputerDB	START	1646849799865
REQUEST		Opening computers page	1646849799866	1646849800398	OK	 
REQUEST		Opening new computers page	1646849799771	1646849800422	OK	 
REQUEST		Sending new computer info	1646849800507	1646849801042	KO	status.find.in([200, 209], 304), found 500
USER	ComputerDB	END	1646849801052
USER	ComputerDB	START	1646849801860
REQUEST		Sending new computer info	1646849801892	1646849802029	KO	status.find.in([200, 209], 304), found 500
USER	ComputerDB	END	1646849802031
REQUEST		Sending new computer info	1646849802064	1646849802199	KO	status.find.in([200, 209], 304), found 500
USER	ComputerDB	END	1646849802200
REQUEST		Opening computers page	1646849801860	1646849802403	OK	 
REQUEST		Opening new computers page	1646849803059	1646849803183	OK	 
REQUEST		Opening new computers page	1646849803597	1646849803738	OK	 
USER	ComputerDB	START	1646849803879
REQUEST		Opening computers page	1646849803879	1646849804874	OK	 
REQUEST		Sending new computer info	1646849805643	1646849805781	KO	status.find.in([200, 209], 304), found 500
USER	ComputerDB	END	1646849805782
USER	ComputerDB	START	1646849805867
REQUEST		Sending new computer info	1646849805975	1646849806116	KO	status.find.in([200, 209], 304), found 500
USER	ComputerDB	END	1646849806117
USER	ComputerDB	START	1646849806866
REQUEST		Opening new computers page	1646849806773	1646849806907	OK	 
REQUEST		Opening computers page	1646849805867	1646849807035	OK	 
USER	ComputerDB	START	1646849807882
REQUEST		Opening computers page	1646849806866	1646849807989	OK	 
REQUEST		Opening computers page	1646849807882	1646849808405	OK	 
REQUEST		Sending new computer info	1646849808681	1646849808818	KO	status.find.in([200, 209], 304), found 500
USER	ComputerDB	END	1646849808819
USER	ComputerDB	START	1646849808869
REQUEST		Opening new computers page	1646849809219	1646849809356	OK	 
REQUEST		Opening computers page	1646849808870	1646849809836	OK	 
USER	ComputerDB	START	1646849809865
REQUEST		Opening computers page	1646849809866	1646849810397	OK	 
REQUEST		Opening new computers page	1646849810521	1646849810656	OK	 
USER	ComputerDB	START	1646849810867
REQUEST		Opening new computers page	1646849811177	1646849811319	OK	 
REQUEST		Opening computers page	1646849810868	1646849811425	OK	 
REQUEST		Opening new computers page	1646849811302	1646849811445	OK	 
REQUEST		Sending new computer info	1646849811599	1646849811737	KO	status.find.in([200, 209], 304), found 500
USER	ComputerDB	END	1646849811738
USER	ComputerDB	START	1646849811866
REQUEST		Opening computers page	1646849811866	1646849812407	OK	 
REQUEST		Sending new computer info	1646849812520	1646849812655	KO	status.find.in([200, 209], 304), found 500
USER	ComputerDB	END	1646849812656
USER	ComputerDB	START	1646849812861
REQUEST		Opening new computers page	1646849813147	1646849813283	OK	 
REQUEST		Opening computers page	1646849812862	1646849813420	OK	 
REQUEST		Opening new computers page	1646849813347	1646849813489	OK	 
REQUEST		Sending new computer info	1646849813378	1646849813519	KO	status.find.in([200, 209], 304), found 500
USER	ComputerDB	END	1646849813520
REQUEST		Sending new computer info	1646849813565	1646849813713	KO	status.find.in([200, 209], 304), found 500
USER	ComputerDB	END	1646849813714
USER	ComputerDB	START	1646849813863
REQUEST		Opening computers page	1646849813864	1646849814387	OK	 
REQUEST		Opening new computers page	1646849814519	1646849814655	OK	 
USER	ComputerDB	START	1646849814881
REQUEST		Sending new computer info	1646849814971	1646849815094	KO	status.find.in([200, 209], 304), found 500
USER	ComputerDB	END	1646849815095
REQUEST		Sending new computer info	1646849815113	1646849815246	KO	status.find.in([200, 209], 304), found 500
USER	ComputerDB	END	1646849815250
REQUEST		Opening computers page	1646849814881	1646849815388	OK	 
REQUEST		Opening new computers page	1646849815789	1646849815918	OK	 
REQUEST		Opening new computers page	1646849816417	1646849816545	OK	 
REQUEST		Sending new computer info	1646849817003	1646849817132	KO	status.find.in([200, 209], 304), found 500
USER	ComputerDB	END	1646849817136
REQUEST		Sending new computer info	1646849817114	1646849817250	KO	status.find.in([200, 209], 304), found 500
USER	ComputerDB	END	1646849817251
REQUEST		Opening new computers page	1646849817161	1646849817297	OK	 
REQUEST		Sending new computer info	1646849818252	1646849818389	KO	status.find.in([200, 209], 304), found 500
USER	ComputerDB	END	1646849818390
REQUEST		Sending new computer info	1646849818549	1646849818676	KO	status.find.in([200, 209], 304), found 500
USER	ComputerDB	END	1646849818677
