RUN	com.gatling.tests.ComputerDB	computerdb	1645538542188	test	3.7.4
USER	ComputerDB	START	1645538543301
REQUEST		Opening computers page	1645538543328	1645538543813	OK	 
REQUEST		Opening new computers page	1645538546892	1645538547016	OK	 
REQUEST		Sending new computer info	1645538548247	1645538548372	OK	 
REQUEST		Sending new computer info Redirect 1	1645538548380	1645538548501	OK	 
REQUEST		Searching for new record	1645538550645	1645538550768	OK	 
REQUEST		Get single record	1645538553683	1645538553816	OK	 
REQUEST		Edit record	1645538554992	1645538555112	OK	 
REQUEST		Opening computers page	1645538555114	1645538555235	OK	 
REQUEST		Opening new computers page	1645538557230	1645538557349	OK	 
REQUEST		Sending new computer info	1645538559538	1645538559658	OK	 
REQUEST		Sending new computer info Redirect 1	1645538559658	1645538559782	OK	 
REQUEST		Searching for new record	1645538562753	1645538562873	OK	 
REQUEST		Get single record	1645538564910	1645538565029	OK	 
REQUEST		Edit record	1645538567082	1645538567211	OK	 
REQUEST		Opening computers page	1645538567213	1645538567332	OK	 
REQUEST		Opening new computers page	1645538569721	1645538569840	OK	 
REQUEST		Sending new computer info	1645538572641	1645538572760	OK	 
REQUEST		Sending new computer info Redirect 1	1645538572760	1645538572880	OK	 
REQUEST		Searching for new record	1645538574301	1645538574422	OK	 
REQUEST		Get single record	1645538576620	1645538576742	OK	 
REQUEST		Edit record	1645538579199	1645538579318	OK	 
REQUEST		Opening computers page	1645538579319	1645538579439	OK	 
REQUEST		Opening new computers page	1645538581402	1645538581552	OK	 
REQUEST		Sending new computer info	1645538583870	1645538583990	OK	 
REQUEST		Sending new computer info Redirect 1	1645538583990	1645538584111	OK	 
REQUEST		Searching for new record	1645538585263	1645538585382	OK	 
REQUEST		Get single record	1645538587710	1645538587831	OK	 
REQUEST		Edit record	1645538590303	1645538590422	OK	 
USER	ComputerDB	END	1645538590426
