RUN	com.gatling.tests.ComputerDB	computerdb	1646829700149	 	3.7.4
USER	ComputerDB	START	1646829706269
USER	ComputerDB	START	1646829706268
REQUEST		Opening computers page	1646829706299	1646829706785	OK	 
REQUEST		Opening computers page	1646829706299	1646829706784	OK	 
USER	ComputerDB	START	1646829708259
REQUEST		Opening new computers page	1646829708369	1646829708489	OK	 
REQUEST		Opening computers page	1646829708260	1646829708739	OK	 
REQUEST		Opening new computers page	1646829709205	1646829709330	OK	 
USER	ComputerDB	START	1646829710262
REQUEST		Opening computers page	1646829710262	1646829710747	OK	 
REQUEST		Opening new computers page	1646829711265	1646829711385	OK	 
REQUEST		Sending new computer info	1646829711345	1646829711466	KO	status.find.in([200, 209], 304), found 400
REQUEST		Opening new computers page	1646829711883	1646829712008	OK	 
REQUEST		Sending new computer info	1646829711883	1646829712008	KO	status.find.in([200, 209], 304), found 400
USER	ComputerDB	START	1646829712257
REQUEST		Opening computers page	1646829712258	1646829712737	OK	 
REQUEST		Sending new computer info	1646829712972	1646829713097	KO	status.find.in([200, 209], 304), found 400
REQUEST		Sending new computer info	1646829713034	1646829713155	KO	status.find.in([200, 209], 304), found 400
REQUEST		Searching for new record	1646829713634	1646829713754	OK	 
REQUEST		Searching for new record	1646829713665	1646829713786	OK	 
REQUEST		Opening new computers page	1646829713790	1646829713919	OK	 
USER	ComputerDB	START	1646829714253
REQUEST		Opening computers page	1646829714253	1646829714740	OK	 
REQUEST		Searching for new record	1646829714654	1646829714775	OK	 
REQUEST		Sending new computer info	1646829714962	1646829715084	KO	status.find.in([200, 209], 304), found 400
REQUEST		Get single record	1646829714978	1646829715097	OK	 
REQUEST		Searching for new record	1646829715966	1646829716087	OK	 
REQUEST		Get single record	1646829716120	1646829716240	OK	 
USER	ComputerDB	START	1646829716259
REQUEST		Opening new computers page	1646829716584	1646829716706	OK	 
REQUEST		Opening computers page	1646829716259	1646829716738	OK	 
USER	ComputerDB	START	1646829717254
REQUEST		Get single record	1646829717161	1646829717282	OK	 
REQUEST		Searching for new record	1646829717222	1646829717344	OK	 
REQUEST		Opening computers page	1646829717255	1646829717734	OK	 
REQUEST		Edit record	1646829717919	1646829718039	OK	 
USER	ComputerDB	END	1646829718042
USER	ComputerDB	START	1646829718257
REQUEST		Sending new computer info	1646829718241	1646829718368	KO	status.find.in([200, 209], 304), found 400
REQUEST		Get single record	1646829718272	1646829718393	OK	 
REQUEST		Edit record	1646829718399	1646829718519	OK	 
USER	ComputerDB	END	1646829718520
REQUEST		Edit record	1646829718491	1646829718612	OK	 
USER	ComputerDB	END	1646829718613
REQUEST		Opening computers page	1646829718257	1646829718761	OK	 
USER	ComputerDB	START	1646829719266
REQUEST		Opening new computers page	1646829719186	1646829719309	OK	 
REQUEST		Opening computers page	1646829719266	1646829719748	OK	 
REQUEST		Edit record	1646829719696	1646829719818	OK	 
USER	ComputerDB	END	1646829719819
REQUEST		Get single record	1646829719818	1646829719939	OK	 
USER	ComputerDB	START	1646829720262
REQUEST		Opening computers page	1646829720262	1646829720744	OK	 
REQUEST		Opening new computers page	1646829720679	1646829720799	OK	 
REQUEST		Searching for new record	1646829720695	1646829720815	OK	 
REQUEST		Opening new computers page	1646829720881	1646829721003	OK	 
USER	ComputerDB	START	1646829721255
REQUEST		Edit record	1646829721347	1646829721468	OK	 
USER	ComputerDB	END	1646829721469
REQUEST		Sending new computer info	1646829721487	1646829721609	KO	status.find.in([200, 209], 304), found 400
REQUEST		Opening computers page	1646829721255	1646829721736	OK	 
USER	ComputerDB	START	1646829722261
REQUEST		Opening new computers page	1646829722447	1646829722569	OK	 
REQUEST		Opening computers page	1646829722261	1646829722743	OK	 
REQUEST		Opening new computers page	1646829722697	1646829722818	OK	 
REQUEST		Sending new computer info	1646829722931	1646829723053	KO	status.find.in([200, 209], 304), found 400
REQUEST		Opening new computers page	1646829723130	1646829723250	OK	 
USER	ComputerDB	START	1646829723270
REQUEST		Get single record	1646829723238	1646829723358	OK	 
REQUEST		Sending new computer info	1646829723534	1646829723654	KO	status.find.in([200, 209], 304), found 400
REQUEST		Opening computers page	1646829723270	1646829723753	OK	 
USER	ComputerDB	START	1646829724261
REQUEST		Searching for new record	1646829724492	1646829724614	OK	 
REQUEST		Sending new computer info	1646829724616	1646829724738	KO	status.find.in([200, 209], 304), found 400
REQUEST		Opening computers page	1646829724262	1646829724761	OK	 
REQUEST		Searching for new record	1646829724695	1646829724816	OK	 
REQUEST		Opening new computers page	1646829724757	1646829724878	OK	 
REQUEST		Sending new computer info	1646829724898	1646829725019	KO	status.find.in([200, 209], 304), found 400
USER	ComputerDB	START	1646829725269
REQUEST		Edit record	1646829725160	1646829725281	OK	 
USER	ComputerDB	END	1646829725282
REQUEST		Searching for new record	1646829725207	1646829725327	OK	 
REQUEST		Opening new computers page	1646829725455	1646829725576	OK	 
REQUEST		Sending new computer info	1646829725623	1646829725745	KO	status.find.in([200, 209], 304), found 400
REQUEST		Opening computers page	1646829725269	1646829725746	OK	 
REQUEST		Searching for new record	1646829726397	1646829726517	OK	 
REQUEST		Get single record	1646829726412	1646829726533	OK	 
REQUEST		Opening new computers page	1646829726473	1646829726595	OK	 
REQUEST		Searching for new record	1646829726794	1646829726916	OK	 
REQUEST		Opening new computers page	1646829727154	1646829727273	OK	 
REQUEST		Sending new computer info	1646829727199	1646829727320	KO	status.find.in([200, 209], 304), found 400
REQUEST		Get single record	1646829727246	1646829727368	OK	 
REQUEST		Get single record	1646829727618	1646829727738	OK	 
REQUEST		Searching for new record	1646829727694	1646829727815	OK	 
REQUEST		Sending new computer info	1646829727881	1646829728006	KO	status.find.in([200, 209], 304), found 400
REQUEST		Sending new computer info	1646829728300	1646829728421	KO	status.find.in([200, 209], 304), found 400
REQUEST		Sending new computer info	1646829728378	1646829728500	KO	status.find.in([200, 209], 304), found 400
REQUEST		Searching for new record	1646829728393	1646829728512	OK	 
REQUEST		Get single record	1646829728687	1646829728807	OK	 
REQUEST		Edit record	1646829728734	1646829728855	OK	 
USER	ComputerDB	END	1646829728856
REQUEST		Edit record	1646829728938	1646829729063	OK	 
USER	ComputerDB	END	1646829729064
REQUEST		Edit record	1646829729202	1646829729322	OK	 
USER	ComputerDB	END	1646829729323
REQUEST		Get single record	1646829729748	1646829729869	OK	 
REQUEST		Searching for new record	1646829729857	1646829729978	OK	 
REQUEST		Get single record	1646829730509	1646829730632	OK	 
REQUEST		Searching for new record	1646829730818	1646829730940	OK	 
REQUEST		Searching for new record	1646829730985	1646829731107	OK	 
REQUEST		Get single record	1646829731446	1646829731567	OK	 
REQUEST		Edit record	1646829731632	1646829731752	OK	 
USER	ComputerDB	END	1646829731753
REQUEST		Get single record	1646829731910	1646829732041	OK	 
REQUEST		Edit record	1646829732003	1646829732128	OK	 
USER	ComputerDB	END	1646829732129
REQUEST		Edit record	1646829732269	1646829732391	OK	 
USER	ComputerDB	END	1646829732391
REQUEST		Edit record	1646829733518	1646829733637	OK	 
USER	ComputerDB	END	1646829733638
REQUEST		Get single record	1646829733828	1646829733950	OK	 
REQUEST		Get single record	1646829733828	1646829733950	OK	 
REQUEST		Edit record	1646829734515	1646829734635	OK	 
USER	ComputerDB	END	1646829734636
REQUEST		Edit record	1646829735731	1646829735852	OK	 
USER	ComputerDB	END	1646829735853
REQUEST		Edit record	1646829735855	1646829735976	OK	 
USER	ComputerDB	END	1646829735977
