RUN	com.gatling.tests.ComputerDB	computerdb	1646908960770	 	3.7.4
USER	ComputerDB	START	1646908967328
USER	ComputerDB	START	1646908967328
REQUEST		Opening computers page	1646908967356	1646908967846	OK	 
REQUEST		Opening computers page	1646908967356	1646908967846	OK	 
USER	ComputerDB	START	1646908969319
REQUEST		Opening computers page	1646908969319	1646908969804	OK	 
REQUEST		Opening new computers page	1646908969769	1646908969892	OK	 
REQUEST		Opening new computers page	1646908970100	1646908970220	OK	 
USER	ComputerDB	START	1646908971318
REQUEST		Sending new computer info	1646908971490	1646908971615	OK	 
REQUEST		Sending new computer info	1646908971533	1646908971655	OK	 
REQUEST		Sending new computer info Redirect 1	1646908971626	1646908971747	OK	 
REQUEST		Sending new computer info Redirect 1	1646908971656	1646908971777	OK	 
REQUEST		Opening computers page	1646908971318	1646908971795	OK	 
REQUEST		Opening new computers page	1646908972543	1646908972664	OK	 
REQUEST		Searching for new record	1646908973009	1646908973130	OK	 
USER	ComputerDB	START	1646908973320
REQUEST		Searching for new record	1646908973477	1646908973596	OK	 
REQUEST		Opening computers page	1646908973321	1646908973799	OK	 
REQUEST		Opening new computers page	1646908974177	1646908974297	OK	 
REQUEST		Get single record	1646908974507	1646908974628	KO	css((.td>a,None)).find.is(ARRA), but actually found nothing
USER	ComputerDB	START	1646908975318
REQUEST		Opening new computers page	1646908975209	1646908975329	OK	 
REQUEST		Sending new computer info	1646908975537	1646908975658	OK	 
REQUEST		Sending new computer info Redirect 1	1646908975658	1646908975781	OK	 
REQUEST		Opening computers page	1646908975319	1646908975802	OK	 
REQUEST		Get single record	1646908976259	1646908976379	KO	css((.td>a,None)).find.is(ARRA), but actually found nothing
REQUEST		Sending new computer info	1646908976451	1646908976570	OK	 
REQUEST		Sending new computer info Redirect 1	1646908976571	1646908976691	OK	 
REQUEST		Edit record	1646908976671	1646908976792	OK	 
USER	ComputerDB	END	1646908976796
USER	ComputerDB	START	1646908977311
REQUEST		Opening computers page	1646908977311	1646908977794	OK	 
REQUEST		Sending new computer info	1646908977863	1646908977983	OK	 
REQUEST		Searching for new record	1646908977909	1646908978029	OK	 
REQUEST		Opening new computers page	1646908977924	1646908978048	OK	 
REQUEST		Sending new computer info Redirect 1	1646908977983	1646908978103	OK	 
REQUEST		Edit record	1646908977986	1646908978106	OK	 
USER	ComputerDB	END	1646908978107
USER	ComputerDB	START	1646908978313
REQUEST		Searching for new record	1646908978281	1646908978402	OK	 
REQUEST		Opening computers page	1646908978314	1646908978792	OK	 
USER	ComputerDB	START	1646908979313
REQUEST		Sending new computer info	1646908979391	1646908979513	OK	 
REQUEST		Get single record	1646908979455	1646908979576	KO	css((.td>a,None)).find.is(ARRA), but actually found nothing
REQUEST		Sending new computer info Redirect 1	1646908979513	1646908979640	OK	 
REQUEST		Opening computers page	1646908979313	1646908979803	OK	 
REQUEST		Opening new computers page	1646908980045	1646908980165	OK	 
USER	ComputerDB	START	1646908980312
REQUEST		Opening computers page	1646908980313	1646908980795	OK	 
REQUEST		Opening new computers page	1646908980725	1646908980846	OK	 
REQUEST		Searching for new record	1646908980911	1646908981031	OK	 
REQUEST		Get single record	1646908980927	1646908981046	KO	css((.td>a,None)).find.is(ARRA), but actually found nothing
USER	ComputerDB	START	1646908981316
REQUEST		Opening computers page	1646908981317	1646908981795	OK	 
REQUEST		Edit record	1646908981743	1646908981864	OK	 
USER	ComputerDB	END	1646908981865
REQUEST		Searching for new record	1646908981897	1646908982018	OK	 
REQUEST		Sending new computer info	1646908981928	1646908982047	OK	 
REQUEST		Sending new computer info Redirect 1	1646908982047	1646908982168	OK	 
USER	ComputerDB	START	1646908982316
REQUEST		Opening new computers page	1646908982268	1646908982390	OK	 
REQUEST		Sending new computer info	1646908982501	1646908982623	OK	 
REQUEST		Sending new computer info Redirect 1	1646908982623	1646908982745	OK	 
REQUEST		Opening computers page	1646908982317	1646908982798	OK	 
USER	ComputerDB	START	1646908983314
REQUEST		Edit record	1646908983203	1646908983327	OK	 
USER	ComputerDB	END	1646908983328
REQUEST		Get single record	1646908983218	1646908983339	KO	css((.td>a,None)).find.is(ARRA), but actually found nothing
REQUEST		Opening new computers page	1646908983267	1646908983388	OK	 
REQUEST		Searching for new record	1646908983267	1646908983387	OK	 
REQUEST		Opening new computers page	1646908983376	1646908983497	OK	 
REQUEST		Opening computers page	1646908983315	1646908983794	OK	 
REQUEST		Get single record	1646908984017	1646908984140	KO	css((.td>a,None)).find.is(ARRA), but actually found nothing
REQUEST		Sending new computer info	1646908984079	1646908984199	OK	 
USER	ComputerDB	START	1646908984313
REQUEST		Sending new computer info Redirect 1	1646908984200	1646908984321	OK	 
REQUEST		Searching for new record	1646908984469	1646908984590	OK	 
REQUEST		Sending new computer info	1646908984639	1646908984758	OK	 
REQUEST		Opening computers page	1646908984313	1646908984796	OK	 
REQUEST		Sending new computer info Redirect 1	1646908984759	1646908984879	OK	 
REQUEST		Opening new computers page	1646908984779	1646908984898	OK	 
USER	ComputerDB	START	1646908985312
REQUEST		Get single record	1646908985375	1646908985495	KO	css((.td>a,None)).find.is(ARRA), but actually found nothing
REQUEST		Sending new computer info	1646908985623	1646908985744	OK	 
REQUEST		Opening computers page	1646908985312	1646908985795	OK	 
REQUEST		Sending new computer info Redirect 1	1646908985744	1646908985866	OK	 
REQUEST		Opening new computers page	1646908985824	1646908985944	OK	 
REQUEST		Edit record	1646908985948	1646908986069	OK	 
USER	ComputerDB	END	1646908986070
REQUEST		Searching for new record	1646908985981	1646908986101	OK	 
REQUEST		Edit record	1646908986059	1646908986180	OK	 
USER	ComputerDB	END	1646908986181
USER	ComputerDB	START	1646908986311
REQUEST		Edit record	1646908986498	1646908986618	OK	 
USER	ComputerDB	END	1646908986619
REQUEST		Get single record	1646908986577	1646908986698	KO	css((.td>a,None)).find.is(ARRA), but actually found nothing
REQUEST		Opening computers page	1646908986311	1646908986787	OK	 
REQUEST		Opening new computers page	1646908986811	1646908986933	OK	 
REQUEST		Sending new computer info	1646908986873	1646908986995	OK	 
REQUEST		Sending new computer info Redirect 1	1646908986995	1646908987116	OK	 
REQUEST		Sending new computer info	1646908987153	1646908987273	OK	 
REQUEST		Sending new computer info Redirect 1	1646908987273	1646908987394	OK	 
REQUEST		Searching for new record	1646908987277	1646908987397	OK	 
REQUEST		Get single record	1646908987400	1646908987520	KO	css((.td>a,None)).find.is(ARRA), but actually found nothing
REQUEST		Opening new computers page	1646908987448	1646908987570	OK	 
REQUEST		Searching for new record	1646908987481	1646908987602	OK	 
REQUEST		Opening new computers page	1646908988345	1646908988465	OK	 
REQUEST		Get single record	1646908988896	1646908989018	KO	css((.td>a,None)).find.is(ARRA), but actually found nothing
REQUEST		Edit record	1646908989117	1646908989238	OK	 
USER	ComputerDB	END	1646908989239
REQUEST		Sending new computer info	1646908989667	1646908989786	OK	 
REQUEST		Sending new computer info	1646908989779	1646908989900	OK	 
REQUEST		Sending new computer info Redirect 1	1646908989787	1646908989907	OK	 
REQUEST		Searching for new record	1646908989794	1646908989914	OK	 
REQUEST		Sending new computer info Redirect 1	1646908989900	1646908990022	OK	 
REQUEST		Searching for new record	1646908990133	1646908990253	OK	 
REQUEST		Sending new computer info	1646908990133	1646908990254	OK	 
REQUEST		Sending new computer info Redirect 1	1646908990255	1646908990376	OK	 
REQUEST		Get single record	1646908990415	1646908990535	KO	css((.td>a,None)).find.is(ARRA), but actually found nothing
REQUEST		Edit record	1646908990477	1646908990596	OK	 
USER	ComputerDB	END	1646908990597
REQUEST		Get single record	1646908991352	1646908991475	KO	css((.td>a,None)).find.is(ARRA), but actually found nothing
REQUEST		Edit record	1646908991384	1646908991504	OK	 
USER	ComputerDB	END	1646908991505
REQUEST		Get single record	1646908992036	1646908992157	KO	css((.td>a,None)).find.is(ARRA), but actually found nothing
REQUEST		Searching for new record	1646908992084	1646908992206	OK	 
REQUEST		Searching for new record	1646908992347	1646908992468	OK	 
REQUEST		Edit record	1646908992613	1646908992734	OK	 
USER	ComputerDB	END	1646908992735
REQUEST		Searching for new record	1646908993147	1646908993267	OK	 
REQUEST		Get single record	1646908993492	1646908993615	KO	css((.td>a,None)).find.is(ARRA), but actually found nothing
REQUEST		Edit record	1646908993714	1646908993835	OK	 
USER	ComputerDB	END	1646908993837
REQUEST		Edit record	1646908994075	1646908994198	OK	 
USER	ComputerDB	END	1646908994199
REQUEST		Get single record	1646908995335	1646908995455	KO	css((.td>a,None)).find.is(ARRA), but actually found nothing
REQUEST		Get single record	1646908995745	1646908995866	KO	css((.td>a,None)).find.is(ARRA), but actually found nothing
REQUEST		Edit record	1646908996550	1646908996672	OK	 
USER	ComputerDB	END	1646908996673
REQUEST		Edit record	1646908997224	1646908997346	OK	 
USER	ComputerDB	END	1646908997347
REQUEST		Edit record	1646908997461	1646908997583	OK	 
USER	ComputerDB	END	1646908997584
