RUN	demoPetClinic.RecordedSimulationByHAR	recordedsimulationbyhar	1645435899894	 	3.7.4
USER	RecordedSimulation2	START	1645435900673
REQUEST		Open Home Page	1645435900697	1645435900722	OK	 
USER	RecordedSimulation2	START	1645435900762
REQUEST		Open Home Page	1645435900763	1645435900776	OK	 
USER	RecordedSimulation2	START	1645435900855
REQUEST		Open Home Page	1645435900856	1645435900867	OK	 
USER	RecordedSimulation2	START	1645435900949
REQUEST		Open Home Page	1645435900951	1645435900972	OK	 
USER	RecordedSimulation2	START	1645435901042
REQUEST		Open Home Page	1645435901043	1645435901054	OK	 
USER	RecordedSimulation2	START	1645435901137
REQUEST		Open Home Page	1645435901137	1645435901148	OK	 
USER	RecordedSimulation2	START	1645435901232
REQUEST		Open Home Page	1645435901232	1645435901243	OK	 
USER	RecordedSimulation2	START	1645435901309
REQUEST		Open Home Page	1645435901310	1645435901320	OK	 
USER	RecordedSimulation2	START	1645435901403
REQUEST		Open Home Page	1645435901403	1645435901413	OK	 
USER	RecordedSimulation2	START	1645435901497
REQUEST		Open Home Page	1645435901498	1645435901508	OK	 
USER	RecordedSimulation2	START	1645435901591
REQUEST		Open Home Page	1645435901592	1645435901601	OK	 
USER	RecordedSimulation2	START	1645435901672
REQUEST		Open Home Page	1645435901673	1645435901681	OK	 
REQUEST		GET Find Owners Page	1645435901919	1645435902068	OK	 
REQUEST		GET Find Owners Page	1645435902543	1645435902552	OK	 
REQUEST		GET Find Owners Page	1645435902667	1645435902680	OK	 
USER	RecordedSimulation2	START	1645435902683
REQUEST		Open Home Page	1645435902683	1645435902695	OK	 
REQUEST		GET Find Owners Page	1645435903042	1645435903048	OK	 
REQUEST		GET Find Owners Page	1645435903135	1645435903141	OK	 
REQUEST		GET Find Owners Page	1645435903198	1645435903205	OK	 
REQUEST		GET Find Owners Page	1645435903262	1645435903268	OK	 
USER	RecordedSimulation2	START	1645435903685
REQUEST		GET Find Owners Page	1645435903685	1645435903692	OK	 
REQUEST		Open Home Page	1645435903686	1645435903696	OK	 
REQUEST		GET Find Owners Page	1645435903763	1645435903769	OK	 
REQUEST		GET Add Owner	1645435903763	1645435903947	OK	 
REQUEST		GET Find Owners Page	1645435904088	1645435904094	OK	 
REQUEST		GET Find Owners Page	1645435904152	1645435904159	OK	 
REQUEST		GET Add Owner	1645435904199	1645435904209	OK	 
REQUEST		GET Add Owner	1645435904356	1645435904368	OK	 
USER	RecordedSimulation2	START	1645435904672
REQUEST		Open Home Page	1645435904673	1645435904679	OK	 
REQUEST		GET Find Owners Page	1645435904685	1645435904691	OK	 
REQUEST		GET Find Owners By LastName	1645435904496	1645435904750	OK	 
REQUEST		Get Owners Info	1645435904758	1645435904830	OK	 
REQUEST		GET Add Owner	1645435905080	1645435905087	OK	 
REQUEST		GET Add Owner	1645435905143	1645435905158	OK	 
REQUEST		GET Add Owner	1645435905454	1645435905461	OK	 
REQUEST		GET Find Owners Page	1645435905548	1645435905560	OK	 
USER	RecordedSimulation2	START	1645435905689
REQUEST		Open Home Page	1645435905690	1645435905697	OK	 
REQUEST		POST Add Owner	1645435905864	1645435905923	OK	 
REQUEST		Get Owners Info	1645435905925	1645435905931	OK	 
REQUEST		GET Find Owners Page	1645435905987	1645435905994	OK	 
REQUEST		POST Add Owner	1645435906034	1645435906040	OK	 
REQUEST		GET Find Owners Page	1645435906049	1645435906063	OK	 
REQUEST		GET Add Owner	1645435906064	1645435906070	OK	 
REQUEST		GET Add Owner	1645435906142	1645435906149	OK	 
REQUEST		Get Owners Info	1645435906041	1645435906198	OK	 
REQUEST		POST Add Owner	1645435906202	1645435906210	OK	 
REQUEST		Get Owners Info	1645435906211	1645435906218	OK	 
REQUEST		GET Add Owner	1645435906343	1645435906349	OK	 
REQUEST		GET Find Owners By LastName	1645435906469	1645435906541	OK	 
REQUEST		Get Owners Info	1645435906546	1645435906554	OK	 
REQUEST		POST Add Owner	1645435906656	1645435906662	OK	 
REQUEST		Get Owners Info	1645435906662	1645435906669	OK	 
USER	RecordedSimulation2	START	1645435906671
REQUEST		Open Home Page	1645435906672	1645435906677	OK	 
REQUEST		GET Add Owner	1645435906734	1645435906740	OK	 
REQUEST		Get Open Edit Owner Page	1645435906970	1645435906982	OK	 
REQUEST		POST Add Owner	1645435907358	1645435907366	OK	 
REQUEST		Get Owners Info	1645435907367	1645435907372	OK	 
REQUEST		POST Add Owner	1645435907543	1645435907550	OK	 
REQUEST		Get Owners Info	1645435907550	1645435907557	OK	 
REQUEST		POST Add Owner	1645435907606	1645435907612	OK	 
REQUEST		Get Owners Info	1645435907613	1645435907620	OK	 
REQUEST		Get Add Pet	1645435907513	1645435907662	OK	 
USER	RecordedSimulation2	START	1645435907669
REQUEST		Open Home Page	1645435907669	1645435907676	OK	 
REQUEST		GET Add Owner	1645435907699	1645435907704	OK	 
REQUEST		GET Find Owners By LastName	1645435907840	1645435907853	OK	 
REQUEST		Get Owners Info	1645435907854	1645435907862	OK	 
REQUEST		POST Add Owner	1645435908045	1645435908056	OK	 
REQUEST		Get Owners Info	1645435908056	1645435908062	OK	 
REQUEST		POST Update Owner	1645435908279	1645435908302	OK	 
REQUEST		GET Owners Info	1645435908303	1645435908313	OK	 
REQUEST		GET Find Owners Page	1645435908497	1645435908502	OK	 
USER	RecordedSimulation2	START	1645435908670
REQUEST		Open Home Page	1645435908671	1645435908680	OK	 
REQUEST		GET Add Owner	1645435908715	1645435908721	OK	 
REQUEST		Get Add Pet	1645435908715	1645435908726	OK	 
REQUEST		Get Add Pet	1645435908904	1645435908915	OK	 
REQUEST		Get Open Edit Owner Page	1645435908996	1645435909004	OK	 
REQUEST		GET Find Owners Page	1645435909042	1645435909046	OK	 
REQUEST		Get Add Pet	1645435909089	1645435909098	OK	 
REQUEST		POST Add Owner	1645435909103	1645435909108	OK	 
REQUEST		Get Owners Info	1645435909109	1645435909114	OK	 
REQUEST		POST Add Pet	1645435909170	1645435909188	OK	 
REQUEST		Get owners Info	1645435909189	1645435909195	OK	 
REQUEST		POST Add Owner	1645435909322	1645435909327	OK	 
REQUEST		Get Owners Info	1645435909328	1645435909333	OK	 
REQUEST		Get Add Pet	1645435909337	1645435909345	OK	 
REQUEST		Get Open Edit Owner Page	1645435909401	1645435909409	OK	 
REQUEST		GET Find Owners Page	1645435909432	1645435909438	OK	 
REQUEST		Get Add Pet	1645435909479	1645435909487	OK	 
USER	RecordedSimulation2	START	1645435909667
REQUEST		Open Home Page	1645435909668	1645435909672	OK	 
REQUEST		POST Add Pet	1645435909775	1645435909786	OK	 
REQUEST		Get owners Info	1645435909786	1645435909792	OK	 
REQUEST		Get Add Pet	1645435909931	1645435909940	OK	 
REQUEST		POST Update Owner	1645435910134	1645435910141	OK	 
REQUEST		GET Owners Info	1645435910141	1645435910148	OK	 
REQUEST		POST Add Pet	1645435910430	1645435910441	OK	 
REQUEST		Get owners Info	1645435910442	1645435910450	OK	 
REQUEST		POST Add Pet	1645435910460	1645435910470	OK	 
REQUEST		Get owners Info	1645435910471	1645435910477	OK	 
REQUEST		POST Add Owner	1645435910491	1645435910497	OK	 
REQUEST		Get Owners Info	1645435910497	1645435910502	OK	 
REQUEST		Get Add Pet	1645435910538	1645435910549	OK	 
REQUEST		POST Update Owner	1645435910554	1645435910559	OK	 
REQUEST		GET Vets List	1645435910476	1645435910562	OK	 
REQUEST		GET Owners Info	1645435910560	1645435910566	OK	 
REQUEST		Get Add Pet	1645435910617	1645435910638	OK	 
REQUEST		POST Add Pet	1645435910617	1645435910641	OK	 
REQUEST		Get Add Pet	1645435910633	1645435910647	OK	 
REQUEST		Get owners Info	1645435910643	1645435910652	OK	 
REQUEST		POST Add Owner	1645435910648	1645435910655	OK	 
REQUEST		Get Owners Info	1645435910655	1645435910660	OK	 
REQUEST		POST Add Pet	1645435910837	1645435910852	OK	 
REQUEST		Get owners Info	1645435910853	1645435910857	OK	 
REQUEST		GET Add Owner	1645435910883	1645435910889	OK	 
REQUEST		GET Add Owner	1645435910883	1645435910889	OK	 
REQUEST		GET Find Owners Page	1645435911006	1645435911012	OK	 
REQUEST		GET Vets List	1645435911255	1645435911261	OK	 
REQUEST		Get Edit Pet Page	1645435911286	1645435911306	KO	status.find.in([200, 209], 304), found 500
REQUEST		GET Find Owners Page	1645435911379	1645435911384	OK	 
REQUEST		GET Add Owner	1645435911440	1645435911446	OK	 
REQUEST		Get Edit Pet Page	1645435911564	1645435911577	KO	status.find.in([200, 209], 304), found 500
REQUEST		POST Add Pet	1645435911690	1645435911702	OK	 
REQUEST		Get owners Info	1645435911703	1645435911708	OK	 
REQUEST		GET Vets List	1645435911829	1645435911835	OK	 
REQUEST		Get Edit Pet Page	1645435911907	1645435911916	KO	status.find.in([200, 209], 304), found 500
REQUEST		Get Edit Pet Page	1645435912109	1645435912121	KO	status.find.in([200, 209], 304), found 500
REQUEST		POST Add Owner	1645435912344	1645435912351	OK	 
REQUEST		Get Owners Info	1645435912352	1645435912357	OK	 
REQUEST		POST Add Pet	1645435912501	1645435912514	OK	 
REQUEST		Get owners Info	1645435912515	1645435912520	OK	 
REQUEST		Open Home Page	1645435912531	1645435912535	OK	 
REQUEST		Get Edit Pet Page	1645435912576	1645435912588	KO	status.find.in([200, 209], 304), found 500
REQUEST		POST Add Owner	1645435912670	1645435912675	OK	 
REQUEST		Get Owners Info	1645435912676	1645435912681	OK	 
REQUEST		Get Edit Pet Page	1645435912919	1645435912930	KO	status.find.in([200, 209], 304), found 500
REQUEST		GET Add Owner	1645435912950	1645435912956	OK	 
REQUEST		POST Add Pet	1645435913108	1645435913119	OK	 
REQUEST		Get owners Info	1645435913120	1645435913125	OK	 
REQUEST		Get Add Pet	1645435913264	1645435913271	OK	 
REQUEST		POST Add Pet	1645435913279	1645435913288	OK	 
REQUEST		Get owners Info	1645435913288	1645435913294	OK	 
REQUEST		Get Add Pet	1645435913325	1645435913334	OK	 
REQUEST		Open Home Page	1645435913372	1645435913376	OK	 
REQUEST		GET Add Owner	1645435913434	1645435913440	OK	 
REQUEST		POST Add Owner	1645435913480	1645435913486	OK	 
REQUEST		Get Owners Info	1645435913487	1645435913491	OK	 
REQUEST		Open Home Page	1645435913574	1645435913577	OK	 
REQUEST		request_122	1645435913667	1645435913685	OK	 
REQUEST		Get owners Info	1645435913686	1645435913757	OK	 
REQUEST		request_122	1645435913808	1645435913826	OK	 
REQUEST		Get owners Info	1645435913827	1645435913837	OK	 
REQUEST		request_122	1645435914186	1645435914199	OK	 
REQUEST		Get owners Info	1645435914199	1645435914206	OK	 
REQUEST		Get Edit Pet Page	1645435914279	1645435914289	OK	 
REQUEST		Get Add Pet	1645435914357	1645435914368	OK	 
REQUEST		Get Edit Pet Page	1645435914499	1645435914509	OK	 
REQUEST		Get Add Pet	1645435914594	1645435914602	OK	 
REQUEST		request_122	1645435914829	1645435914841	OK	 
REQUEST		Get owners Info	1645435914842	1645435914852	OK	 
REQUEST		request_137	1645435914906	1645435915022	OK	 
REQUEST		GET Find Owners Page	1645435915065	1645435915071	OK	 
REQUEST		Get Edit Pet Page	1645435915302	1645435915311	OK	 
REQUEST		request_122	1645435915379	1645435915392	OK	 
REQUEST		Get owners Info	1645435915393	1645435915400	OK	 
REQUEST		POST Add Owner	1645435915457	1645435915462	OK	 
REQUEST		Get Owners Info	1645435915463	1645435915470	OK	 
REQUEST		POST Add Owner	1645435915645	1645435915650	OK	 
REQUEST		Get Owners Info	1645435915650	1645435915657	OK	 
REQUEST		Get Add Pet	1645435915676	1645435915696	OK	 
REQUEST		request_122	1645435915676	1645435915702	OK	 
REQUEST		Get owners Info	1645435915702	1645435915712	OK	 
REQUEST		POST Add Pet	1645435915769	1645435915779	OK	 
REQUEST		Get owners Info	1645435915780	1645435915787	OK	 
REQUEST		POST Add Pet	1645435915831	1645435915840	OK	 
REQUEST		Get owners Info	1645435915841	1645435915849	OK	 
REQUEST		Get Edit Pet Page	1645435915909	1645435915920	OK	 
REQUEST		GET Find Owners Page	1645435915925	1645435915929	OK	 
REQUEST		request_137	1645435916003	1645435916011	OK	 
REQUEST		request_137	1645435916033	1645435916041	OK	 
REQUEST		request_137	1645435916048	1645435916055	OK	 
REQUEST		POST Add Pet	1645435916063	1645435916073	OK	 
REQUEST		Get owners Info	1645435916074	1645435916081	OK	 
REQUEST		request_122	1645435916125	1645435916136	OK	 
REQUEST		Get owners Info	1645435916137	1645435916143	OK	 
REQUEST		GET Find Owners By LastName	1645435916171	1645435916182	OK	 
REQUEST		Get Owners Info	1645435916183	1645435916190	OK	 
REQUEST		GET Find Owners Page	1645435916375	1645435916380	OK	 
REQUEST		request_122	1645435916421	1645435916431	OK	 
REQUEST		Get owners Info	1645435916432	1645435916438	OK	 
REQUEST		Get Add Pet	1645435916530	1645435916537	OK	 
REQUEST		request_152	1645435916796	1645435916808	OK	 
REQUEST		Get owners Info	1645435916808	1645435916815	OK	 
REQUEST		POST Add Pet	1645435916826	1645435916835	OK	 
REQUEST		Get owners Info	1645435916836	1645435916842	OK	 
REQUEST		request_122	1645435916952	1645435916966	OK	 
REQUEST		Get owners Info	1645435916967	1645435916974	OK	 
REQUEST		GET Add Owner	1645435917029	1645435917035	OK	 
REQUEST		request_137	1645435917045	1645435917053	OK	 
REQUEST		request_152	1645435917140	1645435917147	OK	 
REQUEST		Get owners Info	1645435917147	1645435917155	OK	 
REQUEST		request_152	1645435917341	1645435917349	OK	 
REQUEST		Get owners Info	1645435917350	1645435917357	OK	 
REQUEST		Get Edit Pet Page	1645435917483	1645435917497	OK	 
REQUEST		request_137	1645435917700	1645435917711	OK	 
REQUEST		Get Add Pet	1645435917732	1645435917740	OK	 
REQUEST		request_137	1645435917794	1645435917801	OK	 
REQUEST		request_137	1645435917794	1645435917801	OK	 
REQUEST		POST Add Pet	1645435917809	1645435917818	OK	 
REQUEST		Get owners Info	1645435917819	1645435917827	OK	 
REQUEST		request_122	1645435917996	1645435918007	OK	 
REQUEST		Get owners Info	1645435918007	1645435918015	OK	 
REQUEST		Get Open Edit Owner Page	1645435918043	1645435918049	OK	 
REQUEST		request_137	1645435918246	1645435918253	OK	 
REQUEST		Get Edit Pet Page	1645435918604	1645435918613	OK	 
REQUEST		request_152	1645435918715	1645435918721	OK	 
REQUEST		Get owners Info	1645435918721	1645435918728	OK	 
REQUEST		POST Add Pet	1645435918791	1645435918804	OK	 
REQUEST		Get owners Info	1645435918804	1645435918812	OK	 
REQUEST		Get Edit Pet Page	1645435918853	1645435918863	OK	 
REQUEST		request_122	1645435919057	1645435919068	OK	 
REQUEST		Get owners Info	1645435919068	1645435919078	OK	 
REQUEST		Get Edit Pet Page	1645435919072	1645435919083	OK	 
REQUEST		GET Add Owner	1645435919244	1645435919248	OK	 
REQUEST		POST Add Owner	1645435919290	1645435919296	OK	 
REQUEST		Get Owners Info	1645435919296	1645435919303	OK	 
REQUEST		Get Edit Pet Page	1645435919493	1645435919501	OK	 
REQUEST		Open Home Page	1645435919586	1645435919590	OK	 
REQUEST		Open Home Page	1645435919601	1645435919604	OK	 
REQUEST		POST Add Pet	1645435919601	1645435919611	OK	 
REQUEST		Get owners Info	1645435919612	1645435919619	OK	 
REQUEST		Open Home Page	1645435919648	1645435919659	OK	 
REQUEST		request_122	1645435919805	1645435919816	OK	 
REQUEST		Get owners Info	1645435919816	1645435919823	OK	 
REQUEST		request_152	1645435919835	1645435919841	OK	 
REQUEST		Get owners Info	1645435919842	1645435919848	OK	 
REQUEST		request_152	1645435919913	1645435919920	OK	 
REQUEST		Get owners Info	1645435919920	1645435919927	OK	 
REQUEST		request_152	1645435919975	1645435919987	OK	 
REQUEST		Get owners Info	1645435919988	1645435919998	OK	 
REQUEST		request_152	1645435920052	1645435920060	OK	 
REQUEST		Get owners Info	1645435920060	1645435920068	OK	 
REQUEST		request_152	1645435920303	1645435920311	OK	 
REQUEST		Get owners Info	1645435920312	1645435920320	OK	 
REQUEST		POST Update Owner	1645435920459	1645435920466	OK	 
REQUEST		GET Owners Info	1645435920466	1645435920472	OK	 
REQUEST		request_137	1645435920599	1645435920608	OK	 
REQUEST		Get Add Pet	1645435920834	1645435920843	OK	 
REQUEST		Open Home Page	1645435920990	1645435920994	OK	 
REQUEST		Get Edit Pet Page	1645435921208	1645435921219	OK	 
REQUEST		POST Add Owner	1645435921255	1645435921260	OK	 
REQUEST		Get Owners Info	1645435921260	1645435921267	OK	 
REQUEST		request_137	1645435921286	1645435921293	OK	 
REQUEST		Open Home Page	1645435921443	1645435921446	OK	 
REQUEST		request_122	1645435921474	1645435921484	OK	 
REQUEST		Get owners Info	1645435921484	1645435921494	OK	 
REQUEST		request_122	1645435921613	1645435921625	OK	 
REQUEST		Get owners Info	1645435921625	1645435921632	OK	 
REQUEST		GET Find Owners Page	1645435921690	1645435921695	OK	 
REQUEST		request_122	1645435921814	1645435921827	OK	 
REQUEST		GET Find Owners Page	1645435921830	1645435921833	OK	 
REQUEST		Get owners Info	1645435921827	1645435921836	OK	 
REQUEST		Get Edit Pet Page	1645435921893	1645435921903	OK	 
REQUEST		POST Add Pet	1645435922034	1645435922041	OK	 
REQUEST		Get owners Info	1645435922042	1645435922050	OK	 
REQUEST		Open Home Page	1645435922204	1645435922207	OK	 
REQUEST		GET Find Owners Page	1645435922313	1645435922316	OK	 
REQUEST		request_137	1645435922486	1645435922494	OK	 
REQUEST		Open Home Page	1645435922565	1645435922569	OK	 
REQUEST		Open Home Page	1645435922612	1645435922616	OK	 
REQUEST		GET Vets List	1645435922799	1645435922804	OK	 
REQUEST		Open Home Page	1645435922846	1645435922849	OK	 
REQUEST		request_122	1645435922908	1645435922919	OK	 
REQUEST		Get owners Info	1645435922919	1645435922926	OK	 
REQUEST		GET Add Owner	1645435923267	1645435923272	OK	 
REQUEST		request_137	1645435923392	1645435923398	OK	 
REQUEST		GET Find Owners Page	1645435923454	1645435923458	OK	 
REQUEST		request_152	1645435923469	1645435923475	OK	 
REQUEST		Get owners Info	1645435923475	1645435923482	OK	 
REQUEST		GET Find Owners Page	1645435923766	1645435923770	OK	 
REQUEST		GET Find Owners By LastName	1645435923781	1645435923789	OK	 
REQUEST		Get Owners Info	1645435923790	1645435923796	OK	 
REQUEST		GET Add Owner	1645435923797	1645435923801	OK	 
REQUEST		GET Find Owners Page	1645435923813	1645435923820	OK	 
REQUEST		request_122	1645435923875	1645435923885	OK	 
REQUEST		GET Find Owners Page	1645435923890	1645435923893	OK	 
REQUEST		Get owners Info	1645435923886	1645435923893	OK	 
REQUEST		request_137	1645435923921	1645435923928	OK	 
REQUEST		Get Add Pet	1645435924060	1645435924067	OK	 
REQUEST		request_152	1645435924184	1645435924191	OK	 
REQUEST		Get Edit Pet Page	1645435924184	1645435924195	OK	 
REQUEST		Get owners Info	1645435924192	1645435924202	OK	 
REQUEST		request_152	1645435924324	1645435924331	OK	 
REQUEST		Get owners Info	1645435924332	1645435924340	OK	 
REQUEST		request_137	1645435924418	1645435924425	OK	 
REQUEST		GET Find Owners Page	1645435924481	1645435924484	OK	 
REQUEST		request_137	1645435924606	1645435924614	OK	 
REQUEST		GET Add Owner	1645435924760	1645435924765	OK	 
REQUEST		GET Find Owners By LastName	1645435924838	1645435924845	OK	 
REQUEST		Get Owners Info	1645435924846	1645435924853	OK	 
REQUEST		request_137	1645435925040	1645435925059	OK	 
REQUEST		Open Home Page	1645435925101	1645435925112	OK	 
REQUEST		GET Find Owners Page	1645435925131	1645435925135	OK	 
REQUEST		request_152	1645435925223	1645435925230	OK	 
REQUEST		Get owners Info	1645435925231	1645435925239	OK	 
REQUEST		Open Home Page	1645435925300	1645435925304	OK	 
REQUEST		POST Add Owner	1645435925473	1645435925477	OK	 
REQUEST		Get Owners Info	1645435925477	1645435925484	OK	 
REQUEST		request_152	1645435925504	1645435925510	OK	 
REQUEST		Get owners Info	1645435925510	1645435925517	OK	 
REQUEST		Open Home Page	1645435925581	1645435925585	OK	 
REQUEST		Open Home Page	1645435925597	1645435925602	OK	 
REQUEST		POST Add Pet	1645435925597	1645435925608	OK	 
REQUEST		Get owners Info	1645435925608	1645435925617	OK	 
REQUEST		Get Open Edit Owner Page	1645435925627	1645435925633	OK	 
REQUEST		POST Add Owner	1645435925924	1645435925931	OK	 
REQUEST		Get Owners Info	1645435925932	1645435925939	OK	 
REQUEST		Get Open Edit Owner Page	1645435926082	1645435926088	OK	 
REQUEST		GET Find Owners By LastName	1645435926221	1645435926229	OK	 
REQUEST		Get Owners Info	1645435926230	1645435926240	OK	 
REQUEST		request_152	1645435926377	1645435926384	OK	 
REQUEST		request_152	1645435926377	1645435926385	OK	 
REQUEST		Get owners Info	1645435926385	1645435926393	OK	 
REQUEST		Get owners Info	1645435926385	1645435926394	OK	 
REQUEST		request_152	1645435926454	1645435926461	OK	 
REQUEST		Get owners Info	1645435926461	1645435926469	OK	 
REQUEST		GET Add Owner	1645435926484	1645435926488	OK	 
REQUEST		POST Add Owner	1645435926592	1645435926597	OK	 
REQUEST		Get Owners Info	1645435926597	1645435926604	OK	 
REQUEST		Open Home Page	1645435926638	1645435926641	OK	 
REQUEST		GET Find Owners Page	1645435926638	1645435926641	OK	 
REQUEST		POST Update Owner	1645435926715	1645435926722	OK	 
REQUEST		GET Owners Info	1645435926723	1645435926728	OK	 
REQUEST		request_122	1645435926745	1645435926755	OK	 
REQUEST		Get owners Info	1645435926756	1645435926762	OK	 
REQUEST		GET Add Owner	1645435926870	1645435926875	OK	 
REQUEST		GET Find Owners Page	1645435926885	1645435926888	OK	 
REQUEST		GET Find Owners By LastName	1645435926981	1645435926988	OK	 
REQUEST		Get Owners Info	1645435926989	1645435926996	OK	 
REQUEST		GET Find Owners Page	1645435927123	1645435927128	OK	 
REQUEST		Get Add Pet	1645435927293	1645435927301	OK	 
REQUEST		POST Update Owner	1645435927589	1645435927595	OK	 
REQUEST		GET Owners Info	1645435927596	1645435927602	OK	 
REQUEST		Get Edit Pet Page	1645435927713	1645435927720	OK	 
REQUEST		GET Vets List	1645435927745	1645435927749	OK	 
REQUEST		Open Home Page	1645435927792	1645435927795	OK	 
REQUEST		POST Add Owner	1645435927839	1645435927843	OK	 
REQUEST		Get Owners Info	1645435927843	1645435927850	OK	 
REQUEST		Open Home Page	1645435927900	1645435927903	OK	 
REQUEST		GET Find Owners Page	1645435928134	1645435928137	OK	 
REQUEST		Get Add Pet	1645435928258	1645435928264	OK	 
REQUEST		Get Open Edit Owner Page	1645435928367	1645435928374	OK	 
REQUEST		Open Home Page	1645435928461	1645435928464	OK	 
REQUEST		Open Home Page	1645435928523	1645435928527	OK	 
REQUEST		Get Add Pet	1645435928554	1645435928561	OK	 
REQUEST		POST Add Pet	1645435928788	1645435928796	OK	 
REQUEST		Get owners Info	1645435928797	1645435928803	OK	 
REQUEST		GET Vets List	1645435928943	1645435928947	OK	 
REQUEST		Get Open Edit Owner Page	1645435928989	1645435928997	OK	 
REQUEST		GET Find Owners Page	1645435929178	1645435929183	OK	 
REQUEST		Open Home Page	1645435929288	1645435929292	OK	 
REQUEST		GET Add Owner	1645435929334	1645435929338	OK	 
REQUEST		POST Add Owner	1645435929395	1645435929400	OK	 
REQUEST		Get Owners Info	1645435929400	1645435929406	OK	 
REQUEST		request_137	1645435929443	1645435929450	OK	 
REQUEST		GET Add Owner	1645435929615	1645435929619	OK	 
REQUEST		Get Add Pet	1645435929708	1645435929716	OK	 
REQUEST		GET Add Owner	1645435929769	1645435929775	OK	 
REQUEST		Open Home Page	1645435929956	1645435929959	OK	 
REQUEST		GET Add Owner	1645435930083	1645435930087	OK	 
REQUEST		POST Add Pet	1645435930239	1645435930248	OK	 
REQUEST		Get owners Info	1645435930248	1645435930257	OK	 
REQUEST		GET Find Owners Page	1645435930316	1645435930319	OK	 
REQUEST		POST Add Pet	1645435930408	1645435930415	OK	 
REQUEST		Get owners Info	1645435930416	1645435930422	OK	 
REQUEST		GET Find Owners Page	1645435930454	1645435930458	OK	 
REQUEST		request_122	1645435930454	1645435930465	OK	 
REQUEST		Get owners Info	1645435930465	1645435930473	OK	 
REQUEST		GET Find Owners Page	1645435930641	1645435930646	OK	 
REQUEST		GET Find Owners Page	1645435930705	1645435930708	OK	 
REQUEST		Get Add Pet	1645435930782	1645435930789	OK	 
REQUEST		POST Update Owner	1645435930813	1645435930819	OK	 
REQUEST		GET Owners Info	1645435930819	1645435930824	OK	 
REQUEST		Get Edit Pet Page	1645435931170	1645435931179	OK	 
REQUEST		request_152	1645435931231	1645435931237	OK	 
REQUEST		Get owners Info	1645435931237	1645435931244	OK	 
REQUEST		POST Update Owner	1645435931325	1645435931331	OK	 
REQUEST		GET Owners Info	1645435931332	1645435931337	OK	 
REQUEST		GET Find Owners Page	1645435931465	1645435931468	OK	 
REQUEST		Get Edit Pet Page	1645435931480	1645435931488	OK	 
REQUEST		request_137	1645435931621	1645435931628	OK	 
REQUEST		POST Add Owner	1645435931729	1645435931734	OK	 
REQUEST		Get Owners Info	1645435931734	1645435931740	OK	 
REQUEST		POST Add Owner	1645435931821	1645435931826	OK	 
REQUEST		Get Owners Info	1645435931826	1645435931831	OK	 
REQUEST		POST Add Pet	1645435931901	1645435931908	OK	 
REQUEST		Get owners Info	1645435931909	1645435931915	OK	 
REQUEST		POST Add Owner	1645435932041	1645435932046	OK	 
REQUEST		Get Owners Info	1645435932047	1645435932052	OK	 
REQUEST		POST Add Owner	1645435932056	1645435932061	OK	 
REQUEST		Get Owners Info	1645435932061	1645435932067	OK	 
REQUEST		GET Find Owners By LastName	1645435932135	1645435932144	OK	 
REQUEST		GET Add Owner	1645435932135	1645435932145	OK	 
REQUEST		Get Owners Info	1645435932145	1645435932153	OK	 
REQUEST		Open Home Page	1645435932371	1645435932374	OK	 
REQUEST		GET Find Owners Page	1645435932371	1645435932374	OK	 
REQUEST		POST Add Pet	1645435932547	1645435932558	OK	 
REQUEST		Get owners Info	1645435932558	1645435932564	OK	 
REQUEST		Get Edit Pet Page	1645435932640	1645435932648	OK	 
REQUEST		GET Add Owner	1645435932655	1645435932658	OK	 
REQUEST		GET Add Owner	1645435932811	1645435932815	OK	 
REQUEST		Get Add Pet	1645435932967	1645435932972	OK	 
REQUEST		request_122	1645435933013	1645435933021	OK	 
REQUEST		Get owners Info	1645435933021	1645435933027	OK	 
REQUEST		GET Add Owner	1645435933029	1645435933032	OK	 
REQUEST		request_122	1645435933091	1645435933099	OK	 
REQUEST		Get owners Info	1645435933099	1645435933105	OK	 
REQUEST		GET Vets List	1645435933324	1645435933327	OK	 
REQUEST		Get Add Pet	1645435933714	1645435933721	OK	 
REQUEST		GET Vets List	1645435933745	1645435933748	OK	 
REQUEST		Get Add Pet	1645435933916	1645435933927	OK	 
REQUEST		Get Edit Pet Page	1645435933917	1645435933928	OK	 
REQUEST		Get Open Edit Owner Page	1645435933948	1645435933960	OK	 
REQUEST		request_152	1645435934089	1645435934095	OK	 
REQUEST		Get owners Info	1645435934095	1645435934103	OK	 
REQUEST		Get Add Pet	1645435934166	1645435934173	OK	 
REQUEST		GET Find Owners Page	1645435934259	1645435934262	OK	 
REQUEST		GET Add Owner	1645435934306	1645435934309	OK	 
REQUEST		request_137	1645435934352	1645435934361	OK	 
REQUEST		GET Find Owners By LastName	1645435934430	1645435934438	OK	 
REQUEST		Get Owners Info	1645435934438	1645435934447	OK	 
REQUEST		Get Edit Pet Page	1645435934636	1645435934645	OK	 
REQUEST		POST Add Owner	1645435934977	1645435934982	OK	 
REQUEST		Get Owners Info	1645435934982	1645435934988	OK	 
REQUEST		POST Add Owner	1645435935118	1645435935124	OK	 
REQUEST		Get Owners Info	1645435935125	1645435935131	OK	 
REQUEST		request_122	1645435935149	1645435935156	OK	 
REQUEST		Get owners Info	1645435935157	1645435935162	OK	 
REQUEST		POST Add Owner	1645435935365	1645435935370	OK	 
REQUEST		Get Owners Info	1645435935370	1645435935376	OK	 
REQUEST		Open Home Page	1645435935476	1645435935479	OK	 
REQUEST		POST Add Owner	1645435935476	1645435935479	OK	 
REQUEST		Get Owners Info	1645435935480	1645435935486	OK	 
REQUEST		POST Add Pet	1645435935662	1645435935670	OK	 
REQUEST		Get owners Info	1645435935670	1645435935676	OK	 
REQUEST		request_137	1645435935788	1645435935795	OK	 
REQUEST		Open Home Page	1645435935881	1645435935885	OK	 
REQUEST		POST Add Owner	1645435935881	1645435935886	OK	 
REQUEST		Get Owners Info	1645435935887	1645435935893	OK	 
REQUEST		request_122	1645435935912	1645435935922	OK	 
REQUEST		Get owners Info	1645435935923	1645435935931	OK	 
REQUEST		POST Add Pet	1645435935943	1645435935952	OK	 
REQUEST		Get owners Info	1645435935953	1645435935960	OK	 
REQUEST		Get Add Pet	1645435936162	1645435936168	OK	 
REQUEST		request_122	1645435936209	1645435936218	OK	 
REQUEST		Get owners Info	1645435936218	1645435936226	OK	 
REQUEST		Open Home Page	1645435936286	1645435936288	OK	 
REQUEST		POST Add Pet	1645435936286	1645435936294	OK	 
REQUEST		Get owners Info	1645435936294	1645435936300	OK	 
REQUEST		request_152	1645435936301	1645435936306	OK	 
REQUEST		Get owners Info	1645435936306	1645435936311	OK	 
REQUEST		Get Open Edit Owner Page	1645435936395	1645435936401	OK	 
REQUEST		POST Update Owner	1645435936725	1645435936731	OK	 
REQUEST		GET Owners Info	1645435936731	1645435936736	OK	 
REQUEST		GET Add Owner	1645435936897	1645435936900	OK	 
REQUEST		request_152	1645435936973	1645435936978	OK	 
REQUEST		POST Add Pet	1645435936973	1645435936981	OK	 
REQUEST		Get owners Info	1645435936979	1645435936985	OK	 
REQUEST		Get owners Info	1645435936982	1645435936989	OK	 
REQUEST		GET Find Owners Page	1645435937051	1645435937059	OK	 
REQUEST		request_137	1645435937067	1645435937073	OK	 
REQUEST		request_137	1645435937083	1645435937089	OK	 
REQUEST		Get Edit Pet Page	1645435937395	1645435937404	OK	 
REQUEST		GET Find Owners Page	1645435937613	1645435937617	OK	 
REQUEST		Get Add Pet	1645435937629	1645435937636	OK	 
REQUEST		Get Edit Pet Page	1645435937644	1645435937650	OK	 
REQUEST		Get Add Pet	1645435937769	1645435937777	OK	 
REQUEST		POST Update Owner	1645435937894	1645435937899	OK	 
REQUEST		GET Owners Info	1645435937900	1645435937905	OK	 
REQUEST		request_137	1645435938080	1645435938089	OK	 
REQUEST		Get Edit Pet Page	1645435938126	1645435938132	OK	 
REQUEST		Open Home Page	1645435938265	1645435938268	OK	 
REQUEST		POST Add Owner	1645435938265	1645435938270	OK	 
REQUEST		Get Owners Info	1645435938270	1645435938276	OK	 
REQUEST		Get Add Pet	1645435938328	1645435938334	OK	 
REQUEST		Get Add Pet	1645435938373	1645435938380	OK	 
REQUEST		Open Home Page	1645435938548	1645435938551	OK	 
REQUEST		GET Add Owner	1645435938659	1645435938662	OK	 
REQUEST		request_152	1645435938691	1645435938697	OK	 
REQUEST		Get owners Info	1645435938697	1645435938704	OK	 
REQUEST		GET Find Owners Page	1645435938802	1645435938806	OK	 
REQUEST		POST Add Pet	1645435939041	1645435939049	OK	 
REQUEST		Get owners Info	1645435939050	1645435939058	OK	 
REQUEST		GET Add Owner	1645435939148	1645435939151	OK	 
REQUEST		GET Vets List	1645435939163	1645435939167	OK	 
REQUEST		POST Add Pet	1645435939226	1645435939233	OK	 
REQUEST		Get owners Info	1645435939234	1645435939240	OK	 
REQUEST		Get Edit Pet Page	1645435939256	1645435939264	OK	 
REQUEST		request_152	1645435939287	1645435939293	OK	 
REQUEST		Get owners Info	1645435939293	1645435939301	OK	 
REQUEST		GET Find Owners Page	1645435939457	1645435939460	OK	 
REQUEST		request_152	1645435939566	1645435939572	OK	 
REQUEST		Get owners Info	1645435939572	1645435939579	OK	 
REQUEST		GET Vets List	1645435939581	1645435939585	OK	 
REQUEST		request_122	1645435939581	1645435939592	OK	 
REQUEST		Get owners Info	1645435939593	1645435939602	OK	 
REQUEST		request_122	1645435939783	1645435939793	OK	 
REQUEST		Get owners Info	1645435939793	1645435939800	OK	 
REQUEST		POST Add Pet	1645435939815	1645435939821	OK	 
REQUEST		Get owners Info	1645435939823	1645435939830	OK	 
REQUEST		request_122	1645435940111	1645435940119	OK	 
REQUEST		Get owners Info	1645435940120	1645435940126	OK	 
REQUEST		Get Edit Pet Page	1645435940142	1645435940149	OK	 
REQUEST		POST Add Pet	1645435940375	1645435940382	OK	 
REQUEST		Get owners Info	1645435940384	1645435940393	OK	 
REQUEST		Get Edit Pet Page	1645435940391	1645435940399	OK	 
REQUEST		GET Add Owner	1645435940516	1645435940520	OK	 
REQUEST		POST Add Pet	1645435940610	1645435940618	OK	 
REQUEST		Get owners Info	1645435940619	1645435940625	OK	 
REQUEST		Get Add Pet	1645435940641	1645435940647	OK	 
REQUEST		POST Add Owner	1645435940735	1645435940738	OK	 
REQUEST		Get Owners Info	1645435940739	1645435940744	OK	 
REQUEST		GET Find Owners Page	1645435940766	1645435940769	OK	 
REQUEST		Open Home Page	1645435941020	1645435941026	OK	 
REQUEST		POST Add Owner	1645435941206	1645435941214	OK	 
REQUEST		Get Owners Info	1645435941214	1645435941221	OK	 
REQUEST		request_122	1645435941315	1645435941323	OK	 
REQUEST		Get owners Info	1645435941323	1645435941330	OK	 
REQUEST		Open Home Page	1645435941345	1645435941348	OK	 
REQUEST		GET Add Owner	1645435941453	1645435941457	OK	 
REQUEST		request_137	1645435941592	1645435941599	OK	 
REQUEST		request_137	1645435941622	1645435941628	OK	 
REQUEST		Open Home Page	1645435941732	1645435941735	OK	 
REQUEST		Get Edit Pet Page	1645435941732	1645435941740	OK	 
REQUEST		request_122	1645435941762	1645435941771	OK	 
REQUEST		Get owners Info	1645435941771	1645435941776	OK	 
REQUEST		POST Add Pet	1645435941825	1645435941832	OK	 
REQUEST		Get owners Info	1645435941832	1645435941838	OK	 
REQUEST		Open Home Page	1645435941983	1645435941986	OK	 
REQUEST		request_122	1645435942060	1645435942068	OK	 
REQUEST		Get owners Info	1645435942068	1645435942073	OK	 
REQUEST		Open Home Page	1645435942122	1645435942125	OK	 
REQUEST		GET Add Owner	1645435942137	1645435942140	OK	 
REQUEST		Get Edit Pet Page	1645435942216	1645435942222	OK	 
REQUEST		request_137	1645435942604	1645435942613	OK	 
REQUEST		GET Find Owners Page	1645435942776	1645435942781	OK	 
REQUEST		Get Edit Pet Page	1645435943152	1645435943159	OK	 
REQUEST		request_137	1645435943213	1645435943219	OK	 
REQUEST		Get Edit Pet Page	1645435943292	1645435943298	OK	 
REQUEST		POST Add Owner	1645435943339	1645435943343	OK	 
REQUEST		Get Owners Info	1645435943343	1645435943349	OK	 
REQUEST		Get Add Pet	1645435943448	1645435943454	OK	 
REQUEST		request_137	1645435943636	1645435943647	OK	 
REQUEST		POST Add Owner	1645435943822	1645435943826	OK	 
REQUEST		Get Owners Info	1645435943827	1645435943832	OK	 
REQUEST		GET Find Owners Page	1645435943853	1645435943856	OK	 
REQUEST		request_152	1645435943947	1645435943951	OK	 
REQUEST		Get owners Info	1645435943951	1645435943957	OK	 
REQUEST		request_152	1645435943962	1645435943967	OK	 
REQUEST		Get owners Info	1645435943967	1645435943972	OK	 
REQUEST		GET Find Owners Page	1645435944009	1645435944012	OK	 
REQUEST		request_137	1645435944041	1645435944048	OK	 
REQUEST		request_122	1645435944135	1645435944144	OK	 
REQUEST		Get owners Info	1645435944145	1645435944153	OK	 
REQUEST		Get Add Pet	1645435944165	1645435944171	OK	 
REQUEST		request_152	1645435944181	1645435944185	OK	 
REQUEST		Get owners Info	1645435944186	1645435944191	OK	 
REQUEST		POST Add Owner	1645435944196	1645435944200	OK	 
REQUEST		Get Owners Info	1645435944201	1645435944208	OK	 
REQUEST		GET Find Owners Page	1645435944227	1645435944230	OK	 
REQUEST		GET Find Owners Page	1645435944367	1645435944370	OK	 
REQUEST		GET Add Owner	1645435944587	1645435944591	OK	 
REQUEST		request_122	1645435944633	1645435944642	OK	 
REQUEST		request_122	1645435944633	1645435944642	OK	 
REQUEST		Get owners Info	1645435944642	1645435944651	OK	 
REQUEST		Get owners Info	1645435944642	1645435944652	OK	 
REQUEST		request_152	1645435944790	1645435944796	OK	 
REQUEST		Get owners Info	1645435944796	1645435944803	OK	 
REQUEST		GET Add Owner	1645435944885	1645435944888	OK	 
REQUEST		request_122	1645435945242	1645435945249	OK	 
REQUEST		Get owners Info	1645435945249	1645435945254	OK	 
REQUEST		Get Add Pet	1645435945336	1645435945342	OK	 
REQUEST		Open Home Page	1645435945368	1645435945373	OK	 
REQUEST		request_152	1645435945509	1645435945515	OK	 
REQUEST		Get owners Info	1645435945515	1645435945521	OK	 
REQUEST		POST Add Pet	1645435945540	1645435945548	OK	 
REQUEST		Get owners Info	1645435945549	1645435945555	OK	 
REQUEST		GET Add Owner	1645435945587	1645435945590	OK	 
REQUEST		Open Home Page	1645435945617	1645435945620	OK	 
REQUEST		request_152	1645435945650	1645435945663	OK	 
REQUEST		Get owners Info	1645435945663	1645435945672	OK	 
REQUEST		Open Home Page	1645435945727	1645435945730	OK	 
REQUEST		GET Find Owners By LastName	1645435945962	1645435945969	OK	 
REQUEST		Get Owners Info	1645435945970	1645435945976	OK	 
REQUEST		request_137	1645435946120	1645435946130	OK	 
REQUEST		Get Add Pet	1645435946183	1645435946189	OK	 
REQUEST		GET Add Owner	1645435946198	1645435946201	OK	 
REQUEST		POST Add Pet	1645435946291	1645435946298	OK	 
REQUEST		Get owners Info	1645435946299	1645435946304	OK	 
REQUEST		Get Add Pet	1645435946570	1645435946577	OK	 
REQUEST		Open Home Page	1645435946632	1645435946635	OK	 
REQUEST		Open Home Page	1645435946695	1645435946697	OK	 
REQUEST		request_137	1645435946788	1645435946795	OK	 
REQUEST		GET Find Owners Page	1645435946882	1645435946885	OK	 
REQUEST		Get Edit Pet Page	1645435946975	1645435946981	OK	 
REQUEST		POST Add Owner	1645435947006	1645435947010	OK	 
REQUEST		Get Owners Info	1645435947011	1645435947016	OK	 
REQUEST		Get Open Edit Owner Page	1645435947037	1645435947042	OK	 
REQUEST		Open Home Page	1645435947116	1645435947118	OK	 
REQUEST		GET Find Owners Page	1645435947208	1645435947212	OK	 
REQUEST		POST Add Pet	1645435947208	1645435947216	OK	 
REQUEST		Get owners Info	1645435947217	1645435947223	OK	 
REQUEST		request_137	1645435947348	1645435947354	OK	 
REQUEST		POST Add Owner	1645435947505	1645435947509	OK	 
REQUEST		POST Add Owner	1645435947505	1645435947509	OK	 
REQUEST		Get Owners Info	1645435947510	1645435947515	OK	 
REQUEST		Get Owners Info	1645435947510	1645435947518	OK	 
REQUEST		GET Find Owners Page	1645435947599	1645435947603	OK	 
REQUEST		request_137	1645435947848	1645435947855	OK	 
REQUEST		GET Find Owners Page	1645435948005	1645435948011	OK	 
REQUEST		request_152	1645435948067	1645435948074	OK	 
REQUEST		Get owners Info	1645435948074	1645435948080	OK	 
REQUEST		POST Update Owner	1645435948113	1645435948117	OK	 
REQUEST		GET Owners Info	1645435948118	1645435948122	OK	 
REQUEST		POST Add Pet	1645435948159	1645435948167	OK	 
REQUEST		Get owners Info	1645435948168	1645435948174	OK	 
REQUEST		POST Add Pet	1645435948393	1645435948399	OK	 
REQUEST		Get owners Info	1645435948399	1645435948405	OK	 
REQUEST		request_122	1645435948707	1645435948713	OK	 
REQUEST		Get owners Info	1645435948713	1645435948719	OK	 
REQUEST		Get Add Pet	1645435948783	1645435948788	OK	 
REQUEST		POST Add Owner	1645435949095	1645435949099	OK	 
REQUEST		Get Owners Info	1645435949100	1645435949105	OK	 
REQUEST		Get Edit Pet Page	1645435949111	1645435949116	OK	 
REQUEST		GET Find Owners Page	1645435949126	1645435949129	OK	 
REQUEST		Get Add Pet	1645435949312	1645435949318	OK	 
REQUEST		GET Add Owner	1645435949358	1645435949362	OK	 
REQUEST		GET Add Owner	1645435949390	1645435949394	OK	 
REQUEST		request_152	1645435949732	1645435949737	OK	 
REQUEST		Get owners Info	1645435949738	1645435949743	OK	 
REQUEST		Get Add Pet	1645435949796	1645435949801	OK	 
REQUEST		GET Find Owners Page	1645435949811	1645435949814	OK	 
REQUEST		Get Edit Pet Page	1645435949826	1645435949833	OK	 
REQUEST		Open Home Page	1645435949888	1645435949892	OK	 
REQUEST		GET Add Owner	1645435949966	1645435949969	OK	 
REQUEST		Get Edit Pet Page	1645435950072	1645435950078	OK	 
REQUEST		GET Add Owner	1645435950087	1645435950090	OK	 
REQUEST		GET Vets List	1645435950212	1645435950216	OK	 
REQUEST		request_152	1645435950305	1645435950310	OK	 
REQUEST		Get owners Info	1645435950310	1645435950315	OK	 
REQUEST		request_152	1645435950632	1645435950639	OK	 
REQUEST		Get owners Info	1645435950639	1645435950645	OK	 
REQUEST		GET Add Owner	1645435950679	1645435950683	OK	 
REQUEST		request_137	1645435950758	1645435950764	OK	 
REQUEST		Get Edit Pet Page	1645435950820	1645435950826	OK	 
REQUEST		Get Add Pet	1645435950851	1645435950856	OK	 
REQUEST		POST Add Pet	1645435951068	1645435951075	OK	 
REQUEST		Get owners Info	1645435951076	1645435951081	OK	 
REQUEST		POST Add Owner	1645435951083	1645435951087	OK	 
REQUEST		Get Owners Info	1645435951087	1645435951094	OK	 
REQUEST		POST Add Pet	1645435951255	1645435951261	OK	 
REQUEST		Get owners Info	1645435951261	1645435951267	OK	 
REQUEST		POST Add Owner	1645435951333	1645435951337	OK	 
REQUEST		Get Owners Info	1645435951337	1645435951343	OK	 
REQUEST		Open Home Page	1645435951395	1645435951398	OK	 
REQUEST		Open Home Page	1645435951410	1645435951413	OK	 
REQUEST		POST Add Pet	1645435951549	1645435951556	OK	 
REQUEST		request_122	1645435951549	1645435951557	OK	 
REQUEST		Get owners Info	1645435951558	1645435951563	OK	 
REQUEST		Get owners Info	1645435951557	1645435951564	OK	 
REQUEST		POST Add Owner	1645435951720	1645435951724	OK	 
REQUEST		Get Owners Info	1645435951724	1645435951729	OK	 
REQUEST		GET Find Owners Page	1645435951767	1645435951770	OK	 
REQUEST		request_122	1645435951830	1645435951838	OK	 
REQUEST		Get owners Info	1645435951838	1645435951844	OK	 
REQUEST		GET Add Owner	1645435952189	1645435952194	OK	 
REQUEST		request_122	1645435952392	1645435952399	OK	 
REQUEST		Get owners Info	1645435952400	1645435952406	OK	 
REQUEST		Open Home Page	1645435952546	1645435952548	OK	 
REQUEST		POST Add Owner	1645435952607	1645435952612	OK	 
REQUEST		Get Owners Info	1645435952612	1645435952618	OK	 
REQUEST		POST Add Owner	1645435952718	1645435952722	OK	 
REQUEST		Get Owners Info	1645435952722	1645435952727	OK	 
REQUEST		Get Add Pet	1645435952811	1645435952824	OK	 
REQUEST		request_122	1645435952826	1645435952835	OK	 
REQUEST		Get owners Info	1645435952835	1645435952841	OK	 
REQUEST		GET Find Owners Page	1645435952873	1645435952876	OK	 
REQUEST		Get Edit Pet Page	1645435952873	1645435952880	OK	 
REQUEST		POST Add Pet	1645435953014	1645435953021	OK	 
REQUEST		Get owners Info	1645435953021	1645435953027	OK	 
REQUEST		Get Add Pet	1645435953108	1645435953114	OK	 
REQUEST		request_137	1645435953249	1645435953255	OK	 
REQUEST		Get Add Pet	1645435953264	1645435953270	OK	 
REQUEST		request_152	1645435953545	1645435953551	OK	 
REQUEST		Get owners Info	1645435953551	1645435953557	OK	 
REQUEST		Open Home Page	1645435953606	1645435953609	OK	 
REQUEST		Get Edit Pet Page	1645435953653	1645435953658	OK	 
REQUEST		Get Edit Pet Page	1645435953653	1645435953658	OK	 
REQUEST		GET Find Owners Page	1645435953668	1645435953671	OK	 
REQUEST		GET Add Owner	1645435953668	1645435953672	OK	 
REQUEST		POST Add Pet	1645435954061	1645435954069	OK	 
REQUEST		Get owners Info	1645435954070	1645435954075	OK	 
REQUEST		GET Find Owners Page	1645435954108	1645435954114	OK	 
REQUEST		Get Add Pet	1645435954154	1645435954159	OK	 
REQUEST		request_137	1645435954405	1645435954410	OK	 
REQUEST		request_137	1645435954528	1645435954537	OK	 
REQUEST		POST Add Owner	1645435954638	1645435954642	OK	 
REQUEST		Get Owners Info	1645435954642	1645435954649	OK	 
REQUEST		request_152	1645435954794	1645435954799	OK	 
REQUEST		Get owners Info	1645435954800	1645435954807	OK	 
REQUEST		request_122	1645435954888	1645435954897	OK	 
REQUEST		Get owners Info	1645435954897	1645435954904	OK	 
REQUEST		request_122	1645435954902	1645435954911	OK	 
REQUEST		Get owners Info	1645435954911	1645435954918	OK	 
REQUEST		Get Add Pet	1645435955029	1645435955035	OK	 
REQUEST		GET Find Owners By LastName	1645435955247	1645435955253	OK	 
REQUEST		Get Owners Info	1645435955254	1645435955259	OK	 
REQUEST		request_137	1645435955278	1645435955285	OK	 
REQUEST		Open Home Page	1645435955356	1645435955360	OK	 
REQUEST		POST Add Pet	1645435955419	1645435955427	OK	 
REQUEST		Get owners Info	1645435955428	1645435955433	OK	 
REQUEST		POST Add Pet	1645435955497	1645435955503	OK	 
REQUEST		Get owners Info	1645435955503	1645435955509	OK	 
REQUEST		request_122	1645435955559	1645435955565	OK	 
REQUEST		Get owners Info	1645435955565	1645435955571	OK	 
REQUEST		POST Add Pet	1645435955636	1645435955642	OK	 
REQUEST		Get Edit Pet Page	1645435955636	1645435955642	OK	 
REQUEST		Get owners Info	1645435955642	1645435955648	OK	 
REQUEST		GET Find Owners Page	1645435955792	1645435955795	OK	 
REQUEST		POST Add Owner	1645435955792	1645435955795	OK	 
REQUEST		Get Owners Info	1645435955795	1645435955800	OK	 
REQUEST		Get Edit Pet Page	1645435955823	1645435955852	OK	 
REQUEST		request_152	1645435956149	1645435956154	OK	 
REQUEST		Get owners Info	1645435956155	1645435956160	OK	 
REQUEST		GET Add Owner	1645435956165	1645435956167	OK	 
REQUEST		GET Add Owner	1645435956383	1645435956387	OK	 
REQUEST		request_152	1645435956383	1645435956388	OK	 
REQUEST		Get owners Info	1645435956388	1645435956393	OK	 
REQUEST		request_137	1645435956616	1645435956623	OK	 
REQUEST		request_137	1645435956724	1645435956730	OK	 
REQUEST		GET Find Owners Page	1645435956879	1645435956883	OK	 
REQUEST		request_122	1645435957034	1645435957040	OK	 
REQUEST		Get owners Info	1645435957040	1645435957045	OK	 
REQUEST		Get Edit Pet Page	1645435957111	1645435957118	OK	 
REQUEST		Get Add Pet	1645435957235	1645435957240	OK	 
REQUEST		Open Home Page	1645435957329	1645435957337	OK	 
REQUEST		Get Add Pet	1645435957329	1645435957343	OK	 
REQUEST		request_137	1645435957722	1645435957728	OK	 
REQUEST		Get Open Edit Owner Page	1645435957768	1645435957772	OK	 
REQUEST		request_152	1645435957799	1645435957803	OK	 
REQUEST		Get owners Info	1645435957803	1645435957808	OK	 
REQUEST		POST Add Pet	1645435957829	1645435957834	OK	 
REQUEST		Get owners Info	1645435957835	1645435957839	OK	 
REQUEST		Open Home Page	1645435957968	1645435957971	OK	 
REQUEST		Get Edit Pet Page	1645435958281	1645435958287	OK	 
REQUEST		POST Add Owner	1645435958344	1645435958347	OK	 
REQUEST		request_152	1645435958344	1645435958348	OK	 
REQUEST		Get Owners Info	1645435958347	1645435958353	OK	 
REQUEST		Get owners Info	1645435958349	1645435958355	OK	 
REQUEST		Get Edit Pet Page	1645435958366	1645435958371	OK	 
REQUEST		POST Add Owner	1645435958406	1645435958410	OK	 
REQUEST		Get Owners Info	1645435958410	1645435958415	OK	 
REQUEST		Open Home Page	1645435958452	1645435958454	OK	 
REQUEST		GET Add Owner	1645435958499	1645435958502	OK	 
REQUEST		request_122	1645435958531	1645435958538	OK	 
REQUEST		Get owners Info	1645435958538	1645435958545	OK	 
REQUEST		GET Add Owner	1645435958686	1645435958690	OK	 
REQUEST		request_152	1645435958780	1645435958785	OK	 
REQUEST		Get owners Info	1645435958785	1645435958790	OK	 
REQUEST		Open Home Page	1645435959107	1645435959109	OK	 
REQUEST		GET Find Owners Page	1645435959200	1645435959205	OK	 
REQUEST		request_122	1645435959341	1645435959348	OK	 
REQUEST		Get owners Info	1645435959348	1645435959353	OK	 
REQUEST		POST Update Owner	1645435959451	1645435959455	OK	 
REQUEST		GET Owners Info	1645435959455	1645435959459	OK	 
REQUEST		request_152	1645435959529	1645435959533	OK	 
REQUEST		Get owners Info	1645435959533	1645435959538	OK	 
REQUEST		request_122	1645435959653	1645435959660	OK	 
REQUEST		Get owners Info	1645435959660	1645435959666	OK	 
REQUEST		request_137	1645435959715	1645435959721	OK	 
REQUEST		POST Add Pet	1645435959747	1645435959752	OK	 
REQUEST		Get owners Info	1645435959753	1645435959758	OK	 
REQUEST		POST Add Pet	1645435959823	1645435959829	OK	 
REQUEST		request_122	1645435959823	1645435959830	OK	 
REQUEST		Get owners Info	1645435959829	1645435959834	OK	 
REQUEST		Get owners Info	1645435959830	1645435959836	OK	 
REQUEST		POST Add Owner	1645435959901	1645435959905	OK	 
REQUEST		Get Owners Info	1645435959905	1645435959911	OK	 
REQUEST		POST Add Owner	1645435959932	1645435959936	OK	 
REQUEST		Get Owners Info	1645435959936	1645435959941	OK	 
REQUEST		Get Edit Pet Page	1645435960134	1645435960141	OK	 
REQUEST		request_137	1645435960398	1645435960404	OK	 
REQUEST		GET Find Owners Page	1645435960555	1645435960558	OK	 
REQUEST		Open Home Page	1645435960696	1645435960699	OK	 
REQUEST		Open Home Page	1645435960742	1645435960745	OK	 
REQUEST		GET Find Owners Page	1645435960757	1645435960760	OK	 
REQUEST		Get Add Pet	1645435960804	1645435960809	OK	 
REQUEST		request_137	1645435960913	1645435960920	OK	 
REQUEST		GET Find Owners Page	1645435960960	1645435960963	OK	 
REQUEST		Get Add Pet	1645435961301	1645435961307	OK	 
REQUEST		GET Vets List	1645435961348	1645435961351	OK	 
REQUEST		request_137	1645435961441	1645435961451	OK	 
REQUEST		request_152	1645435961457	1645435961460	OK	 
REQUEST		Get owners Info	1645435961461	1645435961466	OK	 
REQUEST		GET Add Owner	1645435961597	1645435961601	OK	 
REQUEST		Get Edit Pet Page	1645435961613	1645435961617	OK	 
REQUEST		request_137	1645435961706	1645435961715	OK	 
REQUEST		Get Add Pet	1645435961800	1645435961804	OK	 
REQUEST		GET Add Owner	1645435961831	1645435961835	OK	 
REQUEST		POST Add Pet	1645435961940	1645435961946	OK	 
REQUEST		Get owners Info	1645435961946	1645435961951	OK	 
USER	RecordedSimulation2	END	1645435961957
REQUEST		request_152	1645435962048	1645435962053	OK	 
REQUEST		Get Edit Pet Page	1645435962048	1645435962054	OK	 
REQUEST		Get owners Info	1645435962053	1645435962058	OK	 
REQUEST		Get Add Pet	1645435962173	1645435962179	OK	 
REQUEST		GET Add Owner	1645435962423	1645435962426	OK	 
REQUEST		request_122	1645435962612	1645435962622	OK	 
REQUEST		Get owners Info	1645435962622	1645435962627	OK	 
REQUEST		POST Add Owner	1645435962846	1645435962851	OK	 
REQUEST		Get Owners Info	1645435962851	1645435962857	OK	 
REQUEST		GET Add Owner	1645435962970	1645435962972	OK	 
REQUEST		GET Find Owners Page	1645435963017	1645435963021	OK	 
REQUEST		GET Find Owners Page	1645435963048	1645435963051	OK	 
REQUEST		POST Add Owner	1645435963094	1645435963099	OK	 
REQUEST		POST Add Pet	1645435963094	1645435963101	OK	 
REQUEST		Get Owners Info	1645435963099	1645435963106	OK	 
REQUEST		Get owners Info	1645435963101	1645435963108	OK	 
REQUEST		request_152	1645435963125	1645435963130	OK	 
REQUEST		POST Add Pet	1645435963125	1645435963132	OK	 
REQUEST		Get owners Info	1645435963130	1645435963138	OK	 
REQUEST		Get owners Info	1645435963133	1645435963138	OK	 
REQUEST		Open Home Page	1645435963250	1645435963253	OK	 
REQUEST		request_122	1645435963266	1645435963271	OK	 
REQUEST		Get owners Info	1645435963271	1645435963276	OK	 
REQUEST		request_152	1645435963358	1645435963363	OK	 
REQUEST		Get owners Info	1645435963363	1645435963368	OK	 
REQUEST		request_152	1645435964140	1645435964146	OK	 
REQUEST		Get owners Info	1645435964147	1645435964153	OK	 
USER	RecordedSimulation2	END	1645435964203
REQUEST		Open Home Page	1645435964233	1645435964236	OK	 
REQUEST		POST Add Owner	1645435964249	1645435964253	OK	 
REQUEST		Get Owners Info	1645435964253	1645435964258	OK	 
REQUEST		GET Find Owners By LastName	1645435964372	1645435964379	OK	 
REQUEST		Get Owners Info	1645435964380	1645435964385	OK	 
REQUEST		request_122	1645435964451	1645435964457	OK	 
REQUEST		Get owners Info	1645435964457	1645435964462	OK	 
REQUEST		Get Add Pet	1645435964557	1645435964567	OK	 
REQUEST		request_137	1645435964588	1645435964597	OK	 
REQUEST		GET Find Owners Page	1645435964619	1645435964622	OK	 
REQUEST		Get Add Pet	1645435964619	1645435964624	OK	 
REQUEST		POST Add Owner	1645435964665	1645435964669	OK	 
REQUEST		Get Owners Info	1645435964669	1645435964674	OK	 
REQUEST		POST Add Pet	1645435964837	1645435964844	OK	 
REQUEST		Get owners Info	1645435964845	1645435964850	OK	 
REQUEST		Get Edit Pet Page	1645435964947	1645435964954	OK	 
USER	RecordedSimulation2	END	1645435965041
REQUEST		Get Edit Pet Page	1645435965134	1645435965141	OK	 
REQUEST		GET Find Owners Page	1645435965444	1645435965447	OK	 
REQUEST		Get Edit Pet Page	1645435965784	1645435965789	OK	 
REQUEST		request_137	1645435965815	1645435965820	OK	 
USER	RecordedSimulation2	END	1645435965861
REQUEST		GET Add Owner	1645435965876	1645435965888	OK	 
REQUEST		Get Open Edit Owner Page	1645435966219	1645435966224	OK	 
USER	RecordedSimulation2	END	1645435966282
REQUEST		POST Add Pet	1645435966313	1645435966318	OK	 
REQUEST		Get owners Info	1645435966318	1645435966324	OK	 
REQUEST		Get Add Pet	1645435966531	1645435966535	OK	 
REQUEST		Get Edit Pet Page	1645435966578	1645435966583	OK	 
REQUEST		GET Add Owner	1645435966921	1645435966925	OK	 
REQUEST		request_152	1645435966985	1645435966989	OK	 
REQUEST		Get owners Info	1645435966989	1645435966994	OK	 
REQUEST		GET Find Owners By LastName	1645435967046	1645435967051	OK	 
REQUEST		Get Owners Info	1645435967052	1645435967058	OK	 
REQUEST		request_122	1645435967264	1645435967270	OK	 
REQUEST		Get owners Info	1645435967270	1645435967275	OK	 
REQUEST		POST Add Owner	1645435967405	1645435967409	OK	 
REQUEST		Get Owners Info	1645435967409	1645435967414	OK	 
REQUEST		Get Add Pet	1645435967436	1645435967441	OK	 
REQUEST		request_137	1645435967467	1645435967473	OK	 
REQUEST		POST Add Pet	1645435967530	1645435967535	OK	 
REQUEST		Get owners Info	1645435967536	1645435967541	OK	 
REQUEST		request_122	1645435967748	1645435967755	OK	 
REQUEST		Get owners Info	1645435967756	1645435967761	OK	 
REQUEST		request_122	1645435967840	1645435967846	OK	 
REQUEST		Get owners Info	1645435967846	1645435967851	OK	 
USER	RecordedSimulation2	END	1645435968072
REQUEST		POST Add Pet	1645435968180	1645435968186	OK	 
REQUEST		Get Edit Pet Page	1645435968180	1645435968186	OK	 
REQUEST		Get owners Info	1645435968186	1645435968192	OK	 
REQUEST		Get Open Edit Owner Page	1645435968368	1645435968373	OK	 
REQUEST		request_122	1645435968508	1645435968515	OK	 
REQUEST		Get owners Info	1645435968515	1645435968520	OK	 
REQUEST		POST Update Owner	1645435968555	1645435968560	OK	 
REQUEST		GET Owners Info	1645435968560	1645435968563	OK	 
REQUEST		request_152	1645435968648	1645435968653	OK	 
REQUEST		Get owners Info	1645435968654	1645435968659	OK	 
REQUEST		request_137	1645435969005	1645435969011	OK	 
REQUEST		request_137	1645435969098	1645435969104	OK	 
REQUEST		Get Edit Pet Page	1645435969098	1645435969104	OK	 
REQUEST		request_152	1645435969302	1645435969307	OK	 
REQUEST		Get owners Info	1645435969307	1645435969312	OK	 
REQUEST		POST Add Owner	1645435969349	1645435969352	OK	 
REQUEST		Get Owners Info	1645435969353	1645435969357	OK	 
REQUEST		request_137	1645435969628	1645435969633	OK	 
REQUEST		POST Add Pet	1645435969753	1645435969761	OK	 
REQUEST		request_137	1645435969753	1645435969761	OK	 
REQUEST		Get owners Info	1645435969761	1645435969766	OK	 
REQUEST		Get Edit Pet Page	1645435969815	1645435969820	OK	 
REQUEST		Get Add Pet	1645435970064	1645435970071	OK	 
REQUEST		request_122	1645435970405	1645435970413	OK	 
REQUEST		Get owners Info	1645435970413	1645435970418	OK	 
REQUEST		request_152	1645435970436	1645435970440	OK	 
REQUEST		Get owners Info	1645435970440	1645435970445	OK	 
REQUEST		POST Update Owner	1645435970608	1645435970614	OK	 
REQUEST		GET Owners Info	1645435970614	1645435970619	OK	 
REQUEST		request_152	1645435970685	1645435970691	OK	 
REQUEST		request_122	1645435970685	1645435970694	OK	 
REQUEST		Get owners Info	1645435970691	1645435970698	OK	 
REQUEST		Get owners Info	1645435970695	1645435970703	OK	 
USER	RecordedSimulation2	END	1645435971200
REQUEST		GET Vets List	1645435971310	1645435971316	OK	 
USER	RecordedSimulation2	END	1645435971404
REQUEST		POST Add Pet	1645435971544	1645435971549	OK	 
REQUEST		Get owners Info	1645435971550	1645435971555	OK	 
REQUEST		Get Add Pet	1645435971748	1645435971753	OK	 
REQUEST		Get Edit Pet Page	1645435971841	1645435971848	OK	 
USER	RecordedSimulation2	END	1645435971951
REQUEST		request_152	1645435972106	1645435972111	OK	 
REQUEST		Get owners Info	1645435972111	1645435972117	OK	 
REQUEST		request_137	1645435972198	1645435972204	OK	 
REQUEST		request_152	1645435972418	1645435972423	OK	 
REQUEST		Get owners Info	1645435972423	1645435972429	OK	 
REQUEST		GET Vets List	1645435972512	1645435972516	OK	 
REQUEST		request_122	1645435972763	1645435972769	OK	 
REQUEST		Get owners Info	1645435972769	1645435972774	OK	 
USER	RecordedSimulation2	END	1645435972825
REQUEST		request_137	1645435973232	1645435973238	OK	 
USER	RecordedSimulation2	END	1645435973498
REQUEST		request_122	1645435973608	1645435973615	OK	 
REQUEST		Get owners Info	1645435973616	1645435973621	OK	 
REQUEST		Get Edit Pet Page	1645435973841	1645435973848	OK	 
REQUEST		request_137	1645435973872	1645435973878	OK	 
USER	RecordedSimulation2	END	1645435974091
REQUEST		request_152	1645435974122	1645435974127	OK	 
REQUEST		Get owners Info	1645435974127	1645435974133	OK	 
REQUEST		POST Add Pet	1645435974292	1645435974300	OK	 
REQUEST		Get owners Info	1645435974300	1645435974306	OK	 
USER	RecordedSimulation2	END	1645435974557
USER	RecordedSimulation2	END	1645435974870
REQUEST		request_152	1645435974900	1645435974905	OK	 
REQUEST		Get owners Info	1645435974905	1645435974911	OK	 
REQUEST		request_137	1645435974931	1645435974937	OK	 
USER	RecordedSimulation2	END	1645435975744
REQUEST		request_122	1645435975774	1645435975780	OK	 
REQUEST		Get owners Info	1645435975780	1645435975785	OK	 
USER	RecordedSimulation2	END	1645435976135
REQUEST		request_152	1645435976213	1645435976217	OK	 
REQUEST		Get owners Info	1645435976217	1645435976222	OK	 
REQUEST		Get Edit Pet Page	1645435977167	1645435977174	OK	 
USER	RecordedSimulation2	END	1645435977525
REQUEST		request_152	1645435977789	1645435977794	OK	 
REQUEST		Get owners Info	1645435977794	1645435977799	OK	 
REQUEST		request_137	1645435978288	1645435978297	OK	 
REQUEST		request_122	1645435979086	1645435979093	OK	 
REQUEST		Get owners Info	1645435979093	1645435979099	OK	 
USER	RecordedSimulation2	END	1645435979355
REQUEST		request_152	1645435980042	1645435980047	OK	 
REQUEST		Get owners Info	1645435980047	1645435980052	OK	 
USER	RecordedSimulation2	END	1645435981068
REQUEST		request_137	1645435981550	1645435981560	OK	 
REQUEST		request_152	1645435982845	1645435982849	OK	 
REQUEST		Get owners Info	1645435982849	1645435982854	OK	 
USER	RecordedSimulation2	END	1645435983941
