RUN	demoPetClinic.RecordedSimulationByHAR	recordedsimulationbyhar	1645555020895	 	3.7.4
USER	RecordedSimulationByHAR	START	1645555021941
REQUEST		Open Home Page	1645555021966	1645555022145	OK	 
USER	RecordedSimulationByHAR	START	1645555022934
REQUEST		Open Home Page	1645555022934	1645555022944	OK	 
USER	RecordedSimulationByHAR	START	1645555023949
REQUEST		Open Home Page	1645555023950	1645555023989	OK	 
REQUEST		GET Find Owners Page	1645555024511	1645555024519	OK	 
REQUEST		GET Find Owners Page	1645555024851	1645555024856	OK	 
USER	RecordedSimulationByHAR	START	1645555024933
REQUEST		Open Home Page	1645555024933	1645555024939	OK	 
USER	RecordedSimulationByHAR	START	1645555025943
REQUEST		Open Home Page	1645555025944	1645555025949	OK	 
REQUEST		GET Find Owners Page	1645555025972	1645555025977	OK	 
REQUEST		GET Find Owners Page	1645555026049	1645555026053	OK	 
REQUEST		GET Add Owner	1645555026065	1645555026071	OK	 
REQUEST		GET Add Owner	1645555027028	1645555027033	OK	 
REQUEST		POST Add Owner	1645555027252	1645555027257	OK	 
REQUEST		POST Add Owner Redirect 1	1645555027260	1645555027292	OK	 
REQUEST		Get Owners Info	1645555027301	1645555027327	OK	 
REQUEST		GET Add Owner	1645555027356	1645555027361	OK	 
REQUEST		GET Find Owners By LastName	1645555028104	1645555028121	OK	 
REQUEST		Get Owners Info	1645555028125	1645555028149	OK	 
REQUEST		POST Add Owner	1645555028505	1645555028508	OK	 
REQUEST		POST Add Owner Redirect 1	1645555028509	1645555028513	OK	 
REQUEST		Get Owners Info	1645555028514	1645555028538	OK	 
REQUEST		GET Find Owners Page	1645555028721	1645555028729	OK	 
REQUEST		POST Add Owner	1645555029429	1645555029433	OK	 
REQUEST		POST Add Owner Redirect 1	1645555029433	1645555029438	OK	 
REQUEST		Get Owners Info	1645555029440	1645555029465	OK	 
REQUEST		Get Add Pet	1645555029724	1645555029740	OK	 
REQUEST		Get Open Edit Owner Page	1645555029833	1645555029841	OK	 
REQUEST		POST Add Pet	1645555030851	1645555030861	OK	 
REQUEST		Get Add Pet	1645555030865	1645555030873	OK	 
REQUEST		Get owners Info	1645555030862	1645555030888	OK	 
REQUEST		POST Update Owner	1645555031160	1645555031172	OK	 
REQUEST		POST Update Owner Redirect 1	1645555031172	1645555031202	OK	 
REQUEST		GET Owners Info	1645555031204	1645555031224	OK	 
REQUEST		GET Add Owner	1645555031741	1645555031745	OK	 
REQUEST		Get Add Pet	1645555032057	1645555032064	OK	 
REQUEST		GET Vets List	1645555032559	1645555032581	OK	 
REQUEST		POST Add Pet	1645555032983	1645555032996	OK	 
REQUEST		Get owners Info	1645555032997	1645555033022	OK	 
REQUEST		POST Add Pet	1645555033152	1645555033162	OK	 
REQUEST		Get owners Info	1645555033163	1645555033186	OK	 
REQUEST		POST Add Owner	1645555033666	1645555033672	OK	 
REQUEST		POST Add Owner Redirect 1	1645555033672	1645555033677	OK	 
REQUEST		Get Owners Info	1645555033678	1645555033702	OK	 
REQUEST		Get Edit Pet Page	1645555033728	1645555033739	OK	 
REQUEST		Get Edit Pet Page	1645555034400	1645555034409	OK	 
REQUEST		Open Home Page	1645555034509	1645555034514	OK	 
REQUEST		Get Edit Pet Page	1645555034976	1645555034987	OK	 
REQUEST		Get Add Pet	1645555035164	1645555035174	OK	 
REQUEST		request_122	1645555035242	1645555035268	OK	 
REQUEST		request_122 Redirect 1	1645555035268	1645555035292	OK	 
REQUEST		Get owners Info	1645555035293	1645555035317	OK	 
REQUEST		GET Find Owners Page	1645555035946	1645555035953	OK	 
REQUEST		request_137	1645555036460	1645555036489	OK	 
REQUEST		POST Add Pet	1645555037114	1645555037123	OK	 
REQUEST		Get owners Info	1645555037124	1645555037162	OK	 
REQUEST		request_122	1645555037286	1645555037295	OK	 
REQUEST		request_122 Redirect 1	1645555037296	1645555037328	OK	 
REQUEST		Get owners Info	1645555037330	1645555037354	OK	 
REQUEST		request_122	1645555037740	1645555037750	OK	 
REQUEST		request_122 Redirect 1	1645555037751	1645555037774	OK	 
REQUEST		Get owners Info	1645555037775	1645555037798	OK	 
REQUEST		GET Add Owner	1645555038237	1645555038243	OK	 
REQUEST		request_137	1645555038690	1645555038716	OK	 
REQUEST		Get Edit Pet Page	1645555038705	1645555038716	OK	 
REQUEST		request_152	1645555038767	1645555038776	OK	 
REQUEST		request_152 Redirect 1	1645555038776	1645555038799	OK	 
REQUEST		Get owners Info	1645555038801	1645555038824	OK	 
REQUEST		request_137	1645555039078	1645555039103	OK	 
REQUEST		request_152	1645555040270	1645555040284	OK	 
REQUEST		request_152 Redirect 1	1645555040284	1645555040310	OK	 
REQUEST		Get owners Info	1645555040311	1645555040335	OK	 
REQUEST		POST Add Owner	1645555040674	1645555040678	OK	 
REQUEST		POST Add Owner Redirect 1	1645555040678	1645555040682	OK	 
REQUEST		Get Owners Info	1645555040683	1645555040706	OK	 
REQUEST		request_122	1645555040828	1645555040838	OK	 
REQUEST		request_122 Redirect 1	1645555040839	1645555040867	OK	 
REQUEST		Get owners Info	1645555040868	1645555040896	OK	 
REQUEST		request_152	1645555041419	1645555041426	OK	 
REQUEST		request_152 Redirect 1	1645555041427	1645555041480	OK	 
REQUEST		Get owners Info	1645555041482	1645555041504	OK	 
REQUEST		Open Home Page	1645555041747	1645555041753	OK	 
REQUEST		Get Add Pet	1645555041965	1645555041973	OK	 
REQUEST		Open Home Page	1645555042527	1645555042530	OK	 
REQUEST		request_137	1645555042590	1645555042617	OK	 
REQUEST		POST Add Pet	1645555043409	1645555043419	OK	 
REQUEST		Get owners Info	1645555043421	1645555043445	OK	 
REQUEST		Open Home Page	1645555043782	1645555043786	OK	 
REQUEST		GET Find Owners Page	1645555044188	1645555044194	OK	 
REQUEST		GET Find Owners Page	1645555044235	1645555044239	OK	 
REQUEST		request_152	1645555044361	1645555044371	OK	 
REQUEST		request_152 Redirect 1	1645555044372	1645555044395	OK	 
REQUEST		Get owners Info	1645555044397	1645555044422	OK	 
REQUEST		Get Edit Pet Page	1645555045185	1645555045194	OK	 
REQUEST		GET Find Owners Page	1645555045731	1645555045736	OK	 
REQUEST		Open Home Page	1645555045873	1645555045878	OK	 
REQUEST		GET Add Owner	1645555046294	1645555046302	OK	 
REQUEST		GET Add Owner	1645555046988	1645555047004	OK	 
REQUEST		POST Add Owner	1645555047662	1645555047742	OK	 
REQUEST		POST Add Owner Redirect 1	1645555047743	1645555047767	OK	 
REQUEST		Get Owners Info	1645555047769	1645555047824	OK	 
REQUEST		POST Add Owner	1645555048023	1645555048192	OK	 
REQUEST		request_122	1645555047970	1645555048265	OK	 
REQUEST		POST Add Owner Redirect 1	1645555048192	1645555048291	OK	 
REQUEST		Get Owners Info	1645555048293	1645555048430	OK	 
REQUEST		request_122 Redirect 1	1645555048266	1645555048494	OK	 
REQUEST		Get owners Info	1645555048496	1645555048592	OK	 
REQUEST		GET Add Owner	1645555048625	1645555048629	OK	 
REQUEST		GET Find Owners Page	1645555048688	1645555048703	OK	 
REQUEST		Get Add Pet	1645555048936	1645555048947	OK	 
REQUEST		POST Add Owner	1645555049671	1645555049675	OK	 
REQUEST		POST Add Owner Redirect 1	1645555049675	1645555049679	OK	 
REQUEST		Get Owners Info	1645555049680	1645555049703	OK	 
REQUEST		request_137	1645555050046	1645555050073	OK	 
REQUEST		GET Add Owner	1645555050894	1645555050904	OK	 
REQUEST		Get Add Pet	1645555050986	1645555050994	OK	 
REQUEST		POST Add Pet	1645555051502	1645555051510	OK	 
REQUEST		Get owners Info	1645555051511	1645555051535	OK	 
REQUEST		request_152	1645555051769	1645555051775	OK	 
REQUEST		Get Add Pet	1645555051769	1645555051776	OK	 
REQUEST		request_152 Redirect 1	1645555051776	1645555051817	OK	 
REQUEST		Get owners Info	1645555051818	1645555051842	OK	 
REQUEST		POST Add Pet	1645555052703	1645555052713	OK	 
REQUEST		Get owners Info	1645555052713	1645555052738	OK	 
REQUEST		Open Home Page	1645555052874	1645555052879	OK	 
REQUEST		POST Add Pet	1645555053343	1645555053354	OK	 
REQUEST		Get owners Info	1645555053355	1645555053380	OK	 
REQUEST		POST Add Owner	1645555053390	1645555053393	OK	 
REQUEST		POST Add Owner Redirect 1	1645555053394	1645555053397	OK	 
REQUEST		Get Owners Info	1645555053398	1645555053421	OK	 
REQUEST		GET Find Owners Page	1645555054014	1645555054021	OK	 
REQUEST		Get Edit Pet Page	1645555054136	1645555054145	OK	 
REQUEST		Get Edit Pet Page	1645555054712	1645555054721	OK	 
REQUEST		Get Add Pet	1645555054949	1645555054958	OK	 
REQUEST		Get Edit Pet Page	1645555055308	1645555055319	OK	 
REQUEST		request_122	1645555056354	1645555056364	OK	 
REQUEST		request_122 Redirect 1	1645555056364	1645555056389	OK	 
REQUEST		request_122	1645555056385	1645555056394	OK	 
REQUEST		Get owners Info	1645555056390	1645555056414	OK	 
REQUEST		request_122 Redirect 1	1645555056394	1645555056419	OK	 
REQUEST		Get owners Info	1645555056420	1645555056444	OK	 
REQUEST		POST Add Pet	1645555056618	1645555056627	OK	 
REQUEST		Get owners Info	1645555056627	1645555056651	OK	 
REQUEST		GET Add Owner	1645555056959	1645555056966	OK	 
REQUEST		request_122	1645555056990	1645555056998	OK	 
REQUEST		request_122 Redirect 1	1645555056999	1645555057022	OK	 
REQUEST		Get owners Info	1645555057023	1645555057047	OK	 
REQUEST		Get Edit Pet Page	1645555057815	1645555057826	OK	 
REQUEST		request_137	1645555058001	1645555058031	OK	 
REQUEST		request_137	1645555058330	1645555058356	OK	 
REQUEST		POST Add Owner	1645555058657	1645555058662	OK	 
REQUEST		POST Add Owner Redirect 1	1645555058662	1645555058666	OK	 
REQUEST		Get Owners Info	1645555058666	1645555058691	OK	 
REQUEST		request_152	1645555059140	1645555059147	OK	 
REQUEST		request_152 Redirect 1	1645555059147	1645555059172	OK	 
REQUEST		Get owners Info	1645555059173	1645555059198	OK	 
REQUEST		request_122	1645555059374	1645555059383	OK	 
REQUEST		request_122 Redirect 1	1645555059383	1645555059411	OK	 
REQUEST		Get owners Info	1645555059412	1645555059439	OK	 
REQUEST		request_137	1645555059828	1645555059855	OK	 
REQUEST		request_152	1645555060312	1645555060319	OK	 
REQUEST		request_152 Redirect 1	1645555060320	1645555060345	OK	 
REQUEST		Get owners Info	1645555060346	1645555060373	OK	 
REQUEST		Get Add Pet	1645555061216	1645555061224	OK	 
REQUEST		Open Home Page	1645555061559	1645555061564	OK	 
REQUEST		request_152	1645555061761	1645555061769	OK	 
REQUEST		request_152 Redirect 1	1645555061769	1645555061804	OK	 
REQUEST		Get owners Info	1645555061805	1645555061860	OK	 
REQUEST		Open Home Page	1645555062289	1645555062292	OK	 
REQUEST		request_137	1645555062273	1645555062305	OK	 
REQUEST		POST Add Pet	1645555062510	1645555062522	OK	 
REQUEST		Get owners Info	1645555062523	1645555062588	OK	 
REQUEST		GET Find Owners Page	1645555063523	1645555063528	OK	 
REQUEST		Open Home Page	1645555063616	1645555063620	OK	 
REQUEST		request_152	1645555063928	1645555063935	OK	 
REQUEST		request_152 Redirect 1	1645555063936	1645555064022	OK	 
REQUEST		Get owners Info	1645555064023	1645555064055	OK	 
REQUEST		Get Edit Pet Page	1645555065021	1645555065033	OK	 
REQUEST		GET Find Owners Page	1645555065084	1645555065087	OK	 
REQUEST		GET Add Owner	1645555065820	1645555065879	OK	 
REQUEST		GET Find Owners Page	1645555066335	1645555066339	OK	 
REQUEST		Open Home Page	1645555066366	1645555066372	OK	 
REQUEST		GET Add Owner	1645555067068	1645555067074	OK	 
REQUEST		POST Add Owner	1645555067580	1645555067586	OK	 
REQUEST		POST Add Owner Redirect 1	1645555067586	1645555067593	OK	 
REQUEST		GET Add Owner	1645555067641	1645555067649	OK	 
REQUEST		Get Owners Info	1645555067593	1645555067667	OK	 
REQUEST		request_122	1645555067987	1645555068003	OK	 
REQUEST		request_122 Redirect 1	1645555068003	1645555068031	OK	 
REQUEST		Get owners Info	1645555068032	1645555068062	OK	 
REQUEST		GET Find Owners Page	1645555068564	1645555068569	OK	 
REQUEST		POST Add Owner	1645555068656	1645555068661	OK	 
REQUEST		POST Add Owner Redirect 1	1645555068661	1645555068665	OK	 
REQUEST		Get Owners Info	1645555068666	1645555068692	OK	 
REQUEST		POST Add Owner	1645555068779	1645555068782	OK	 
REQUEST		POST Add Owner Redirect 1	1645555068783	1645555068787	OK	 
REQUEST		Get Owners Info	1645555068787	1645555068818	OK	 
REQUEST		GET Find Owners By LastName	1645555069792	1645555069805	OK	 
REQUEST		Get Add Pet	1645555069808	1645555069818	OK	 
REQUEST		Get Owners Info	1645555069806	1645555069839	OK	 
REQUEST		request_137	1645555070324	1645555070354	OK	 
REQUEST		Get Add Pet	1645555070387	1645555070395	OK	 
REQUEST		Get Add Pet	1645555071037	1645555071048	OK	 
REQUEST		POST Add Pet	1645555071020	1645555071059	OK	 
REQUEST		Get owners Info	1645555071060	1645555071087	OK	 
REQUEST		Get Open Edit Owner Page	1645555071585	1645555071595	OK	 
REQUEST		POST Add Pet	1645555072630	1645555072650	OK	 
REQUEST		Get owners Info	1645555072651	1645555072681	OK	 
REQUEST		POST Add Pet	1645555072771	1645555072782	OK	 
REQUEST		Get owners Info	1645555072782	1645555072808	OK	 
REQUEST		POST Update Owner	1645555073087	1645555073094	OK	 
REQUEST		POST Update Owner Redirect 1	1645555073094	1645555073120	OK	 
REQUEST		request_152	1645555073118	1645555073126	OK	 
REQUEST		GET Owners Info	1645555073123	1645555073131	OK	 
REQUEST		request_152 Redirect 1	1645555073127	1645555073154	OK	 
REQUEST		Get owners Info	1645555073155	1645555073194	OK	 
REQUEST		Get Edit Pet Page	1645555073288	1645555073297	OK	 
REQUEST		Get Edit Pet Page	1645555073865	1645555073878	OK	 
REQUEST		GET Vets List	1645555075010	1645555075015	OK	 
REQUEST		request_122	1645555075291	1645555075300	OK	 
REQUEST		request_122 Redirect 1	1645555075300	1645555075368	OK	 
REQUEST		Get owners Info	1645555075370	1645555075399	OK	 
REQUEST		request_122	1645555075430	1645555075441	OK	 
REQUEST		Get Edit Pet Page	1645555075446	1645555075455	OK	 
REQUEST		request_122 Redirect 1	1645555075441	1645555075475	OK	 
REQUEST		Get owners Info	1645555075476	1645555075512	OK	 
REQUEST		Open Home Page	1645555076102	1645555076108	OK	 
REQUEST		request_122	1645555076649	1645555076659	OK	 
REQUEST		request_122 Redirect 1	1645555076659	1645555076687	OK	 
REQUEST		Open Home Page	1645555076695	1645555076698	OK	 
REQUEST		Get owners Info	1645555076688	1645555076756	OK	 
REQUEST		request_137	1645555076757	1645555076790	OK	 
REQUEST		GET Find Owners Page	1645555077333	1645555077340	OK	 
REQUEST		GET Find Owners Page	1645555078221	1645555078224	OK	 
REQUEST		request_137	1645555078362	1645555078439	OK	 
REQUEST		GET Add Owner	1645555078876	1645555078884	OK	 
REQUEST		request_152	1645555078907	1645555078913	OK	 
REQUEST		request_152 Redirect 1	1645555078913	1645555078946	OK	 
REQUEST		Get owners Info	1645555078947	1645555078973	OK	 
REQUEST		GET Add Owner	1645555079329	1645555079334	OK	 
REQUEST		request_137	1645555079753	1645555079780	OK	 
REQUEST		request_152	1645555080347	1645555080353	OK	 
REQUEST		request_152 Redirect 1	1645555080353	1645555080387	OK	 
REQUEST		Get owners Info	1645555080388	1645555080414	OK	 
REQUEST		POST Add Owner	1645555080845	1645555080849	OK	 
REQUEST		POST Add Owner Redirect 1	1645555080850	1645555080857	OK	 
REQUEST		Get Owners Info	1645555080858	1645555080889	OK	 
REQUEST		POST Add Owner	1645555081627	1645555081630	OK	 
REQUEST		POST Add Owner Redirect 1	1645555081631	1645555081634	OK	 
REQUEST		Get Owners Info	1645555081635	1645555081704	OK	 
REQUEST		Open Home Page	1645555081959	1645555081965	OK	 
REQUEST		request_152	1645555082578	1645555082583	OK	 
REQUEST		request_152 Redirect 1	1645555082584	1645555082611	OK	 
REQUEST		Get owners Info	1645555082612	1645555082649	OK	 
USER	RecordedSimulationByHAR	END	1645555082770
REQUEST		Get Add Pet	1645555082989	1645555083003	OK	 
REQUEST		Get Add Pet	1645555083365	1645555083372	OK	 
USER	RecordedSimulationByHAR	END	1645555084321
REQUEST		POST Add Pet	1645555084684	1645555084692	OK	 
REQUEST		GET Find Owners Page	1645555084699	1645555084704	OK	 
REQUEST		Get owners Info	1645555084693	1645555084719	OK	 
REQUEST		POST Add Pet	1645555085401	1645555085408	OK	 
REQUEST		Get owners Info	1645555085409	1645555085436	OK	 
REQUEST		GET Add Owner	1645555086983	1645555086990	OK	 
REQUEST		Get Edit Pet Page	1645555086983	1645555086994	OK	 
REQUEST		Get Edit Pet Page	1645555087029	1645555087041	OK	 
REQUEST		POST Add Owner	1645555088089	1645555088093	OK	 
REQUEST		POST Add Owner Redirect 1	1645555088094	1645555088097	OK	 
REQUEST		Get Owners Info	1645555088098	1645555088126	OK	 
REQUEST		request_122	1645555089860	1645555089873	OK	 
REQUEST		request_122 Redirect 1	1645555089874	1645555089901	OK	 
REQUEST		Get owners Info	1645555089902	1645555089927	OK	 
REQUEST		Get Add Pet	1645555089952	1645555089959	OK	 
REQUEST		request_122	1645555089968	1645555089978	OK	 
REQUEST		request_122 Redirect 1	1645555089978	1645555090003	OK	 
REQUEST		Get owners Info	1645555090004	1645555090028	OK	 
REQUEST		POST Add Pet	1645555092257	1645555092267	OK	 
REQUEST		Get owners Info	1645555092268	1645555092292	OK	 
REQUEST		request_137	1645555092601	1645555092640	OK	 
REQUEST		request_137	1645555092647	1645555092673	OK	 
REQUEST		Get Edit Pet Page	1645555094121	1645555094132	OK	 
REQUEST		request_152	1645555094546	1645555094553	OK	 
REQUEST		request_152 Redirect 1	1645555094553	1645555094585	OK	 
REQUEST		Get owners Info	1645555094587	1645555094617	OK	 
REQUEST		request_152	1645555095136	1645555095143	OK	 
REQUEST		request_152 Redirect 1	1645555095144	1645555095179	OK	 
REQUEST		Get owners Info	1645555095181	1645555095220	OK	 
REQUEST		request_122	1645555096296	1645555096306	OK	 
REQUEST		request_122 Redirect 1	1645555096307	1645555096337	OK	 
REQUEST		Get owners Info	1645555096338	1645555096366	OK	 
USER	RecordedSimulationByHAR	END	1645555097019
REQUEST		request_137	1645555097517	1645555097548	OK	 
USER	RecordedSimulationByHAR	END	1645555097986
REQUEST		request_152	1645555099927	1645555099933	OK	 
REQUEST		request_152 Redirect 1	1645555099933	1645555099962	OK	 
REQUEST		Get owners Info	1645555099964	1645555099991	OK	 
USER	RecordedSimulationByHAR	END	1645555102369
