RUN	homeWorkGatling.RecordedSimulationFloodIO	recordedsimulationfloodio	1645203308810	 	3.7.4
USER	RecordedSimulationFloodIO	START	1645203309674
REQUEST		request_0	1645203309691	1645203310499	OK	 
REQUEST		css?family=Lobster|Lobster+Two	1645203310566	1645203310778	OK	 
REQUEST		request_1	1645203313807	1645203314001	OK	 
REQUEST		request_1 Redirect 1	1645203314004	1645203314204	KO	status.find.is(302), but actually found 200
REQUEST		Select age from dropdown	1645203317225	1645203317421	OK	 
REQUEST		request_2	1645203317426	1645203317618	OK	 
REQUEST		request_2 Redirect 1	1645203317618	1645203317817	OK	 
REQUEST		Please select and enter the largest order value below ...	1645203320833	1645203321035	OK	 
REQUEST		request_3	1645203321038	1645203321263	OK	 
REQUEST		request_3 Redirect 1	1645203321263	1645203321457	OK	 
REQUEST		Click next when you're ready.	1645203324460	1645203324660	OK	 
REQUEST		request_4	1645203324663	1645203324858	OK	 
REQUEST		request_4 Redirect 1	1645203324860	1645203325056	OK	 
REQUEST		request_5	1645203325058	1645203325252	OK	 
REQUEST		Please enter your one time token displayed above ...	1645203328258	1645203328485	OK	 
REQUEST		request_6	1645203328487	1645203328681	KO	status.find.in([200, 209], 304), found 422
REQUEST		Done page	1645203328683	1645203328888	OK	 
USER	RecordedSimulationFloodIO	END	1645203328890
