RUN	demoPetClinic.RecordedSimulationByHAR	recordedsimulationbyhar	1645555218877	 	3.7.4
USER	RecordedSimulationByHAR	START	1645555219870
REQUEST		Open Home Page	1645555219893	1645555220016	OK	 
USER	RecordedSimulationByHAR	START	1645555220881
REQUEST		Open Home Page	1645555220882	1645555220891	OK	 
REQUEST		GET Find Owners Page	1645555221223	1645555221229	OK	 
USER	RecordedSimulationByHAR	START	1645555221881
REQUEST		Open Home Page	1645555221882	1645555221887	OK	 
USER	RecordedSimulationByHAR	START	1645555222882
REQUEST		Open Home Page	1645555222882	1645555222890	OK	 
REQUEST		GET Find Owners Page	1645555223066	1645555223072	OK	 
REQUEST		GET Add Owner	1645555223438	1645555223445	OK	 
USER	RecordedSimulationByHAR	START	1645555223880
REQUEST		Open Home Page	1645555223881	1645555223886	OK	 
REQUEST		GET Find Owners Page	1645555224546	1645555224551	OK	 
REQUEST		GET Add Owner	1645555224779	1645555224784	OK	 
REQUEST		GET Find Owners Page	1645555225060	1645555225065	OK	 
REQUEST		GET Find Owners Page	1645555225634	1645555225639	OK	 
REQUEST		POST Add Owner	1645555226151	1645555226156	KO	status.find.in([200, 209], 304), found 302
REQUEST		GET Add Owner	1645555227242	1645555227249	OK	 
REQUEST		GET Add Owner	1645555227473	1645555227480	OK	 
REQUEST		POST Add Owner	1645555227629	1645555227634	KO	status.find.in([200, 209], 304), found 302
REQUEST		GET Add Owner	1645555227644	1645555227648	OK	 
REQUEST		Get Add Pet	1645555227768	1645555227778	OK	 
REQUEST		POST Add Owner	1645555228545	1645555228552	KO	status.find.in([200, 209], 304), found 302
REQUEST		POST Add Owner	1645555229015	1645555229021	KO	status.find.in([200, 209], 304), found 302
REQUEST		POST Add Pet	1645555229141	1645555229150	OK	 
REQUEST		Get owners Info	1645555229159	1645555229190	OK	 
REQUEST		POST Add Owner	1645555229314	1645555229318	KO	status.find.in([200, 209], 304), found 302
REQUEST		Get Add Pet	1645555229643	1645555229653	OK	 
REQUEST		Get Add Pet	1645555230406	1645555230416	OK	 
REQUEST		Get Edit Pet Page	1645555230577	1645555230587	OK	 
REQUEST		Get Add Pet	1645555230874	1645555230883	OK	 
REQUEST		Get Add Pet	1645555231244	1645555231251	OK	 
REQUEST		POST Add Pet	1645555231401	1645555231419	OK	 
REQUEST		Get owners Info	1645555231421	1645555231448	OK	 
REQUEST		Get Edit Pet Page	1645555232714	1645555232728	OK	 
REQUEST		POST Add Pet	1645555232777	1645555232786	OK	 
REQUEST		request_122	1645555232777	1645555232788	KO	status.find.in([200, 209], 304), found 302
REQUEST		Get owners Info	1645555232788	1645555232818	OK	 
REQUEST		POST Add Pet	1645555233073	1645555233083	OK	 
REQUEST		Get owners Info	1645555233084	1645555233111	OK	 
REQUEST		POST Add Pet	1645555233495	1645555233506	OK	 
REQUEST		Get owners Info	1645555233507	1645555233535	OK	 
REQUEST		request_122	1645555234542	1645555234553	KO	status.find.in([200, 209], 304), found 302
REQUEST		Get Edit Pet Page	1645555235287	1645555235296	OK	 
REQUEST		request_137	1645555235644	1645555235676	OK	 
REQUEST		Get Edit Pet Page	1645555235675	1645555235684	OK	 
REQUEST		Get Edit Pet Page	1645555235738	1645555235750	OK	 
REQUEST		request_137	1645555235784	1645555235811	OK	 
REQUEST		request_122	1645555237374	1645555237383	KO	status.find.in([200, 209], 304), found 302
REQUEST		request_152	1645555238143	1645555238150	KO	status.find.in([200, 209], 304), found 302
REQUEST		request_122	1645555238158	1645555238167	KO	status.find.in([200, 209], 304), found 302
REQUEST		request_122	1645555238284	1645555238293	KO	status.find.in([200, 209], 304), found 302
REQUEST		request_152	1645555238393	1645555238400	KO	status.find.in([200, 209], 304), found 302
REQUEST		request_137	1645555238455	1645555238483	OK	 
REQUEST		request_137	1645555239437	1645555239467	OK	 
REQUEST		Open Home Page	1645555240032	1645555240037	OK	 
REQUEST		request_152	1645555240200	1645555240206	KO	status.find.in([200, 209], 304), found 302
REQUEST		request_137	1645555240279	1645555240310	OK	 
REQUEST		Open Home Page	1645555240389	1645555240392	OK	 
REQUEST		request_152	1645555241649	1645555241656	KO	status.find.in([200, 209], 304), found 302
REQUEST		Open Home Page	1645555241883	1645555241886	OK	 
REQUEST		GET Find Owners Page	1645555242289	1645555242294	OK	 
REQUEST		Open Home Page	1645555242724	1645555242728	OK	 
REQUEST		GET Find Owners Page	1645555243052	1645555243057	OK	 
REQUEST		request_152	1645555243191	1645555243197	KO	status.find.in([200, 209], 304), found 302
REQUEST		GET Add Owner	1645555243813	1645555243819	OK	 
REQUEST		GET Find Owners Page	1645555244126	1645555244130	OK	 
REQUEST		GET Find Owners Page	1645555245004	1645555245008	OK	 
REQUEST		GET Add Owner	1645555245192	1645555245196	OK	 
REQUEST		GET Add Owner	1645555245860	1645555245865	OK	 
REQUEST		Open Home Page	1645555246047	1645555246052	OK	 
REQUEST		POST Add Owner	1645555246063	1645555246066	KO	status.find.in([200, 209], 304), found 302
REQUEST		GET Add Owner	1645555246296	1645555246300	OK	 
REQUEST		POST Add Owner	1645555246842	1645555246847	KO	status.find.in([200, 209], 304), found 302
REQUEST		POST Add Owner	1645555247061	1645555247065	KO	status.find.in([200, 209], 304), found 302
REQUEST		GET Find Owners Page	1645555247435	1645555247441	OK	 
REQUEST		Get Add Pet	1645555247591	1645555247604	OK	 
REQUEST		Get Add Pet	1645555248511	1645555248518	OK	 
REQUEST		Get Add Pet	1645555248903	1645555248911	OK	 
REQUEST		GET Add Owner	1645555248967	1645555248983	OK	 
REQUEST		POST Add Owner	1645555249249	1645555249254	KO	status.find.in([200, 209], 304), found 302
REQUEST		POST Add Pet	1645555250268	1645555250277	OK	 
REQUEST		Get owners Info	1645555250278	1645555250309	OK	 
REQUEST		POST Add Owner	1645555250829	1645555250833	KO	status.find.in([200, 209], 304), found 302
REQUEST		POST Add Pet	1645555251434	1645555251442	OK	 
REQUEST		Get owners Info	1645555251443	1645555251475	OK	 
REQUEST		POST Add Pet	1645555251653	1645555251662	OK	 
REQUEST		Get owners Info	1645555251663	1645555251692	OK	 
REQUEST		Get Add Pet	1645555251825	1645555251835	OK	 
REQUEST		Get Add Pet	1645555252059	1645555252067	OK	 
REQUEST		Get Edit Pet Page	1645555253201	1645555253211	OK	 
REQUEST		Get Edit Pet Page	1645555253247	1645555253261	OK	 
REQUEST		Get Edit Pet Page	1645555253262	1645555253272	OK	 
REQUEST		POST Add Pet	1645555254439	1645555254449	OK	 
REQUEST		Get owners Info	1645555254449	1645555254479	OK	 
REQUEST		POST Add Pet	1645555254577	1645555254585	OK	 
REQUEST		request_122	1645555254577	1645555254587	KO	status.find.in([200, 209], 304), found 302
REQUEST		Get owners Info	1645555254587	1645555254614	OK	 
REQUEST		request_122	1645555254954	1645555254965	KO	status.find.in([200, 209], 304), found 302
REQUEST		request_122	1645555256109	1645555256119	KO	status.find.in([200, 209], 304), found 302
REQUEST		Get Edit Pet Page	1645555256156	1645555256167	OK	 
REQUEST		Get Edit Pet Page	1645555256202	1645555256211	OK	 
REQUEST		request_137	1645555256929	1645555256961	OK	 
REQUEST		request_137	1645555257617	1645555257647	OK	 
REQUEST		request_152	1645555258144	1645555258152	KO	status.find.in([200, 209], 304), found 302
REQUEST		request_122	1645555258580	1645555258592	KO	status.find.in([200, 209], 304), found 302
REQUEST		request_137	1645555258798	1645555258831	OK	 
REQUEST		request_122	1645555259017	1645555259029	KO	status.find.in([200, 209], 304), found 302
REQUEST		request_152	1645555260048	1645555260054	KO	status.find.in([200, 209], 304), found 302
REQUEST		request_137	1645555260173	1645555260203	OK	 
REQUEST		Open Home Page	1645555260593	1645555260598	OK	 
REQUEST		request_137	1645555261090	1645555261120	OK	 
REQUEST		request_152	1645555261292	1645555261301	KO	status.find.in([200, 209], 304), found 302
REQUEST		Open Home Page	1645555261617	1645555261621	OK	 
REQUEST		request_152	1645555261899	1645555261905	KO	status.find.in([200, 209], 304), found 302
REQUEST		Open Home Page	1645555262542	1645555262545	OK	 
REQUEST		GET Find Owners Page	1645555262574	1645555262581	OK	 
REQUEST		request_152	1645555262682	1645555262689	KO	status.find.in([200, 209], 304), found 302
REQUEST		Open Home Page	1645555262992	1645555262996	OK	 
REQUEST		GET Find Owners Page	1645555263322	1645555263326	OK	 
REQUEST		Open Home Page	1645555263793	1645555263796	OK	 
REQUEST		GET Add Owner	1645555263919	1645555263925	OK	 
REQUEST		GET Find Owners Page	1645555264729	1645555264733	OK	 
REQUEST		GET Find Owners Page	1645555265506	1645555265509	OK	 
REQUEST		GET Find Owners Page	1645555265907	1645555265911	OK	 
REQUEST		POST Add Owner	1645555265907	1645555265911	KO	status.find.in([200, 209], 304), found 302
REQUEST		GET Add Owner	1645555265923	1645555265926	OK	 
REQUEST		GET Add Owner	1645555266077	1645555266084	OK	 
REQUEST		GET Find Owners By LastName	1645555266643	1645555266655	OK	 
REQUEST		Get Owners Info	1645555266660	1645555266690	OK	 
REQUEST		GET Find Owners By LastName	1645555267754	1645555267764	OK	 
REQUEST		Get Open Edit Owner Page	1645555267769	1645555267775	OK	 
REQUEST		Get Owners Info	1645555267767	1645555267800	OK	 
REQUEST		Get Add Pet	1645555268141	1645555268151	OK	 
REQUEST		POST Add Owner	1645555268407	1645555268413	KO	status.find.in([200, 209], 304), found 302
REQUEST		POST Add Owner	1645555268969	1645555268973	KO	status.find.in([200, 209], 304), found 302
REQUEST		POST Update Owner	1645555269622	1645555269632	KO	status.find.in([200, 209], 304), found 302
REQUEST		Get Open Edit Owner Page	1645555269699	1645555269708	OK	 
REQUEST		Get Add Pet	1645555270374	1645555270381	OK	 
REQUEST		Get Add Pet	1645555270779	1645555270786	OK	 
REQUEST		POST Add Pet	1645555270825	1645555270834	OK	 
REQUEST		Get owners Info	1645555270835	1645555270866	OK	 
REQUEST		GET Vets List	1645555271745	1645555271752	OK	 
REQUEST		POST Update Owner	1645555271807	1645555271817	KO	status.find.in([200, 209], 304), found 302
REQUEST		POST Add Pet	1645555272087	1645555272095	OK	 
REQUEST		Get owners Info	1645555272096	1645555272125	OK	 
REQUEST		Get Edit Pet Page	1645555272461	1645555272473	OK	 
REQUEST		POST Add Pet	1645555272929	1645555272938	OK	 
REQUEST		Open Home Page	1645555272959	1645555272965	OK	 
REQUEST		Get owners Info	1645555272938	1645555272967	OK	 
REQUEST		GET Vets List	1645555273631	1645555273635	OK	 
REQUEST		GET Find Owners Page	1645555274100	1645555274108	OK	 
REQUEST		request_122	1645555274271	1645555274280	KO	status.find.in([200, 209], 304), found 302
REQUEST		Get Edit Pet Page	1645555274552	1645555274560	OK	 
REQUEST		Open Home Page	1645555274879	1645555274882	OK	 
REQUEST		Get Edit Pet Page	1645555275049	1645555275058	OK	 
REQUEST		GET Find Owners By LastName	1645555275393	1645555275406	OK	 
REQUEST		Get Owners Info	1645555275407	1645555275437	OK	 
REQUEST		request_137	1645555275971	1645555276005	OK	 
REQUEST		request_122	1645555276437	1645555276451	KO	status.find.in([200, 209], 304), found 302
REQUEST		Get Open Edit Owner Page	1645555276812	1645555276821	OK	 
REQUEST		request_152	1645555277201	1645555277208	KO	status.find.in([200, 209], 304), found 302
REQUEST		request_122	1645555277388	1645555277398	KO	status.find.in([200, 209], 304), found 302
REQUEST		GET Find Owners Page	1645555277762	1645555277765	OK	 
REQUEST		Open Home Page	1645555278405	1645555278414	OK	 
REQUEST		GET Find Owners By LastName	1645555278797	1645555278808	OK	 
REQUEST		Get Owners Info	1645555278809	1645555278837	OK	 
REQUEST		request_137	1645555278828	1645555278857	OK	 
REQUEST		request_137	1645555279401	1645555279430	OK	 
REQUEST		POST Update Owner	1645555279525	1645555279532	KO	status.find.in([200, 209], 304), found 302
REQUEST		GET Find Owners Page	1645555280511	1645555280517	OK	 
REQUEST		Get Open Edit Owner Page	1645555280807	1645555280813	OK	 
REQUEST		request_152	1645555281620	1645555281630	KO	status.find.in([200, 209], 304), found 302
REQUEST		GET Vets List	1645555281745	1645555281751	OK	 
REQUEST		request_152	1645555281929	1645555281936	KO	status.find.in([200, 209], 304), found 302
REQUEST		GET Add Owner	1645555283347	1645555283355	OK	 
USER	RecordedSimulationByHAR	END	1645555283505
USER	RecordedSimulationByHAR	END	1645555283611
REQUEST		POST Update Owner	1645555283690	1645555283696	KO	status.find.in([200, 209], 304), found 302
USER	RecordedSimulationByHAR	END	1645555284642
REQUEST		POST Add Owner	1645555285565	1645555285569	KO	status.find.in([200, 209], 304), found 302
REQUEST		GET Vets List	1645555285894	1645555285900	OK	 
REQUEST		Get Add Pet	1645555286786	1645555286796	OK	 
USER	RecordedSimulationByHAR	END	1645555287364
REQUEST		POST Add Pet	1645555289501	1645555289515	OK	 
REQUEST		Get owners Info	1645555289516	1645555289548	OK	 
REQUEST		Get Edit Pet Page	1645555291747	1645555291758	OK	 
REQUEST		request_122	1645555293846	1645555293859	KO	status.find.in([200, 209], 304), found 302
REQUEST		request_137	1645555295825	1645555295855	OK	 
REQUEST		request_152	1645555297698	1645555297707	KO	status.find.in([200, 209], 304), found 302
USER	RecordedSimulationByHAR	END	1645555300399
