RUN	com.gatling.tests.ComputerDB	computerdb	1646849673174	 	3.7.4
USER	ComputerDB	START	1646849679945
USER	ComputerDB	START	1646849679945
REQUEST		Opening computers page	1646849679969	1646849680572	OK	 
REQUEST		Opening computers page	1646849679969	1646849680572	OK	 
USER	ComputerDB	START	1646849681939
REQUEST		Opening new computers page	1646849681877	1646849682020	OK	 
USER	ComputerDB	END	1646849682028
REQUEST		Opening new computers page	1646849681923	1646849682061	OK	 
USER	ComputerDB	END	1646849682064
REQUEST		Opening computers page	1646849681940	1646849682493	OK	 
USER	ComputerDB	START	1646849683941
REQUEST		Opening new computers page	1646849683925	1646849684058	OK	 
USER	ComputerDB	END	1646849684060
REQUEST		Opening computers page	1646849683942	1646849684458	OK	 
USER	ComputerDB	START	1646849685937
REQUEST		Opening new computers page	1646849686285	1646849686418	OK	 
USER	ComputerDB	END	1646849686420
REQUEST		Opening computers page	1646849685938	1646849686466	OK	 
USER	ComputerDB	START	1646849687931
REQUEST		Opening new computers page	1646849687806	1646849687947	OK	 
USER	ComputerDB	END	1646849687949
REQUEST		Opening computers page	1646849687932	1646849688483	OK	 
USER	ComputerDB	START	1646849689933
REQUEST		Opening computers page	1646849689934	1646849690471	OK	 
REQUEST		Opening new computers page	1646849690361	1646849690493	OK	 
USER	ComputerDB	END	1646849690494
USER	ComputerDB	START	1646849690942
REQUEST		Opening computers page	1646849690943	1646849691885	OK	 
USER	ComputerDB	START	1646849691944
REQUEST		Opening computers page	1646849691944	1646849692487	OK	 
REQUEST		Opening new computers page	1646849692584	1646849692714	OK	 
USER	ComputerDB	END	1646849692715
USER	ComputerDB	START	1646849692944
USER	ComputerDB	START	1646849693930
REQUEST		Opening computers page	1646849692945	1646849694077	OK	 
REQUEST		Opening new computers page	1646849694009	1646849694138	OK	 
USER	ComputerDB	END	1646849694139
REQUEST		Opening computers page	1646849693930	1646849694445	OK	 
REQUEST		Opening new computers page	1646849694488	1646849694620	OK	 
USER	ComputerDB	END	1646849694621
USER	ComputerDB	START	1646849694932
REQUEST		Opening new computers page	1646849695100	1646849695229	OK	 
USER	ComputerDB	END	1646849695231
REQUEST		Opening computers page	1646849694932	1646849695814	OK	 
USER	ComputerDB	START	1646849695930
REQUEST		Opening new computers page	1646849696025	1646849696155	OK	 
USER	ComputerDB	END	1646849696156
REQUEST		Opening computers page	1646849695931	1646849696465	OK	 
USER	ComputerDB	START	1646849696941
REQUEST		Opening computers page	1646849696941	1646849697456	OK	 
REQUEST		Opening new computers page	1646849697485	1646849697620	OK	 
USER	ComputerDB	END	1646849697621
REQUEST		Opening new computers page	1646849697501	1646849697630	OK	 
USER	ComputerDB	END	1646849697631
USER	ComputerDB	START	1646849697939
REQUEST		Opening computers page	1646849697939	1646849698449	OK	 
USER	ComputerDB	START	1646849698945
REQUEST		Opening computers page	1646849698945	1646849699483	OK	 
REQUEST		Opening new computers page	1646849699483	1646849699617	OK	 
USER	ComputerDB	END	1646849699621
REQUEST		Opening new computers page	1646849700275	1646849700410	OK	 
USER	ComputerDB	END	1646849700411
REQUEST		Opening new computers page	1646849701805	1646849701937	OK	 
USER	ComputerDB	END	1646849701938
