RUN	com.gatling.tests.ComputerDB	computerdb	1646907932356	 	3.7.4
USER	ComputerDB	START	1646907939113
USER	ComputerDB	START	1646907939113
REQUEST		Opening computers page	1646907939142	1646907939642	OK	 
REQUEST		Opening computers page	1646907939142	1646907939642	OK	 
REQUEST		Opening new computers page	1646907940935	1646907941057	OK	 
USER	ComputerDB	START	1646907941123
REQUEST		Opening new computers page	1646907941469	1646907941590	OK	 
REQUEST		Opening computers page	1646907941124	1646907941603	OK	 
REQUEST		Sending new computer info	1646907942295	1646907942420	OK	 
REQUEST		Sending new computer info Redirect 1	1646907942430	1646907942552	OK	 
REQUEST		Sending new computer info	1646907942711	1646907942833	OK	 
REQUEST		Opening new computers page	1646907942773	1646907942893	OK	 
REQUEST		Sending new computer info Redirect 1	1646907942833	1646907942954	OK	 
USER	ComputerDB	START	1646907943116
REQUEST		Opening computers page	1646907943117	1646907943594	OK	 
REQUEST		Searching for new record	1646907944427	1646907944548	OK	 
REQUEST		Opening new computers page	1646907944631	1646907944751	OK	 
REQUEST		Searching for new record	1646907944709	1646907944833	OK	 
USER	ComputerDB	START	1646907945105
REQUEST		Opening computers page	1646907945105	1646907945587	OK	 
REQUEST		Sending new computer info	1646907945590	1646907945713	OK	 
REQUEST		Sending new computer info Redirect 1	1646907945714	1646907945834	OK	 
REQUEST		Sending new computer info	1646907946033	1646907946153	OK	 
REQUEST		Sending new computer info Redirect 1	1646907946154	1646907946274	OK	 
USER	ComputerDB	START	1646907947116
REQUEST		Get single record	1646907947147	1646907947269	OK	 
REQUEST		Get single record	1646907947211	1646907947333	OK	 
REQUEST		Opening computers page	1646907947117	1646907947604	OK	 
REQUEST		Searching for new record	1646907948118	1646907948238	OK	 
REQUEST		Opening new computers page	1646907948118	1646907948239	OK	 
REQUEST		Edit record	1646907948672	1646907948793	OK	 
USER	ComputerDB	END	1646907948796
REQUEST		Searching for new record	1646907948704	1646907948824	OK	 
USER	ComputerDB	START	1646907949114
REQUEST		Edit record	1646907949442	1646907949568	OK	 
REQUEST		Opening new computers page	1646907949442	1646907949568	OK	 
USER	ComputerDB	END	1646907949570
REQUEST		Sending new computer info	1646907949474	1646907949593	OK	 
REQUEST		Opening computers page	1646907949114	1646907949597	OK	 
REQUEST		Sending new computer info Redirect 1	1646907949594	1646907949713	OK	 
USER	ComputerDB	START	1646907950106
REQUEST		Get single record	1646907950233	1646907950353	OK	 
REQUEST		Opening computers page	1646907950106	1646907950584	OK	 
USER	ComputerDB	START	1646907951112
REQUEST		Get single record	1646907951049	1646907951169	OK	 
REQUEST		Opening computers page	1646907951112	1646907951605	OK	 
REQUEST		Sending new computer info	1646907951506	1646907951628	OK	 
REQUEST		Sending new computer info Redirect 1	1646907951628	1646907951752	OK	 
REQUEST		Opening new computers page	1646907951881	1646907952003	OK	 
USER	ComputerDB	START	1646907952115
REQUEST		Searching for new record	1646907952459	1646907952579	OK	 
REQUEST		Opening computers page	1646907952115	1646907952593	OK	 
REQUEST		Edit record	1646907952834	1646907952954	OK	 
USER	ComputerDB	END	1646907952956
USER	ComputerDB	START	1646907953120
REQUEST		Edit record	1646907953261	1646907953380	OK	 
USER	ComputerDB	END	1646907953382
REQUEST		Sending new computer info	1646907953385	1646907953507	OK	 
REQUEST		Opening computers page	1646907953120	1646907953595	OK	 
REQUEST		Sending new computer info Redirect 1	1646907953508	1646907953633	OK	 
REQUEST		Opening new computers page	1646907953560	1646907953679	OK	 
REQUEST		Opening new computers page	1646907953621	1646907953746	OK	 
REQUEST		Get single record	1646907953749	1646907953868	OK	 
USER	ComputerDB	START	1646907954110
REQUEST		Opening computers page	1646907954110	1646907954596	OK	 
REQUEST		Opening new computers page	1646907954553	1646907954673	OK	 
REQUEST		Searching for new record	1646907954744	1646907954866	OK	 
REQUEST		Sending new computer info	1646907954887	1646907955007	OK	 
USER	ComputerDB	START	1646907955105
REQUEST		Sending new computer info Redirect 1	1646907955007	1646907955155	OK	 
REQUEST		Edit record	1646907955121	1646907955248	OK	 
USER	ComputerDB	END	1646907955249
REQUEST		Sending new computer info	1646907955340	1646907955459	OK	 
REQUEST		Searching for new record	1646907955451	1646907955573	OK	 
REQUEST		Sending new computer info Redirect 1	1646907955459	1646907955580	OK	 
REQUEST		Opening computers page	1646907955106	1646907955606	OK	 
REQUEST		Opening new computers page	1646907955988	1646907956109	OK	 
USER	ComputerDB	START	1646907956113
REQUEST		Opening new computers page	1646907956113	1646907956233	OK	 
REQUEST		Opening computers page	1646907956114	1646907956598	OK	 
REQUEST		Get single record	1646907956694	1646907956816	OK	 
REQUEST		Searching for new record	1646907956821	1646907956941	OK	 
USER	ComputerDB	START	1646907957121
REQUEST		Sending new computer info	1646907957199	1646907957322	OK	 
REQUEST		Sending new computer info Redirect 1	1646907957322	1646907957457	OK	 
REQUEST		Searching for new record	1646907957373	1646907957494	OK	 
REQUEST		Opening computers page	1646907957121	1646907957601	OK	 
REQUEST		Opening new computers page	1646907957687	1646907957807	OK	 
REQUEST		Get single record	1646907957813	1646907957934	OK	 
USER	ComputerDB	START	1646907958112
REQUEST		Opening new computers page	1646907958302	1646907958424	OK	 
REQUEST		Edit record	1646907958444	1646907958566	OK	 
USER	ComputerDB	END	1646907958567
REQUEST		Opening computers page	1646907958112	1646907958595	OK	 
REQUEST		Get single record	1646907958491	1646907958611	OK	 
REQUEST		Sending new computer info	1646907958553	1646907958673	OK	 
REQUEST		Sending new computer info Redirect 1	1646907958673	1646907958794	OK	 
REQUEST		Edit record	1646907958991	1646907959112	OK	 
USER	ComputerDB	END	1646907959113
REQUEST		Get single record	1646907959039	1646907959163	OK	 
REQUEST		Opening new computers page	1646907959054	1646907959174	OK	 
REQUEST		Sending new computer info	1646907959054	1646907959174	OK	 
REQUEST		Sending new computer info Redirect 1	1646907959175	1646907959314	OK	 
REQUEST		Searching for new record	1646907959367	1646907959488	OK	 
REQUEST		Sending new computer info	1646907959539	1646907959659	OK	 
REQUEST		Sending new computer info Redirect 1	1646907959660	1646907959782	OK	 
REQUEST		Searching for new record	1646907960041	1646907960160	OK	 
REQUEST		Sending new computer info	1646907960353	1646907960473	OK	 
REQUEST		Sending new computer info Redirect 1	1646907960473	1646907960596	OK	 
REQUEST		Sending new computer info	1646907960510	1646907960631	OK	 
REQUEST		Edit record	1646907960541	1646907960662	OK	 
USER	ComputerDB	END	1646907960664
REQUEST		Sending new computer info Redirect 1	1646907960631	1646907960753	OK	 
REQUEST		Get single record	1646907960678	1646907960798	OK	 
REQUEST		Opening new computers page	1646907960725	1646907960847	OK	 
REQUEST		Edit record	1646907960899	1646907961019	OK	 
USER	ComputerDB	END	1646907961020
REQUEST		Searching for new record	1646907961055	1646907961176	OK	 
REQUEST		Searching for new record	1646907961977	1646907962098	OK	 
REQUEST		Get single record	1646907962336	1646907962455	OK	 
REQUEST		Searching for new record	1646907962559	1646907962679	OK	 
REQUEST		Searching for new record	1646907963077	1646907963198	OK	 
REQUEST		Get single record	1646907963077	1646907963199	OK	 
REQUEST		Edit record	1646907963502	1646907963621	OK	 
USER	ComputerDB	END	1646907963622
REQUEST		Sending new computer info	1646907963643	1646907963763	OK	 
REQUEST		Edit record	1646907963720	1646907963839	OK	 
USER	ComputerDB	END	1646907963841
REQUEST		Sending new computer info Redirect 1	1646907963763	1646907963885	OK	 
REQUEST		Get single record	1646907964232	1646907964352	OK	 
REQUEST		Get single record	1646907964669	1646907964789	OK	 
REQUEST		Get single record	1646907964684	1646907964807	OK	 
REQUEST		Edit record	1646907965771	1646907965895	OK	 
USER	ComputerDB	END	1646907965896
REQUEST		Edit record	1646907965850	1646907965971	OK	 
USER	ComputerDB	END	1646907965973
REQUEST		Searching for new record	1646907966289	1646907966409	OK	 
REQUEST		Edit record	1646907966603	1646907966723	OK	 
USER	ComputerDB	END	1646907966724
REQUEST		Edit record	1646907967279	1646907967400	OK	 
USER	ComputerDB	END	1646907967401
REQUEST		Get single record	1646907967611	1646907967733	OK	 
REQUEST		Edit record	1646907970247	1646907970370	OK	 
USER	ComputerDB	END	1646907970371
