RUN	demoPetClinic.RecordedSimulation2	recordedsimulation2	1645013861971	 	3.7.4
USER	RecordedSimulation2	START	1645013862790
REQUEST		Open Home Page	1645013862806	1645013862838	OK	 
USER	RecordedSimulation2	START	1645013862892
REQUEST		Open Home Page	1645013862892	1645013862901	OK	 
REQUEST		jquery-ui.min.css	1645013862893	1645013862900	OK	 
REQUEST		jquery-ui.theme.min.css	1645013862907	1645013862914	OK	 
REQUEST		jquery-ui.min.css	1645013862907	1645013862925	OK	 
REQUEST		favicon.png	1645013862892	1645013862925	OK	 
REQUEST		jquery.min.js	1645013862924	1645013862928	OK	 
REQUEST		petclinic.css	1645013862892	1645013862928	OK	 
REQUEST		pets.png	1645013862908	1645013862933	OK	 
REQUEST		spring-pivotal-logo.png	1645013862908	1645013862934	OK	 
REQUEST		jquery-ui.min.js	1645013862926	1645013862935	OK	 
REQUEST		bootstrap.min.js	1645013862929	1645013862936	OK	 
REQUEST		jquery-ui.theme.min.css	1645013862893	1645013862937	OK	 
REQUEST		petclinic.css	1645013862906	1645013862938	OK	 
REQUEST		pets.png	1645013862894	1645013862939	OK	 
REQUEST		spring-pivotal-logo.png	1645013862894	1645013862940	OK	 
REQUEST		favicon.png	1645013862906	1645013862941	OK	 
REQUEST		jquery-ui.min.js	1645013862927	1645013862941	OK	 
REQUEST		bootstrap.min.js	1645013862936	1645013862942	OK	 
REQUEST		jquery.min.js	1645013862924	1645013862943	OK	 
USER	RecordedSimulation2	START	1645013862985
REQUEST		Open Home Page	1645013862985	1645013862992	OK	 
REQUEST		jquery-ui.min.css	1645013862996	1645013863001	OK	 
REQUEST		jquery-ui.theme.min.css	1645013862996	1645013863003	OK	 
REQUEST		jquery.min.js	1645013863002	1645013863004	OK	 
REQUEST		jquery-ui.min.js	1645013863003	1645013863007	OK	 
REQUEST		bootstrap.min.js	1645013863005	1645013863008	OK	 
REQUEST		favicon.png	1645013862995	1645013863008	OK	 
REQUEST		petclinic.css	1645013862995	1645013863011	OK	 
REQUEST		pets.png	1645013862996	1645013863012	OK	 
REQUEST		spring-pivotal-logo.png	1645013862996	1645013863013	OK	 
USER	RecordedSimulation2	START	1645013863077
REQUEST		Open Home Page	1645013863077	1645013863085	OK	 
REQUEST		jquery-ui.theme.min.css	1645013863090	1645013863095	OK	 
REQUEST		jquery-ui.min.css	1645013863090	1645013863097	OK	 
REQUEST		jquery.min.js	1645013863096	1645013863102	OK	 
REQUEST		jquery-ui.min.js	1645013863098	1645013863104	OK	 
REQUEST		bootstrap.min.js	1645013863103	1645013863105	OK	 
REQUEST		pets.png	1645013863090	1645013863108	OK	 
REQUEST		favicon.png	1645013863089	1645013863109	OK	 
REQUEST		spring-pivotal-logo.png	1645013863091	1645013863109	OK	 
REQUEST		petclinic.css	1645013863089	1645013863112	OK	 
USER	RecordedSimulation2	START	1645013863155
REQUEST		Open Home Page	1645013863155	1645013863162	OK	 
USER	RecordedSimulation2	START	1645013863247
REQUEST		jquery-ui.theme.min.css	1645013863167	1645013863279	OK	 
REQUEST		jquery-ui.min.css	1645013863167	1645013863281	OK	 
REQUEST		Open Home Page	1645013863248	1645013863283	OK	 
REQUEST		jquery.min.js	1645013863281	1645013863285	OK	 
REQUEST		jquery-ui.min.js	1645013863282	1645013863286	OK	 
REQUEST		bootstrap.min.js	1645013863285	1645013863288	OK	 
REQUEST		jquery-ui.min.css	1645013863287	1645013863292	OK	 
REQUEST		jquery-ui.theme.min.css	1645013863287	1645013863294	OK	 
REQUEST		jquery.min.js	1645013863293	1645013863296	OK	 
REQUEST		jquery-ui.min.js	1645013863294	1645013863298	OK	 
REQUEST		bootstrap.min.js	1645013863296	1645013863298	OK	 
REQUEST		petclinic.css	1645013863166	1645013863299	OK	 
REQUEST		pets.png	1645013863167	1645013863301	OK	 
REQUEST		favicon.png	1645013863166	1645013863306	OK	 
REQUEST		petclinic.css	1645013863286	1645013863306	OK	 
REQUEST		spring-pivotal-logo.png	1645013863288	1645013863308	OK	 
REQUEST		favicon.png	1645013863286	1645013863310	OK	 
REQUEST		pets.png	1645013863288	1645013863312	OK	 
REQUEST		spring-pivotal-logo.png	1645013863168	1645013863312	OK	 
USER	RecordedSimulation2	START	1645013863338
REQUEST		Open Home Page	1645013863339	1645013863345	OK	 
REQUEST		jquery-ui.theme.min.css	1645013863348	1645013863351	OK	 
REQUEST		jquery-ui.min.css	1645013863347	1645013863353	OK	 
REQUEST		jquery.min.js	1645013863352	1645013863355	OK	 
REQUEST		bootstrap.min.js	1645013863355	1645013863357	OK	 
REQUEST		jquery-ui.min.js	1645013863354	1645013863358	OK	 
REQUEST		favicon.png	1645013863347	1645013863359	OK	 
REQUEST		pets.png	1645013863348	1645013863364	OK	 
REQUEST		petclinic.css	1645013863347	1645013863364	OK	 
REQUEST		spring-pivotal-logo.png	1645013863348	1645013863368	OK	 
USER	RecordedSimulation2	START	1645013863431
REQUEST		Open Home Page	1645013863432	1645013863443	OK	 
REQUEST		jquery-ui.theme.min.css	1645013863447	1645013863452	OK	 
REQUEST		jquery-ui.min.css	1645013863447	1645013863453	OK	 
REQUEST		jquery.min.js	1645013863452	1645013863455	OK	 
REQUEST		jquery-ui.min.js	1645013863454	1645013863457	OK	 
REQUEST		bootstrap.min.js	1645013863455	1645013863458	OK	 
REQUEST		favicon.png	1645013863446	1645013863460	OK	 
REQUEST		petclinic.css	1645013863446	1645013863462	OK	 
REQUEST		pets.png	1645013863447	1645013863463	OK	 
REQUEST		spring-pivotal-logo.png	1645013863448	1645013863464	OK	 
USER	RecordedSimulation2	START	1645013863524
REQUEST		Open Home Page	1645013863525	1645013863528	OK	 
REQUEST		jquery-ui.theme.min.css	1645013863531	1645013863534	OK	 
REQUEST		jquery-ui.min.css	1645013863531	1645013863536	OK	 
REQUEST		jquery.min.js	1645013863535	1645013863538	OK	 
REQUEST		jquery-ui.min.js	1645013863536	1645013863539	OK	 
REQUEST		bootstrap.min.js	1645013863538	1645013863540	OK	 
REQUEST		favicon.png	1645013863530	1645013863545	OK	 
REQUEST		pets.png	1645013863531	1645013863547	OK	 
REQUEST		petclinic.css	1645013863530	1645013863548	OK	 
REQUEST		spring-pivotal-logo.png	1645013863531	1645013863549	OK	 
USER	RecordedSimulation2	START	1645013863618
REQUEST		Open Home Page	1645013863618	1645013863622	OK	 
REQUEST		jquery-ui.theme.min.css	1645013863625	1645013863629	OK	 
REQUEST		jquery-ui.min.css	1645013863625	1645013863630	OK	 
REQUEST		jquery.min.js	1645013863629	1645013863632	OK	 
REQUEST		jquery-ui.min.js	1645013863631	1645013863635	OK	 
REQUEST		bootstrap.min.js	1645013863632	1645013863635	OK	 
REQUEST		favicon.png	1645013863624	1645013863639	OK	 
REQUEST		petclinic.css	1645013863624	1645013863641	OK	 
REQUEST		spring-pivotal-logo.png	1645013863625	1645013863642	OK	 
REQUEST		pets.png	1645013863625	1645013863643	OK	 
USER	RecordedSimulation2	START	1645013863713
REQUEST		Open Home Page	1645013863714	1645013863717	OK	 
REQUEST		jquery-ui.theme.min.css	1645013863720	1645013863725	OK	 
REQUEST		jquery-ui.min.css	1645013863720	1645013863726	OK	 
REQUEST		jquery.min.js	1645013863725	1645013863727	OK	 
REQUEST		bootstrap.min.js	1645013863728	1645013863730	OK	 
REQUEST		jquery-ui.min.js	1645013863727	1645013863730	OK	 
REQUEST		favicon.png	1645013863719	1645013863733	OK	 
REQUEST		petclinic.css	1645013863720	1645013863735	OK	 
REQUEST		pets.png	1645013863721	1645013863735	OK	 
REQUEST		spring-pivotal-logo.png	1645013863721	1645013863736	OK	 
USER	RecordedSimulation2	START	1645013863792
REQUEST		Open Home Page	1645013863792	1645013863799	OK	 
REQUEST		jquery-ui.theme.min.css	1645013863801	1645013863805	OK	 
REQUEST		jquery-ui.min.css	1645013863801	1645013863806	OK	 
REQUEST		jquery.min.js	1645013863805	1645013863808	OK	 
REQUEST		jquery-ui.min.js	1645013863806	1645013863810	OK	 
REQUEST		bootstrap.min.js	1645013863808	1645013863810	OK	 
REQUEST		favicon.png	1645013863800	1645013863812	OK	 
REQUEST		pets.png	1645013863801	1645013863815	OK	 
REQUEST		spring-pivotal-logo.png	1645013863802	1645013863816	OK	 
REQUEST		petclinic.css	1645013863801	1645013863817	OK	 
REQUEST		GET Find Owners Page	1645013864259	1645013864308	OK	 
REQUEST		GET Find Owners Page	1645013864246	1645013864308	OK	 
REQUEST		jquery-ui.min.css	1645013864314	1645013864317	OK	 
REQUEST		jquery-ui.theme.min.css	1645013864314	1645013864317	OK	 
REQUEST		jquery-ui.min.css	1645013864314	1645013864318	OK	 
REQUEST		jquery.min.js	1645013864314	1645013864318	OK	 
REQUEST		jquery-ui.theme.min.css	1645013864314	1645013864318	OK	 
REQUEST		jquery.min.js	1645013864314	1645013864318	OK	 
REQUEST		petclinic.css	1645013864313	1645013864322	OK	 
REQUEST		favicon.png	1645013864313	1645013864323	OK	 
REQUEST		petclinic.css	1645013864313	1645013864323	OK	 
REQUEST		favicon.png	1645013864313	1645013864325	OK	 
REQUEST		spring-pivotal-logo.png	1645013864314	1645013864325	OK	 
REQUEST		spring-pivotal-logo.png	1645013864314	1645013864326	OK	 
REQUEST		GET Find Owners Page	1645013864465	1645013864471	OK	 
REQUEST		jquery-ui.min.css	1645013864473	1645013864474	OK	 
REQUEST		jquery-ui.theme.min.css	1645013864473	1645013864475	OK	 
REQUEST		jquery.min.js	1645013864474	1645013864475	OK	 
REQUEST		favicon.png	1645013864473	1645013864479	OK	 
REQUEST		spring-pivotal-logo.png	1645013864474	1645013864480	OK	 
REQUEST		petclinic.css	1645013864473	1645013864480	OK	 
REQUEST		GET Find Owners Page	1645013864729	1645013864732	OK	 
REQUEST		jquery-ui.min.css	1645013864734	1645013864736	OK	 
REQUEST		jquery-ui.theme.min.css	1645013864735	1645013864736	OK	 
REQUEST		jquery.min.js	1645013864735	1645013864737	OK	 
REQUEST		petclinic.css	1645013864734	1645013864741	OK	 
REQUEST		favicon.png	1645013864734	1645013864741	OK	 
REQUEST		spring-pivotal-logo.png	1645013864735	1645013864742	OK	 
REQUEST		GET Find Owners Page	1645013864744	1645013864746	OK	 
REQUEST		jquery-ui.min.css	1645013864749	1645013864750	OK	 
REQUEST		jquery-ui.theme.min.css	1645013864749	1645013864751	OK	 
REQUEST		jquery.min.js	1645013864749	1645013864751	OK	 
REQUEST		petclinic.css	1645013864749	1645013864755	OK	 
REQUEST		favicon.png	1645013864748	1645013864755	OK	 
REQUEST		spring-pivotal-logo.png	1645013864749	1645013864755	OK	 
REQUEST		GET Find Owners Page	1645013864759	1645013864762	OK	 
REQUEST		jquery-ui.min.css	1645013864764	1645013864765	OK	 
REQUEST		jquery-ui.theme.min.css	1645013864764	1645013864766	OK	 
REQUEST		jquery.min.js	1645013864765	1645013864766	OK	 
REQUEST		favicon.png	1645013864764	1645013864770	OK	 
REQUEST		petclinic.css	1645013864764	1645013864770	OK	 
REQUEST		spring-pivotal-logo.png	1645013864765	1645013864770	OK	 
USER	RecordedSimulation2	START	1645013864806
REQUEST		Open Home Page	1645013864806	1645013864810	OK	 
REQUEST		jquery-ui.min.css	1645013864812	1645013864816	OK	 
REQUEST		jquery-ui.theme.min.css	1645013864813	1645013864817	OK	 
REQUEST		jquery.min.js	1645013864816	1645013864819	OK	 
REQUEST		jquery-ui.min.js	1645013864817	1645013864820	OK	 
REQUEST		bootstrap.min.js	1645013864819	1645013864821	OK	 
REQUEST		favicon.png	1645013864812	1645013864824	OK	 
REQUEST		petclinic.css	1645013864812	1645013864825	OK	 
REQUEST		pets.png	1645013864813	1645013864826	OK	 
REQUEST		spring-pivotal-logo.png	1645013864813	1645013864826	OK	 
REQUEST		GET Find Owners Page	1645013864838	1645013864840	OK	 
REQUEST		jquery-ui.min.css	1645013864843	1645013864844	OK	 
REQUEST		jquery-ui.theme.min.css	1645013864843	1645013864844	OK	 
REQUEST		jquery.min.js	1645013864843	1645013864845	OK	 
REQUEST		favicon.png	1645013864842	1645013864849	OK	 
REQUEST		petclinic.css	1645013864843	1645013864849	OK	 
REQUEST		spring-pivotal-logo.png	1645013864843	1645013864849	OK	 
USER	RecordedSimulation2	START	1645013865780
REQUEST		Open Home Page	1645013865781	1645013865787	OK	 
REQUEST		GET Add Owner	1645013865765	1645013865790	OK	 
REQUEST		jquery-ui.theme.min.css	1645013865793	1645013865795	OK	 
REQUEST		jquery-ui.min.css	1645013865790	1645013865795	OK	 
REQUEST		jquery-ui.min.css	1645013865793	1645013865795	OK	 
REQUEST		jquery.min.js	1645013865793	1645013865800	OK	 
REQUEST		jquery-ui.theme.min.css	1645013865790	1645013865800	OK	 
REQUEST		jquery.min.js	1645013865800	1645013865802	OK	 
REQUEST		jquery-ui.min.js	1645013865801	1645013865804	OK	 
REQUEST		bootstrap.min.js	1645013865803	1645013865805	OK	 
REQUEST		favicon.png	1645013865792	1645013865807	OK	 
REQUEST		petclinic.css	1645013865793	1645013865808	OK	 
REQUEST		favicon.png	1645013865789	1645013865809	OK	 
REQUEST		spring-pivotal-logo.png	1645013865793	1645013865810	OK	 
REQUEST		pets.png	1645013865790	1645013865812	OK	 
REQUEST		spring-pivotal-logo.png	1645013865791	1645013865813	OK	 
REQUEST		petclinic.css	1645013865789	1645013865814	OK	 
REQUEST		GET Find Owners Page	1645013865981	1645013865984	OK	 
REQUEST		jquery-ui.theme.min.css	1645013865987	1645013865988	OK	 
REQUEST		jquery-ui.min.css	1645013865986	1645013865988	OK	 
REQUEST		jquery.min.js	1645013865987	1645013865988	OK	 
REQUEST		favicon.png	1645013865986	1645013865992	OK	 
REQUEST		petclinic.css	1645013865986	1645013865992	OK	 
REQUEST		spring-pivotal-logo.png	1645013865987	1645013865992	OK	 
REQUEST		GET Find Owners Page	1645013866027	1645013866030	OK	 
REQUEST		jquery-ui.theme.min.css	1645013866033	1645013866034	OK	 
REQUEST		jquery-ui.min.css	1645013866032	1645013866034	OK	 
REQUEST		jquery.min.js	1645013866033	1645013866034	OK	 
REQUEST		favicon.png	1645013866032	1645013866038	OK	 
REQUEST		petclinic.css	1645013866032	1645013866039	OK	 
REQUEST		spring-pivotal-logo.png	1645013866033	1645013866039	OK	 
REQUEST		GET Find Owners Page	1645013866153	1645013866161	OK	 
REQUEST		jquery-ui.min.css	1645013866166	1645013866168	OK	 
REQUEST		jquery-ui.theme.min.css	1645013866166	1645013866169	OK	 
REQUEST		jquery.min.js	1645013866167	1645013866169	OK	 
REQUEST		favicon.png	1645013866165	1645013866176	OK	 
REQUEST		petclinic.css	1645013866166	1645013866176	OK	 
REQUEST		spring-pivotal-logo.png	1645013866167	1645013866176	OK	 
REQUEST		GET Find Owners Page	1645013866463	1645013866468	OK	 
REQUEST		jquery-ui.min.css	1645013866472	1645013866474	OK	 
REQUEST		jquery.min.js	1645013866473	1645013866474	OK	 
REQUEST		jquery-ui.theme.min.css	1645013866472	1645013866474	OK	 
REQUEST		favicon.png	1645013866471	1645013866478	OK	 
REQUEST		petclinic.css	1645013866472	1645013866478	OK	 
REQUEST		spring-pivotal-logo.png	1645013866472	1645013866479	OK	 
REQUEST		GET Find Owners Page	1645013866479	1645013866482	OK	 
REQUEST		jquery-ui.min.css	1645013866484	1645013866485	OK	 
REQUEST		jquery.min.js	1645013866484	1645013866485	OK	 
REQUEST		jquery-ui.theme.min.css	1645013866484	1645013866486	OK	 
REQUEST		favicon.png	1645013866484	1645013866489	OK	 
REQUEST		petclinic.css	1645013866484	1645013866490	OK	 
REQUEST		spring-pivotal-logo.png	1645013866484	1645013866490	OK	 
REQUEST		GET Add Owner	1645013866669	1645013866672	OK	 
REQUEST		jquery-ui.theme.min.css	1645013866674	1645013866675	OK	 
REQUEST		jquery-ui.min.css	1645013866674	1645013866676	OK	 
REQUEST		jquery.min.js	1645013866674	1645013866676	OK	 
REQUEST		favicon.png	1645013866674	1645013866680	OK	 
REQUEST		spring-pivotal-logo.png	1645013866674	1645013866680	OK	 
REQUEST		petclinic.css	1645013866674	1645013866681	OK	 
REQUEST		GET Add Owner	1645013866763	1645013866768	OK	 
REQUEST		jquery-ui.min.css	1645013866771	1645013866773	OK	 
REQUEST		jquery-ui.theme.min.css	1645013866771	1645013866773	OK	 
REQUEST		jquery.min.js	1645013866772	1645013866774	OK	 
REQUEST		favicon.png	1645013866771	1645013866778	OK	 
REQUEST		petclinic.css	1645013866771	1645013866778	OK	 
REQUEST		spring-pivotal-logo.png	1645013866772	1645013866778	OK	 
USER	RecordedSimulation2	START	1645013866811
REQUEST		Open Home Page	1645013866811	1645013866815	OK	 
REQUEST		jquery-ui.theme.min.css	1645013866817	1645013866821	OK	 
REQUEST		jquery-ui.min.css	1645013866817	1645013866822	OK	 
REQUEST		jquery.min.js	1645013866821	1645013866824	OK	 
REQUEST		jquery-ui.min.js	1645013866822	1645013866825	OK	 
REQUEST		bootstrap.min.js	1645013866824	1645013866826	OK	 
REQUEST		favicon.png	1645013866817	1645013866829	OK	 
REQUEST		pets.png	1645013866817	1645013866831	OK	 
REQUEST		spring-pivotal-logo.png	1645013866818	1645013866832	OK	 
REQUEST		petclinic.css	1645013866817	1645013866832	OK	 
REQUEST		GET Add Owner	1645013866934	1645013866937	OK	 
REQUEST		jquery-ui.theme.min.css	1645013866940	1645013866941	OK	 
REQUEST		jquery-ui.min.css	1645013866940	1645013866942	OK	 
REQUEST		jquery.min.js	1645013866940	1645013866942	OK	 
REQUEST		favicon.png	1645013866939	1645013866946	OK	 
REQUEST		petclinic.css	1645013866939	1645013866947	OK	 
REQUEST		spring-pivotal-logo.png	1645013866940	1645013866948	OK	 
REQUEST		GET Add Owner	1645013867181	1645013867185	OK	 
REQUEST		jquery-ui.min.css	1645013867187	1645013867188	OK	 
REQUEST		jquery-ui.theme.min.css	1645013867187	1645013867189	OK	 
REQUEST		favicon.png	1645013867187	1645013867193	OK	 
REQUEST		petclinic.css	1645013867187	1645013867193	OK	 
REQUEST		spring-pivotal-logo.png	1645013867187	1645013867193	OK	 
REQUEST		jquery.min.js	1645013867187	1645013867210	OK	 
REQUEST		GET Find Owners Page	1645013867245	1645013867251	OK	 
REQUEST		jquery-ui.min.css	1645013867254	1645013867256	OK	 
REQUEST		jquery.min.js	1645013867254	1645013867256	OK	 
REQUEST		jquery-ui.theme.min.css	1645013867254	1645013867257	OK	 
REQUEST		spring-pivotal-logo.png	1645013867254	1645013867264	OK	 
REQUEST		petclinic.css	1645013867253	1645013867265	OK	 
REQUEST		favicon.png	1645013867253	1645013867265	OK	 
REQUEST		GET Find Owners Page	1645013867491	1645013867495	OK	 
REQUEST		jquery-ui.min.css	1645013867497	1645013867498	OK	 
REQUEST		jquery-ui.theme.min.css	1645013867497	1645013867499	OK	 
REQUEST		jquery.min.js	1645013867497	1645013867499	OK	 
REQUEST		favicon.png	1645013867496	1645013867504	OK	 
REQUEST		petclinic.css	1645013867497	1645013867504	OK	 
REQUEST		spring-pivotal-logo.png	1645013867497	1645013867504	OK	 
REQUEST		GET Add Owner	1645013867615	1645013867620	OK	 
REQUEST		jquery-ui.min.css	1645013867623	1645013867624	OK	 
REQUEST		jquery-ui.theme.min.css	1645013867623	1645013867625	OK	 
REQUEST		jquery.min.js	1645013867624	1645013867625	OK	 
REQUEST		spring-pivotal-logo.png	1645013867623	1645013867630	OK	 
REQUEST		favicon.png	1645013867622	1645013867631	OK	 
REQUEST		petclinic.css	1645013867623	1645013867631	OK	 
REQUEST		GET Add Owner	1645013867757	1645013867760	OK	 
REQUEST		jquery-ui.min.css	1645013867762	1645013867764	OK	 
REQUEST		jquery-ui.theme.min.css	1645013867763	1645013867765	OK	 
REQUEST		jquery.min.js	1645013867763	1645013867766	OK	 
REQUEST		petclinic.css	1645013867762	1645013867769	OK	 
REQUEST		favicon.png	1645013867762	1645013867770	OK	 
REQUEST		spring-pivotal-logo.png	1645013867763	1645013867770	OK	 
USER	RecordedSimulation2	START	1645013867804
REQUEST		Open Home Page	1645013867804	1645013867817	OK	 
REQUEST		jquery-ui.min.css	1645013867820	1645013867824	OK	 
REQUEST		jquery-ui.theme.min.css	1645013867820	1645013867825	OK	 
REQUEST		jquery.min.js	1645013867825	1645013867828	OK	 
REQUEST		jquery-ui.min.js	1645013867826	1645013867831	OK	 
REQUEST		bootstrap.min.js	1645013867829	1645013867832	OK	 
REQUEST		petclinic.css	1645013867819	1645013867837	OK	 
REQUEST		spring-pivotal-logo.png	1645013867820	1645013867837	OK	 
REQUEST		favicon.png	1645013867819	1645013867838	OK	 
REQUEST		pets.png	1645013867820	1645013867838	OK	 
REQUEST		GET Add Owner	1645013867835	1645013867840	OK	 
REQUEST		jquery-ui.min.css	1645013867843	1645013867845	OK	 
REQUEST		jquery-ui.theme.min.css	1645013867843	1645013867845	OK	 
REQUEST		jquery.min.js	1645013867844	1645013867845	OK	 
REQUEST		petclinic.css	1645013867843	1645013867849	OK	 
REQUEST		spring-pivotal-logo.png	1645013867844	1645013867850	OK	 
REQUEST		favicon.png	1645013867843	1645013867850	OK	 
REQUEST		GET Find Owners Page	1645013868191	1645013868195	OK	 
REQUEST		jquery-ui.theme.min.css	1645013868198	1645013868199	OK	 
REQUEST		jquery.min.js	1645013868198	1645013868200	OK	 
REQUEST		jquery-ui.min.css	1645013868197	1645013868200	OK	 
REQUEST		favicon.png	1645013868197	1645013868205	OK	 
REQUEST		spring-pivotal-logo.png	1645013868198	1645013868206	OK	 
REQUEST		petclinic.css	1645013868197	1645013868230	OK	 
REQUEST		GET Add Owner	1645013868237	1645013868243	OK	 
REQUEST		jquery-ui.min.css	1645013868247	1645013868249	OK	 
REQUEST		jquery-ui.theme.min.css	1645013868247	1645013868249	OK	 
REQUEST		jquery.min.js	1645013868248	1645013868249	OK	 
REQUEST		petclinic.css	1645013868246	1645013868255	OK	 
REQUEST		spring-pivotal-logo.png	1645013868248	1645013868256	OK	 
REQUEST		favicon.png	1645013868245	1645013868262	OK	 
REQUEST		POST Add Owner	1645013868256	1645013868295	OK	 
REQUEST		POST Add Owner Redirect 1	1645013868297	1645013868329	KO	status.find.is(302), but actually found 200
REQUEST		POST Add Owner	1645013868329	1645013868334	OK	 
REQUEST		POST Add Owner Redirect 1	1645013868334	1645013868346	KO	status.find.is(302), but actually found 200
REQUEST		GET Add Owner	1645013868344	1645013868349	OK	 
REQUEST		jquery-ui.min.css	1645013868351	1645013868353	OK	 
REQUEST		jquery-ui.theme.min.css	1645013868352	1645013868353	OK	 
REQUEST		jquery.min.js	1645013868352	1645013868354	OK	 
REQUEST		favicon.png	1645013868351	1645013868360	OK	 
REQUEST		spring-pivotal-logo.png	1645013868352	1645013868361	OK	 
REQUEST		petclinic.css	1645013868351	1645013868361	OK	 
REQUEST		POST Add Owner	1645013868651	1645013868656	OK	 
REQUEST		POST Add Owner Redirect 1	1645013868656	1645013868685	KO	status.find.is(302), but actually found 200
REQUEST		POST Add Owner	1645013868682	1645013868686	OK	 
REQUEST		POST Add Owner Redirect 1	1645013868686	1645013868698	KO	status.find.is(302), but actually found 200
USER	RecordedSimulation2	START	1645013868805
REQUEST		Open Home Page	1645013868805	1645013868810	OK	 
REQUEST		jquery-ui.min.css	1645013868812	1645013868817	OK	 
REQUEST		jquery-ui.theme.min.css	1645013868813	1645013868818	OK	 
REQUEST		jquery.min.js	1645013868818	1645013868820	OK	 
REQUEST		jquery-ui.min.js	1645013868819	1645013868822	OK	 
REQUEST		bootstrap.min.js	1645013868821	1645013868823	OK	 
REQUEST		favicon.png	1645013868812	1645013868826	OK	 
REQUEST		pets.png	1645013868813	1645013868830	OK	 
REQUEST		spring-pivotal-logo.png	1645013868813	1645013868831	OK	 
REQUEST		petclinic.css	1645013868812	1645013868838	OK	 
REQUEST		POST Add Owner	1645013868881	1645013868885	OK	 
REQUEST		POST Add Owner Redirect 1	1645013868886	1645013868897	KO	status.find.is(302), but actually found 200
REQUEST		GET Add Owner	1645013868987	1645013868991	OK	 
REQUEST		jquery-ui.min.css	1645013868995	1645013868996	OK	 
REQUEST		jquery-ui.theme.min.css	1645013868995	1645013868996	OK	 
REQUEST		jquery.min.js	1645013868995	1645013868996	OK	 
REQUEST		favicon.png	1645013868994	1645013869002	OK	 
REQUEST		spring-pivotal-logo.png	1645013868995	1645013869003	OK	 
REQUEST		petclinic.css	1645013868994	1645013869003	OK	 
REQUEST		GET Add Owner	1645013869034	1645013869038	OK	 
REQUEST		jquery-ui.min.css	1645013869041	1645013869043	OK	 
REQUEST		jquery.min.js	1645013869042	1645013869044	OK	 
REQUEST		jquery-ui.theme.min.css	1645013869041	1645013869044	OK	 
REQUEST		favicon.png	1645013869040	1645013869049	OK	 
REQUEST		petclinic.css	1645013869041	1645013869050	OK	 
REQUEST		spring-pivotal-logo.png	1645013869042	1645013869058	OK	 
REQUEST		GET Add Owner	1645013869124	1645013869129	OK	 
REQUEST		jquery-ui.theme.min.css	1645013869131	1645013869132	OK	 
REQUEST		jquery-ui.min.css	1645013869131	1645013869133	OK	 
REQUEST		jquery.min.js	1645013869132	1645013869133	OK	 
REQUEST		favicon.png	1645013869131	1645013869138	OK	 
REQUEST		petclinic.css	1645013869131	1645013869139	OK	 
REQUEST		spring-pivotal-logo.png	1645013869131	1645013869140	OK	 
REQUEST		POST Add Owner	1645013869556	1645013869561	OK	 
REQUEST		POST Add Owner Redirect 1	1645013869561	1645013869575	KO	status.find.is(302), but actually found 200
REQUEST		POST Add Owner	1645013869743	1645013869746	OK	 
REQUEST		POST Add Owner Redirect 1	1645013869746	1645013869755	KO	status.find.is(302), but actually found 200
USER	RecordedSimulation2	START	1645013869779
REQUEST		Open Home Page	1645013869779	1645013869782	OK	 
REQUEST		jquery-ui.theme.min.css	1645013869785	1645013869788	OK	 
REQUEST		jquery-ui.min.css	1645013869784	1645013869789	OK	 
REQUEST		jquery.min.js	1645013869788	1645013869791	OK	 
REQUEST		jquery-ui.min.js	1645013869789	1645013869792	OK	 
REQUEST		bootstrap.min.js	1645013869791	1645013869793	OK	 
REQUEST		favicon.png	1645013869784	1645013869797	OK	 
REQUEST		petclinic.css	1645013869784	1645013869798	OK	 
REQUEST		spring-pivotal-logo.png	1645013869785	1645013869800	OK	 
REQUEST		pets.png	1645013869785	1645013869800	OK	 
REQUEST		Get Add Pet	1645013869867	1645013869907	OK	 
REQUEST		jquery-ui.min.css	1645013869908	1645013869909	OK	 
REQUEST		jquery-ui.theme.min.css	1645013869908	1645013869910	OK	 
REQUEST		jquery.min.js	1645013869909	1645013869910	OK	 
REQUEST		petclinic.css	1645013869908	1645013869914	OK	 
REQUEST		favicon.png	1645013869908	1645013869915	OK	 
REQUEST		spring-pivotal-logo.png	1645013869909	1645013869915	OK	 
REQUEST		POST Add Owner	1645013869960	1645013869964	OK	 
REQUEST		POST Add Owner Redirect 1	1645013869964	1645013869973	KO	status.find.is(302), but actually found 200
REQUEST		Get Add Pet	1645013870193	1645013870250	OK	 
REQUEST		jquery-ui.min.css	1645013870251	1645013870253	OK	 
REQUEST		jquery-ui.theme.min.css	1645013870252	1645013870253	OK	 
REQUEST		jquery.min.js	1645013870252	1645013870253	OK	 
REQUEST		petclinic.css	1645013870251	1645013870257	OK	 
REQUEST		favicon.png	1645013870251	1645013870258	OK	 
REQUEST		spring-pivotal-logo.png	1645013870252	1645013870258	OK	 
REQUEST		GET Add Owner	1645013870426	1645013870438	OK	 
REQUEST		jquery-ui.theme.min.css	1645013870440	1645013870441	OK	 
REQUEST		jquery.min.js	1645013870440	1645013870441	OK	 
REQUEST		jquery-ui.min.css	1645013870440	1645013870441	OK	 
REQUEST		petclinic.css	1645013870439	1645013870445	OK	 
REQUEST		spring-pivotal-logo.png	1645013870440	1645013870446	OK	 
REQUEST		favicon.png	1645013870439	1645013870446	OK	 
REQUEST		POST Add Owner	1645013870535	1645013870545	OK	 
REQUEST		POST Add Owner Redirect 1	1645013870545	1645013870554	KO	status.find.is(302), but actually found 200
REQUEST		Get Add Pet	1645013870550	1645013870577	OK	 
REQUEST		jquery-ui.min.css	1645013870578	1645013870580	OK	 
REQUEST		jquery.min.js	1645013870579	1645013870580	OK	 
REQUEST		jquery-ui.theme.min.css	1645013870579	1645013870580	OK	 
REQUEST		favicon.png	1645013870578	1645013870584	OK	 
REQUEST		spring-pivotal-logo.png	1645013870579	1645013870585	OK	 
REQUEST		petclinic.css	1645013870578	1645013870585	OK	 
REQUEST		GET Find Owners Page	1645013870657	1645013870667	OK	 
REQUEST		jquery-ui.min.css	1645013870669	1645013870670	OK	 
REQUEST		jquery-ui.theme.min.css	1645013870669	1645013870671	OK	 
REQUEST		jquery.min.js	1645013870670	1645013870671	OK	 
REQUEST		spring-pivotal-logo.png	1645013870669	1645013870676	OK	 
REQUEST		petclinic.css	1645013870669	1645013870676	OK	 
REQUEST		favicon.png	1645013870669	1645013870676	OK	 
REQUEST		POST Add Owner	1645013870672	1645013870677	OK	 
REQUEST		POST Add Owner Redirect 1	1645013870677	1645013870687	KO	status.find.is(302), but actually found 200
REQUEST		POST Add Owner	1645013870688	1645013870692	OK	 
REQUEST		POST Add Owner Redirect 1	1645013870692	1645013870700	KO	status.find.is(302), but actually found 200
REQUEST		GET Find Owners Page	1645013870734	1645013870737	OK	 
REQUEST		jquery-ui.min.css	1645013870738	1645013870740	OK	 
REQUEST		jquery.min.js	1645013870739	1645013870740	OK	 
REQUEST		jquery-ui.theme.min.css	1645013870739	1645013870740	OK	 
REQUEST		petclinic.css	1645013870738	1645013870744	OK	 
REQUEST		spring-pivotal-logo.png	1645013870739	1645013870744	OK	 
REQUEST		favicon.png	1645013870738	1645013870744	OK	 
USER	RecordedSimulation2	START	1645013870799
REQUEST		Open Home Page	1645013870799	1645013870803	OK	 
REQUEST		jquery-ui.theme.min.css	1645013870805	1645013870808	OK	 
REQUEST		jquery-ui.min.css	1645013870805	1645013870809	OK	 
REQUEST		jquery.min.js	1645013870809	1645013870811	OK	 
REQUEST		jquery-ui.min.js	1645013870809	1645013870812	OK	 
REQUEST		bootstrap.min.js	1645013870811	1645013870813	OK	 
REQUEST		favicon.png	1645013870804	1645013870817	OK	 
REQUEST		pets.png	1645013870805	1645013870820	OK	 
REQUEST		spring-pivotal-logo.png	1645013870805	1645013870820	OK	 
REQUEST		petclinic.css	1645013870804	1645013870821	OK	 
REQUEST		GET Add Owner	1645013870842	1645013870845	OK	 
REQUEST		jquery-ui.min.css	1645013870847	1645013870848	OK	 
REQUEST		jquery-ui.theme.min.css	1645013870847	1645013870848	OK	 
REQUEST		jquery.min.js	1645013870847	1645013870848	OK	 
REQUEST		Get Add Pet	1645013870826	1645013870849	OK	 
REQUEST		jquery-ui.min.css	1645013870852	1645013870854	OK	 
REQUEST		jquery-ui.theme.min.css	1645013870852	1645013870854	OK	 
REQUEST		petclinic.css	1645013870846	1645013870855	OK	 
REQUEST		jquery.min.js	1645013870852	1645013870856	OK	 
REQUEST		spring-pivotal-logo.png	1645013870847	1645013870856	OK	 
REQUEST		favicon.png	1645013870846	1645013870857	OK	 
REQUEST		favicon.png	1645013870851	1645013870860	OK	 
REQUEST		spring-pivotal-logo.png	1645013870852	1645013870860	OK	 
REQUEST		petclinic.css	1645013870851	1645013870860	OK	 
REQUEST		POST Add Owner	1645013870951	1645013870956	OK	 
REQUEST		POST Add Owner Redirect 1	1645013870956	1645013870965	KO	status.find.is(302), but actually found 200
REQUEST		Get Add Pet	1645013871182	1645013871203	OK	 
REQUEST		jquery.min.js	1645013871205	1645013871205	OK	 
REQUEST		jquery-ui.theme.min.css	1645013871204	1645013871206	OK	 
REQUEST		jquery-ui.min.css	1645013871204	1645013871206	OK	 
REQUEST		favicon.png	1645013871204	1645013871210	OK	 
REQUEST		petclinic.css	1645013871204	1645013871210	OK	 
REQUEST		spring-pivotal-logo.png	1645013871205	1645013871210	OK	 
REQUEST		Get Add Pet	1645013871397	1645013871418	OK	 
REQUEST		jquery-ui.theme.min.css	1645013871420	1645013871421	OK	 
REQUEST		jquery.min.js	1645013871420	1645013871421	OK	 
REQUEST		jquery-ui.min.css	1645013871419	1645013871421	OK	 
REQUEST		petclinic.css	1645013871419	1645013871425	OK	 
REQUEST		spring-pivotal-logo.png	1645013871420	1645013871426	OK	 
REQUEST		favicon.png	1645013871419	1645013871426	OK	 
REQUEST		Get Add Pet	1645013871769	1645013871791	OK	 
REQUEST		jquery-ui.theme.min.css	1645013871793	1645013871794	OK	 
REQUEST		jquery-ui.min.css	1645013871793	1645013871795	OK	 
REQUEST		petclinic.css	1645013871793	1645013871798	OK	 
REQUEST		favicon.png	1645013871793	1645013871799	OK	 
REQUEST		spring-pivotal-logo.png	1645013871793	1645013871799	OK	 
USER	RecordedSimulation2	START	1645013871801
REQUEST		Open Home Page	1645013871802	1645013871806	OK	 
REQUEST		jquery-ui.theme.min.css	1645013871809	1645013871813	OK	 
REQUEST		jquery-ui.min.css	1645013871809	1645013871814	OK	 
REQUEST		jquery.min.js	1645013871813	1645013871816	OK	 
REQUEST		jquery-ui.min.js	1645013871814	1645013871817	OK	 
REQUEST		bootstrap.min.js	1645013871816	1645013871818	OK	 
REQUEST		jquery.min.js	1645013871793	1645013871820	OK	 
REQUEST		favicon.png	1645013871808	1645013871824	OK	 
REQUEST		pets.png	1645013871809	1645013871825	OK	 
REQUEST		spring-pivotal-logo.png	1645013871809	1645013871826	OK	 
REQUEST		Get Add Pet	1645013871801	1645013871826	OK	 
REQUEST		jquery-ui.min.css	1645013871828	1645013871830	OK	 
REQUEST		petclinic.css	1645013871808	1645013871831	OK	 
REQUEST		jquery-ui.theme.min.css	1645013871828	1645013871831	OK	 
REQUEST		jquery.min.js	1645013871829	1645013871831	OK	 
REQUEST		favicon.png	1645013871828	1645013871834	OK	 
REQUEST		petclinic.css	1645013871828	1645013871835	OK	 
REQUEST		spring-pivotal-logo.png	1645013871828	1645013871838	OK	 
REQUEST		GET Find Owners Page	1645013872032	1645013872035	OK	 
REQUEST		jquery-ui.min.css	1645013872036	1645013872037	OK	 
REQUEST		jquery-ui.theme.min.css	1645013872036	1645013872038	OK	 
REQUEST		jquery.min.js	1645013872037	1645013872040	OK	 
REQUEST		petclinic.css	1645013872036	1645013872043	OK	 
REQUEST		spring-pivotal-logo.png	1645013872036	1645013872044	OK	 
REQUEST		favicon.png	1645013872036	1645013872044	OK	 
REQUEST		POST Add Owner	1645013872048	1645013872053	OK	 
REQUEST		POST Add Owner Redirect 1	1645013872053	1645013872064	KO	status.find.is(302), but actually found 200
REQUEST		POST Add Pet	1645013872127	1645013872152	OK	 
REQUEST		jquery-ui.theme.min.css	1645013872155	1645013872156	OK	 
REQUEST		jquery-ui.min.css	1645013872155	1645013872158	OK	 
REQUEST		jquery.min.js	1645013872155	1645013872158	OK	 
REQUEST		petclinic.css	1645013872154	1645013872161	OK	 
REQUEST		spring-pivotal-logo.png	1645013872155	1645013872162	OK	 
REQUEST		favicon.png	1645013872154	1645013872162	OK	 
REQUEST		Get owners Info	1645013872157	1645013872185	OK	 
REQUEST		POST Add Pet	1645013872375	1645013872402	OK	 
REQUEST		jquery-ui.min.css	1645013872404	1645013872407	OK	 
REQUEST		jquery.min.js	1645013872405	1645013872408	OK	 
REQUEST		jquery-ui.theme.min.css	1645013872404	1645013872408	OK	 
REQUEST		petclinic.css	1645013872404	1645013872412	OK	 
REQUEST		favicon.png	1645013872404	1645013872413	OK	 
REQUEST		spring-pivotal-logo.png	1645013872405	1645013872413	OK	 
REQUEST		Get Add Pet	1645013872406	1645013872444	OK	 
REQUEST		jquery-ui.theme.min.css	1645013872445	1645013872446	OK	 
REQUEST		jquery.min.js	1645013872446	1645013872447	OK	 
REQUEST		jquery-ui.min.css	1645013872445	1645013872447	OK	 
REQUEST		spring-pivotal-logo.png	1645013872446	1645013872451	OK	 
REQUEST		petclinic.css	1645013872445	1645013872452	OK	 
REQUEST		favicon.png	1645013872445	1645013872452	OK	 
REQUEST		POST Add Pet	1645013872390	1645013872458	OK	 
REQUEST		jquery-ui.min.css	1645013872460	1645013872463	OK	 
REQUEST		jquery-ui.theme.min.css	1645013872460	1645013872463	OK	 
REQUEST		jquery.min.js	1645013872461	1645013872463	OK	 
REQUEST		petclinic.css	1645013872460	1645013872468	OK	 
REQUEST		spring-pivotal-logo.png	1645013872461	1645013872469	OK	 
REQUEST		favicon.png	1645013872460	1645013872473	OK	 
REQUEST		Get owners Info	1645013872407	1645013872474	OK	 
REQUEST		Get owners Info	1645013872463	1645013872491	OK	 
REQUEST		POST Add Owner	1645013872578	1645013872584	OK	 
REQUEST		POST Add Owner Redirect 1	1645013872584	1645013872593	KO	status.find.is(302), but actually found 200
REQUEST		GET Find Owners Page	1645013872980	1645013872982	OK	 
REQUEST		jquery-ui.min.css	1645013872983	1645013872984	OK	 
REQUEST		jquery.min.js	1645013872984	1645013872985	OK	 
REQUEST		jquery-ui.theme.min.css	1645013872983	1645013872985	OK	 
REQUEST		petclinic.css	1645013872983	1645013872989	OK	 
REQUEST		spring-pivotal-logo.png	1645013872984	1645013872989	OK	 
REQUEST		favicon.png	1645013872983	1645013872989	OK	 
REQUEST		POST Add Pet	1645013872996	1645013873017	OK	 
REQUEST		jquery-ui.min.css	1645013873019	1645013873020	OK	 
REQUEST		jquery-ui.theme.min.css	1645013873019	1645013873020	OK	 
REQUEST		jquery.min.js	1645013873019	1645013873021	OK	 
REQUEST		petclinic.css	1645013873018	1645013873025	OK	 
REQUEST		spring-pivotal-logo.png	1645013873019	1645013873025	OK	 
REQUEST		favicon.png	1645013873018	1645013873025	OK	 
REQUEST		Get owners Info	1645013873020	1645013873045	OK	 
REQUEST		POST Add Pet	1645013873169	1645013873192	OK	 
REQUEST		jquery-ui.theme.min.css	1645013873193	1645013873194	OK	 
REQUEST		jquery.min.js	1645013873193	1645013873194	OK	 
REQUEST		jquery-ui.min.css	1645013873193	1645013873195	OK	 
REQUEST		favicon.png	1645013873193	1645013873198	OK	 
REQUEST		petclinic.css	1645013873193	1645013873199	OK	 
REQUEST		spring-pivotal-logo.png	1645013873193	1645013873199	OK	 
REQUEST		Get owners Info	1645013873194	1645013873219	OK	 
REQUEST		POST Add Owner	1645013873217	1645013873220	OK	 
REQUEST		POST Add Owner Redirect 1	1645013873220	1645013873228	KO	status.find.is(302), but actually found 200
REQUEST		Get Add Pet	1645013873232	1645013873251	OK	 
REQUEST		jquery-ui.theme.min.css	1645013873253	1645013873253	OK	 
REQUEST		jquery-ui.min.css	1645013873253	1645013873254	OK	 
REQUEST		jquery.min.js	1645013873253	1645013873254	OK	 
REQUEST		favicon.png	1645013873252	1645013873258	OK	 
REQUEST		petclinic.css	1645013873252	1645013873258	OK	 
REQUEST		spring-pivotal-logo.png	1645013873253	1645013873258	OK	 
REQUEST		GET Add Owner	1645013873263	1645013873266	OK	 
REQUEST		jquery-ui.min.css	1645013873267	1645013873268	OK	 
REQUEST		jquery-ui.theme.min.css	1645013873267	1645013873268	OK	 
REQUEST		jquery.min.js	1645013873267	1645013873268	OK	 
REQUEST		favicon.png	1645013873267	1645013873272	OK	 
REQUEST		spring-pivotal-logo.png	1645013873267	1645013873273	OK	 
REQUEST		petclinic.css	1645013873267	1645013873273	OK	 
REQUEST		Get Add Pet	1645013873325	1645013873346	OK	 
REQUEST		jquery-ui.theme.min.css	1645013873347	1645013873348	OK	 
REQUEST		jquery.min.js	1645013873347	1645013873348	OK	 
REQUEST		jquery-ui.min.css	1645013873347	1645013873348	OK	 
REQUEST		favicon.png	1645013873347	1645013873353	OK	 
REQUEST		petclinic.css	1645013873347	1645013873353	OK	 
REQUEST		spring-pivotal-logo.png	1645013873347	1645013873354	OK	 
REQUEST		GET Find Owners By LastName	1645013873402	1645013873437	OK	 
REQUEST		jquery-ui.min.css	1645013873440	1645013873441	OK	 
REQUEST		jquery-ui.theme.min.css	1645013873440	1645013873442	OK	 
REQUEST		Get Add Pet	1645013873418	1645013873442	OK	 
REQUEST		jquery.min.js	1645013873440	1645013873443	OK	 
REQUEST		jquery-ui.theme.min.css	1645013873444	1645013873445	OK	 
REQUEST		jquery-ui.min.css	1645013873444	1645013873445	OK	 
REQUEST		jquery.min.js	1645013873444	1645013873446	OK	 
REQUEST		spring-pivotal-logo.png	1645013873440	1645013873450	OK	 
REQUEST		favicon.png	1645013873440	1645013873451	OK	 
REQUEST		petclinic.css	1645013873440	1645013873451	OK	 
REQUEST		petclinic.css	1645013873443	1645013873451	OK	 
REQUEST		spring-pivotal-logo.png	1645013873444	1645013873453	OK	 
REQUEST		favicon.png	1645013873443	1645013873454	OK	 
REQUEST		Get Owners Info	1645013873442	1645013873474	OK	 
REQUEST		Get Edit Pet Page	1645013873464	1645013873495	OK	 
REQUEST		jquery-ui.min.css	1645013873497	1645013873498	OK	 
REQUEST		jquery.min.js	1645013873497	1645013873498	OK	 
REQUEST		jquery-ui.theme.min.css	1645013873497	1645013873499	OK	 
REQUEST		favicon.png	1645013873496	1645013873504	OK	 
REQUEST		petclinic.css	1645013873497	1645013873504	OK	 
REQUEST		spring-pivotal-logo.png	1645013873497	1645013873504	OK	 
REQUEST		GET Add Owner	1645013873557	1645013873560	OK	 
REQUEST		jquery-ui.theme.min.css	1645013873561	1645013873562	OK	 
REQUEST		jquery-ui.min.css	1645013873561	1645013873563	OK	 
REQUEST		jquery.min.js	1645013873562	1645013873563	OK	 
REQUEST		petclinic.css	1645013873561	1645013873567	OK	 
REQUEST		favicon.png	1645013873561	1645013873568	OK	 
REQUEST		spring-pivotal-logo.png	1645013873562	1645013873568	OK	 
REQUEST		Get Edit Pet Page	1645013873557	1645013873596	OK	 
REQUEST		jquery-ui.theme.min.css	1645013873597	1645013873599	OK	 
REQUEST		jquery-ui.min.css	1645013873597	1645013873599	OK	 
REQUEST		jquery.min.js	1645013873598	1645013873599	OK	 
REQUEST		POST Add Pet	1645013873542	1645013873600	OK	 
REQUEST		POST Add Pet	1645013873542	1645013873601	OK	 
REQUEST		jquery-ui.theme.min.css	1645013873602	1645013873603	OK	 
REQUEST		jquery-ui.min.css	1645013873602	1645013873604	OK	 
REQUEST		jquery-ui.min.css	1645013873603	1645013873605	OK	 
REQUEST		jquery.min.js	1645013873603	1645013873605	OK	 
REQUEST		jquery-ui.theme.min.css	1645013873603	1645013873606	OK	 
REQUEST		petclinic.css	1645013873597	1645013873607	OK	 
REQUEST		jquery.min.js	1645013873603	1645013873608	OK	 
REQUEST		favicon.png	1645013873597	1645013873608	OK	 
REQUEST		spring-pivotal-logo.png	1645013873598	1645013873608	OK	 
REQUEST		petclinic.css	1645013873602	1645013873612	OK	 
REQUEST		spring-pivotal-logo.png	1645013873602	1645013873613	OK	 
REQUEST		favicon.png	1645013873602	1645013873614	OK	 
REQUEST		petclinic.css	1645013873603	1645013873614	OK	 
REQUEST		favicon.png	1645013873603	1645013873615	OK	 
REQUEST		spring-pivotal-logo.png	1645013873603	1645013873616	OK	 
REQUEST		Get owners Info	1645013873605	1645013873643	OK	 
REQUEST		Get owners Info	1645013873604	1645013873645	OK	 
REQUEST		POST Add Pet	1645013873666	1645013873686	OK	 
REQUEST		jquery-ui.min.css	1645013873688	1645013873688	OK	 
REQUEST		jquery-ui.theme.min.css	1645013873688	1645013873689	OK	 
REQUEST		jquery.min.js	1645013873688	1645013873689	OK	 
REQUEST		favicon.png	1645013873687	1645013873693	OK	 
REQUEST		petclinic.css	1645013873687	1645013873693	OK	 
REQUEST		spring-pivotal-logo.png	1645013873688	1645013873694	OK	 
REQUEST		Get owners Info	1645013873689	1645013873712	OK	 
REQUEST		Get Edit Pet Page	1645013873883	1645013873924	OK	 
REQUEST		jquery-ui.min.css	1645013873925	1645013873926	OK	 
REQUEST		jquery.min.js	1645013873925	1645013873926	OK	 
REQUEST		jquery-ui.theme.min.css	1645013873925	1645013873927	OK	 
REQUEST		spring-pivotal-logo.png	1645013873925	1645013873932	OK	 
REQUEST		petclinic.css	1645013873925	1645013873932	OK	 
REQUEST		favicon.png	1645013873925	1645013873932	OK	 
REQUEST		POST Add Pet	1645013874040	1645013874061	OK	 
REQUEST		jquery-ui.theme.min.css	1645013874063	1645013874064	OK	 
REQUEST		jquery.min.js	1645013874063	1645013874064	OK	 
REQUEST		jquery-ui.min.css	1645013874063	1645013874064	OK	 
REQUEST		favicon.png	1645013874062	1645013874070	OK	 
REQUEST		spring-pivotal-logo.png	1645013874063	1645013874070	OK	 
REQUEST		petclinic.css	1645013874063	1645013874070	OK	 
REQUEST		Get Add Pet	1645013874055	1645013874087	OK	 
REQUEST		jquery-ui.min.css	1645013874088	1645013874089	OK	 
REQUEST		jquery-ui.theme.min.css	1645013874088	1645013874089	OK	 
REQUEST		jquery.min.js	1645013874088	1645013874089	OK	 
REQUEST		favicon.png	1645013874088	1645013874094	OK	 
REQUEST		spring-pivotal-logo.png	1645013874088	1645013874094	OK	 
REQUEST		petclinic.css	1645013874088	1645013874095	OK	 
REQUEST		Get owners Info	1645013874064	1645013874099	OK	 
REQUEST		GET Find Owners By LastName	1645013874585	1645013874623	OK	 
REQUEST		jquery-ui.theme.min.css	1645013874625	1645013874626	OK	 
REQUEST		jquery-ui.min.css	1645013874624	1645013874626	OK	 
REQUEST		jquery.min.js	1645013874625	1645013874626	OK	 
REQUEST		Get Open Edit Owner Page	1645013874585	1645013874627	OK	 
REQUEST		jquery-ui.min.css	1645013874628	1645013874630	OK	 
REQUEST		jquery-ui.theme.min.css	1645013874629	1645013874630	OK	 
REQUEST		jquery.min.js	1645013874629	1645013874630	OK	 
REQUEST		favicon.png	1645013874624	1645013874632	OK	 
REQUEST		spring-pivotal-logo.png	1645013874625	1645013874632	OK	 
REQUEST		petclinic.css	1645013874624	1645013874632	OK	 
REQUEST		favicon.png	1645013874628	1645013874635	OK	 
REQUEST		petclinic.css	1645013874628	1645013874636	OK	 
REQUEST		spring-pivotal-logo.png	1645013874629	1645013874636	OK	 
REQUEST		Get Owners Info	1645013874626	1645013874652	OK	 
REQUEST		GET Find Owners Page	1645013874818	1645013874830	OK	 
REQUEST		jquery-ui.theme.min.css	1645013874831	1645013874832	OK	 
REQUEST		jquery.min.js	1645013874831	1645013874832	OK	 
REQUEST		jquery-ui.min.css	1645013874831	1645013874832	OK	 
REQUEST		favicon.png	1645013874830	1645013874836	OK	 
REQUEST		spring-pivotal-logo.png	1645013874831	1645013874837	OK	 
REQUEST		petclinic.css	1645013874831	1645013874837	OK	 
REQUEST		Get Add Pet	1645013874960	1645013874981	OK	 
REQUEST		jquery-ui.min.css	1645013874983	1645013874984	OK	 
REQUEST		jquery-ui.theme.min.css	1645013874983	1645013874985	OK	 
REQUEST		jquery.min.js	1645013874983	1645013874985	OK	 
REQUEST		petclinic.css	1645013874982	1645013874989	OK	 
REQUEST		spring-pivotal-logo.png	1645013874983	1645013874990	OK	 
REQUEST		favicon.png	1645013874982	1645013874990	OK	 
REQUEST		Get Edit Pet Page	1645013874975	1645013875024	OK	 
REQUEST		jquery-ui.min.css	1645013875025	1645013875026	OK	 
REQUEST		jquery-ui.theme.min.css	1645013875026	1645013875027	OK	 
REQUEST		jquery.min.js	1645013875026	1645013875027	OK	 
REQUEST		favicon.png	1645013875025	1645013875032	OK	 
REQUEST		petclinic.css	1645013875025	1645013875032	OK	 
REQUEST		spring-pivotal-logo.png	1645013875026	1645013875032	OK	 
REQUEST		Get Edit Pet Page	1645013874975	1645013875034	OK	 
REQUEST		jquery-ui.theme.min.css	1645013875036	1645013875036	OK	 
REQUEST		jquery.min.js	1645013875036	1645013875037	OK	 
REQUEST		jquery-ui.min.css	1645013875035	1645013875037	OK	 
REQUEST		favicon.png	1645013875035	1645013875041	OK	 
REQUEST		petclinic.css	1645013875035	1645013875042	OK	 
REQUEST		spring-pivotal-logo.png	1645013875036	1645013875042	OK	 
REQUEST		Get Edit Pet Page	1645013875052	1645013875080	OK	 
REQUEST		jquery-ui.min.css	1645013875082	1645013875083	OK	 
REQUEST		jquery-ui.theme.min.css	1645013875082	1645013875083	OK	 
REQUEST		jquery.min.js	1645013875082	1645013875084	OK	 
REQUEST		favicon.png	1645013875081	1645013875088	OK	 
REQUEST		petclinic.css	1645013875082	1645013875088	OK	 
REQUEST		spring-pivotal-logo.png	1645013875082	1645013875088	OK	 
REQUEST		request_122	1645013875177	1645013875213	OK	 
REQUEST		request_122 Redirect 1	1645013875213	1645013875236	KO	status.find.is(302), but actually found 200
REQUEST		Get Edit Pet Page	1645013875238	1645013875267	OK	 
REQUEST		jquery-ui.min.css	1645013875268	1645013875269	OK	 
REQUEST		jquery-ui.theme.min.css	1645013875268	1645013875269	OK	 
REQUEST		jquery.min.js	1645013875268	1645013875271	OK	 
REQUEST		petclinic.css	1645013875268	1645013875275	OK	 
REQUEST		favicon.png	1645013875268	1645013875275	OK	 
REQUEST		spring-pivotal-logo.png	1645013875268	1645013875275	OK	 
REQUEST		Get Edit Pet Page	1645013875269	1645013875301	OK	 
REQUEST		jquery-ui.min.css	1645013875303	1645013875304	OK	 
REQUEST		jquery.min.js	1645013875303	1645013875304	OK	 
REQUEST		jquery-ui.theme.min.css	1645013875303	1645013875304	OK	 
REQUEST		petclinic.css	1645013875303	1645013875308	OK	 
REQUEST		favicon.png	1645013875302	1645013875309	OK	 
REQUEST		spring-pivotal-logo.png	1645013875303	1645013875309	OK	 
REQUEST		Get Add Pet	1645013875315	1645013875336	OK	 
REQUEST		jquery-ui.min.css	1645013875337	1645013875339	OK	 
REQUEST		jquery-ui.theme.min.css	1645013875338	1645013875339	OK	 
REQUEST		jquery.min.js	1645013875338	1645013875339	OK	 
REQUEST		spring-pivotal-logo.png	1645013875338	1645013875343	OK	 
REQUEST		petclinic.css	1645013875337	1645013875343	OK	 
REQUEST		favicon.png	1645013875337	1645013875343	OK	 
REQUEST		POST Add Pet	1645013875425	1645013875446	OK	 
REQUEST		jquery-ui.min.css	1645013875447	1645013875448	OK	 
REQUEST		jquery.min.js	1645013875447	1645013875449	OK	 
REQUEST		jquery-ui.theme.min.css	1645013875447	1645013875449	OK	 
REQUEST		favicon.png	1645013875447	1645013875453	OK	 
REQUEST		petclinic.css	1645013875447	1645013875453	OK	 
REQUEST		spring-pivotal-logo.png	1645013875447	1645013875454	OK	 
REQUEST		Get owners Info	1645013875449	1645013875473	OK	 
REQUEST		request_122	1645013875552	1645013875618	OK	 
REQUEST		request_122 Redirect 1	1645013875618	1645013875641	KO	status.find.is(302), but actually found 200
REQUEST		POST Add Owner	1645013875646	1645013875649	OK	 
REQUEST		POST Add Owner Redirect 1	1645013875649	1645013875658	KO	status.find.is(302), but actually found 200
REQUEST		POST Add Pet	1645013875846	1645013875869	OK	 
REQUEST		jquery-ui.theme.min.css	1645013875870	1645013875871	OK	 
REQUEST		jquery.min.js	1645013875870	1645013875872	OK	 
REQUEST		jquery-ui.min.css	1645013875870	1645013875872	OK	 
REQUEST		spring-pivotal-logo.png	1645013875870	1645013875876	OK	 
REQUEST		favicon.png	1645013875870	1645013875877	OK	 
REQUEST		petclinic.css	1645013875870	1645013875878	OK	 
REQUEST		POST Add Owner	1645013875892	1645013875896	OK	 
REQUEST		Get owners Info	1645013875871	1645013875897	OK	 
REQUEST		POST Add Owner Redirect 1	1645013875896	1645013875905	KO	status.find.is(302), but actually found 200
REQUEST		POST Add Pet	1645013875908	1645013875928	OK	 
REQUEST		jquery-ui.theme.min.css	1645013875929	1645013875930	OK	 
REQUEST		jquery-ui.min.css	1645013875929	1645013875930	OK	 
REQUEST		jquery.min.js	1645013875929	1645013875930	OK	 
REQUEST		favicon.png	1645013875929	1645013875935	OK	 
REQUEST		spring-pivotal-logo.png	1645013875929	1645013875935	OK	 
REQUEST		petclinic.css	1645013875929	1645013875935	OK	 
REQUEST		Get owners Info	1645013875930	1645013875961	OK	 
REQUEST		Get Open Edit Owner Page	1645013876108	1645013876128	OK	 
REQUEST		jquery-ui.min.css	1645013876129	1645013876130	OK	 
REQUEST		jquery.min.js	1645013876130	1645013876131	OK	 
REQUEST		jquery-ui.theme.min.css	1645013876129	1645013876131	OK	 
REQUEST		spring-pivotal-logo.png	1645013876130	1645013876135	OK	 
REQUEST		petclinic.css	1645013876129	1645013876135	OK	 
REQUEST		favicon.png	1645013876129	1645013876135	OK	 
REQUEST		request_122	1645013876234	1645013876269	OK	 
REQUEST		request_122 Redirect 1	1645013876270	1645013876293	KO	status.find.is(302), but actually found 200
REQUEST		GET Add Owner	1645013876356	1645013876359	OK	 
REQUEST		request_122	1645013876325	1645013876361	OK	 
REQUEST		jquery-ui.theme.min.css	1645013876360	1645013876361	OK	 
REQUEST		jquery-ui.min.css	1645013876360	1645013876362	OK	 
REQUEST		jquery.min.js	1645013876361	1645013876362	OK	 
REQUEST		favicon.png	1645013876360	1645013876366	OK	 
REQUEST		spring-pivotal-logo.png	1645013876361	1645013876367	OK	 
REQUEST		petclinic.css	1645013876360	1645013876367	OK	 
REQUEST		request_122 Redirect 1	1645013876361	1645013876385	KO	status.find.is(302), but actually found 200
REQUEST		Get Edit Pet Page	1645013876401	1645013876430	OK	 
REQUEST		jquery-ui.min.css	1645013876431	1645013876432	OK	 
REQUEST		jquery.min.js	1645013876431	1645013876432	OK	 
REQUEST		jquery-ui.theme.min.css	1645013876431	1645013876432	OK	 
REQUEST		petclinic.css	1645013876431	1645013876437	OK	 
REQUEST		favicon.png	1645013876431	1645013876437	OK	 
REQUEST		spring-pivotal-logo.png	1645013876431	1645013876437	OK	 
REQUEST		request_122	1645013876417	1645013876458	OK	 
REQUEST		request_122 Redirect 1	1645013876459	1645013876490	KO	status.find.is(302), but actually found 200
REQUEST		POST Update Owner	1645013876791	1645013876859	OK	 
REQUEST		request_137	1645013876838	1645013876868	OK	 
REQUEST		jquery-ui.min.css	1645013876869	1645013876871	OK	 
REQUEST		jquery.min.js	1645013876870	1645013876871	OK	 
REQUEST		jquery-ui.theme.min.css	1645013876870	1645013876871	OK	 
REQUEST		petclinic.css	1645013876869	1645013876875	OK	 
REQUEST		spring-pivotal-logo.png	1645013876870	1645013876876	OK	 
REQUEST		favicon.png	1645013876869	1645013876876	OK	 
REQUEST		POST Update Owner Redirect 1	1645013876859	1645013876884	KO	status.find.is(302), but actually found 200
REQUEST		POST Add Pet	1645013876884	1645013876904	OK	 
REQUEST		jquery-ui.theme.min.css	1645013876905	1645013876906	OK	 
REQUEST		jquery-ui.min.css	1645013876905	1645013876907	OK	 
REQUEST		jquery.min.js	1645013876905	1645013876907	OK	 
REQUEST		spring-pivotal-logo.png	1645013876905	1645013876912	OK	 
REQUEST		favicon.png	1645013876905	1645013876912	OK	 
REQUEST		petclinic.css	1645013876905	1645013876912	OK	 
REQUEST		Get owners Info	1645013876906	1645013876943	OK	 
REQUEST		POST Add Pet	1645013876900	1645013876948	OK	 
REQUEST		POST Add Pet	1645013876900	1645013876949	OK	 
REQUEST		jquery-ui.min.css	1645013876950	1645013876951	OK	 
REQUEST		jquery-ui.min.css	1645013876950	1645013876951	OK	 
REQUEST		jquery-ui.theme.min.css	1645013876950	1645013876951	OK	 
REQUEST		jquery.min.js	1645013876950	1645013876952	OK	 
REQUEST		jquery-ui.theme.min.css	1645013876950	1645013876953	OK	 
REQUEST		jquery.min.js	1645013876950	1645013876953	OK	 
REQUEST		spring-pivotal-logo.png	1645013876950	1645013876957	OK	 
REQUEST		favicon.png	1645013876949	1645013876959	OK	 
REQUEST		favicon.png	1645013876949	1645013876959	OK	 
REQUEST		spring-pivotal-logo.png	1645013876950	1645013876959	OK	 
REQUEST		petclinic.css	1645013876949	1645013876959	OK	 
REQUEST		petclinic.css	1645013876950	1645013876959	OK	 
REQUEST		Get owners Info	1645013876951	1645013876986	OK	 
REQUEST		Get owners Info	1645013876951	1645013876989	OK	 
REQUEST		Get Edit Pet Page	1645013877009	1645013877036	OK	 
REQUEST		jquery-ui.min.css	1645013877037	1645013877039	OK	 
REQUEST		jquery-ui.theme.min.css	1645013877038	1645013877039	OK	 
REQUEST		jquery.min.js	1645013877038	1645013877039	OK	 
REQUEST		spring-pivotal-logo.png	1645013877038	1645013877044	OK	 
REQUEST		petclinic.css	1645013877037	1645013877044	OK	 
REQUEST		favicon.png	1645013877037	1645013877044	OK	 
REQUEST		request_122	1645013877086	1645013877121	OK	 
REQUEST		request_122 Redirect 1	1645013877121	1645013877145	KO	status.find.is(302), but actually found 200
REQUEST		Get Edit Pet Page	1645013877293	1645013877323	OK	 
REQUEST		jquery-ui.min.css	1645013877324	1645013877325	OK	 
REQUEST		jquery.min.js	1645013877325	1645013877326	OK	 
REQUEST		jquery-ui.theme.min.css	1645013877324	1645013877326	OK	 
REQUEST		petclinic.css	1645013877324	1645013877330	OK	 
REQUEST		favicon.png	1645013877324	1645013877330	OK	 
REQUEST		spring-pivotal-logo.png	1645013877324	1645013877331	OK	 
REQUEST		Get Add Pet	1645013877385	1645013877404	OK	 
REQUEST		jquery-ui.theme.min.css	1645013877405	1645013877405	OK	 
REQUEST		jquery.min.js	1645013877405	1645013877406	OK	 
REQUEST		jquery-ui.min.css	1645013877404	1645013877406	OK	 
REQUEST		favicon.png	1645013877404	1645013877410	OK	 
REQUEST		spring-pivotal-logo.png	1645013877405	1645013877410	OK	 
REQUEST		petclinic.css	1645013877404	1645013877410	OK	 
REQUEST		POST Update Owner	1645013877417	1645013877433	OK	 
REQUEST		POST Update Owner Redirect 1	1645013877433	1645013877455	KO	status.find.is(302), but actually found 200
REQUEST		request_137	1645013877447	1645013877467	OK	 
REQUEST		jquery-ui.min.css	1645013877468	1645013877469	OK	 
REQUEST		jquery.min.js	1645013877468	1645013877469	OK	 
REQUEST		jquery-ui.theme.min.css	1645013877468	1645013877469	OK	 
REQUEST		favicon.png	1645013877468	1645013877474	OK	 
REQUEST		spring-pivotal-logo.png	1645013877468	1645013877474	OK	 
REQUEST		petclinic.css	1645013877468	1645013877474	OK	 
REQUEST		request_137	1645013877588	1645013877609	OK	 
REQUEST		jquery-ui.min.css	1645013877610	1645013877611	OK	 
REQUEST		jquery.min.js	1645013877611	1645013877612	OK	 
REQUEST		jquery-ui.theme.min.css	1645013877611	1645013877612	OK	 
REQUEST		petclinic.css	1645013877610	1645013877616	OK	 
REQUEST		favicon.png	1645013877610	1645013877616	OK	 
REQUEST		spring-pivotal-logo.png	1645013877611	1645013877618	OK	 
REQUEST		request_122	1645013877636	1645013877669	OK	 
REQUEST		request_122 Redirect 1	1645013877670	1645013877692	KO	status.find.is(302), but actually found 200
REQUEST		Get Add Pet	1645013877774	1645013877799	OK	 
REQUEST		jquery-ui.min.css	1645013877800	1645013877801	OK	 
REQUEST		jquery-ui.theme.min.css	1645013877800	1645013877801	OK	 
REQUEST		jquery.min.js	1645013877800	1645013877801	OK	 
REQUEST		favicon.png	1645013877800	1645013877806	OK	 
REQUEST		petclinic.css	1645013877800	1645013877806	OK	 
REQUEST		spring-pivotal-logo.png	1645013877800	1645013877806	OK	 
REQUEST		request_137	1645013877947	1645013877968	OK	 
REQUEST		jquery-ui.min.css	1645013877969	1645013877970	OK	 
REQUEST		jquery.min.js	1645013877969	1645013877970	OK	 
REQUEST		jquery-ui.theme.min.css	1645013877969	1645013877970	OK	 
REQUEST		favicon.png	1645013877968	1645013877974	OK	 
REQUEST		spring-pivotal-logo.png	1645013877969	1645013877975	OK	 
REQUEST		petclinic.css	1645013877969	1645013877976	OK	 
REQUEST		GET Vets List	1645013878073	1645013878091	OK	 
REQUEST		jquery-ui.theme.min.css	1645013878092	1645013878093	OK	 
REQUEST		jquery.min.js	1645013878093	1645013878094	OK	 
REQUEST		jquery-ui.min.css	1645013878092	1645013878094	OK	 
REQUEST		favicon.png	1645013878092	1645013878099	OK	 
REQUEST		spring-pivotal-logo.png	1645013878093	1645013878099	OK	 
REQUEST		petclinic.css	1645013878092	1645013878100	OK	 
REQUEST		request_122	1645013878089	1645013878123	OK	 
REQUEST		request_122 Redirect 1	1645013878123	1645013878146	KO	status.find.is(302), but actually found 200
REQUEST		request_122	1645013878493	1645013878527	OK	 
REQUEST		request_122 Redirect 1	1645013878527	1645013878551	KO	status.find.is(302), but actually found 200
REQUEST		POST Add Owner	1645013878585	1645013878596	OK	 
REQUEST		POST Add Owner Redirect 1	1645013878597	1645013878606	KO	status.find.is(302), but actually found 200
REQUEST		Get Edit Pet Page	1645013878569	1645013878608	OK	 
REQUEST		jquery-ui.theme.min.css	1645013878610	1645013878611	OK	 
REQUEST		jquery-ui.min.css	1645013878610	1645013878611	OK	 
REQUEST		jquery.min.js	1645013878610	1645013878611	OK	 
REQUEST		favicon.png	1645013878609	1645013878616	OK	 
REQUEST		petclinic.css	1645013878609	1645013878616	OK	 
REQUEST		spring-pivotal-logo.png	1645013878610	1645013878616	OK	 
REQUEST		request_122	1645013878585	1645013878636	OK	 
REQUEST		request_122 Redirect 1	1645013878636	1645013878660	KO	status.find.is(302), but actually found 200
REQUEST		request_122	1645013878678	1645013878712	OK	 
REQUEST		request_122 Redirect 1	1645013878712	1645013878739	KO	status.find.is(302), but actually found 200
REQUEST		request_137	1645013878757	1645013878777	OK	 
REQUEST		jquery-ui.theme.min.css	1645013878778	1645013878779	OK	 
REQUEST		jquery-ui.min.css	1645013878778	1645013878779	OK	 
REQUEST		jquery.min.js	1645013878778	1645013878779	OK	 
REQUEST		petclinic.css	1645013878778	1645013878784	OK	 
REQUEST		spring-pivotal-logo.png	1645013878778	1645013878784	OK	 
REQUEST		favicon.png	1645013878778	1645013878784	OK	 
REQUEST		Get Edit Pet Page	1645013878881	1645013878909	OK	 
REQUEST		jquery-ui.min.css	1645013878910	1645013878911	OK	 
REQUEST		jquery-ui.theme.min.css	1645013878910	1645013878911	OK	 
REQUEST		jquery.min.js	1645013878910	1645013878911	OK	 
REQUEST		petclinic.css	1645013878910	1645013878916	OK	 
REQUEST		favicon.png	1645013878910	1645013878916	OK	 
REQUEST		spring-pivotal-logo.png	1645013878910	1645013878916	OK	 
REQUEST		request_152	1645013878941	1645013878978	OK	 
REQUEST		request_152 Redirect 1	1645013878978	1645013879003	KO	status.find.is(302), but actually found 200
REQUEST		POST Add Pet	1645013878987	1645013879011	OK	 
REQUEST		jquery-ui.min.css	1645013879012	1645013879013	OK	 
REQUEST		jquery-ui.theme.min.css	1645013879012	1645013879013	OK	 
REQUEST		jquery.min.js	1645013879012	1645013879013	OK	 
REQUEST		spring-pivotal-logo.png	1645013879012	1645013879017	OK	 
REQUEST		petclinic.css	1645013879012	1645013879018	OK	 
REQUEST		favicon.png	1645013879012	1645013879018	OK	 
REQUEST		Get owners Info	1645013879013	1645013879037	OK	 
REQUEST		request_152	1645013879050	1645013879064	OK	 
REQUEST		request_152 Redirect 1	1645013879064	1645013879093	KO	status.find.is(302), but actually found 200
REQUEST		request_152	1645013879143	1645013879174	OK	 
REQUEST		request_152	1645013879158	1645013879175	OK	 
REQUEST		request_152 Redirect 1	1645013879174	1645013879207	KO	status.find.is(302), but actually found 200
REQUEST		request_152 Redirect 1	1645013879175	1645013879211	KO	status.find.is(302), but actually found 200
REQUEST		request_137	1645013879313	1645013879337	OK	 
REQUEST		jquery-ui.min.css	1645013879338	1645013879339	OK	 
REQUEST		jquery-ui.theme.min.css	1645013879338	1645013879339	OK	 
REQUEST		jquery.min.js	1645013879338	1645013879339	OK	 
REQUEST		favicon.png	1645013879338	1645013879343	OK	 
REQUEST		petclinic.css	1645013879338	1645013879343	OK	 
REQUEST		spring-pivotal-logo.png	1645013879338	1645013879343	OK	 
REQUEST		POST Add Pet	1645013879533	1645013879555	OK	 
REQUEST		jquery-ui.min.css	1645013879556	1645013879557	OK	 
REQUEST		jquery-ui.theme.min.css	1645013879556	1645013879557	OK	 
REQUEST		jquery.min.js	1645013879556	1645013879557	OK	 
REQUEST		favicon.png	1645013879556	1645013879562	OK	 
REQUEST		spring-pivotal-logo.png	1645013879556	1645013879563	OK	 
REQUEST		petclinic.css	1645013879556	1645013879563	OK	 
REQUEST		Get owners Info	1645013879557	1645013879590	OK	 
REQUEST		Get Edit Pet Page	1645013879565	1645013879598	OK	 
REQUEST		jquery-ui.min.css	1645013879599	1645013879600	OK	 
REQUEST		jquery-ui.theme.min.css	1645013879599	1645013879600	OK	 
REQUEST		jquery.min.js	1645013879599	1645013879600	OK	 
REQUEST		petclinic.css	1645013879599	1645013879605	OK	 
REQUEST		spring-pivotal-logo.png	1645013879599	1645013879605	OK	 
REQUEST		favicon.png	1645013879599	1645013879605	OK	 
REQUEST		GET Vets List	1645013879797	1645013879801	OK	 
REQUEST		jquery.min.js	1645013879802	1645013879803	OK	 
REQUEST		jquery-ui.theme.min.css	1645013879802	1645013879803	OK	 
REQUEST		jquery-ui.min.css	1645013879802	1645013879804	OK	 
REQUEST		petclinic.css	1645013879802	1645013879808	OK	 
REQUEST		spring-pivotal-logo.png	1645013879802	1645013879808	OK	 
REQUEST		favicon.png	1645013879802	1645013879808	OK	 
REQUEST		request_122	1645013879797	1645013879835	OK	 
REQUEST		request_122 Redirect 1	1645013879835	1645013879860	KO	status.find.is(302), but actually found 200
REQUEST		Get Edit Pet Page	1645013879891	1645013879926	OK	 
REQUEST		jquery-ui.theme.min.css	1645013879927	1645013879928	OK	 
REQUEST		jquery.min.js	1645013879927	1645013879928	OK	 
REQUEST		jquery-ui.min.css	1645013879927	1645013879928	OK	 
REQUEST		petclinic.css	1645013879927	1645013879933	OK	 
REQUEST		spring-pivotal-logo.png	1645013879927	1645013879933	OK	 
REQUEST		favicon.png	1645013879927	1645013879933	OK	 
REQUEST		request_137	1645013880081	1645013880104	OK	 
REQUEST		jquery-ui.min.css	1645013880105	1645013880106	OK	 
REQUEST		jquery.min.js	1645013880105	1645013880106	OK	 
REQUEST		jquery-ui.theme.min.css	1645013880105	1645013880106	OK	 
REQUEST		spring-pivotal-logo.png	1645013880105	1645013880110	OK	 
REQUEST		favicon.png	1645013880104	1645013880111	OK	 
REQUEST		petclinic.css	1645013880105	1645013880112	OK	 
REQUEST		request_137	1645013880330	1645013880352	OK	 
REQUEST		jquery-ui.min.css	1645013880352	1645013880353	OK	 
REQUEST		jquery.min.js	1645013880353	1645013880354	OK	 
REQUEST		jquery-ui.theme.min.css	1645013880352	1645013880354	OK	 
REQUEST		favicon.png	1645013880352	1645013880358	OK	 
REQUEST		petclinic.css	1645013880352	1645013880358	OK	 
REQUEST		spring-pivotal-logo.png	1645013880353	1645013880358	OK	 
REQUEST		request_122	1645013880393	1645013880428	OK	 
REQUEST		request_122 Redirect 1	1645013880428	1645013880452	KO	status.find.is(302), but actually found 200
REQUEST		Get Edit Pet Page	1645013880504	1645013880532	OK	 
REQUEST		jquery.min.js	1645013880533	1645013880534	OK	 
REQUEST		jquery-ui.theme.min.css	1645013880533	1645013880534	OK	 
REQUEST		jquery-ui.min.css	1645013880533	1645013880534	OK	 
REQUEST		favicon.png	1645013880532	1645013880538	OK	 
REQUEST		petclinic.css	1645013880533	1645013880538	OK	 
REQUEST		spring-pivotal-logo.png	1645013880533	1645013880538	OK	 
REQUEST		Get Add Pet	1645013880610	1645013880630	OK	 
REQUEST		jquery.min.js	1645013880631	1645013880632	OK	 
REQUEST		jquery-ui.theme.min.css	1645013880631	1645013880632	OK	 
REQUEST		jquery-ui.min.css	1645013880631	1645013880632	OK	 
REQUEST		petclinic.css	1645013880631	1645013880637	OK	 
REQUEST		favicon.png	1645013880631	1645013880637	OK	 
REQUEST		spring-pivotal-logo.png	1645013880631	1645013880637	OK	 
REQUEST		request_137	1645013880658	1645013880734	OK	 
REQUEST		jquery-ui.min.css	1645013880736	1645013880738	OK	 
REQUEST		jquery-ui.theme.min.css	1645013880736	1645013880738	OK	 
REQUEST		jquery.min.js	1645013880736	1645013880738	OK	 
REQUEST		spring-pivotal-logo.png	1645013880736	1645013880746	OK	 
REQUEST		favicon.png	1645013880735	1645013880746	OK	 
REQUEST		petclinic.css	1645013880735	1645013880746	OK	 
USER	RecordedSimulation2	END	1645013880800
REQUEST		request_137	1645013880813	1645013880832	OK	 
REQUEST		jquery-ui.min.css	1645013880833	1645013880834	OK	 
REQUEST		jquery.min.js	1645013880833	1645013880834	OK	 
REQUEST		jquery-ui.theme.min.css	1645013880833	1645013880834	OK	 
REQUEST		favicon.png	1645013880832	1645013880838	OK	 
REQUEST		spring-pivotal-logo.png	1645013880833	1645013880838	OK	 
REQUEST		petclinic.css	1645013880833	1645013880838	OK	 
USER	RecordedSimulation2	END	1645013880863
USER	RecordedSimulation2	END	1645013880954
USER	RecordedSimulation2	END	1645013880967
REQUEST		request_137	1645013880952	1645013880980	OK	 
REQUEST		jquery-ui.theme.min.css	1645013880982	1645013880982	OK	 
REQUEST		jquery-ui.min.css	1645013880981	1645013880983	OK	 
REQUEST		jquery.min.js	1645013880982	1645013880983	OK	 
REQUEST		petclinic.css	1645013880981	1645013880987	OK	 
REQUEST		spring-pivotal-logo.png	1645013880982	1645013880987	OK	 
REQUEST		favicon.png	1645013880981	1645013880987	OK	 
REQUEST		request_122	1645013881059	1645013881097	OK	 
REQUEST		request_122 Redirect 1	1645013881097	1645013881124	KO	status.find.is(302), but actually found 200
REQUEST		request_152	1645013881371	1645013881384	OK	 
REQUEST		request_152 Redirect 1	1645013881385	1645013881404	KO	status.find.is(302), but actually found 200
REQUEST		request_152	1645013881528	1645013881542	OK	 
USER	RecordedSimulation2	END	1645013881559
REQUEST		request_152 Redirect 1	1645013881543	1645013881562	KO	status.find.is(302), but actually found 200
REQUEST		request_137	1645013881574	1645013881591	OK	 
REQUEST		jquery-ui.theme.min.css	1645013881592	1645013881593	OK	 
REQUEST		jquery-ui.min.css	1645013881592	1645013881594	OK	 
REQUEST		jquery.min.js	1645013881593	1645013881594	OK	 
REQUEST		spring-pivotal-logo.png	1645013881593	1645013881599	OK	 
REQUEST		favicon.png	1645013881592	1645013881599	OK	 
REQUEST		petclinic.css	1645013881592	1645013881599	OK	 
REQUEST		request_152	1645013881606	1645013881619	OK	 
USER	RecordedSimulation2	END	1645013881638
REQUEST		request_152 Redirect 1	1645013881619	1645013881639	KO	status.find.is(302), but actually found 200
REQUEST		request_152	1645013881762	1645013881775	OK	 
REQUEST		request_152 Redirect 1	1645013881776	1645013881795	KO	status.find.is(302), but actually found 200
REQUEST		request_152	1645013882043	1645013882062	OK	 
REQUEST		request_122	1645013882028	1645013882079	OK	 
REQUEST		request_152 Redirect 1	1645013882062	1645013882096	KO	status.find.is(302), but actually found 200
REQUEST		request_122 Redirect 1	1645013882079	1645013882103	KO	status.find.is(302), but actually found 200
REQUEST		Get Edit Pet Page	1645013882120	1645013882148	OK	 
REQUEST		jquery-ui.theme.min.css	1645013882149	1645013882150	OK	 
REQUEST		jquery-ui.min.css	1645013882149	1645013882150	OK	 
REQUEST		jquery.min.js	1645013882149	1645013882150	OK	 
REQUEST		petclinic.css	1645013882148	1645013882154	OK	 
REQUEST		spring-pivotal-logo.png	1645013882149	1645013882154	OK	 
REQUEST		favicon.png	1645013882148	1645013882155	OK	 
REQUEST		request_137	1645013882167	1645013882184	OK	 
REQUEST		jquery-ui.theme.min.css	1645013882185	1645013882186	OK	 
REQUEST		jquery-ui.min.css	1645013882185	1645013882186	OK	 
REQUEST		jquery.min.js	1645013882185	1645013882186	OK	 
REQUEST		petclinic.css	1645013882185	1645013882191	OK	 
REQUEST		spring-pivotal-logo.png	1645013882185	1645013882191	OK	 
REQUEST		favicon.png	1645013882185	1645013882191	OK	 
REQUEST		request_137	1645013882370	1645013882388	OK	 
REQUEST		jquery-ui.min.css	1645013882389	1645013882390	OK	 
REQUEST		jquery.min.js	1645013882389	1645013882390	OK	 
REQUEST		jquery-ui.theme.min.css	1645013882389	1645013882390	OK	 
REQUEST		petclinic.css	1645013882389	1645013882394	OK	 
REQUEST		spring-pivotal-logo.png	1645013882389	1645013882395	OK	 
REQUEST		favicon.png	1645013882389	1645013882395	OK	 
REQUEST		POST Add Pet	1645013882972	1645013883002	OK	 
REQUEST		jquery-ui.theme.min.css	1645013883003	1645013883004	OK	 
REQUEST		jquery-ui.min.css	1645013883003	1645013883004	OK	 
REQUEST		jquery.min.js	1645013883003	1645013883004	OK	 
REQUEST		favicon.png	1645013883003	1645013883008	OK	 
REQUEST		spring-pivotal-logo.png	1645013883003	1645013883008	OK	 
REQUEST		petclinic.css	1645013883003	1645013883009	OK	 
REQUEST		Get owners Info	1645013883004	1645013883024	OK	 
REQUEST		request_122	1645013883314	1645013883348	OK	 
REQUEST		request_122 Redirect 1	1645013883349	1645013883368	KO	status.find.is(302), but actually found 200
REQUEST		request_152	1645013883423	1645013883437	OK	 
REQUEST		request_152 Redirect 1	1645013883437	1645013883457	KO	status.find.is(302), but actually found 200
USER	RecordedSimulation2	END	1645013883517
REQUEST		request_122	1645013883516	1645013883551	OK	 
REQUEST		request_152	1645013883547	1645013883571	OK	 
REQUEST		request_122 Redirect 1	1645013883551	1645013883593	KO	status.find.is(302), but actually found 200
REQUEST		request_152 Redirect 1	1645013883571	1645013883599	KO	status.find.is(302), but actually found 200
REQUEST		request_152	1645013883750	1645013883764	OK	 
REQUEST		request_152 Redirect 1	1645013883764	1645013883784	KO	status.find.is(302), but actually found 200
REQUEST		request_152	1645013883937	1645013883953	OK	 
REQUEST		request_152 Redirect 1	1645013883953	1645013883973	KO	status.find.is(302), but actually found 200
USER	RecordedSimulation2	END	1645013883985
USER	RecordedSimulation2	END	1645013884062
REQUEST		request_152	1645013884062	1645013884077	OK	 
USER	RecordedSimulation2	END	1645013884077
REQUEST		request_152 Redirect 1	1645013884077	1645013884098	KO	status.find.is(302), but actually found 200
REQUEST		request_137	1645013884293	1645013884312	OK	 
REQUEST		jquery-ui.min.css	1645013884312	1645013884313	OK	 
REQUEST		jquery-ui.theme.min.css	1645013884312	1645013884313	OK	 
REQUEST		jquery.min.js	1645013884313	1645013884313	OK	 
REQUEST		favicon.png	1645013884312	1645013884317	OK	 
REQUEST		spring-pivotal-logo.png	1645013884313	1645013884317	OK	 
REQUEST		petclinic.css	1645013884312	1645013884318	OK	 
USER	RecordedSimulation2	END	1645013884587
USER	RecordedSimulation2	END	1645013884649
USER	RecordedSimulation2	END	1645013884711
REQUEST		Get Edit Pet Page	1645013884756	1645013884784	OK	 
REQUEST		jquery-ui.min.css	1645013884784	1645013884785	OK	 
REQUEST		jquery-ui.theme.min.css	1645013884784	1645013884785	OK	 
REQUEST		jquery.min.js	1645013884785	1645013884785	OK	 
REQUEST		favicon.png	1645013884784	1645013884790	OK	 
REQUEST		petclinic.css	1645013884784	1645013884791	OK	 
REQUEST		spring-pivotal-logo.png	1645013884784	1645013884791	OK	 
REQUEST		request_137	1645013885149	1645013885177	OK	 
REQUEST		jquery.min.js	1645013885178	1645013885179	OK	 
REQUEST		jquery-ui.theme.min.css	1645013885178	1645013885179	OK	 
REQUEST		jquery-ui.min.css	1645013885178	1645013885179	OK	 
REQUEST		petclinic.css	1645013885178	1645013885184	OK	 
REQUEST		favicon.png	1645013885178	1645013885184	OK	 
REQUEST		spring-pivotal-logo.png	1645013885178	1645013885184	OK	 
USER	RecordedSimulation2	END	1645013885451
USER	RecordedSimulation2	END	1645013885466
REQUEST		request_137	1645013885744	1645013885763	OK	 
REQUEST		jquery-ui.theme.min.css	1645013885764	1645013885764	OK	 
REQUEST		jquery-ui.min.css	1645013885764	1645013885765	OK	 
REQUEST		jquery.min.js	1645013885764	1645013885765	OK	 
REQUEST		petclinic.css	1645013885764	1645013885769	OK	 
REQUEST		favicon.png	1645013885764	1645013885769	OK	 
REQUEST		spring-pivotal-logo.png	1645013885764	1645013885769	OK	 
USER	RecordedSimulation2	END	1645013885885
REQUEST		request_152	1645013885900	1645013885914	OK	 
REQUEST		request_152 Redirect 1	1645013885914	1645013885942	KO	status.find.is(302), but actually found 200
REQUEST		request_122	1645013886289	1645013886324	OK	 
REQUEST		request_122 Redirect 1	1645013886325	1645013886346	KO	status.find.is(302), but actually found 200
REQUEST		request_152	1645013887227	1645013887243	OK	 
REQUEST		request_152 Redirect 1	1645013887243	1645013887263	KO	status.find.is(302), but actually found 200
REQUEST		request_152	1645013887678	1645013887696	OK	 
REQUEST		request_152 Redirect 1	1645013887696	1645013887717	KO	status.find.is(302), but actually found 200
USER	RecordedSimulation2	END	1645013888457
REQUEST		request_137	1645013888596	1645013888615	OK	 
REQUEST		jquery-ui.theme.min.css	1645013888616	1645013888617	OK	 
REQUEST		jquery.min.js	1645013888616	1645013888617	OK	 
REQUEST		jquery-ui.min.css	1645013888616	1645013888617	OK	 
REQUEST		petclinic.css	1645013888616	1645013888621	OK	 
REQUEST		favicon.png	1645013888616	1645013888621	OK	 
REQUEST		spring-pivotal-logo.png	1645013888616	1645013888621	OK	 
USER	RecordedSimulation2	END	1645013889016
USER	RecordedSimulation2	END	1645013889250
REQUEST		request_152	1645013889813	1645013889827	OK	 
REQUEST		request_152 Redirect 1	1645013889827	1645013889849	KO	status.find.is(302), but actually found 200
USER	RecordedSimulation2	END	1645013892003
