RUN	com.gatling.tests.ComputerDB	computerdb	1646851835576	 	3.7.4
USER	ComputerDB	START	1646851842272
USER	ComputerDB	START	1646851842285
REQUEST		Opening computers page	1646851842302	1646851842795	OK	 
REQUEST		Opening computers page	1646851842302	1646851842854	OK	 
USER	ComputerDB	START	1646851844267
REQUEST		Opening new computers page	1646851844635	1646851844758	OK	 
REQUEST		Opening computers page	1646851844268	1646851844762	OK	 
REQUEST		Opening new computers page	1646851845360	1646851845484	OK	 
USER	ComputerDB	START	1646851846272
REQUEST		Opening computers page	1646851846273	1646851846768	OK	 
REQUEST		Sending new computer info	1646851847257	1646851847391	OK	 
REQUEST		Sending new computer info Redirect 1	1646851847402	1646851847537	OK	 
REQUEST		Opening new computers page	1646851847710	1646851847832	OK	 
REQUEST		Sending new computer info	1646851847726	1646851847876	OK	 
REQUEST		Sending new computer info Redirect 1	1646851847877	1646851848009	OK	 
USER	ComputerDB	START	1646851848273
REQUEST		Opening new computers page	1646851848415	1646851848543	OK	 
REQUEST		Opening computers page	1646851848274	1646851848785	OK	 
REQUEST		Searching for new record	1646851849005	1646851849128	OK	 
REQUEST		Sending new computer info	1646851849526	1646851849653	OK	 
REQUEST		Sending new computer info Redirect 1	1646851849653	1646851849780	OK	 
USER	ComputerDB	START	1646851850281
REQUEST		Opening computers page	1646851850282	1646851850796	OK	 
REQUEST		Searching for new record	1646851850910	1646851851048	OK	 
REQUEST		Sending new computer info	1646851850988	1646851851109	OK	 
REQUEST		Sending new computer info Redirect 1	1646851851109	1646851851232	OK	 
REQUEST		Opening new computers page	1646851851392	1646851851523	OK	 
REQUEST		Get single record	1646851851520	1646851851657	OK	 
USER	ComputerDB	START	1646851852274
REQUEST		Searching for new record	1646851852431	1646851852567	OK	 
REQUEST		Opening computers page	1646851852275	1646851852790	OK	 
REQUEST		Opening new computers page	1646851852710	1646851852834	OK	 
REQUEST		Searching for new record	1646851853102	1646851853232	OK	 
USER	ComputerDB	START	1646851853272
REQUEST		Edit record	1646851853334	1646851853467	OK	 
USER	ComputerDB	END	1646851853470
REQUEST		Get single record	1646851853538	1646851853675	OK	 
REQUEST		Opening computers page	1646851853273	1646851853811	OK	 
USER	ComputerDB	START	1646851854274
REQUEST		Sending new computer info	1646851854180	1646851854302	OK	 
REQUEST		Opening new computers page	1646851854196	1646851854320	OK	 
REQUEST		Sending new computer info	1646851854258	1646851854383	OK	 
REQUEST		Sending new computer info Redirect 1	1646851854303	1646851854425	OK	 
REQUEST		Sending new computer info Redirect 1	1646851854383	1646851854511	OK	 
REQUEST		Opening computers page	1646851854275	1646851854765	OK	 
REQUEST		Get single record	1646851854754	1646851854886	OK	 
USER	ComputerDB	START	1646851855270
REQUEST		Get single record	1646851855624	1646851855777	OK	 
REQUEST		Opening computers page	1646851855271	1646851855787	OK	 
REQUEST		Searching for new record	1646851856069	1646851856190	OK	 
REQUEST		Searching for new record	1646851856100	1646851856256	OK	 
USER	ComputerDB	START	1646851856282
REQUEST		Edit record	1646851856342	1646851856477	OK	 
USER	ComputerDB	END	1646851856479
REQUEST		Opening computers page	1646851856283	1646851856781	OK	 
REQUEST		Opening new computers page	1646851856657	1646851856791	OK	 
REQUEST		Opening new computers page	1646851856753	1646851856896	OK	 
USER	ComputerDB	START	1646851857268
REQUEST		Get single record	1646851857299	1646851857424	OK	 
REQUEST		Sending new computer info	1646851857315	1646851857438	OK	 
REQUEST		Sending new computer info Redirect 1	1646851857439	1646851857560	OK	 
REQUEST		Edit record	1646851857512	1646851857633	OK	 
USER	ComputerDB	END	1646851857634
REQUEST		Get single record	1646851857575	1646851857701	OK	 
REQUEST		Edit record	1646851857605	1646851857733	OK	 
USER	ComputerDB	END	1646851857734
REQUEST		Opening computers page	1646851857268	1646851857763	OK	 
REQUEST		Sending new computer info	1646851858101	1646851858222	OK	 
REQUEST		Sending new computer info	1646851858161	1646851858276	OK	 
REQUEST		Opening new computers page	1646851858161	1646851858279	OK	 
USER	ComputerDB	START	1646851858283
REQUEST		Sending new computer info Redirect 1	1646851858223	1646851858346	OK	 
REQUEST		Sending new computer info Redirect 1	1646851858277	1646851858399	OK	 
REQUEST		Opening new computers page	1646851858283	1646851858406	OK	 
REQUEST		Opening computers page	1646851858284	1646851858788	OK	 
REQUEST		Edit record	1646851858970	1646851859095	OK	 
USER	ComputerDB	END	1646851859096
REQUEST		Searching for new record	1646851859140	1646851859266	OK	 
REQUEST		Edit record	1646851859155	1646851859277	OK	 
USER	ComputerDB	START	1646851859278
USER	ComputerDB	END	1646851859279
REQUEST		Opening new computers page	1646851859628	1646851859752	OK	 
REQUEST		Opening computers page	1646851859278	1646851859777	OK	 
USER	ComputerDB	START	1646851860286
REQUEST		Sending new computer info	1646851860268	1646851860399	OK	 
REQUEST		Searching for new record	1646851860284	1646851860414	OK	 
REQUEST		Sending new computer info Redirect 1	1646851860400	1646851860531	OK	 
REQUEST		Get single record	1646851860566	1646851860704	OK	 
REQUEST		Opening new computers page	1646851860348	1646851861046	OK	 
USER	ComputerDB	START	1646851861280
REQUEST		Sending new computer info	1646851861154	1646851861296	OK	 
REQUEST		Searching for new record	1646851861200	1646851861368	OK	 
REQUEST		Sending new computer info Redirect 1	1646851861297	1646851861418	OK	 
REQUEST		Searching for new record	1646851861575	1646851861693	OK	 
REQUEST		Opening new computers page	1646851861139	1646851861738	OK	 
REQUEST		Opening computers page	1646851861281	1646851861829	OK	 
REQUEST		Get single record	1646851861762	1646851861883	OK	 
REQUEST		Opening computers page	1646851860287	1646851861983	OK	 
REQUEST		Sending new computer info	1646851862241	1646851862392	OK	 
REQUEST		Sending new computer info Redirect 1	1646851862393	1646851862521	OK	 
REQUEST		Edit record	1646851862491	1646851862648	OK	 
USER	ComputerDB	END	1646851862650
REQUEST		Get single record	1646851862566	1646851862704	OK	 
REQUEST		Sending new computer info	1646851863273	1646851863394	OK	 
REQUEST		Sending new computer info Redirect 1	1646851863394	1646851863562	OK	 
REQUEST		Edit record	1646851863257	1646851863728	OK	 
REQUEST		Get single record	1646851863591	1646851863728	OK	 
USER	ComputerDB	END	1646851863729
REQUEST		Sending new computer info	1646851863905	1646851864042	OK	 
REQUEST		Sending new computer info Redirect 1	1646851864042	1646851864171	OK	 
REQUEST		Searching for new record	1646851864045	1646851864171	OK	 
REQUEST		Opening new computers page	1646851863968	1646851864173	OK	 
REQUEST		Opening new computers page	1646851864279	1646851864456	OK	 
REQUEST		Edit record	1646851864341	1646851864499	OK	 
USER	ComputerDB	END	1646851864503
REQUEST		Edit record	1646851865041	1646851865239	OK	 
REQUEST		Searching for new record	1646851865102	1646851865239	OK	 
REQUEST		Searching for new record	1646851865025	1646851865239	OK	 
USER	ComputerDB	END	1646851865240
REQUEST		Sending new computer info	1646851865710	1646851865911	OK	 
REQUEST		Sending new computer info Redirect 1	1646851865911	1646851866054	OK	 
REQUEST		Searching for new record	1646851866102	1646851866300	OK	 
REQUEST		Get single record	1646851866440	1646851866631	OK	 
REQUEST		Sending new computer info	1646851866581	1646851866785	OK	 
REQUEST		Sending new computer info Redirect 1	1646851866785	1646851866914	OK	 
REQUEST		Get single record	1646851867725	1646851867860	OK	 
REQUEST		Edit record	1646851868065	1646851868197	OK	 
USER	ComputerDB	END	1646851868198
REQUEST		Get single record	1646851868080	1646851868217	OK	 
REQUEST		Searching for new record	1646851868941	1646851869087	OK	 
REQUEST		Searching for new record	1646851868956	1646851869087	OK	 
REQUEST		Edit record	1646851868956	1646851869097	OK	 
USER	ComputerDB	END	1646851869098
REQUEST		Get single record	1646851869296	1646851869423	OK	 
REQUEST		Edit record	1646851870238	1646851870379	OK	 
USER	ComputerDB	END	1646851870380
REQUEST		Edit record	1646851870568	1646851870796	OK	 
USER	ComputerDB	END	1646851870797
REQUEST		Get single record	1646851871168	1646851871390	OK	 
REQUEST		Get single record	1646851871950	1646851872161	OK	 
REQUEST		Edit record	1646851873684	1646851873805	OK	 
USER	ComputerDB	END	1646851873806
REQUEST		Edit record	1646851874663	1646851874792	OK	 
USER	ComputerDB	END	1646851874793
