RUN	com.gatling.tests.ComputerDB	computerdb	1645534739040	 	3.7.4
USER	ComputerDB	START	1645534740227
USER	ComputerDB	START	1645534740227
USER	ComputerDB	START	1645534740227
REQUEST		Opening computers page	1645534740250	1645534740703	OK	 
REQUEST		Opening computers page	1645534740251	1645534740738	OK	 
REQUEST		Opening computers page	1645534740250	1645534740746	OK	 
REQUEST		Opening new computers page	1645534742067	1645534742189	OK	 
REQUEST		Opening new computers page	1645534742862	1645534742990	OK	 
REQUEST		Opening new computers page	1645534743345	1645534743465	OK	 
REQUEST		Sending new computer info	1645534744426	1645534744549	OK	 
REQUEST		Sending new computer info Redirect 1	1645534744558	1645534744681	OK	 
REQUEST		Sending new computer info	1645534745362	1645534745526	OK	 
REQUEST		Sending new computer info Redirect 1	1645534745526	1645534745640	OK	 
REQUEST		Sending new computer info	1645534745690	1645534745814	OK	 
REQUEST		Sending new computer info Redirect 1	1645534745816	1645534745935	OK	 
REQUEST		Searching for new record	1645534746001	1645534746124	OK	 
REQUEST		Searching for new record	1645534746955	1645534747073	OK	 
REQUEST		Searching for new record	1645534747398	1645534747566	OK	 
REQUEST		Get single record	1645534747461	1645534747682	KO	status.find.in([200, 209], 304), found 404
REQUEST		Get single record	1645534748903	1645534749109	KO	status.find.in([200, 209], 304), found 404
REQUEST		Get single record	1645534749138	1645534749323	KO	status.find.in([200, 209], 304), found 404
REQUEST		Delete record	1645534749531	1645534749654	KO	status.find.in([200, 209], 304), found 404
USER	ComputerDB	END	1645534749657
REQUEST		Delete record	1645534751246	1645534751982	KO	status.find.in([200, 209], 304), found 404
REQUEST		Delete record	1645534751646	1645534751982	KO	status.find.in([200, 209], 304), found 404
USER	ComputerDB	END	1645534751983
USER	ComputerDB	END	1645534751983
