RUN	com.gatling.tests.ComputerDB	computerdb	1645525666163	 	3.7.4
USER	ComputerDB	START	1645525667322
USER	ComputerDB	START	1645525667322
USER	ComputerDB	START	1645525667322
REQUEST		Opening computers page	1645525667344	1645525667797	OK	 
REQUEST		Opening computers page	1645525667344	1645525667798	OK	 
REQUEST		Opening computers page	1645525667344	1645525667834	OK	 
REQUEST		Opening new computers page	1645525669886	1645525670000	OK	 
REQUEST		Opening new computers page	1645525669886	1645525670000	OK	 
REQUEST		Opening new computers page	1645525669886	1645525670009	OK	 
REQUEST		Sending new computer info	1645525721012	1645525721132	OK	 
REQUEST		Sending new computer info	1645525721012	1645525721132	OK	 
REQUEST		Sending new computer info	1645525721024	1645525721147	OK	 
REQUEST		Sending new computer info Redirect 1	1645525721147	1645525721260	OK	 
REQUEST		Sending new computer info Redirect 1	1645525721147	1645525721261	OK	 
REQUEST		Sending new computer info Redirect 1	1645525721147	1645525721274	OK	 
REQUEST		Searching 3for new record	1645525734278	1645525734398	OK	 
REQUEST		Searching 3for new record	1645525734278	1645525734398	OK	 
REQUEST		Searching 3for new record	1645525734278	1645525734400	OK	 
USER	ComputerDB	END	1645525734401
USER	ComputerDB	END	1645525734401
USER	ComputerDB	END	1645525734401
