RUN	com.gatling.tests.ComputerDB	computerdb	1645538646217	test	3.7.4
USER	ComputerDB	START	1645538647165
REQUEST		Opening computers page	1645538647192	1645538647661	OK	 
REQUEST		Opening new computers page	1645538649936	1645538650054	OK	 
REQUEST		Sending new computer info	1645538652586	1645538652707	OK	 
REQUEST		Sending new computer info Redirect 1	1645538652717	1645538652837	OK	 
REQUEST		Searching for new record	1645538655511	1645538655630	OK	 
REQUEST		Get single record	1645538658316	1645538658437	OK	 
REQUEST		Edit record	1645538659598	1645538659716	OK	 
REQUEST		Opening computers page	1645538659721	1645538659839	OK	 
REQUEST		Opening new computers page	1645538660850	1645538660969	OK	 
REQUEST		Sending new computer info	1645538663483	1645538663601	OK	 
REQUEST		Sending new computer info Redirect 1	1645538663602	1645538663724	OK	 
REQUEST		Searching for new record	1645538665542	1645538665660	OK	 
REQUEST		Get single record	1645538668289	1645538668412	OK	 
REQUEST		Edit record	1645538670336	1645538670454	OK	 
REQUEST		Opening computers page	1645538670455	1645538670575	OK	 
REQUEST		Opening new computers page	1645538673050	1645538673168	OK	 
REQUEST		Sending new computer info	1645538675854	1645538675973	OK	 
REQUEST		Sending new computer info Redirect 1	1645538675974	1645538676092	OK	 
REQUEST		Searching for new record	1645538677996	1645538678160	OK	 
REQUEST		Get single record	1645538680470	1645538680588	OK	 
REQUEST		Edit record	1645538682352	1645538682471	OK	 
REQUEST		Opening computers page	1645538682473	1645538682590	OK	 
REQUEST		Opening new computers page	1645538684553	1645538684671	OK	 
REQUEST		Sending new computer info	1645538686217	1645538686340	OK	 
REQUEST		Sending new computer info Redirect 1	1645538686342	1645538686460	OK	 
REQUEST		Searching for new record	1645538687596	1645538687713	OK	 
REQUEST		Get single record	1645538689616	1645538689735	OK	 
REQUEST		Edit record	1645538691431	1645538691550	OK	 
USER	ComputerDB	END	1645538691556
