RUN	demoPetClinic.RecordedSimulation2	recordedsimulation2	1645381421226	 	3.7.4
USER	RecordedSimulation2	START	1645381422004
REQUEST		Open Home Page	1645381422030	1645381422043	KO	j.n.ConnectException: Connection refused: no further information
USER	RecordedSimulation2	START	1645381422107
REQUEST		Open Home Page	1645381422107	1645381422110	KO	j.n.ConnectException: Connection refused: no further information
USER	RecordedSimulation2	START	1645381422184
REQUEST		Open Home Page	1645381422185	1645381422188	KO	j.n.ConnectException: Connection refused: no further information
USER	RecordedSimulation2	START	1645381422278
REQUEST		Open Home Page	1645381422279	1645381422281	KO	j.n.ConnectException: Connection refused: no further information
USER	RecordedSimulation2	START	1645381422373
REQUEST		Open Home Page	1645381422374	1645381422376	KO	j.n.ConnectException: Connection refused: no further information
USER	RecordedSimulation2	START	1645381422467
REQUEST		Open Home Page	1645381422467	1645381422469	KO	j.n.ConnectException: Connection refused: no further information
USER	RecordedSimulation2	START	1645381422562
REQUEST		Open Home Page	1645381422564	1645381422567	KO	j.n.ConnectException: Connection refused: no further information
USER	RecordedSimulation2	START	1645381422641
REQUEST		Open Home Page	1645381422642	1645381422644	KO	j.n.ConnectException: Connection refused: no further information
USER	RecordedSimulation2	START	1645381422735
REQUEST		Open Home Page	1645381422736	1645381422738	KO	j.n.ConnectException: Connection refused: no further information
USER	RecordedSimulation2	START	1645381422828
REQUEST		Open Home Page	1645381422829	1645381422831	KO	j.n.ConnectException: Connection refused: no further information
USER	RecordedSimulation2	START	1645381422921
REQUEST		Open Home Page	1645381422922	1645381422924	KO	j.n.ConnectException: Connection refused: no further information
USER	RecordedSimulation2	START	1645381423001
REQUEST		Open Home Page	1645381423001	1645381423003	KO	j.n.ConnectException: Connection refused: no further information
REQUEST		GET Find Owners Page	1645381423436	1645381423439	KO	j.n.ConnectException: Connection refused: no further information
REQUEST		GET Find Owners Page	1645381423592	1645381423593	KO	j.n.ConnectException: Connection refused: no further information
REQUEST		GET Find Owners Page	1645381423887	1645381423891	KO	j.n.ConnectException: Connection refused: no further information
USER	RecordedSimulation2	START	1645381424013
REQUEST		Open Home Page	1645381424014	1645381424016	KO	j.n.ConnectException: Connection refused: no further information
REQUEST		GET Find Owners Page	1645381424075	1645381424076	KO	j.n.ConnectException: Connection refused: no further information
REQUEST		GET Find Owners Page	1645381424308	1645381424310	KO	j.n.ConnectException: Connection refused: no further information
REQUEST		GET Find Owners Page	1645381424603	1645381424604	KO	j.n.ConnectException: Connection refused: no further information
REQUEST		GET Find Owners Page	1645381424760	1645381424764	KO	j.n.ConnectException: Connection refused: no further information
REQUEST		GET Find Owners Page	1645381424868	1645381424870	KO	j.n.ConnectException: Connection refused: no further information
REQUEST		GET Find Owners Page	1645381425009	1645381425013	KO	j.n.ConnectException: Connection refused: no further information
USER	RecordedSimulation2	START	1645381425025
REQUEST		Open Home Page	1645381425025	1645381425027	KO	j.n.ConnectException: Connection refused: no further information
REQUEST		GET Find Owners Page	1645381425039	1645381425041	KO	j.n.ConnectException: Connection refused: no further information
REQUEST		GET Find Owners Page	1645381425164	1645381425166	KO	j.n.ConnectException: Connection refused: no further information
REQUEST		GET Find Owners Page	1645381425227	1645381425228	KO	j.n.ConnectException: Connection refused: no further information
REQUEST		GET Add Owner	1645381425367	1645381425369	KO	j.n.ConnectException: Connection refused: no further information
REQUEST		GET Add Owner	1645381425600	1645381425602	KO	j.n.ConnectException: Connection refused: no further information
REQUEST		GET Add Owner	1645381425646	1645381425647	KO	j.n.ConnectException: Connection refused: no further information
REQUEST		GET Add Owner	1645381425661	1645381425663	KO	j.n.ConnectException: Connection refused: no further information
USER	RecordedSimulation2	START	1645381426009
REQUEST		Open Home Page	1645381426010	1645381426013	KO	j.n.ConnectException: Connection refused: no further information
REQUEST		GET Add Owner	1645381426068	1645381426070	KO	j.n.ConnectException: Connection refused: no further information
REQUEST		GET Add Owner	1645381426225	1645381426226	KO	j.n.ConnectException: Connection refused: no further information
REQUEST		GET Add Owner	1645381426461	1645381426463	KO	j.n.ConnectException: Connection refused: no further information
REQUEST		GET Find Owners Page	1645381426523	1645381426526	KO	j.n.ConnectException: Connection refused: no further information
REQUEST		GET Find Owners By LastName	1645381426569	1645381426571	KO	j.n.ConnectException: Connection refused: no further information
REQUEST		POST Add Owner	1645381426773	1645381426775	KO	j.n.ConnectException: Connection refused: no further information
REQUEST		POST Add Owner	1645381426975	1645381426978	KO	j.n.ConnectException: Connection refused: no further information
USER	RecordedSimulation2	START	1645381426990
REQUEST		Open Home Page	1645381426990	1645381426992	KO	j.n.ConnectException: Connection refused: no further information
REQUEST		GET Add Owner	1645381427067	1645381427069	KO	j.n.ConnectException: Connection refused: no further information
REQUEST		GET Add Owner	1645381427082	1645381427083	KO	j.n.ConnectException: Connection refused: no further information
REQUEST		POST Add Owner	1645381427551	1645381427552	KO	j.n.ConnectException: Connection refused: no further information
REQUEST		GET Add Owner	1645381427583	1645381427584	KO	j.n.ConnectException: Connection refused: no further information
REQUEST		POST Add Owner	1645381427817	1645381427819	KO	j.n.ConnectException: Connection refused: no further information
REQUEST		GET Find Owners Page	1645381427833	1645381427834	KO	j.n.ConnectException: Connection refused: no further information
REQUEST		Get Open Edit Owner Page	1645381427894	1645381427895	KO	j.n.ConnectException: Connection refused: no further information
REQUEST		GET Add Owner	1645381427894	1645381427895	KO	j.n.ConnectException: Connection refused: no further information
REQUEST		Get Add Pet	1645381427988	1645381427990	KO	j.n.ConnectException: Connection refused: no further information
USER	RecordedSimulation2	START	1645381428019
REQUEST		Open Home Page	1645381428020	1645381428022	KO	j.n.ConnectException: Connection refused: no further information
REQUEST		POST Add Owner	1645381428565	1645381428569	KO	j.n.ConnectException: Connection refused: no further information
REQUEST		POST Add Owner	1645381428565	1645381428569	KO	j.n.ConnectException: Connection refused: no further information
REQUEST		GET Add Owner	1645381428748	1645381428749	KO	j.n.ConnectException: Connection refused: no further information
REQUEST		POST Add Owner	1645381428779	1645381428782	KO	j.n.ConnectException: Connection refused: no further information
REQUEST		GET Find Owners Page	1645381428839	1645381428841	KO	j.n.ConnectException: Connection refused: no further information
REQUEST		GET Find Owners Page	1645381428839	1645381428841	KO	j.n.ConnectException: Connection refused: no further information
REQUEST		POST Add Owner	1645381428997	1645381428998	KO	j.n.ConnectException: Connection refused: no further information
USER	RecordedSimulation2	START	1645381429012
REQUEST		Open Home Page	1645381429012	1645381429014	KO	j.n.ConnectException: Connection refused: no further information
REQUEST		POST Add Owner	1645381429247	1645381429249	KO	j.n.ConnectException: Connection refused: no further information
REQUEST		Get Add Pet	1645381429293	1645381429295	KO	j.n.ConnectException: Connection refused: no further information
REQUEST		POST Add Owner	1645381429497	1645381429499	KO	j.n.ConnectException: Connection refused: no further information
REQUEST		POST Add Pet	1645381429608	1645381429610	KO	j.n.ConnectException: Connection refused: no further information
REQUEST		Get Add Pet	1645381429732	1645381429734	KO	j.n.ConnectException: Connection refused: no further information
REQUEST		Get Add Pet	1645381429763	1645381429764	KO	j.n.ConnectException: Connection refused: no further information
REQUEST		POST Add Owner	1645381429887	1645381429888	KO	j.n.ConnectException: Connection refused: no further information
REQUEST		POST Update Owner	1645381429902	1645381429904	KO	j.n.ConnectException: Connection refused: no further information
USER	RecordedSimulation2	START	1645381430012
REQUEST		Open Home Page	1645381430012	1645381430014	KO	j.n.ConnectException: Connection refused: no further information
REQUEST		POST Add Owner	1645381430184	1645381430185	KO	j.n.ConnectException: Connection refused: no further information
REQUEST		GET Add Owner	1645381430184	1645381430185	KO	j.n.ConnectException: Connection refused: no further information
REQUEST		POST Add Pet	1645381430386	1645381430388	KO	j.n.ConnectException: Connection refused: no further information
REQUEST		GET Find Owners Page	1645381430759	1645381430761	KO	j.n.ConnectException: Connection refused: no further information
REQUEST		Get Add Pet	1645381430759	1645381430761	KO	j.n.ConnectException: Connection refused: no further information
REQUEST		GET Find Owners Page	1645381430979	1645381430982	KO	j.n.ConnectException: Connection refused: no further information
REQUEST		GET Vets List	1645381430979	1645381430982	KO	j.n.ConnectException: Connection refused: no further information
REQUEST		GET Find Owners By LastName	1645381430994	1645381430995	KO	j.n.ConnectException: Connection refused: no further information
USER	RecordedSimulation2	START	1645381431010
REQUEST		Open Home Page	1645381431010	1645381431011	KO	j.n.ConnectException: Connection refused: no further information
REQUEST		Get Add Pet	1645381431149	1645381431153	KO	j.n.ConnectException: Connection refused: no further information
REQUEST		Get Add Pet	1645381431197	1645381431198	KO	j.n.ConnectException: Connection refused: no further information
REQUEST		POST Add Pet	1645381431212	1645381431213	KO	j.n.ConnectException: Connection refused: no further information
REQUEST		GET Add Owner	1645381431320	1645381431336	KO	j.n.ConnectException: Connection refused: no further information
REQUEST		Get Add Pet	1645381431320	1645381431336	KO	j.n.ConnectException: Connection refused: no further information
REQUEST		Get Add Pet	1645381431507	1645381431508	KO	j.n.ConnectException: Connection refused: no further information
REQUEST		GET Find Owners Page	1645381432098	1645381432099	KO	j.n.ConnectException: Connection refused: no further information
REQUEST		Get Add Pet	1645381432145	1645381432146	KO	j.n.ConnectException: Connection refused: no further information
REQUEST		Get Edit Pet Page	1645381432225	1645381432226	KO	j.n.ConnectException: Connection refused: no further information
REQUEST		Get Edit Pet Page	1645381432287	1645381432289	KO	j.n.ConnectException: Connection refused: no further information
REQUEST		POST Add Owner	1645381432398	1645381432399	KO	j.n.ConnectException: Connection refused: no further information
REQUEST		Get Add Pet	1645381432475	1645381432477	KO	j.n.ConnectException: Connection refused: no further information
REQUEST		Get Add Pet	1645381432475	1645381432477	KO	j.n.ConnectException: Connection refused: no further information
REQUEST		POST Add Pet	1645381432538	1645381432540	KO	j.n.ConnectException: Connection refused: no further information
REQUEST		POST Add Pet	1645381432647	1645381432648	KO	j.n.ConnectException: Connection refused: no further information
REQUEST		POST Add Pet	1645381432788	1645381432789	KO	j.n.ConnectException: Connection refused: no further information
REQUEST		POST Add Pet	1645381432834	1645381432835	KO	j.n.ConnectException: Connection refused: no further information
REQUEST		GET Find Owners Page	1645381432880	1645381432896	KO	j.n.ConnectException: Connection refused: no further information
REQUEST		POST Add Owner	1645381432880	1645381432896	KO	j.n.ConnectException: Connection refused: no further information
REQUEST		GET Add Owner	1645381432927	1645381432929	KO	j.n.ConnectException: Connection refused: no further information
REQUEST		Get Edit Pet Page	1645381433163	1645381433166	KO	j.n.ConnectException: Connection refused: no further information
REQUEST		POST Add Pet	1645381433304	1645381433306	KO	j.n.ConnectException: Connection refused: no further information
REQUEST		POST Add Pet	1645381433381	1645381433383	KO	j.n.ConnectException: Connection refused: no further information
REQUEST		GET Add Owner	1645381433598	1645381433600	KO	j.n.ConnectException: Connection refused: no further information
REQUEST		Get Add Pet	1645381433676	1645381433677	KO	j.n.ConnectException: Connection refused: no further information
REQUEST		GET Add Owner	1645381433676	1645381433677	KO	j.n.ConnectException: Connection refused: no further information
REQUEST		POST Add Pet	1645381433692	1645381433708	KO	j.n.ConnectException: Connection refused: no further information
REQUEST		request_122	1645381433770	1645381433772	KO	j.n.ConnectException: Connection refused: no further information
REQUEST		Open Home Page	1645381433818	1645381433819	KO	j.n.ConnectException: Connection refused: no further information
REQUEST		Get Open Edit Owner Page	1645381433833	1645381433835	KO	j.n.ConnectException: Connection refused: no further information
REQUEST		POST Add Pet	1645381433911	1645381433912	KO	j.n.ConnectException: Connection refused: no further information
REQUEST		POST Add Owner	1645381434098	1645381434100	KO	j.n.ConnectException: Connection refused: no further information
REQUEST		request_122	1645381434192	1645381434194	KO	j.n.ConnectException: Connection refused: no further information
REQUEST		GET Add Owner	1645381434240	1645381434243	KO	j.n.ConnectException: Connection refused: no further information
REQUEST		Get Edit Pet Page	1645381434504	1645381434506	KO	j.n.ConnectException: Connection refused: no further information
REQUEST		POST Add Pet	1645381434566	1645381434568	KO	j.n.ConnectException: Connection refused: no further information
REQUEST		request_122	1645381434691	1645381434694	KO	j.n.ConnectException: Connection refused: no further information
REQUEST		Get Edit Pet Page	1645381434752	1645381434753	KO	j.n.ConnectException: Connection refused: no further information
REQUEST		POST Add Owner	1645381434783	1645381434784	KO	j.n.ConnectException: Connection refused: no further information
REQUEST		Get Edit Pet Page	1645381434845	1645381434862	KO	j.n.ConnectException: Connection refused: no further information
REQUEST		Get Edit Pet Page	1645381435141	1645381435157	KO	j.n.ConnectException: Connection refused: no further information
REQUEST		Get Edit Pet Page	1645381435234	1645381435237	KO	j.n.ConnectException: Connection refused: no further information
REQUEST		request_137	1645381435361	1645381435363	KO	j.n.ConnectException: Connection refused: no further information
REQUEST		Get Add Pet	1645381435391	1645381435393	KO	j.n.ConnectException: Connection refused: no further information
REQUEST		POST Add Pet	1645381435423	1645381435425	KO	j.n.ConnectException: Connection refused: no further information
REQUEST		Get Add Pet	1645381435502	1645381435503	KO	j.n.ConnectException: Connection refused: no further information
REQUEST		Get Edit Pet Page	1645381435889	1645381435890	KO	j.n.ConnectException: Connection refused: no further information
REQUEST		POST Update Owner	1645381435921	1645381435923	KO	j.n.ConnectException: Connection refused: no further information
REQUEST		GET Find Owners Page	1645381435921	1645381435923	KO	j.n.ConnectException: Connection refused: no further information
REQUEST		request_137	1645381435999	1645381436002	KO	j.n.ConnectException: Connection refused: no further information
REQUEST		POST Add Owner	1645381436047	1645381436049	KO	j.n.ConnectException: Connection refused: no further information
REQUEST		request_122	1645381436155	1645381436156	KO	j.n.ConnectException: Connection refused: no further information
REQUEST		Get Edit Pet Page	1645381436170	1645381436173	KO	j.n.ConnectException: Connection refused: no further information
REQUEST		POST Add Owner	1645381436217	1645381436219	KO	j.n.ConnectException: Connection refused: no further information
REQUEST		request_137	1645381436388	1645381436390	KO	j.n.ConnectException: Connection refused: no further information
REQUEST		Get Edit Pet Page	1645381436498	1645381436499	KO	j.n.ConnectException: Connection refused: no further information
REQUEST		request_122	1645381436606	1645381436608	KO	j.n.ConnectException: Connection refused: no further information
REQUEST		request_122	1645381436699	1645381436701	KO	j.n.ConnectException: Connection refused: no further information
REQUEST		request_152	1645381437014	1645381437017	KO	j.n.ConnectException: Connection refused: no further information
REQUEST		POST Add Pet	1645381437108	1645381437112	KO	j.n.ConnectException: Connection refused: no further information
REQUEST		request_122	1645381437247	1645381437248	KO	j.n.ConnectException: Connection refused: no further information
REQUEST		Get Add Pet	1645381437294	1645381437296	KO	j.n.ConnectException: Connection refused: no further information
REQUEST		request_137	1645381437325	1645381437326	KO	j.n.ConnectException: Connection refused: no further information
REQUEST		Get Edit Pet Page	1645381437340	1645381437356	KO	j.n.ConnectException: Connection refused: no further information
REQUEST		request_122	1645381437419	1645381437421	KO	j.n.ConnectException: Connection refused: no further information
REQUEST		Get Edit Pet Page	1645381437435	1645381437437	KO	j.n.ConnectException: Connection refused: no further information
REQUEST		GET Vets List	1645381437543	1645381437545	KO	j.n.ConnectException: Connection refused: no further information
REQUEST		request_152	1645381437606	1645381437607	KO	j.n.ConnectException: Connection refused: no further information
REQUEST		POST Add Pet	1645381437638	1645381437655	KO	j.n.ConnectException: Connection refused: no further information
REQUEST		request_122	1645381437748	1645381437750	KO	j.n.ConnectException: Connection refused: no further information
REQUEST		request_122	1645381437873	1645381437875	KO	j.n.ConnectException: Connection refused: no further information
REQUEST		GET Add Owner	1645381438030	1645381438031	KO	j.n.ConnectException: Connection refused: no further information
REQUEST		Get Add Pet	1645381438123	1645381438124	KO	j.n.ConnectException: Connection refused: no further information
REQUEST		request_122	1645381438154	1645381438155	KO	j.n.ConnectException: Connection refused: no further information
REQUEST		request_152	1645381438184	1645381438186	KO	j.n.ConnectException: Connection refused: no further information
REQUEST		Get Add Pet	1645381438496	1645381438500	KO	j.n.ConnectException: Connection refused: no further information
REQUEST		request_137	1645381438605	1645381438607	KO	j.n.ConnectException: Connection refused: no further information
REQUEST		request_137	1645381438714	1645381438715	KO	j.n.ConnectException: Connection refused: no further information
REQUEST		request_137	1645381438775	1645381438777	KO	j.n.ConnectException: Connection refused: no further information
REQUEST		Open Home Page	1645381438995	1645381438996	KO	j.n.ConnectException: Connection refused: no further information
REQUEST		Open Home Page	1645381439010	1645381439026	KO	j.n.ConnectException: Connection refused: no further information
REQUEST		request_122	1645381439214	1645381439215	KO	j.n.ConnectException: Connection refused: no further information
REQUEST		request_137	1645381439385	1645381439387	KO	j.n.ConnectException: Connection refused: no further information
REQUEST		Open Home Page	1645381439588	1645381439590	KO	j.n.ConnectException: Connection refused: no further information
REQUEST		request_152	1645381439745	1645381439749	KO	j.n.ConnectException: Connection refused: no further information
REQUEST		request_137	1645381439745	1645381439749	KO	j.n.ConnectException: Connection refused: no further information
REQUEST		request_122	1645381439792	1645381439793	KO	j.n.ConnectException: Connection refused: no further information
REQUEST		POST Add Owner	1645381439792	1645381439793	KO	j.n.ConnectException: Connection refused: no further information
REQUEST		request_152	1645381440012	1645381440014	KO	j.n.ConnectException: Connection refused: no further information
REQUEST		Get Edit Pet Page	1645381440028	1645381440029	KO	j.n.ConnectException: Connection refused: no further information
REQUEST		request_137	1645381440060	1645381440061	KO	j.n.ConnectException: Connection refused: no further information
REQUEST		POST Add Pet	1645381440243	1645381440245	KO	j.n.ConnectException: Connection refused: no further information
REQUEST		POST Add Pet	1645381440244	1645381440245	KO	j.n.ConnectException: Connection refused: no further information
REQUEST		Open Home Page	1645381440275	1645381440277	KO	j.n.ConnectException: Connection refused: no further information
REQUEST		Get Edit Pet Page	1645381440275	1645381440277	KO	j.n.ConnectException: Connection refused: no further information
REQUEST		request_137	1645381440337	1645381440353	KO	j.n.ConnectException: Connection refused: no further information
REQUEST		request_137	1645381440447	1645381440448	KO	j.n.ConnectException: Connection refused: no further information
REQUEST		request_152	1645381440447	1645381440448	KO	j.n.ConnectException: Connection refused: no further information
REQUEST		GET Find Owners Page	1645381440803	1645381440805	KO	j.n.ConnectException: Connection refused: no further information
REQUEST		GET Find Owners Page	1645381441117	1645381441118	KO	j.n.ConnectException: Connection refused: no further information
REQUEST		Open Home Page	1645381441133	1645381441150	KO	j.n.ConnectException: Connection refused: no further information
REQUEST		request_152	1645381441352	1645381441354	KO	j.n.ConnectException: Connection refused: no further information
REQUEST		request_122	1645381441383	1645381441385	KO	j.n.ConnectException: Connection refused: no further information
REQUEST		POST Add Pet	1645381441399	1645381441401	KO	j.n.ConnectException: Connection refused: no further information
REQUEST		Get Add Pet	1645381441495	1645381441511	KO	j.n.ConnectException: Connection refused: no further information
REQUEST		request_152	1645381441619	1645381441638	KO	j.n.ConnectException: Connection refused: no further information
REQUEST		request_122	1645381441682	1645381441698	KO	j.n.ConnectException: Connection refused: no further information
REQUEST		request_152	1645381441961	1645381441978	KO	j.n.ConnectException: Connection refused: no further information
REQUEST		request_152	1645381441977	1645381441979	KO	j.n.ConnectException: Connection refused: no further information
REQUEST		Open Home Page	1645381442009	1645381442011	KO	j.n.ConnectException: Connection refused: no further information
REQUEST		GET Find Owners Page	1645381442025	1645381442027	KO	j.n.ConnectException: Connection refused: no further information
REQUEST		GET Find Owners Page	1645381442072	1645381442075	KO	j.n.ConnectException: Connection refused: no further information
REQUEST		GET Add Owner	1645381442165	1645381442166	KO	j.n.ConnectException: Connection refused: no further information
REQUEST		Get Edit Pet Page	1645381442353	1645381442356	KO	j.n.ConnectException: Connection refused: no further information
REQUEST		request_152	1645381442431	1645381442447	KO	j.n.ConnectException: Connection refused: no further information
REQUEST		Get Edit Pet Page	1645381442605	1645381442606	KO	j.n.ConnectException: Connection refused: no further information
REQUEST		request_137	1645381442700	1645381442701	KO	j.n.ConnectException: Connection refused: no further information
REQUEST		Open Home Page	1645381442828	1645381442829	KO	j.n.ConnectException: Connection refused: no further information
REQUEST		request_152	1645381442876	1645381442877	KO	j.n.ConnectException: Connection refused: no further information
REQUEST		Get Edit Pet Page	1645381442938	1645381442940	KO	j.n.ConnectException: Connection refused: no further information
REQUEST		GET Add Owner	1645381443375	1645381443379	KO	j.n.ConnectException: Connection refused: no further information
REQUEST		GET Add Owner	1645381443390	1645381443406	KO	j.n.ConnectException: Connection refused: no further information
REQUEST		request_122	1645381443624	1645381443626	KO	j.n.ConnectException: Connection refused: no further information
REQUEST		Open Home Page	1645381443671	1645381443673	KO	j.n.ConnectException: Connection refused: no further information
REQUEST		request_137	1645381443748	1645381443750	KO	j.n.ConnectException: Connection refused: no further information
REQUEST		GET Find Owners Page	1645381443841	1645381443842	KO	j.n.ConnectException: Connection refused: no further information
REQUEST		POST Add Pet	1645381443872	1645381443888	KO	j.n.ConnectException: Connection refused: no further information
REQUEST		request_137	1645381443980	1645381443996	KO	j.n.ConnectException: Connection refused: no further information
REQUEST		request_122	1645381443996	1645381443997	KO	j.n.ConnectException: Connection refused: no further information
REQUEST		Open Home Page	1645381444139	1645381444156	KO	j.n.ConnectException: Connection refused: no further information
REQUEST		GET Find Owners Page	1645381444202	1645381444203	KO	j.n.ConnectException: Connection refused: no further information
REQUEST		request_122	1645381444420	1645381444436	KO	j.n.ConnectException: Connection refused: no further information
REQUEST		Open Home Page	1645381444466	1645381444483	KO	j.n.ConnectException: Connection refused: no further information
REQUEST		Open Home Page	1645381444498	1645381444499	KO	j.n.ConnectException: Connection refused: no further information
REQUEST		GET Find Owners Page	1645381444560	1645381444562	KO	j.n.ConnectException: Connection refused: no further information
REQUEST		Open Home Page	1645381444623	1645381444625	KO	j.n.ConnectException: Connection refused: no further information
REQUEST		Open Home Page	1645381444920	1645381444922	KO	j.n.ConnectException: Connection refused: no further information
REQUEST		GET Find Owners By LastName	1645381444936	1645381444938	KO	j.n.ConnectException: Connection refused: no further information
REQUEST		POST Add Owner	1645381445030	1645381445031	KO	j.n.ConnectException: Connection refused: no further information
REQUEST		request_152	1645381445062	1645381445079	KO	j.n.ConnectException: Connection refused: no further information
REQUEST		POST Add Owner	1645381445268	1645381445269	KO	j.n.ConnectException: Connection refused: no further information
REQUEST		GET Find Owners Page	1645381445409	1645381445412	KO	j.n.ConnectException: Connection refused: no further information
REQUEST		request_152	1645381445614	1645381445615	KO	j.n.ConnectException: Connection refused: no further information
REQUEST		GET Find Owners By LastName	1645381445692	1645381445708	KO	j.n.ConnectException: Connection refused: no further information
REQUEST		request_152	1645381445974	1645381445975	KO	j.n.ConnectException: Connection refused: no further information
REQUEST		Get Edit Pet Page	1645381446038	1645381446054	KO	j.n.ConnectException: Connection refused: no further information
REQUEST		Open Home Page	1645381446101	1645381446117	KO	j.n.ConnectException: Connection refused: no further information
REQUEST		request_137	1645381446117	1645381446118	KO	j.n.ConnectException: Connection refused: no further information
REQUEST		POST Add Owner	1645381446210	1645381446211	KO	j.n.ConnectException: Connection refused: no further information
REQUEST		GET Find Owners Page	1645381446258	1645381446259	KO	j.n.ConnectException: Connection refused: no further information
REQUEST		GET Find Owners Page	1645381446350	1645381446351	KO	j.n.ConnectException: Connection refused: no further information
REQUEST		request_137	1645381446381	1645381446398	KO	j.n.ConnectException: Connection refused: no further information
REQUEST		GET Add Owner	1645381446428	1645381446429	KO	j.n.ConnectException: Connection refused: no further information
REQUEST		GET Add Owner	1645381446568	1645381446570	KO	j.n.ConnectException: Connection refused: no further information
REQUEST		request_137	1645381446647	1645381446648	KO	j.n.ConnectException: Connection refused: no further information
REQUEST		Get Open Edit Owner Page	1645381446849	1645381446865	KO	j.n.ConnectException: Connection refused: no further information
REQUEST		GET Find Owners Page	1645381446942	1645381446958	KO	j.n.ConnectException: Connection refused: no further information
REQUEST		Get Add Pet	1645381447020	1645381447037	KO	j.n.ConnectException: Connection refused: no further information
REQUEST		Get Add Pet	1645381447052	1645381447053	KO	j.n.ConnectException: Connection refused: no further information
REQUEST		request_122	1645381447068	1645381447069	KO	j.n.ConnectException: Connection refused: no further information
REQUEST		request_152	1645381447285	1645381447286	KO	j.n.ConnectException: Connection refused: no further information
REQUEST		GET Find Owners Page	1645381447426	1645381447428	KO	j.n.ConnectException: Connection refused: no further information
REQUEST		Get Add Pet	1645381447457	1645381447459	KO	j.n.ConnectException: Connection refused: no further information
REQUEST		request_152	1645381447584	1645381447585	KO	j.n.ConnectException: Connection refused: no further information
REQUEST		GET Find Owners Page	1645381447600	1645381447602	KO	j.n.ConnectException: Connection refused: no further information
REQUEST		POST Add Owner	1645381447677	1645381447679	KO	j.n.ConnectException: Connection refused: no further information
REQUEST		request_152	1645381447755	1645381447756	KO	j.n.ConnectException: Connection refused: no further information
REQUEST		POST Update Owner	1645381447975	1645381447978	KO	j.n.ConnectException: Connection refused: no further information
REQUEST		GET Find Owners Page	1645381447991	1645381447994	KO	j.n.ConnectException: Connection refused: no further information
REQUEST		GET Add Owner	1645381448100	1645381448101	KO	j.n.ConnectException: Connection refused: no further information
REQUEST		Open Home Page	1645381448100	1645381448101	KO	j.n.ConnectException: Connection refused: no further information
REQUEST		POST Add Pet	1645381448132	1645381448133	KO	j.n.ConnectException: Connection refused: no further information
REQUEST		GET Add Owner	1645381448147	1645381448164	KO	j.n.ConnectException: Connection refused: no further information
REQUEST		Get Open Edit Owner Page	1645381448414	1645381448418	KO	j.n.ConnectException: Connection refused: no further information
REQUEST		Open Home Page	1645381448900	1645381448902	KO	j.n.ConnectException: Connection refused: no further information
REQUEST		Open Home Page	1645381449040	1645381449057	KO	j.n.ConnectException: Connection refused: no further information
REQUEST		GET Add Owner	1645381449134	1645381449135	KO	j.n.ConnectException: Connection refused: no further information
REQUEST		request_137	1645381449149	1645381449165	KO	j.n.ConnectException: Connection refused: no further information
REQUEST		POST Add Owner	1645381449180	1645381449182	KO	j.n.ConnectException: Connection refused: no further information
REQUEST		GET Add Owner	1645381449384	1645381449385	KO	j.n.ConnectException: Connection refused: no further information
REQUEST		GET Find Owners By LastName	1645381449557	1645381449561	KO	j.n.ConnectException: Connection refused: no further information
REQUEST		POST Add Pet	1645381449697	1645381449699	KO	j.n.ConnectException: Connection refused: no further information
REQUEST		Get Edit Pet Page	1645381449712	1645381449713	KO	j.n.ConnectException: Connection refused: no further information
REQUEST		Get Add Pet	1645381449758	1645381449760	KO	j.n.ConnectException: Connection refused: no further information
REQUEST		GET Add Owner	1645381449774	1645381449775	KO	j.n.ConnectException: Connection refused: no further information
REQUEST		Open Home Page	1645381449901	1645381449904	KO	j.n.ConnectException: Connection refused: no further information
REQUEST		POST Add Pet	1645381449899	1645381449904	KO	j.n.ConnectException: Connection refused: no further information
REQUEST		Open Home Page	1645381449944	1645381449945	KO	j.n.ConnectException: Connection refused: no further information
REQUEST		GET Find Owners Page	1645381449976	1645381449977	KO	j.n.ConnectException: Connection refused: no further information
REQUEST		GET Vets List	1645381450069	1645381450085	KO	j.n.ConnectException: Connection refused: no further information
REQUEST		request_152	1645381450209	1645381450210	KO	j.n.ConnectException: Connection refused: no further information
REQUEST		GET Find Owners Page	1645381450240	1645381450257	KO	j.n.ConnectException: Connection refused: no further information
REQUEST		POST Add Owner	1645381450568	1645381450584	KO	j.n.ConnectException: Connection refused: no further information
REQUEST		GET Find Owners By LastName	1645381450677	1645381450678	KO	j.n.ConnectException: Connection refused: no further information
REQUEST		Get Add Pet	1645381450802	1645381450803	KO	j.n.ConnectException: Connection refused: no further information
REQUEST		request_122	1645381450943	1645381450944	KO	j.n.ConnectException: Connection refused: no further information
REQUEST		POST Update Owner	1645381450974	1645381450976	KO	j.n.ConnectException: Connection refused: no further information
REQUEST		POST Add Owner	1645381451068	1645381451069	KO	j.n.ConnectException: Connection refused: no further information
REQUEST		POST Add Owner	1645381451084	1645381451085	KO	j.n.ConnectException: Connection refused: no further information
REQUEST		Get Open Edit Owner Page	1645381451099	1645381451100	KO	j.n.ConnectException: Connection refused: no further information
REQUEST		Open Home Page	1645381451163	1645381451180	KO	j.n.ConnectException: Connection refused: no further information
REQUEST		GET Find Owners By LastName	1645381451576	1645381451577	KO	j.n.ConnectException: Connection refused: no further information
REQUEST		GET Find Owners Page	1645381451624	1645381451625	KO	j.n.ConnectException: Connection refused: no further information
REQUEST		GET Find Owners Page	1645381451672	1645381451673	KO	j.n.ConnectException: Connection refused: no further information
REQUEST		POST Add Owner	1645381451766	1645381451767	KO	j.n.ConnectException: Connection refused: no further information
REQUEST		GET Add Owner	1645381451782	1645381451783	KO	j.n.ConnectException: Connection refused: no further information
REQUEST		Get Edit Pet Page	1645381451846	1645381451848	KO	j.n.ConnectException: Connection refused: no further information
REQUEST		GET Find Owners Page	1645381451926	1645381451927	KO	j.n.ConnectException: Connection refused: no further information
REQUEST		POST Add Pet	1645381452006	1645381452008	KO	j.n.ConnectException: Connection refused: no further information
REQUEST		POST Add Pet	1645381452054	1645381452055	KO	j.n.ConnectException: Connection refused: no further information
REQUEST		POST Add Owner	1645381452165	1645381452166	KO	j.n.ConnectException: Connection refused: no further information
REQUEST		Get Edit Pet Page	1645381452451	1645381452452	KO	j.n.ConnectException: Connection refused: no further information
REQUEST		Get Add Pet	1645381452499	1645381452500	KO	j.n.ConnectException: Connection refused: no further information
REQUEST		GET Vets List	1645381452546	1645381452547	KO	j.n.ConnectException: Connection refused: no further information
REQUEST		Open Home Page	1645381452562	1645381452563	KO	j.n.ConnectException: Connection refused: no further information
REQUEST		request_137	1645381452800	1645381452816	KO	j.n.ConnectException: Connection refused: no further information
REQUEST		GET Find Owners Page	1645381452815	1645381452831	KO	j.n.ConnectException: Connection refused: no further information
REQUEST		Get Open Edit Owner Page	1645381452955	1645381452956	KO	j.n.ConnectException: Connection refused: no further information
REQUEST		GET Find Owners By LastName	1645381452986	1645381452987	KO	j.n.ConnectException: Connection refused: no further information
REQUEST		Get Add Pet	1645381453142	1645381453158	KO	j.n.ConnectException: Connection refused: no further information
REQUEST		Get Open Edit Owner Page	1645381453596	1645381453599	KO	j.n.ConnectException: Connection refused: no further information
REQUEST		POST Update Owner	1645381453596	1645381453599	KO	j.n.ConnectException: Connection refused: no further information
REQUEST		Get Add Pet	1645381453688	1645381453705	KO	j.n.ConnectException: Connection refused: no further information
REQUEST		GET Find Owners Page	1645381453891	1645381453892	KO	j.n.ConnectException: Connection refused: no further information
REQUEST		request_122	1645381453938	1645381453939	KO	j.n.ConnectException: Connection refused: no further information
REQUEST		Get Edit Pet Page	1645381453969	1645381453970	KO	j.n.ConnectException: Connection refused: no further information
REQUEST		POST Add Owner	1645381454016	1645381454017	KO	j.n.ConnectException: Connection refused: no further information
REQUEST		Get Open Edit Owner Page	1645381454080	1645381454095	KO	j.n.ConnectException: Connection refused: no further information
REQUEST		POST Add Pet	1645381454095	1645381454096	KO	j.n.ConnectException: Connection refused: no further information
REQUEST		Get Add Pet	1645381454344	1645381454346	KO	j.n.ConnectException: Connection refused: no further information
REQUEST		Open Home Page	1645381454344	1645381454346	KO	j.n.ConnectException: Connection refused: no further information
REQUEST		Get Edit Pet Page	1645381454470	1645381454472	KO	j.n.ConnectException: Connection refused: no further information
REQUEST		GET Add Owner	1645381454470	1645381454472	KO	j.n.ConnectException: Connection refused: no further information
REQUEST		request_122	1645381454672	1645381454689	KO	j.n.ConnectException: Connection refused: no further information
REQUEST		GET Add Owner	1645381454688	1645381454689	KO	j.n.ConnectException: Connection refused: no further information
REQUEST		Get Add Pet	1645381454895	1645381454896	KO	j.n.ConnectException: Connection refused: no further information
REQUEST		POST Add Pet	1645381455099	1645381455100	KO	j.n.ConnectException: Connection refused: no further information
REQUEST		request_152	1645381455288	1645381455289	KO	j.n.ConnectException: Connection refused: no further information
REQUEST		POST Add Pet	1645381455288	1645381455289	KO	j.n.ConnectException: Connection refused: no further information
REQUEST		GET Add Owner	1645381455303	1645381455304	KO	j.n.ConnectException: Connection refused: no further information
REQUEST		GET Find Owners By LastName	1645381455350	1645381455351	KO	j.n.ConnectException: Connection refused: no further information
REQUEST		POST Update Owner	1645381455477	1645381455478	KO	j.n.ConnectException: Connection refused: no further information
REQUEST		request_122	1645381455618	1645381455619	KO	j.n.ConnectException: Connection refused: no further information
REQUEST		GET Vets List	1645381455776	1645381455777	KO	j.n.ConnectException: Connection refused: no further information
REQUEST		request_122	1645381455792	1645381455808	KO	j.n.ConnectException: Connection refused: no further information
REQUEST		POST Add Owner	1645381455839	1645381455841	KO	j.n.ConnectException: Connection refused: no further information
REQUEST		POST Add Pet	1645381456138	1645381456139	KO	j.n.ConnectException: Connection refused: no further information
REQUEST		request_137	1645381456138	1645381456140	KO	j.n.ConnectException: Connection refused: no further information
REQUEST		POST Update Owner	1645381456138	1645381456140	KO	j.n.ConnectException: Connection refused: no further information
REQUEST		Get Edit Pet Page	1645381456169	1645381456185	KO	j.n.ConnectException: Connection refused: no further information
REQUEST		POST Update Owner	1645381456262	1645381456264	KO	j.n.ConnectException: Connection refused: no further information
REQUEST		GET Find Owners Page	1645381456325	1645381456326	KO	j.n.ConnectException: Connection refused: no further information
REQUEST		Get Add Pet	1645381456448	1645381456449	KO	j.n.ConnectException: Connection refused: no further information
REQUEST		Get Edit Pet Page	1645381456710	1645381456727	KO	j.n.ConnectException: Connection refused: no further information
REQUEST		Open Home Page	1645381456945	1645381456946	KO	j.n.ConnectException: Connection refused: no further information
REQUEST		Open Home Page	1645381456976	1645381456977	KO	j.n.ConnectException: Connection refused: no further information
REQUEST		POST Add Owner	1645381456992	1645381456993	KO	j.n.ConnectException: Connection refused: no further information
REQUEST		POST Add Pet	1645381457194	1645381457195	KO	j.n.ConnectException: Connection refused: no further information
REQUEST		Get Add Pet	1645381457225	1645381457226	KO	j.n.ConnectException: Connection refused: no further information
REQUEST		Get Edit Pet Page	1645381457288	1645381457304	KO	j.n.ConnectException: Connection refused: no further information
REQUEST		Get Edit Pet Page	1645381457443	1645381457444	KO	j.n.ConnectException: Connection refused: no further information
REQUEST		POST Add Owner	1645381457552	1645381457569	KO	j.n.ConnectException: Connection refused: no further information
REQUEST		POST Add Pet	1645381457630	1645381457632	KO	j.n.ConnectException: Connection refused: no further information
REQUEST		request_137	1645381457646	1645381457647	KO	j.n.ConnectException: Connection refused: no further information
REQUEST		request_152	1645381457848	1645381457850	KO	j.n.ConnectException: Connection refused: no further information
REQUEST		GET Vets List	1645381457989	1645381457990	KO	j.n.ConnectException: Connection refused: no further information
REQUEST		request_137	1645381458004	1645381458006	KO	j.n.ConnectException: Connection refused: no further information
REQUEST		GET Find Owners By LastName	1645381458114	1645381458114	KO	j.n.ConnectException: Connection refused: no further information
REQUEST		request_122	1645381458129	1645381458130	KO	j.n.ConnectException: Connection refused: no further information
REQUEST		GET Vets List	1645381458176	1645381458191	KO	j.n.ConnectException: Connection refused: no further information
REQUEST		request_137	1645381458223	1645381458239	KO	j.n.ConnectException: Connection refused: no further information
REQUEST		Get Open Edit Owner Page	1645381458253	1645381458254	KO	j.n.ConnectException: Connection refused: no further information
REQUEST		GET Vets List	1645381458345	1645381458346	KO	j.n.ConnectException: Connection refused: no further information
REQUEST		Get Add Pet	1645381458577	1645381458594	KO	j.n.ConnectException: Connection refused: no further information
REQUEST		request_122	1645381458830	1645381458846	KO	j.n.ConnectException: Connection refused: no further information
REQUEST		request_122	1645381458877	1645381458878	KO	j.n.ConnectException: Connection refused: no further information
REQUEST		request_122	1645381458907	1645381458924	KO	j.n.ConnectException: Connection refused: no further information
REQUEST		request_152	1645381459078	1645381459094	KO	j.n.ConnectException: Connection refused: no further information
REQUEST		Get Edit Pet Page	1645381459265	1645381459268	KO	j.n.ConnectException: Connection refused: no further information
REQUEST		Open Home Page	1645381459342	1645381459343	KO	j.n.ConnectException: Connection refused: no further information
REQUEST		GET Find Owners Page	1645381459357	1645381459373	KO	j.n.ConnectException: Connection refused: no further information
REQUEST		POST Update Owner	1645381459420	1645381459436	KO	j.n.ConnectException: Connection refused: no further information
REQUEST		Open Home Page	1645381459592	1645381459609	KO	j.n.ConnectException: Connection refused: no further information
REQUEST		Get Edit Pet Page	1645381459639	1645381459655	KO	j.n.ConnectException: Connection refused: no further information
REQUEST		Get Open Edit Owner Page	1645381459793	1645381459794	KO	j.n.ConnectException: Connection refused: no further information
REQUEST		GET Find Owners Page	1645381459793	1645381459794	KO	j.n.ConnectException: Connection refused: no further information
REQUEST		POST Add Pet	1645381460090	1645381460106	KO	j.n.ConnectException: Connection refused: no further information
REQUEST		request_137	1645381460137	1645381460138	KO	j.n.ConnectException: Connection refused: no further information
REQUEST		Get Add Pet	1645381460213	1645381460228	KO	j.n.ConnectException: Connection refused: no further information
REQUEST		request_152	1645381460338	1645381460340	KO	j.n.ConnectException: Connection refused: no further information
REQUEST		Open Home Page	1645381460529	1645381460531	KO	j.n.ConnectException: Connection refused: no further information
REQUEST		request_152	1645381460592	1645381460593	KO	j.n.ConnectException: Connection refused: no further information
REQUEST		GET Find Owners Page	1645381460639	1645381460640	KO	j.n.ConnectException: Connection refused: no further information
REQUEST		Open Home Page	1645381460686	1645381460687	KO	j.n.ConnectException: Connection refused: no further information
REQUEST		request_137	1645381460749	1645381460750	KO	j.n.ConnectException: Connection refused: no further information
REQUEST		request_137	1645381460797	1645381460799	KO	j.n.ConnectException: Connection refused: no further information
REQUEST		GET Add Owner	1645381461019	1645381461020	KO	j.n.ConnectException: Connection refused: no further information
REQUEST		POST Update Owner	1645381461145	1645381461162	KO	j.n.ConnectException: Connection refused: no further information
REQUEST		request_122	1645381461286	1645381461288	KO	j.n.ConnectException: Connection refused: no further information
REQUEST		GET Vets List	1645381461350	1645381461352	KO	j.n.ConnectException: Connection refused: no further information
REQUEST		POST Add Pet	1645381461396	1645381461397	KO	j.n.ConnectException: Connection refused: no further information
REQUEST		GET Find Owners Page	1645381461411	1645381461412	KO	j.n.ConnectException: Connection refused: no further information
REQUEST		Open Home Page	1645381461666	1645381461668	KO	j.n.ConnectException: Connection refused: no further information
REQUEST		request_137	1645381461681	1645381461682	KO	j.n.ConnectException: Connection refused: no further information
REQUEST		POST Add Pet	1645381461886	1645381461902	KO	j.n.ConnectException: Connection refused: no further information
REQUEST		request_152	1645381461917	1645381461918	KO	j.n.ConnectException: Connection refused: no further information
REQUEST		Open Home Page	1645381462057	1645381462057	KO	j.n.ConnectException: Connection refused: no further information
REQUEST		Get Edit Pet Page	1645381462118	1645381462119	KO	j.n.ConnectException: Connection refused: no further information
REQUEST		Open Home Page	1645381462180	1645381462182	KO	j.n.ConnectException: Connection refused: no further information
REQUEST		GET Add Owner	1645381462196	1645381462197	KO	j.n.ConnectException: Connection refused: no further information
REQUEST		request_122	1645381462336	1645381462337	KO	j.n.ConnectException: Connection refused: no further information
REQUEST		GET Find Owners By LastName	1645381462350	1645381462352	KO	j.n.ConnectException: Connection refused: no further information
REQUEST		GET Add Owner	1645381462474	1645381462475	KO	j.n.ConnectException: Connection refused: no further information
REQUEST		GET Find Owners Page	1645381462520	1645381462521	KO	j.n.ConnectException: Connection refused: no further information
REQUEST		Open Home Page	1645381462551	1645381462552	KO	j.n.ConnectException: Connection refused: no further information
REQUEST		request_152	1645381462582	1645381462583	KO	j.n.ConnectException: Connection refused: no further information
REQUEST		GET Find Owners Page	1645381462723	1645381462725	KO	j.n.ConnectException: Connection refused: no further information
REQUEST		POST Add Owner	1645381462771	1645381462772	KO	j.n.ConnectException: Connection refused: no further information
REQUEST		request_152	1645381463133	1645381463134	KO	j.n.ConnectException: Connection refused: no further information
REQUEST		request_152	1645381463350	1645381463351	KO	j.n.ConnectException: Connection refused: no further information
REQUEST		Get Open Edit Owner Page	1645381463475	1645381463478	KO	j.n.ConnectException: Connection refused: no further information
REQUEST		Open Home Page	1645381463601	1645381463602	KO	j.n.ConnectException: Connection refused: no further information
REQUEST		POST Add Owner	1645381463664	1645381463665	KO	j.n.ConnectException: Connection refused: no further information
REQUEST		GET Vets List	1645381463741	1645381463743	KO	j.n.ConnectException: Connection refused: no further information
REQUEST		request_122	1645381463788	1645381463790	KO	j.n.ConnectException: Connection refused: no further information
REQUEST		GET Find Owners Page	1645381463850	1645381463851	KO	j.n.ConnectException: Connection refused: no further information
REQUEST		request_137	1645381463897	1645381463899	KO	j.n.ConnectException: Connection refused: no further information
REQUEST		GET Add Owner	1645381463943	1645381463944	KO	j.n.ConnectException: Connection refused: no further information
REQUEST		Get Edit Pet Page	1645381463959	1645381463960	KO	j.n.ConnectException: Connection refused: no further information
REQUEST		Get Add Pet	1645381464474	1645381464476	KO	j.n.ConnectException: Connection refused: no further information
REQUEST		Get Edit Pet Page	1645381464474	1645381464491	KO	j.n.ConnectException: Connection refused: no further information
REQUEST		GET Find Owners Page	1645381464804	1645381464805	KO	j.n.ConnectException: Connection refused: no further information
REQUEST		GET Find Owners Page	1645381464944	1645381464947	KO	j.n.ConnectException: Connection refused: no further information
REQUEST		POST Update Owner	1645381464991	1645381464994	KO	j.n.ConnectException: Connection refused: no further information
REQUEST		GET Find Owners Page	1645381465053	1645381465054	KO	j.n.ConnectException: Connection refused: no further information
REQUEST		POST Add Owner	1645381465084	1645381465085	KO	j.n.ConnectException: Connection refused: no further information
REQUEST		Open Home Page	1645381465100	1645381465101	KO	j.n.ConnectException: Connection refused: no further information
REQUEST		Open Home Page	1645381465208	1645381465210	KO	j.n.ConnectException: Connection refused: no further information
REQUEST		request_137	1645381465317	1645381465333	KO	j.n.ConnectException: Connection refused: no further information
REQUEST		request_137	1645381465379	1645381465380	KO	j.n.ConnectException: Connection refused: no further information
REQUEST		GET Add Owner	1645381465442	1645381465459	KO	j.n.ConnectException: Connection refused: no further information
REQUEST		Open Home Page	1645381465537	1645381465538	KO	j.n.ConnectException: Connection refused: no further information
REQUEST		request_152	1645381465754	1645381465755	KO	j.n.ConnectException: Connection refused: no further information
REQUEST		Open Home Page	1645381465849	1645381465865	KO	j.n.ConnectException: Connection refused: no further information
REQUEST		Get Add Pet	1645381466034	1645381466035	KO	j.n.ConnectException: Connection refused: no further information
REQUEST		GET Find Owners By LastName	1645381466190	1645381466206	KO	j.n.ConnectException: Connection refused: no further information
REQUEST		GET Add Owner	1645381466284	1645381466285	KO	j.n.ConnectException: Connection refused: no further information
REQUEST		GET Find Owners Page	1645381466315	1645381466316	KO	j.n.ConnectException: Connection refused: no further information
REQUEST		GET Vets List	1645381466393	1645381466394	KO	j.n.ConnectException: Connection refused: no further information
REQUEST		GET Find Owners Page	1645381466409	1645381466411	KO	j.n.ConnectException: Connection refused: no further information
REQUEST		POST Add Owner	1645381466472	1645381466474	KO	j.n.ConnectException: Connection refused: no further information
REQUEST		Get Add Pet	1645381466503	1645381466520	KO	j.n.ConnectException: Connection refused: no further information
REQUEST		GET Add Owner	1645381466535	1645381466536	KO	j.n.ConnectException: Connection refused: no further information
REQUEST		request_122	1645381466818	1645381466819	KO	j.n.ConnectException: Connection refused: no further information
REQUEST		request_122	1645381466849	1645381466865	KO	j.n.ConnectException: Connection refused: no further information
REQUEST		GET Add Owner	1645381467333	1645381467334	KO	j.n.ConnectException: Connection refused: no further information
REQUEST		POST Add Owner	1645381467381	1645381467397	KO	j.n.ConnectException: Connection refused: no further information
REQUEST		GET Add Owner	1645381467459	1645381467461	KO	j.n.ConnectException: Connection refused: no further information
REQUEST		POST Add Pet	1645381467474	1645381467476	KO	j.n.ConnectException: Connection refused: no further information
REQUEST		GET Find Owners Page	1645381467537	1645381467538	KO	j.n.ConnectException: Connection refused: no further information
REQUEST		request_152	1645381467599	1645381467600	KO	j.n.ConnectException: Connection refused: no further information
REQUEST		request_152	1645381467693	1645381467694	KO	j.n.ConnectException: Connection refused: no further information
REQUEST		GET Find Owners Page	1645381467835	1645381467836	KO	j.n.ConnectException: Connection refused: no further information
REQUEST		GET Find Owners Page	1645381468159	1645381468160	KO	j.n.ConnectException: Connection refused: no further information
REQUEST		Get Add Pet	1645381468190	1645381468191	KO	j.n.ConnectException: Connection refused: no further information
REQUEST		GET Add Owner	1645381468267	1645381468268	KO	j.n.ConnectException: Connection refused: no further information
REQUEST		Open Home Page	1645381468376	1645381468377	KO	j.n.ConnectException: Connection refused: no further information
REQUEST		Get Add Pet	1645381468516	1645381468516	KO	j.n.ConnectException: Connection refused: no further information
REQUEST		POST Add Pet	1645381468516	1645381468516	KO	j.n.ConnectException: Connection refused: no further information
REQUEST		Get Open Edit Owner Page	1645381468736	1645381468752	KO	j.n.ConnectException: Connection refused: no further information
REQUEST		POST Add Owner	1645381468767	1645381468768	KO	j.n.ConnectException: Connection refused: no further information
REQUEST		POST Add Owner	1645381468831	1645381468834	KO	j.n.ConnectException: Connection refused: no further information
REQUEST		GET Add Owner	1645381468956	1645381468957	KO	j.n.ConnectException: Connection refused: no further information
REQUEST		POST Add Owner	1645381469111	1645381469127	KO	j.n.ConnectException: Connection refused: no further information
REQUEST		Open Home Page	1645381469301	1645381469316	KO	j.n.ConnectException: Connection refused: no further information
REQUEST		POST Add Pet	1645381469347	1645381469348	KO	j.n.ConnectException: Connection refused: no further information
REQUEST		request_137	1645381469471	1645381469473	KO	j.n.ConnectException: Connection refused: no further information
REQUEST		request_137	1645381469565	1645381469566	KO	j.n.ConnectException: Connection refused: no further information
REQUEST		POST Add Owner	1645381469612	1645381469613	KO	j.n.ConnectException: Connection refused: no further information
REQUEST		GET Add Owner	1645381469690	1645381469693	KO	j.n.ConnectException: Connection refused: no further information
REQUEST		Get Edit Pet Page	1645381470003	1645381470006	KO	j.n.ConnectException: Connection refused: no further information
REQUEST		GET Find Owners Page	1645381470079	1645381470081	KO	j.n.ConnectException: Connection refused: no further information
REQUEST		POST Add Pet	1645381470250	1645381470251	KO	j.n.ConnectException: Connection refused: no further information
REQUEST		Get Edit Pet Page	1645381470296	1645381470297	KO	j.n.ConnectException: Connection refused: no further information
REQUEST		POST Add Owner	1645381470327	1645381470343	KO	j.n.ConnectException: Connection refused: no further information
REQUEST		Open Home Page	1645381470579	1645381470595	KO	j.n.ConnectException: Connection refused: no further information
REQUEST		Open Home Page	1645381470594	1645381470595	KO	j.n.ConnectException: Connection refused: no further information
REQUEST		Get Edit Pet Page	1645381470594	1645381470595	KO	j.n.ConnectException: Connection refused: no further information
REQUEST		POST Add Owner	1645381470610	1645381470627	KO	j.n.ConnectException: Connection refused: no further information
REQUEST		Get Add Pet	1645381470831	1645381470847	KO	j.n.ConnectException: Connection refused: no further information
REQUEST		Get Add Pet	1645381470863	1645381470863	KO	j.n.ConnectException: Connection refused: no further information
REQUEST		Get Add Pet	1645381470878	1645381470895	KO	j.n.ConnectException: Connection refused: no further information
REQUEST		POST Update Owner	1645381470925	1645381470926	KO	j.n.ConnectException: Connection refused: no further information
REQUEST		POST Add Pet	1645381470957	1645381470972	KO	j.n.ConnectException: Connection refused: no further information
REQUEST		GET Add Owner	1645381471146	1645381471147	KO	j.n.ConnectException: Connection refused: no further information
REQUEST		request_152	1645381471332	1645381471333	KO	j.n.ConnectException: Connection refused: no further information
REQUEST		Get Add Pet	1645381471660	1645381471676	KO	j.n.ConnectException: Connection refused: no further information
REQUEST		Get Add Pet	1645381471754	1645381471756	KO	j.n.ConnectException: Connection refused: no further information
REQUEST		GET Find Owners Page	1645381471816	1645381471832	KO	j.n.ConnectException: Connection refused: no further information
REQUEST		GET Find Owners By LastName	1645381471909	1645381471912	KO	j.n.ConnectException: Connection refused: no further information
REQUEST		request_122	1645381471912	1645381471913	KO	j.n.ConnectException: Connection refused: no further information
REQUEST		Get Edit Pet Page	1645381471955	1645381471956	KO	j.n.ConnectException: Connection refused: no further information
REQUEST		request_122	1645381472034	1645381472036	KO	j.n.ConnectException: Connection refused: no further information
REQUEST		Get Add Pet	1645381472174	1645381472176	KO	j.n.ConnectException: Connection refused: no further information
REQUEST		POST Add Pet	1645381472190	1645381472191	KO	j.n.ConnectException: Connection refused: no further information
REQUEST		request_152	1645381472220	1645381472236	KO	j.n.ConnectException: Connection refused: no further information
REQUEST		POST Add Pet	1645381472548	1645381472550	KO	j.n.ConnectException: Connection refused: no further information
REQUEST		POST Add Owner	1645381472673	1645381472674	KO	j.n.ConnectException: Connection refused: no further information
REQUEST		GET Find Owners Page	1645381472673	1645381472674	KO	j.n.ConnectException: Connection refused: no further information
REQUEST		request_122	1645381472720	1645381472721	KO	j.n.ConnectException: Connection refused: no further information
REQUEST		Get Edit Pet Page	1645381472767	1645381472783	KO	j.n.ConnectException: Connection refused: no further information
REQUEST		GET Add Owner	1645381472894	1645381472894	KO	j.n.ConnectException: Connection refused: no further information
REQUEST		POST Add Pet	1645381472942	1645381472942	KO	j.n.ConnectException: Connection refused: no further information
REQUEST		Open Home Page	1645381472957	1645381472958	KO	j.n.ConnectException: Connection refused: no further information
REQUEST		GET Find Owners Page	1645381472957	1645381472972	KO	j.n.ConnectException: Connection refused: no further information
REQUEST		request_137	1645381473068	1645381473069	KO	j.n.ConnectException: Connection refused: no further information
REQUEST		Get Open Edit Owner Page	1645381473116	1645381473132	KO	j.n.ConnectException: Connection refused: no further information
REQUEST		POST Add Pet	1645381473132	1645381473148	KO	j.n.ConnectException: Connection refused: no further information
REQUEST		Get Edit Pet Page	1645381473211	1645381473212	KO	j.n.ConnectException: Connection refused: no further information
REQUEST		POST Add Owner	1645381473242	1645381473258	KO	j.n.ConnectException: Connection refused: no further information
REQUEST		POST Add Pet	1645381473741	1645381473744	KO	j.n.ConnectException: Connection refused: no further information
REQUEST		GET Vets List	1645381473897	1645381473913	KO	j.n.ConnectException: Connection refused: no further information
REQUEST		POST Add Pet	1645381473976	1645381473977	KO	j.n.ConnectException: Connection refused: no further information
REQUEST		request_137	1645381473976	1645381473992	KO	j.n.ConnectException: Connection refused: no further information
REQUEST		request_122	1645381474008	1645381474009	KO	j.n.ConnectException: Connection refused: no further information
REQUEST		Open Home Page	1645381474116	1645381474132	KO	j.n.ConnectException: Connection refused: no further information
REQUEST		request_122	1645381474380	1645381474382	KO	j.n.ConnectException: Connection refused: no further information
REQUEST		GET Add Owner	1645381474582	1645381474584	KO	j.n.ConnectException: Connection refused: no further information
REQUEST		request_137	1645381474613	1645381474628	KO	j.n.ConnectException: Connection refused: no further information
REQUEST		Get Edit Pet Page	1645381474644	1645381474645	KO	j.n.ConnectException: Connection refused: no further information
REQUEST		Get Add Pet	1645381474908	1645381474925	KO	j.n.ConnectException: Connection refused: no further information
REQUEST		GET Add Owner	1645381475018	1645381475020	KO	j.n.ConnectException: Connection refused: no further information
REQUEST		GET Find Owners Page	1645381475033	1645381475034	KO	j.n.ConnectException: Connection refused: no further information
REQUEST		POST Update Owner	1645381475064	1645381475065	KO	j.n.ConnectException: Connection refused: no further information
REQUEST		Get Edit Pet Page	1645381475189	1645381475205	KO	j.n.ConnectException: Connection refused: no further information
REQUEST		Open Home Page	1645381475299	1645381475301	KO	j.n.ConnectException: Connection refused: no further information
REQUEST		request_152	1645381475675	1645381475676	KO	j.n.ConnectException: Connection refused: no further information
REQUEST		request_152	1645381475689	1645381475705	KO	j.n.ConnectException: Connection refused: no further information
REQUEST		request_137	1645381475705	1645381475705	KO	j.n.ConnectException: Connection refused: no further information
REQUEST		POST Add Owner	1645381475752	1645381475768	KO	j.n.ConnectException: Connection refused: no further information
REQUEST		request_122	1645381475768	1645381475768	KO	j.n.ConnectException: Connection refused: no further information
REQUEST		Get Edit Pet Page	1645381476048	1645381476049	KO	j.n.ConnectException: Connection refused: no further information
REQUEST		Get Add Pet	1645381476110	1645381476111	KO	j.n.ConnectException: Connection refused: no further information
REQUEST		GET Find Owners Page	1645381476141	1645381476157	KO	j.n.ConnectException: Connection refused: no further information
REQUEST		Get Edit Pet Page	1645381476298	1645381476299	KO	j.n.ConnectException: Connection refused: no further information
REQUEST		POST Add Pet	1645381476547	1645381476548	KO	j.n.ConnectException: Connection refused: no further information
REQUEST		Get Edit Pet Page	1645381476563	1645381476563	KO	j.n.ConnectException: Connection refused: no further information
REQUEST		GET Add Owner	1645381476672	1645381476673	KO	j.n.ConnectException: Connection refused: no further information
REQUEST		request_122	1645381476672	1645381476673	KO	j.n.ConnectException: Connection refused: no further information
REQUEST		POST Add Owner	1645381476940	1645381476941	KO	j.n.ConnectException: Connection refused: no further information
REQUEST		request_122	1645381476972	1645381476987	KO	j.n.ConnectException: Connection refused: no further information
REQUEST		GET Find Owners Page	1645381477112	1645381477115	KO	j.n.ConnectException: Connection refused: no further information
REQUEST		request_152	1645381477175	1645381477175	KO	j.n.ConnectException: Connection refused: no further information
REQUEST		request_152	1645381477222	1645381477222	KO	j.n.ConnectException: Connection refused: no further information
REQUEST		request_137	1645381477267	1645381477283	KO	j.n.ConnectException: Connection refused: no further information
REQUEST		POST Add Owner	1645381477443	1645381477445	KO	j.n.ConnectException: Connection refused: no further information
REQUEST		Open Home Page	1645381477601	1645381477602	KO	j.n.ConnectException: Connection refused: no further information
REQUEST		request_137	1645381477679	1645381477680	KO	j.n.ConnectException: Connection refused: no further information
REQUEST		GET Vets List	1645381477835	1645381477852	KO	j.n.ConnectException: Connection refused: no further information
REQUEST		request_122	1645381477851	1645381477852	KO	j.n.ConnectException: Connection refused: no further information
REQUEST		GET Add Owner	1645381478068	1645381478069	KO	j.n.ConnectException: Connection refused: no further information
REQUEST		Open Home Page	1645381478350	1645381478351	KO	j.n.ConnectException: Connection refused: no further information
REQUEST		request_137	1645381478381	1645381478383	KO	j.n.ConnectException: Connection refused: no further information
REQUEST		GET Find Owners By LastName	1645381478460	1645381478475	KO	j.n.ConnectException: Connection refused: no further information
REQUEST		Get Add Pet	1645381478600	1645381478601	KO	j.n.ConnectException: Connection refused: no further information
REQUEST		POST Add Pet	1645381478771	1645381478774	KO	j.n.ConnectException: Connection refused: no further information
REQUEST		request_122	1645381478818	1645381478819	KO	j.n.ConnectException: Connection refused: no further information
REQUEST		request_152	1645381478926	1645381478943	KO	j.n.ConnectException: Connection refused: no further information
REQUEST		Get Edit Pet Page	1645381478942	1645381478943	KO	j.n.ConnectException: Connection refused: no further information
REQUEST		Open Home Page	1645381478942	1645381478943	KO	j.n.ConnectException: Connection refused: no further information
REQUEST		Get Add Pet	1645381479114	1645381479115	KO	j.n.ConnectException: Connection refused: no further information
REQUEST		request_137	1645381479207	1645381479209	KO	j.n.ConnectException: Connection refused: no further information
REQUEST		Open Home Page	1645381479286	1645381479288	KO	j.n.ConnectException: Connection refused: no further information
REQUEST		POST Add Owner	1645381479317	1645381479319	KO	j.n.ConnectException: Connection refused: no further information
REQUEST		Open Home Page	1645381479348	1645381479349	KO	j.n.ConnectException: Connection refused: no further information
REQUEST		request_137	1645381479519	1645381479521	KO	j.n.ConnectException: Connection refused: no further information
REQUEST		request_122	1645381479551	1645381479552	KO	j.n.ConnectException: Connection refused: no further information
REQUEST		request_152	1645381479613	1645381479615	KO	j.n.ConnectException: Connection refused: no further information
REQUEST		Get Add Pet	1645381479613	1645381479615	KO	j.n.ConnectException: Connection refused: no further information
REQUEST		GET Find Owners Page	1645381479691	1645381479708	KO	j.n.ConnectException: Connection refused: no further information
REQUEST		POST Add Owner	1645381480113	1645381480116	KO	j.n.ConnectException: Connection refused: no further information
REQUEST		request_152	1645381480207	1645381480208	KO	j.n.ConnectException: Connection refused: no further information
REQUEST		Get Edit Pet Page	1645381480300	1645381480301	KO	j.n.ConnectException: Connection refused: no further information
REQUEST		GET Find Owners Page	1645381480407	1645381480408	KO	j.n.ConnectException: Connection refused: no further information
REQUEST		Get Add Pet	1645381480423	1645381480439	KO	j.n.ConnectException: Connection refused: no further information
REQUEST		Open Home Page	1645381480844	1645381480846	KO	j.n.ConnectException: Connection refused: no further information
REQUEST		GET Add Owner	1645381480937	1645381480938	KO	j.n.ConnectException: Connection refused: no further information
REQUEST		GET Find Owners Page	1645381480968	1645381480971	KO	j.n.ConnectException: Connection refused: no further information
REQUEST		request_137	1645381480983	1645381480999	KO	j.n.ConnectException: Connection refused: no further information
REQUEST		POST Add Pet	1645381481061	1645381481062	KO	j.n.ConnectException: Connection refused: no further information
REQUEST		GET Find Owners Page	1645381481077	1645381481078	KO	j.n.ConnectException: Connection refused: no further information
REQUEST		Get Open Edit Owner Page	1645381481155	1645381481156	KO	j.n.ConnectException: Connection refused: no further information
REQUEST		request_152	1645381481202	1645381481204	KO	j.n.ConnectException: Connection refused: no further information
REQUEST		POST Add Pet	1645381481218	1645381481219	KO	j.n.ConnectException: Connection refused: no further information
REQUEST		request_122	1645381481389	1645381481405	KO	j.n.ConnectException: Connection refused: no further information
REQUEST		POST Add Pet	1645381481467	1645381481483	KO	j.n.ConnectException: Connection refused: no further information
REQUEST		POST Add Pet	1645381481514	1645381481516	KO	j.n.ConnectException: Connection refused: no further information
REQUEST		GET Find Owners Page	1645381481576	1645381481578	KO	j.n.ConnectException: Connection refused: no further information
REQUEST		GET Add Owner	1645381481638	1645381481654	KO	j.n.ConnectException: Connection refused: no further information
REQUEST		Open Home Page	1645381481669	1645381481670	KO	j.n.ConnectException: Connection refused: no further information
REQUEST		request_122	1645381481793	1645381481796	KO	j.n.ConnectException: Connection refused: no further information
REQUEST		request_137	1645381482011	1645381482013	KO	j.n.ConnectException: Connection refused: no further information
REQUEST		request_152	1645381482230	1645381482231	KO	j.n.ConnectException: Connection refused: no further information
REQUEST		GET Add Owner	1645381482417	1645381482419	KO	j.n.ConnectException: Connection refused: no further information
REQUEST		Open Home Page	1645381482544	1645381482545	KO	j.n.ConnectException: Connection refused: no further information
REQUEST		Get Edit Pet Page	1645381482544	1645381482545	KO	j.n.ConnectException: Connection refused: no further information
REQUEST		Get Add Pet	1645381482559	1645381482575	KO	j.n.ConnectException: Connection refused: no further information
REQUEST		request_152	1645381482808	1645381482824	KO	j.n.ConnectException: Connection refused: no further information
REQUEST		GET Add Owner	1645381482823	1645381482824	KO	j.n.ConnectException: Connection refused: no further information
REQUEST		GET Find Owners By LastName	1645381482839	1645381482840	KO	j.n.ConnectException: Connection refused: no further information
REQUEST		POST Add Owner	1645381482855	1645381482870	KO	j.n.ConnectException: Connection refused: no further information
REQUEST		request_137	1645381483197	1645381483214	KO	j.n.ConnectException: Connection refused: no further information
REQUEST		Get Edit Pet Page	1645381483306	1645381483307	KO	j.n.ConnectException: Connection refused: no further information
REQUEST		GET Find Owners Page	1645381483306	1645381483307	KO	j.n.ConnectException: Connection refused: no further information
REQUEST		Get Edit Pet Page	1645381483416	1645381483417	KO	j.n.ConnectException: Connection refused: no further information
REQUEST		POST Add Owner	1645381483494	1645381483511	KO	j.n.ConnectException: Connection refused: no further information
REQUEST		POST Update Owner	1645381483556	1645381483557	KO	j.n.ConnectException: Connection refused: no further information
REQUEST		request_122	1645381483650	1645381483651	KO	j.n.ConnectException: Connection refused: no further information
USER	RecordedSimulation2	END	1645381483730
REQUEST		POST Add Pet	1645381483777	1645381483793	KO	j.n.ConnectException: Connection refused: no further information
REQUEST		GET Find Owners Page	1645381483948	1645381483963	KO	j.n.ConnectException: Connection refused: no further information
REQUEST		GET Find Owners Page	1645381484227	1645381484228	KO	j.n.ConnectException: Connection refused: no further information
REQUEST		request_137	1645381484259	1645381484261	KO	j.n.ConnectException: Connection refused: no further information
REQUEST		Get Add Pet	1645381484306	1645381484307	KO	j.n.ConnectException: Connection refused: no further information
USER	RecordedSimulation2	END	1645381484493
REQUEST		Get Edit Pet Page	1645381484509	1645381484526	KO	j.n.ConnectException: Connection refused: no further information
REQUEST		GET Add Owner	1645381484696	1645381484713	KO	j.n.ConnectException: Connection refused: no further information
REQUEST		POST Add Owner	1645381484728	1645381484729	KO	j.n.ConnectException: Connection refused: no further information
USER	RecordedSimulation2	END	1645381484790
REQUEST		GET Vets List	1645381484944	1645381484945	KO	j.n.ConnectException: Connection refused: no further information
REQUEST		request_152	1645381484944	1645381484945	KO	j.n.ConnectException: Connection refused: no further information
REQUEST		Get Open Edit Owner Page	1645381485100	1645381485104	KO	j.n.ConnectException: Connection refused: no further information
REQUEST		request_122	1645381485333	1645381485335	KO	j.n.ConnectException: Connection refused: no further information
REQUEST		POST Add Owner	1645381485396	1645381485398	KO	j.n.ConnectException: Connection refused: no further information
REQUEST		request_122	1645381485411	1645381485413	KO	j.n.ConnectException: Connection refused: no further information
REQUEST		request_152	1645381485692	1645381485708	KO	j.n.ConnectException: Connection refused: no further information
REQUEST		request_137	1645381485865	1645381485868	KO	j.n.ConnectException: Connection refused: no further information
REQUEST		Get Edit Pet Page	1645381486146	1645381486148	KO	j.n.ConnectException: Connection refused: no further information
REQUEST		request_152	1645381486146	1645381486148	KO	j.n.ConnectException: Connection refused: no further information
REQUEST		Get Add Pet	1645381486178	1645381486180	KO	j.n.ConnectException: Connection refused: no further information
REQUEST		POST Update Owner	1645381486240	1645381486242	KO	j.n.ConnectException: Connection refused: no further information
REQUEST		GET Add Owner	1645381486240	1645381486242	KO	j.n.ConnectException: Connection refused: no further information
REQUEST		GET Add Owner	1645381486303	1645381486305	KO	j.n.ConnectException: Connection refused: no further information
USER	RecordedSimulation2	END	1645381486367
REQUEST		POST Add Pet	1645381486680	1645381486681	KO	j.n.ConnectException: Connection refused: no further information
USER	RecordedSimulation2	END	1645381486742
REQUEST		request_122	1645381486885	1645381486887	KO	j.n.ConnectException: Connection refused: no further information
USER	RecordedSimulation2	END	1645381487197
REQUEST		Get Add Pet	1645381487211	1645381487227	KO	j.n.ConnectException: Connection refused: no further information
REQUEST		request_137	1645381487227	1645381487228	KO	j.n.ConnectException: Connection refused: no further information
REQUEST		request_152	1645381487303	1645381487306	KO	j.n.ConnectException: Connection refused: no further information
USER	RecordedSimulation2	END	1645381487521
REQUEST		POST Add Owner	1645381487553	1645381487568	KO	j.n.ConnectException: Connection refused: no further information
REQUEST		request_137	1645381487645	1645381487662	KO	j.n.ConnectException: Connection refused: no further information
REQUEST		Get Add Pet	1645381487786	1645381487787	KO	j.n.ConnectException: Connection refused: no further information
REQUEST		request_122	1645381488034	1645381488051	KO	j.n.ConnectException: Connection refused: no further information
REQUEST		POST Add Pet	1645381488066	1645381488082	KO	j.n.ConnectException: Connection refused: no further information
REQUEST		request_137	1645381488129	1645381488130	KO	j.n.ConnectException: Connection refused: no further information
REQUEST		POST Add Owner	1645381488144	1645381488146	KO	j.n.ConnectException: Connection refused: no further information
REQUEST		GET Vets List	1645381488487	1645381488489	KO	j.n.ConnectException: Connection refused: no further information
REQUEST		POST Add Owner	1645381488519	1645381488520	KO	j.n.ConnectException: Connection refused: no further information
REQUEST		request_152	1645381488829	1645381488845	KO	j.n.ConnectException: Connection refused: no further information
REQUEST		Get Edit Pet Page	1645381488861	1645381488877	KO	j.n.ConnectException: Connection refused: no further information
REQUEST		Get Add Pet	1645381488908	1645381488909	KO	j.n.ConnectException: Connection refused: no further information
USER	RecordedSimulation2	END	1645381489162
REQUEST		POST Add Pet	1645381489178	1645381489194	KO	j.n.ConnectException: Connection refused: no further information
REQUEST		request_152	1645381489459	1645381489460	KO	j.n.ConnectException: Connection refused: no further information
REQUEST		POST Add Pet	1645381490167	1645381490168	KO	j.n.ConnectException: Connection refused: no further information
REQUEST		Get Add Pet	1645381490293	1645381490294	KO	j.n.ConnectException: Connection refused: no further information
REQUEST		POST Add Pet	1645381490324	1645381490325	KO	j.n.ConnectException: Connection refused: no further information
REQUEST		Get Edit Pet Page	1645381490404	1645381490405	KO	j.n.ConnectException: Connection refused: no further information
REQUEST		request_152	1645381490575	1645381490576	KO	j.n.ConnectException: Connection refused: no further information
REQUEST		Get Add Pet	1645381490607	1645381490608	KO	j.n.ConnectException: Connection refused: no further information
REQUEST		request_137	1645381490700	1645381490701	KO	j.n.ConnectException: Connection refused: no further information
USER	RecordedSimulation2	END	1645381490747
USER	RecordedSimulation2	END	1645381490904
REQUEST		request_122	1645381491090	1645381491091	KO	j.n.ConnectException: Connection refused: no further information
REQUEST		Get Edit Pet Page	1645381491200	1645381491202	KO	j.n.ConnectException: Connection refused: no further information
REQUEST		Get Edit Pet Page	1645381491432	1645381491434	KO	j.n.ConnectException: Connection refused: no further information
USER	RecordedSimulation2	END	1645381491730
REQUEST		POST Add Pet	1645381491934	1645381491936	KO	j.n.ConnectException: Connection refused: no further information
REQUEST		Get Edit Pet Page	1645381492042	1645381492058	KO	j.n.ConnectException: Connection refused: no further information
REQUEST		request_137	1645381492154	1645381492171	KO	j.n.ConnectException: Connection refused: no further information
REQUEST		request_122	1645381492325	1645381492326	KO	j.n.ConnectException: Connection refused: no further information
USER	RecordedSimulation2	END	1645381492418
REQUEST		request_152	1645381493214	1645381493215	KO	j.n.ConnectException: Connection refused: no further information
REQUEST		Get Edit Pet Page	1645381493230	1645381493246	KO	j.n.ConnectException: Connection refused: no further information
REQUEST		request_122	1645381493292	1645381493293	KO	j.n.ConnectException: Connection refused: no further information
REQUEST		POST Add Pet	1645381493292	1645381493309	KO	j.n.ConnectException: Connection refused: no further information
REQUEST		request_122	1645381493323	1645381493325	KO	j.n.ConnectException: Connection refused: no further information
REQUEST		request_137	1645381493603	1645381493619	KO	j.n.ConnectException: Connection refused: no further information
REQUEST		request_122	1645381493805	1645381493806	KO	j.n.ConnectException: Connection refused: no further information
REQUEST		request_152	1645381494621	1645381494636	KO	j.n.ConnectException: Connection refused: no further information
REQUEST		request_137	1645381495372	1645381495378	KO	j.n.ConnectException: Connection refused: no further information
REQUEST		request_137	1645381495652	1645381495667	KO	j.n.ConnectException: Connection refused: no further information
USER	RecordedSimulation2	END	1645381495683
REQUEST		Get Edit Pet Page	1645381495918	1645381495934	KO	j.n.ConnectException: Connection refused: no further information
REQUEST		request_122	1645381495981	1645381495997	KO	j.n.ConnectException: Connection refused: no further information
REQUEST		request_152	1645381496104	1645381496107	KO	j.n.ConnectException: Connection refused: no further information
REQUEST		request_137	1645381496337	1645381496340	KO	j.n.ConnectException: Connection refused: no further information
REQUEST		request_152	1645381496400	1645381496403	KO	j.n.ConnectException: Connection refused: no further information
USER	RecordedSimulation2	END	1645381496681
REQUEST		request_152	1645381496884	1645381496885	KO	j.n.ConnectException: Connection refused: no further information
USER	RecordedSimulation2	END	1645381497305
REQUEST		request_152	1645381498006	1645381498022	KO	j.n.ConnectException: Connection refused: no further information
REQUEST		request_137	1645381498224	1645381498241	KO	j.n.ConnectException: Connection refused: no further information
USER	RecordedSimulation2	END	1645381498706
USER	RecordedSimulation2	END	1645381498910
REQUEST		request_122	1645381498925	1645381498926	KO	j.n.ConnectException: Connection refused: no further information
REQUEST		request_152	1645381499986	1645381500002	KO	j.n.ConnectException: Connection refused: no further information
USER	RecordedSimulation2	END	1645381500221
REQUEST		request_137	1645381500532	1645381500534	KO	j.n.ConnectException: Connection refused: no further information
USER	RecordedSimulation2	END	1645381501583
REQUEST		request_152	1645381503128	1645381503130	KO	j.n.ConnectException: Connection refused: no further information
USER	RecordedSimulation2	END	1645381505220
