RUN	com.gatling.tests.ComputerDB	computerdb	1646850753369	 	3.7.4
USER	ComputerDB	START	1646850759837
USER	ComputerDB	START	1646850759837
REQUEST		Opening computers page	1646850759872	1646850760388	OK	 
REQUEST		Opening computers page	1646850759872	1646850760393	OK	 
REQUEST		Opening new computers page	1646850761588	1646850761713	OK	 
USER	ComputerDB	START	1646850761835
REQUEST		Opening computers page	1646850761835	1646850762348	OK	 
REQUEST		Opening new computers page	1646850762331	1646850762745	OK	 
USER	ComputerDB	START	1646850763839
REQUEST		Opening new computers page	1646850763887	1646850764014	OK	 
REQUEST		Sending new computer info	1646850763891	1646850764018	OK	 
REQUEST		Sending new computer info Redirect 1	1646850764029	1646850764155	OK	 
REQUEST		Opening computers page	1646850763839	1646850764324	OK	 
REQUEST		Sending new computer info	1646850764556	1646850764673	OK	 
REQUEST		Sending new computer info Redirect 1	1646850764674	1646850764793	OK	 
REQUEST		Opening new computers page	1646850765581	1646850765702	OK	 
USER	ComputerDB	START	1646850765836
REQUEST		Get single record	1646850765805	1646850765933	OK	 
USER	ComputerDB	END	1646850765942
REQUEST		Opening computers page	1646850765836	1646850766348	OK	 
REQUEST		Get single record	1646850766386	1646850766503	OK	 
USER	ComputerDB	END	1646850766505
REQUEST		Sending new computer info	1646850767006	1646850767131	OK	 
REQUEST		Sending new computer info Redirect 1	1646850767131	1646850767259	OK	 
REQUEST		Sending new computer info	1646850767283	1646850767406	OK	 
REQUEST		Sending new computer info Redirect 1	1646850767407	1646850767534	OK	 
USER	ComputerDB	START	1646850767836
REQUEST		Opening computers page	1646850767837	1646850768348	OK	 
REQUEST		Opening new computers page	1646850768796	1646850768919	OK	 
USER	ComputerDB	START	1646850769832
REQUEST		Get single record	1646850769879	1646850770000	OK	 
USER	ComputerDB	END	1646850770001
REQUEST		Opening new computers page	1646850770037	1646850770164	OK	 
REQUEST		Opening computers page	1646850769833	1646850770342	OK	 
REQUEST		Get single record	1646850770302	1646850770430	OK	 
USER	ComputerDB	END	1646850770431
USER	ComputerDB	START	1646850770833
REQUEST		Opening computers page	1646850770834	1646850771373	OK	 
REQUEST		Opening new computers page	1646850771521	1646850771655	OK	 
USER	ComputerDB	START	1646850771847
REQUEST		Sending new computer info	1646850771800	1646850771933	OK	 
REQUEST		Sending new computer info Redirect 1	1646850771934	1646850772059	OK	 
REQUEST		Opening computers page	1646850771848	1646850772373	OK	 
USER	ComputerDB	START	1646850772830
REQUEST		Sending new computer info	1646850772737	1646850772870	OK	 
REQUEST		Sending new computer info Redirect 1	1646850772870	1646850773008	OK	 
REQUEST		Opening computers page	1646850772831	1646850773374	OK	 
USER	ComputerDB	START	1646850773847
REQUEST		Opening new computers page	1646850774121	1646850774257	OK	 
REQUEST		Opening computers page	1646850773847	1646850774377	OK	 
REQUEST		Opening new computers page	1646850774263	1646850774399	OK	 
REQUEST		Sending new computer info	1646850774357	1646850774494	OK	 
REQUEST		Sending new computer info Redirect 1	1646850774495	1646850774623	OK	 
USER	ComputerDB	START	1646850774828
REQUEST		Opening new computers page	1646850774717	1646850774845	OK	 
REQUEST		Get single record	1646850774797	1646850774933	OK	 
USER	ComputerDB	END	1646850774935
REQUEST		Opening computers page	1646850774828	1646850775344	OK	 
REQUEST		Get single record	1646850775439	1646850775573	OK	 
USER	ComputerDB	END	1646850775574
USER	ComputerDB	START	1646850775836
REQUEST		Sending new computer info	1646850775867	1646850775998	OK	 
REQUEST		Sending new computer info Redirect 1	1646850775999	1646850776131	OK	 
REQUEST		Opening new computers page	1646850776101	1646850776224	OK	 
REQUEST		Opening computers page	1646850775836	1646850776353	OK	 
USER	ComputerDB	START	1646850776843
REQUEST		Sending new computer info	1646850776985	1646850777113	OK	 
REQUEST		Sending new computer info Redirect 1	1646850777114	1646850777243	OK	 
REQUEST		Opening computers page	1646850776843	1646850777324	OK	 
REQUEST		Get single record	1646850777599	1646850777718	OK	 
USER	ComputerDB	END	1646850777723
REQUEST		Opening new computers page	1646850777709	1646850777835	OK	 
USER	ComputerDB	START	1646850777837
REQUEST		Sending new computer info	1646850777725	1646850777851	OK	 
REQUEST		Sending new computer info	1646850777741	1646850777865	OK	 
REQUEST		Sending new computer info Redirect 1	1646850777852	1646850777975	OK	 
REQUEST		Sending new computer info Redirect 1	1646850777866	1646850777988	OK	 
REQUEST		Get single record	1646850777883	1646850778006	OK	 
USER	ComputerDB	END	1646850778008
REQUEST		Opening new computers page	1646850778089	1646850778208	OK	 
REQUEST		Opening computers page	1646850777837	1646850778324	OK	 
USER	ComputerDB	START	1646850778828
REQUEST		Sending new computer info	1646850778890	1646850779010	OK	 
REQUEST		Get single record	1646850778965	1646850779084	OK	 
USER	ComputerDB	END	1646850779085
REQUEST		Sending new computer info Redirect 1	1646850779010	1646850779127	OK	 
REQUEST		Opening computers page	1646850778828	1646850779318	OK	 
REQUEST		Opening new computers page	1646850779358	1646850779483	OK	 
REQUEST		Opening new computers page	1646850779782	1646850779907	OK	 
REQUEST		Get single record	1646850779890	1646850780018	OK	 
USER	ComputerDB	END	1646850780019
REQUEST		Get single record	1646850780000	1646850780128	OK	 
USER	ComputerDB	END	1646850780130
REQUEST		Sending new computer info	1646850780770	1646850780893	OK	 
REQUEST		Opening new computers page	1646850780818	1646850780942	OK	 
REQUEST		Sending new computer info Redirect 1	1646850780894	1646850781019	OK	 
REQUEST		Get single record	1646850781441	1646850781567	OK	 
USER	ComputerDB	END	1646850781568
REQUEST		Sending new computer info	1646850782010	1646850782448	OK	 
REQUEST		Sending new computer info Redirect 1	1646850782449	1646850782572	OK	 
REQUEST		Sending new computer info	1646850782494	1646850782614	OK	 
REQUEST		Sending new computer info Redirect 1	1646850782614	1646850782735	OK	 
REQUEST		Sending new computer info	1646850782652	1646850782776	OK	 
REQUEST		Sending new computer info Redirect 1	1646850782777	1646850782900	OK	 
REQUEST		Get single record	1646850783772	1646850783902	OK	 
USER	ComputerDB	END	1646850783904
REQUEST		Get single record	1646850784610	1646850784737	OK	 
USER	ComputerDB	END	1646850784738
REQUEST		Get single record	1646850784877	1646850785002	OK	 
USER	ComputerDB	END	1646850785004
REQUEST		Get single record	1646850784989	1646850785114	OK	 
USER	ComputerDB	END	1646850785115
