RUN	com.gatling.tests.ComputerDB	computerdb	1645539382898	test	3.7.4
USER	ComputerDB	START	1645539389037
USER	ComputerDB	START	1645539389037
USER	ComputerDB	START	1645539389538
USER	ComputerDB	START	1645539390050
REQUEST		Opening computers page	1645539389062	1645539390056	OK	 
REQUEST		Opening computers page	1645539389062	1645539390056	OK	 
REQUEST		Opening computers page	1645539389540	1645539390274	OK	 
REQUEST		Opening computers page	1645539390050	1645539390504	OK	 
USER	ComputerDB	START	1645539390533
REQUEST		Opening computers page	1645539390533	1645539391014	OK	 
USER	ComputerDB	START	1645539391031
REQUEST		Opening computers page	1645539391032	1645539391508	OK	 
USER	ComputerDB	START	1645539391530
REQUEST		Opening new computers page	1645539391624	1645539391743	OK	 
REQUEST		Opening new computers page	1645539391735	1645539391855	OK	 
REQUEST		Opening computers page	1645539391531	1645539392006	OK	 
USER	ComputerDB	START	1645539392047
REQUEST		Opening new computers page	1645539392202	1645539392315	OK	 
REQUEST		Opening new computers page	1645539392312	1645539392432	OK	 
USER	ComputerDB	START	1645539392529
REQUEST		Opening computers page	1645539392048	1645539392530	OK	 
REQUEST		Opening computers page	1645539392530	1645539393007	OK	 
REQUEST		Opening new computers page	1645539392886	1645539393010	OK	 
USER	ComputerDB	START	1645539393027
REQUEST		Opening new computers page	1645539392981	1645539393100	OK	 
REQUEST		Sending new computer info	1645539393154	1645539393272	OK	 
REQUEST		Sending new computer info Redirect 1	1645539393281	1645539393402	OK	 
REQUEST		Opening computers page	1645539393028	1645539393492	OK	 
USER	ComputerDB	START	1645539393526
REQUEST		Sending new computer info	1645539393557	1645539393675	OK	 
REQUEST		Sending new computer info	1645539393557	1645539393676	OK	 
REQUEST		Sending new computer info Redirect 1	1645539393675	1645539393791	OK	 
REQUEST		Sending new computer info Redirect 1	1645539393677	1645539393798	OK	 
REQUEST		Opening new computers page	1645539393868	1645539393990	OK	 
REQUEST		Opening computers page	1645539393526	1645539394030	OK	 
USER	ComputerDB	START	1645539394037
REQUEST		Opening computers page	1645539394037	1645539394507	OK	 
USER	ComputerDB	START	1645539394536
REQUEST		Opening new computers page	1645539394457	1645539394578	OK	 
REQUEST		Sending new computer info	1645539394536	1645539394656	OK	 
REQUEST		Sending new computer info Redirect 1	1645539394657	1645539394776	OK	 
REQUEST		Sending new computer info	1645539394852	1645539394970	OK	 
REQUEST		Opening computers page	1645539394537	1645539395007	OK	 
USER	ComputerDB	START	1645539395041
REQUEST		Sending new computer info Redirect 1	1645539394971	1645539395089	OK	 
REQUEST		Sending new computer info	1645539395098	1645539395217	OK	 
REQUEST		Sending new computer info Redirect 1	1645539395217	1645539395337	OK	 
REQUEST		Opening computers page	1645539395041	1645539395493	OK	 
USER	ComputerDB	START	1645539395535
REQUEST		Sending new computer info	1645539395597	1645539395715	OK	 
REQUEST		Sending new computer info Redirect 1	1645539395716	1645539395835	OK	 
REQUEST		Searching for new record	1645539395755	1645539395883	OK	 
REQUEST		Opening new computers page	1645539395816	1645539395934	OK	 
REQUEST		Opening computers page	1645539395536	1645539395996	OK	 
USER	ComputerDB	START	1645539396032
REQUEST		Searching for new record	1645539396140	1645539396260	OK	 
REQUEST		Opening new computers page	1645539396360	1645539396477	OK	 
REQUEST		Opening computers page	1645539396032	1645539396507	OK	 
USER	ComputerDB	START	1645539396531
REQUEST		Searching for new record	1645539396471	1645539396585	OK	 
REQUEST		Searching for new record	1645539396609	1645539396727	OK	 
REQUEST		Searching for new record	1645539396639	1645539396760	OK	 
REQUEST		Opening new computers page	1645539396843	1645539396967	OK	 
REQUEST		Opening computers page	1645539396532	1645539396991	OK	 
USER	ComputerDB	START	1645539397029
REQUEST		Searching for new record	1645539396967	1645539397088	OK	 
REQUEST		Opening new computers page	1645539396982	1645539397101	OK	 
REQUEST		Opening computers page	1645539397030	1645539397498	OK	 
REQUEST		Sending new computer info	1645539397389	1645539397509	OK	 
USER	ComputerDB	START	1645539397528
REQUEST		Opening new computers page	1645539397435	1645539397554	OK	 
REQUEST		Opening new computers page	1645539397483	1645539397596	OK	 
REQUEST		Sending new computer info Redirect 1	1645539397509	1645539397627	OK	 
REQUEST		Opening new computers page	1645539397620	1645539397732	OK	 
REQUEST		Sending new computer info	1645539397620	1645539397735	OK	 
REQUEST		Sending new computer info Redirect 1	1645539397735	1645539397851	OK	 
REQUEST		Opening computers page	1645539397529	1645539397985	OK	 
USER	ComputerDB	START	1645539398026
REQUEST		Searching for new record	1645539397948	1645539398066	OK	 
REQUEST		Get single record	1645539398119	1645539398232	OK	 
REQUEST		Opening new computers page	1645539398134	1645539398261	OK	 
REQUEST		Get single record	1645539398245	1645539398366	OK	 
REQUEST		Opening computers page	1645539398027	1645539398489	OK	 
USER	ComputerDB	START	1645539398527
REQUEST		Get single record	1645539398527	1645539398648	OK	 
REQUEST		Sending new computer info	1645539398559	1645539398677	OK	 
REQUEST		Get single record	1645539398638	1645539398753	OK	 
REQUEST		Sending new computer info Redirect 1	1645539398677	1645539398798	OK	 
REQUEST		Opening computers page	1645539398528	1645539399001	OK	 
USER	ComputerDB	START	1645539399028
REQUEST		Sending new computer info	1645539399013	1645539399128	OK	 
USER	ComputerDB	START	1645539399231
REQUEST		Get single record	1645539399107	1645539399235	OK	 
REQUEST		Sending new computer info Redirect 1	1645539399129	1645539399255	OK	 
REQUEST		Sending new computer info	1645539399139	1645539399257	OK	 
REQUEST		Sending new computer info	1645539399154	1645539399266	OK	 
REQUEST		Get single record	1645539399185	1645539399309	OK	 
REQUEST		Get single record	1645539399200	1645539399319	OK	 
REQUEST		Sending new computer info Redirect 1	1645539399257	1645539399371	OK	 
REQUEST		Sending new computer info Redirect 1	1645539399266	1645539399379	OK	 
USER	ComputerDB	START	1645539399431
REQUEST		Opening new computers page	1645539399339	1645539399459	OK	 
REQUEST		Opening computers page	1645539399029	1645539399502	OK	 
REQUEST		Sending new computer info	1645539399431	1645539399550	OK	 
REQUEST		Edit record	1645539399447	1645539399568	OK	 
USER	ComputerDB	END	1645539399571
USER	ComputerDB	START	1645539399634
REQUEST		Sending new computer info Redirect 1	1645539399550	1645539399679	OK	 
REQUEST		Opening computers page	1645539399231	1645539399709	OK	 
USER	ComputerDB	START	1645539399838
REQUEST		Opening computers page	1645539399432	1645539399909	OK	 
REQUEST		Edit record	1645539399822	1645539399936	OK	 
USER	ComputerDB	END	1645539399937
REQUEST		Opening new computers page	1645539399868	1645539399983	OK	 
REQUEST		Edit record	1645539399910	1645539400033	OK	 
USER	ComputerDB	END	1645539400034
USER	ComputerDB	START	1645539400038
REQUEST		Edit record	1645539399928	1645539400055	OK	 
USER	ComputerDB	END	1645539400056
REQUEST		Sending new computer info	1645539399944	1645539400062	OK	 
REQUEST		Opening computers page	1645539399635	1645539400111	OK	 
REQUEST		Searching for new record	1645539400054	1645539400172	OK	 
REQUEST		Sending new computer info Redirect 1	1645539400063	1645539400183	OK	 
REQUEST		Opening new computers page	1645539400086	1645539400203	OK	 
USER	ComputerDB	START	1645539400226
REQUEST		Opening computers page	1645539399839	1645539400346	OK	 
USER	ComputerDB	START	1645539400429
REQUEST		Sending new computer info	1645539400335	1645539400511	OK	 
REQUEST		Opening computers page	1645539400039	1645539400527	OK	 
REQUEST		Sending new computer info Redirect 1	1645539400512	1645539400632	OK	 
USER	ComputerDB	START	1645539400633
REQUEST		Opening new computers page	1645539400523	1645539400636	OK	 
REQUEST		Searching for new record	1645539400617	1645539400734	OK	 
REQUEST		Opening computers page	1645539400226	1645539400752	OK	 
USER	ComputerDB	START	1645539400834
REQUEST		Opening new computers page	1645539400757	1645539400874	OK	 
REQUEST		Opening computers page	1645539400429	1645539400877	OK	 
REQUEST		Searching for new record	1645539400819	1645539400934	OK	 
USER	ComputerDB	START	1645539401040
REQUEST		Edit record	1645539400973	1645539401094	OK	 
USER	ComputerDB	END	1645539401094
REQUEST		Opening computers page	1645539400633	1645539401099	OK	 
USER	ComputerDB	START	1645539401237
REQUEST		Opening computers page	1645539400835	1645539401292	OK	 
REQUEST		Searching for new record	1645539401175	1645539401294	OK	 
USER	ComputerDB	START	1645539401439
REQUEST		Opening computers page	1645539401041	1645539401529	OK	 
USER	ComputerDB	START	1645539401625
REQUEST		Opening computers page	1645539401237	1645539401708	OK	 
REQUEST		Sending new computer info	1645539401595	1645539401741	OK	 
REQUEST		Searching for new record	1645539401594	1645539401741	OK	 
REQUEST		Searching for new record	1645539401704	1645539401824	OK	 
USER	ComputerDB	START	1645539401827
REQUEST		Sending new computer info Redirect 1	1645539401741	1645539401854	OK	 
REQUEST		Opening computers page	1645539401440	1645539401904	OK	 
REQUEST		Opening new computers page	1645539401797	1645539401915	OK	 
REQUEST		Searching for new record	1645539401812	1645539401923	OK	 
REQUEST		Searching for new record	1645539401812	1645539401928	OK	 
REQUEST		Edit record	1645539401827	1645539401944	OK	 
USER	ComputerDB	END	1645539401945
USER	ComputerDB	START	1645539402026
REQUEST		Edit record	1645539401919	1645539402035	OK	 
USER	ComputerDB	END	1645539402036
REQUEST		Sending new computer info	1645539401935	1645539402049	OK	 
REQUEST		Opening new computers page	1645539401935	1645539402051	OK	 
REQUEST		Opening computers page	1645539401626	1645539402092	OK	 
REQUEST		Sending new computer info	1645539402011	1645539402130	OK	 
REQUEST		Sending new computer info Redirect 1	1645539402050	1645539402166	OK	 
USER	ComputerDB	START	1645539402231
REQUEST		Sending new computer info Redirect 1	1645539402131	1645539402247	OK	 
REQUEST		Opening computers page	1645539401828	1645539402297	OK	 
REQUEST		Opening new computers page	1645539402231	1645539402346	OK	 
REQUEST		Opening new computers page	1645539402277	1645539402398	OK	 
USER	ComputerDB	START	1645539402434
REQUEST		Get single record	1645539402339	1645539402457	OK	 
REQUEST		Opening computers page	1645539402027	1645539402474	OK	 
USER	ComputerDB	START	1645539402636
REQUEST		Opening computers page	1645539402231	1645539402688	OK	 
REQUEST		Searching for new record	1645539402605	1645539402724	OK	 
REQUEST		Sending new computer info	1645539402668	1645539402782	OK	 
REQUEST		Opening new computers page	1645539402699	1645539402823	OK	 
USER	ComputerDB	START	1645539402837
REQUEST		Opening new computers page	1645539402760	1645539402879	OK	 
REQUEST		Opening computers page	1645539402435	1645539402890	OK	 
REQUEST		Sending new computer info Redirect 1	1645539402782	1645539402897	OK	 
REQUEST		Opening new computers page	1645539402806	1645539402920	OK	 
REQUEST		Opening new computers page	1645539402822	1645539402936	OK	 
REQUEST		Get single record	1645539402869	1645539402986	OK	 
USER	ComputerDB	START	1645539403029
REQUEST		Get single record	1645539402914	1645539403031	OK	 
REQUEST		Opening new computers page	1645539402930	1645539403049	OK	 
REQUEST		Opening computers page	1645539402637	1645539403101	OK	 
USER	ComputerDB	START	1645539403230
REQUEST		Opening computers page	1645539402838	1645539403306	OK	 
REQUEST		Get single record	1645539403199	1645539403319	OK	 
REQUEST		Opening new computers page	1645539403230	1645539403346	OK	 
REQUEST		Opening new computers page	1645539403246	1645539403358	OK	 
REQUEST		Get single record	1645539403246	1645539403358	OK	 
REQUEST		Get single record	1645539403246	1645539403364	OK	 
REQUEST		Opening new computers page	1645539403294	1645539403411	OK	 
REQUEST		Sending new computer info	1645539403294	1645539403411	OK	 
REQUEST		Searching for new record	1645539403308	1645539403423	OK	 
USER	ComputerDB	START	1645539403435
REQUEST		Sending new computer info	1645539403356	1645539403469	OK	 
REQUEST		Opening computers page	1645539403030	1645539403479	OK	 
REQUEST		Sending new computer info Redirect 1	1645539403411	1645539403530	OK	 
REQUEST		Sending new computer info Redirect 1	1645539403470	1645539403583	OK	 
REQUEST		Get single record	1645539403511	1645539403630	OK	 
USER	ComputerDB	START	1645539403635
REQUEST		Opening new computers page	1645539403558	1645539403677	OK	 
REQUEST		Opening computers page	1645539403230	1645539403697	KO	status.find.in([200, 209], 304), found 429
REQUEST		Opening new computers page	1645539403604	1645539403720	OK	 
USER	ComputerDB	START	1645539403836
REQUEST		Searching for new record	1645539403728	1645539403841	OK	 
REQUEST		Sending new computer info	1645539403743	1645539403859	OK	 
REQUEST		Opening computers page	1645539403436	1645539403877	OK	 
REQUEST		Searching for new record	1645539403774	1645539403888	KO	status.find.in([200, 209], 304), found 429
REQUEST		Opening new computers page	1645539403820	1645539403938	OK	 
REQUEST		Get single record	1645539403852	1645539403970	OK	 
REQUEST		Sending new computer info Redirect 1	1645539403860	1645539403973	KO	status.find.in([200, 209], 304), found 429
REQUEST		Sending new computer info	1645539403884	1645539403999	KO	status.find.in([200, 209], 304), found 429
REQUEST		Sending new computer info	1645539403899	1645539404017	OK	 
USER	ComputerDB	START	1645539404025
REQUEST		Opening computers page	1645539403636	1645539404089	OK	 
REQUEST		Opening new computers page	1645539404009	1645539404125	OK	 
REQUEST		Sending new computer info Redirect 1	1645539404018	1645539404138	KO	status.find.in([200, 209], 304), found 429
REQUEST		Searching for new record	1645539404055	1645539404170	OK	 
USER	ComputerDB	START	1645539404225
REQUEST		Sending new computer info	1645539404149	1645539404264	OK	 
REQUEST		Opening computers page	1645539403837	1645539404280	OK	 
REQUEST		Sending new computer info	1645539404169	1645539404284	KO	status.find.in([200, 209], 304), found 429
REQUEST		Sending new computer info Redirect 1	1645539404265	1645539404382	OK	 
USER	ComputerDB	START	1645539404428
REQUEST		Opening computers page	1645539404025	1645539404493	OK	 
REQUEST		Opening new computers page	1645539404381	1645539404499	OK	 
REQUEST		Sending new computer info	1645539404474	1645539404591	OK	 
REQUEST		Edit record	1645539404490	1645539404608	OK	 
USER	ComputerDB	END	1645539404608
REQUEST		Opening new computers page	1645539404505	1645539404623	OK	 
USER	ComputerDB	START	1645539404630
REQUEST		Sending new computer info	1645539404520	1645539404631	OK	 
REQUEST		Edit record	1645539404583	1645539404701	OK	 
USER	ComputerDB	END	1645539404702
REQUEST		Get single record	1645539404567	1645539404703	KO	status.find.in([200, 209], 304), found 429
REQUEST		Opening computers page	1645539404226	1645539404703	OK	 
REQUEST		Sending new computer info Redirect 1	1645539404591	1645539404705	KO	status.find.in([200, 209], 304), found 429
REQUEST		Sending new computer info Redirect 1	1645539404631	1645539404741	KO	status.find.in([200, 209], 304), found 429
REQUEST		Sending new computer info	1645539404630	1645539404743	KO	status.find.in([200, 209], 304), found 429
REQUEST		Opening new computers page	1645539404646	1645539404759	KO	status.find.in([200, 209], 304), found 429
REQUEST		Get single record	1645539404646	1645539404762	OK	 
USER	ComputerDB	START	1645539404833
REQUEST		Searching for new record	1645539404754	1645539404868	OK	 
REQUEST		Opening computers page	1645539404428	1645539404887	OK	 
REQUEST		Opening new computers page	1645539404817	1645539404934	KO	status.find.in([200, 209], 304), found 429
REQUEST		Opening new computers page	1645539404817	1645539404934	OK	 
REQUEST		Edit record	1645539404910	1645539405027	OK	 
USER	ComputerDB	END	1645539405028
USER	ComputerDB	START	1645539405034
REQUEST		Opening new computers page	1645539404987	1645539405099	OK	 
REQUEST		Sending new computer info	1645539404987	1645539405101	OK	 
REQUEST		Opening computers page	1645539404631	1645539405103	KO	status.find.in([200, 209], 304), found 429
REQUEST		Sending new computer info Redirect 1	1645539405101	1645539405215	OK	 
USER	ComputerDB	START	1645539405235
REQUEST		Opening computers page	1645539404834	1645539405305	OK	 
REQUEST		Edit record	1645539405235	1645539405350	OK	 
USER	ComputerDB	END	1645539405351
USER	ComputerDB	START	1645539405423
REQUEST		Sending new computer info	1645539405376	1645539405526	OK	 
REQUEST		Edit record	1645539405376	1645539405527	OK	 
REQUEST		Opening computers page	1645539405034	1645539405527	OK	 
USER	ComputerDB	END	1645539405528
REQUEST		Opening new computers page	1645539405439	1645539405559	OK	 
USER	ComputerDB	START	1645539405626
REQUEST		Searching for new record	1645539405486	1645539405643	OK	 
REQUEST		Sending new computer info Redirect 1	1645539405526	1645539405646	OK	 
REQUEST		Opening new computers page	1645539405580	1645539405702	OK	 
REQUEST		Opening computers page	1645539405236	1645539405757	OK	 
REQUEST		Searching for new record	1645539405657	1645539405779	OK	 
REQUEST		Searching for new record	1645539405704	1645539405820	OK	 
USER	ComputerDB	START	1645539405831
REQUEST		Edit record	1645539405720	1645539405838	OK	 
USER	ComputerDB	END	1645539405839
REQUEST		Opening computers page	1645539405424	1645539405906	OK	 
REQUEST		Sending new computer info	1645539405831	1645539405945	OK	 
REQUEST		Edit record	1645539405847	1645539405961	OK	 
USER	ComputerDB	END	1645539405962
REQUEST		Get single record	1645539405909	1645539406022	OK	 
USER	ComputerDB	START	1645539406034
REQUEST		Sending new computer info Redirect 1	1645539405946	1645539406060	OK	 
REQUEST		Opening computers page	1645539405627	1645539406070	OK	 
REQUEST		Sending new computer info	1645539406050	1645539406168	OK	 
REQUEST		Sending new computer info	1645539406082	1645539406202	OK	 
USER	ComputerDB	START	1645539406238
REQUEST		Get single record	1645539406144	1645539406257	OK	 
REQUEST		Sending new computer info Redirect 1	1645539406168	1645539406288	OK	 
REQUEST		Opening computers page	1645539405832	1645539406290	KO	status.find.in([200, 209], 304), found 429
REQUEST		Sending new computer info Redirect 1	1645539406203	1645539406320	OK	 
REQUEST		Opening new computers page	1645539406208	1645539406320	KO	status.find.in([200, 209], 304), found 429
REQUEST		Searching for new record	1645539406208	1645539406322	KO	status.find.in([200, 209], 304), found 429
REQUEST		Opening new computers page	1645539406301	1645539406415	OK	 
REQUEST		Get single record	1645539406301	1645539406418	OK	 
USER	ComputerDB	START	1645539406439
REQUEST		Opening computers page	1645539406035	1645539406495	OK	 
REQUEST		Sending new computer info	1645539406377	1645539406497	KO	status.find.in([200, 209], 304), found 429
REQUEST		Sending new computer info	1645539406423	1645539406534	OK	 
REQUEST		Sending new computer info	1645539406485	1645539406599	OK	 
REQUEST		Sending new computer info	1645539406485	1645539406604	OK	 
USER	ComputerDB	START	1645539406625
REQUEST		Sending new computer info Redirect 1	1645539406535	1645539406645	KO	status.find.in([200, 209], 304), found 429
REQUEST		Opening computers page	1645539406239	1645539406700	OK	 
REQUEST		Sending new computer info Redirect 1	1645539406600	1645539406714	OK	 
REQUEST		Sending new computer info Redirect 1	1645539406604	1645539406722	KO	status.find.in([200, 209], 304), found 429
REQUEST		Searching for new record	1645539406625	1645539406739	KO	status.find.in([200, 209], 304), found 429
REQUEST		Searching for new record	1645539406688	1645539406807	OK	 
USER	ComputerDB	START	1645539406829
REQUEST		Opening computers page	1645539406439	1645539406881	OK	 
REQUEST		Get single record	1645539406766	1645539406883	OK	 
REQUEST		Searching for new record	1645539406782	1645539406898	KO	status.find.in([200, 209], 304), found 429
REQUEST		Edit record	1645539406829	1645539406947	OK	 
USER	ComputerDB	END	1645539406948
REQUEST		Searching for new record	1645539406845	1645539406960	OK	 
REQUEST		Opening new computers page	1645539406845	1645539406963	KO	status.find.in([200, 209], 304), found 429
REQUEST		Sending new computer info	1645539406860	1645539406977	KO	status.find.in([200, 209], 304), found 429
REQUEST		Opening new computers page	1645539406908	1645539407025	OK	 
REQUEST		Opening new computers page	1645539406923	1645539407037	KO	status.find.in([200, 209], 304), found 429
USER	ComputerDB	START	1645539407048
REQUEST		Opening computers page	1645539406625	1645539407091	OK	 
REQUEST		Sending new computer info	1645539407032	1645539407147	OK	 
REQUEST		Searching for new record	1645539407063	1645539407176	OK	 
REQUEST		Searching for new record	1645539407110	1645539407221	OK	 
USER	ComputerDB	START	1645539407236
REQUEST		Opening new computers page	1645539407141	1645539407256	OK	 
REQUEST		Sending new computer info Redirect 1	1645539407148	1645539407263	KO	status.find.in([200, 209], 304), found 429
ERROR	Edit record: Failed to build request: No attribute named 'computerID' is defined 	1645539407269
USER	ComputerDB	END	1645539407270
REQUEST		Opening computers page	1645539406830	1645539407280	KO	status.find.in([200, 209], 304), found 429
REQUEST		Sending new computer info	1645539407221	1645539407339	OK	 
REQUEST		Get single record	1645539407236	1645539407350	KO	status.find.in([200, 209], 304), found 429
USER	ComputerDB	START	1645539407437
REQUEST		Edit record	1645539407329	1645539407442	OK	 
USER	ComputerDB	END	1645539407443
REQUEST		Sending new computer info Redirect 1	1645539407339	1645539407457	OK	 
REQUEST		Opening computers page	1645539407049	1645539407504	OK	 
REQUEST		Sending new computer info	1645539407468	1645539407584	OK	 
REQUEST		Searching for new record	1645539407468	1645539407591	OK	 
REQUEST		Edit record	1645539407483	1645539407595	KO	status.find.in([200, 209], 304), found 429
USER	ComputerDB	END	1645539407596
USER	ComputerDB	START	1645539407624
REQUEST		Sending new computer info	1645539407515	1645539407627	OK	 
REQUEST		Searching for new record	1645539407515	1645539407629	KO	status.find.in([200, 209], 304), found 429
REQUEST		Opening new computers page	1645539407515	1645539407632	KO	status.find.in([200, 209], 304), found 429
REQUEST		Searching for new record	1645539407578	1645539407697	OK	 
REQUEST		Sending new computer info Redirect 1	1645539407584	1645539407698	KO	status.find.in([200, 209], 304), found 429
REQUEST		Opening computers page	1645539407237	1645539407711	OK	 
REQUEST		Searching for new record	1645539407609	1645539407734	KO	status.find.in([200, 209], 304), found 429
REQUEST		Sending new computer info Redirect 1	1645539407627	1645539407738	KO	status.find.in([200, 209], 304), found 429
REQUEST		Get single record	1645539407671	1645539407789	OK	 
USER	ComputerDB	START	1645539407824
REQUEST		Sending new computer info	1645539407716	1645539407841	OK	 
REQUEST		Edit record	1645539407763	1645539407876	OK	 
USER	ComputerDB	END	1645539407877
REQUEST		Opening computers page	1645539407438	1645539407910	OK	 
REQUEST		Searching for new record	1645539407809	1645539407928	KO	status.find.in([200, 209], 304), found 429
REQUEST		Opening new computers page	1645539407824	1645539407935	KO	status.find.in([200, 209], 304), found 429
REQUEST		Sending new computer info Redirect 1	1645539407841	1645539407954	KO	status.find.in([200, 209], 304), found 429
USER	ComputerDB	START	1645539408026
REQUEST		Opening computers page	1645539407625	1645539408081	OK	 
REQUEST		Get single record	1645539407964	1645539408086	OK	 
REQUEST		Get single record	1645539407964	1645539408086	OK	 
REQUEST		Opening new computers page	1645539408072	1645539408188	OK	 
USER	ComputerDB	START	1645539408228
REQUEST		Sending new computer info	1645539408136	1645539408249	OK	 
REQUEST		Opening computers page	1645539407824	1645539408286	OK	 
REQUEST		Opening new computers page	1645539408167	1645539408288	OK	 
REQUEST		Opening new computers page	1645539408197	1645539408313	OK	 
REQUEST		Sending new computer info Redirect 1	1645539408250	1645539408364	OK	 
REQUEST		Sending new computer info	1645539408291	1645539408406	OK	 
USER	ComputerDB	START	1645539408431
REQUEST		Get single record	1645539408322	1645539408436	KO	status.find.in([200, 209], 304), found 429
REQUEST		Opening computers page	1645539408026	1645539408497	OK	 
REQUEST		Sending new computer info Redirect 1	1645539408406	1645539408521	OK	 
REQUEST		Searching for new record	1645539408407	1645539408524	KO	status.find.in([200, 209], 304), found 429
REQUEST		Get single record	1645539408462	1645539408582	OK	 
REQUEST		Opening new computers page	1645539408478	1645539408589	KO	status.find.in([200, 209], 304), found 429
REQUEST		Opening new computers page	1645539408494	1645539408608	KO	status.find.in([200, 209], 304), found 429
REQUEST		Opening new computers page	1645539408494	1645539408609	OK	 
USER	ComputerDB	START	1645539408634
REQUEST		Sending new computer info	1645539408541	1645539408651	KO	status.find.in([200, 209], 304), found 429
REQUEST		Get single record	1645539408556	1645539408672	OK	 
REQUEST		Opening computers page	1645539408228	1645539408687	KO	status.find.in([200, 209], 304), found 429
USER	ComputerDB	START	1645539408835
REQUEST		Edit record	1645539408727	1645539408843	OK	 
USER	ComputerDB	END	1645539408844
REQUEST		Get single record	1645539408727	1645539408846	OK	 
REQUEST		Edit record	1645539408773	1645539408889	OK	 
USER	ComputerDB	END	1645539408890
REQUEST		Opening new computers page	1645539408789	1645539408905	OK	 
REQUEST		Opening computers page	1645539408432	1645539408908	OK	 
REQUEST		Sending new computer info	1645539408851	1645539408965	OK	 
REQUEST		Sending new computer info	1645539408928	1645539409044	OK	 
REQUEST		Searching for new record	1645539408959	1645539409071	OK	 
REQUEST		Sending new computer info Redirect 1	1645539408965	1645539409080	KO	status.find.in([200, 209], 304), found 429
REQUEST		Opening computers page	1645539408635	1645539409083	KO	status.find.in([200, 209], 304), found 429
REQUEST		Edit record	1645539408974	1645539409090	KO	status.find.in([200, 209], 304), found 429
USER	ComputerDB	END	1645539409091
REQUEST		Sending new computer info Redirect 1	1645539409045	1645539409164	OK	 
REQUEST		Opening new computers page	1645539409098	1645539409213	OK	 
REQUEST		Opening new computers page	1645539409144	1645539409259	OK	 
REQUEST		Opening computers page	1645539408835	1645539409306	OK	 
REQUEST		Get single record	1645539409192	1645539409309	OK	 
REQUEST		Opening new computers page	1645539409192	1645539409309	KO	status.find.in([200, 209], 304), found 429
REQUEST		Searching for new record	1645539409240	1645539409352	KO	status.find.in([200, 209], 304), found 429
REQUEST		Get single record	1645539409303	1645539409422	OK	 
REQUEST		Searching for new record	1645539409476	1645539409592	OK	 
ERROR	Edit record: Failed to build request: No attribute named 'computerID' is defined 	1645539409662
USER	ComputerDB	END	1645539409663
REQUEST		Opening new computers page	1645539409554	1645539409670	OK	 
REQUEST		Get single record	1645539409553	1645539409670	OK	 
REQUEST		Sending new computer info	1645539409616	1645539409729	OK	 
REQUEST		Sending new computer info	1645539409631	1645539409741	OK	 
REQUEST		Sending new computer info	1645539409631	1645539409744	OK	 
REQUEST		Searching for new record	1645539409647	1645539409763	KO	status.find.in([200, 209], 304), found 429
REQUEST		Sending new computer info	1645539409647	1645539409765	OK	 
REQUEST		Get single record	1645539409647	1645539409765	OK	 
REQUEST		Get single record	1645539409694	1645539409805	OK	 
REQUEST		Sending new computer info Redirect 1	1645539409730	1645539409843	KO	status.find.in([200, 209], 304), found 429
REQUEST		Sending new computer info Redirect 1	1645539409742	1645539409852	KO	status.find.in([200, 209], 304), found 429
REQUEST		Sending new computer info Redirect 1	1645539409745	1645539409860	OK	 
REQUEST		Sending new computer info Redirect 1	1645539409765	1645539409888	KO	status.find.in([200, 209], 304), found 429
REQUEST		Get single record	1645539409912	1645539410026	OK	 
REQUEST		Searching for new record	1645539409976	1645539410091	OK	 
REQUEST		Edit record	1645539410007	1645539410127	OK	 
USER	ComputerDB	END	1645539410127
REQUEST		Sending new computer info	1645539410100	1645539410213	OK	 
REQUEST		Opening new computers page	1645539410115	1645539410233	OK	 
REQUEST		Searching for new record	1645539410194	1645539410311	OK	 
REQUEST		Opening new computers page	1645539410210	1645539410328	OK	 
REQUEST		Sending new computer info Redirect 1	1645539410214	1645539410329	OK	 
REQUEST		Sending new computer info	1645539410287	1645539410400	OK	 
REQUEST		Searching for new record	1645539410302	1645539410414	OK	 
REQUEST		Edit record	1645539410302	1645539410419	OK	 
USER	ComputerDB	END	1645539410420
REQUEST		Sending new computer info	1645539410363	1645539410476	OK	 
REQUEST		Get single record	1645539410379	1645539410501	KO	status.find.in([200, 209], 304), found 429
REQUEST		Sending new computer info	1645539410394	1645539410508	KO	status.find.in([200, 209], 304), found 429
REQUEST		Searching for new record	1645539410394	1645539410508	OK	 
REQUEST		Sending new computer info Redirect 1	1645539410401	1645539410516	KO	status.find.in([200, 209], 304), found 429
REQUEST		Sending new computer info	1645539410425	1645539410539	KO	status.find.in([200, 209], 304), found 429
REQUEST		Searching for new record	1645539410441	1645539410552	KO	status.find.in([200, 209], 304), found 429
REQUEST		Edit record	1645539410471	1645539410585	OK	 
USER	ComputerDB	END	1645539410586
REQUEST		Sending new computer info Redirect 1	1645539410476	1645539410589	KO	status.find.in([200, 209], 304), found 429
REQUEST		Searching for new record	1645539410596	1645539410713	OK	 
REQUEST		Searching for new record	1645539410612	1645539410726	OK	 
REQUEST		Opening new computers page	1645539410659	1645539410775	OK	 
REQUEST		Edit record	1645539410706	1645539410824	OK	 
USER	ComputerDB	END	1645539410825
REQUEST		Sending new computer info	1645539410721	1645539410846	OK	 
REQUEST		Sending new computer info Redirect 1	1645539410846	1645539410964	OK	 
REQUEST		Sending new computer info	1645539410861	1645539410978	OK	 
REQUEST		Opening new computers page	1645539410969	1645539411083	OK	 
REQUEST		Sending new computer info Redirect 1	1645539410978	1645539411093	OK	 
REQUEST		Searching for new record	1645539410984	1645539411098	OK	 
ERROR	Edit record: Failed to build request: No attribute named 'computerID' is defined 	1645539411154
USER	ComputerDB	END	1645539411154
REQUEST		Searching for new record	1645539411046	1645539411160	OK	 
REQUEST		Edit record	1645539411062	1645539411178	OK	 
USER	ComputerDB	END	1645539411179
REQUEST		Sending new computer info	1645539411139	1645539411253	OK	 
REQUEST		Sending new computer info Redirect 1	1645539411253	1645539411377	OK	 
REQUEST		Opening new computers page	1645539411262	1645539411404	OK	 
REQUEST		Get single record	1645539411294	1645539411470	OK	 
REQUEST		Get single record	1645539411402	1645539411542	OK	 
REQUEST		Edit record	1645539411447	1645539411569	OK	 
USER	ComputerDB	END	1645539411570
ERROR	Edit record: Failed to build request: No attribute named 'computerID' is defined 	1645539411572
USER	ComputerDB	END	1645539411572
REQUEST		Edit record	1645539411478	1645539411596	OK	 
USER	ComputerDB	END	1645539411597
REQUEST		Sending new computer info	1645539411509	1645539411623	OK	 
REQUEST		Searching for new record	1645539411573	1645539411692	OK	 
REQUEST		Get single record	1645539411603	1645539411721	OK	 
REQUEST		Searching for new record	1645539411603	1645539411721	OK	 
REQUEST		Sending new computer info Redirect 1	1645539411624	1645539411737	KO	status.find.in([200, 209], 304), found 429
REQUEST		Searching for new record	1645539411666	1645539411780	OK	 
REQUEST		Sending new computer info	1645539411682	1645539411796	KO	status.find.in([200, 209], 304), found 429
REQUEST		Searching for new record	1645539411713	1645539411825	OK	 
REQUEST		Edit record	1645539411744	1645539411862	OK	 
USER	ComputerDB	END	1645539411863
REQUEST		Opening new computers page	1645539411836	1645539411949	OK	 
REQUEST		Searching for new record	1645539411882	1645539411995	OK	 
REQUEST		Sending new computer info	1645539411898	1645539412011	OK	 
REQUEST		Get single record	1645539411945	1645539412062	OK	 
REQUEST		Get single record	1645539412005	1645539412122	OK	 
REQUEST		Sending new computer info Redirect 1	1645539412011	1645539412125	KO	status.find.in([200, 209], 304), found 429
REQUEST		Searching for new record	1645539412005	1645539412125	KO	status.find.in([200, 209], 304), found 429
REQUEST		Edit record	1645539412020	1645539412132	KO	status.find.in([200, 209], 304), found 429
USER	ComputerDB	END	1645539412132
REQUEST		Sending new computer info	1645539412020	1645539412138	KO	status.find.in([200, 209], 304), found 429
REQUEST		Opening new computers page	1645539412036	1645539412154	KO	status.find.in([200, 209], 304), found 429
REQUEST		Get single record	1645539412175	1645539412290	OK	 
REQUEST		Get single record	1645539412237	1645539412350	OK	 
REQUEST		Edit record	1645539412392	1645539412510	OK	 
USER	ComputerDB	END	1645539412511
REQUEST		Get single record	1645539412439	1645539412553	OK	 
REQUEST		Edit record	1645539412533	1645539412658	OK	 
USER	ComputerDB	END	1645539412659
REQUEST		Get single record	1645539412549	1645539412669	OK	 
REQUEST		Get single record	1645539412563	1645539412688	OK	 
REQUEST		Sending new computer info	1645539412564	1645539412689	OK	 
REQUEST		Searching for new record	1645539412626	1645539412739	OK	 
REQUEST		Get single record	1645539412673	1645539412788	OK	 
REQUEST		Sending new computer info Redirect 1	1645539412689	1645539412809	OK	 
REQUEST		Searching for new record	1645539412720	1645539412835	OK	 
REQUEST		Searching for new record	1645539412751	1645539412866	OK	 
REQUEST		Searching for new record	1645539412751	1645539412866	OK	 
REQUEST		Edit record	1645539412828	1645539412947	OK	 
USER	ComputerDB	END	1645539412948
REQUEST		Searching for new record	1645539412939	1645539413064	OK	 
REQUEST		Get single record	1645539413079	1645539413196	OK	 
REQUEST		Searching for new record	1645539413094	1645539413209	OK	 
REQUEST		Get single record	1645539413094	1645539413213	OK	 
REQUEST		Edit record	1645539413204	1645539413323	OK	 
USER	ComputerDB	END	1645539413324
REQUEST		Sending new computer info	1645539413252	1645539413374	OK	 
REQUEST		Sending new computer info	1645539413299	1645539413417	OK	 
REQUEST		Edit record	1645539413346	1645539413459	OK	 
USER	ComputerDB	END	1645539413460
REQUEST		Get single record	1645539413347	1645539413462	OK	 
REQUEST		Sending new computer info Redirect 1	1645539413374	1645539413524	OK	 
REQUEST		Get single record	1645539413424	1645539413535	OK	 
REQUEST		Sending new computer info Redirect 1	1645539413417	1645539413536	OK	 
REQUEST		Get single record	1645539413424	1645539413537	KO	status.find.in([200, 209], 304), found 429
REQUEST		Searching for new record	1645539413424	1645539413538	OK	 
REQUEST		Edit record	1645539413704	1645539413819	OK	 
USER	ComputerDB	END	1645539413820
REQUEST		Get single record	1645539413783	1645539413908	OK	 
REQUEST		Edit record	1645539413894	1645539414006	OK	 
USER	ComputerDB	END	1645539414006
REQUEST		Get single record	1645539413940	1645539414055	OK	 
REQUEST		Searching for new record	1645539414018	1645539414132	OK	 
REQUEST		Get single record	1645539414079	1645539414194	OK	 
REQUEST		Get single record	1645539414171	1645539414291	OK	 
REQUEST		Get single record	1645539414328	1645539414443	OK	 
REQUEST		Searching for new record	1645539414328	1645539414446	OK	 
REQUEST		Searching for new record	1645539414344	1645539414457	OK	 
REQUEST		Edit record	1645539414421	1645539414539	OK	 
USER	ComputerDB	END	1645539414539
REQUEST		Get single record	1645539414446	1645539414566	OK	 
REQUEST		Get single record	1645539414452	1645539414567	OK	 
REQUEST		Sending new computer info	1645539414467	1645539414586	OK	 
REQUEST		Edit record	1645539414560	1645539414678	OK	 
USER	ComputerDB	END	1645539414679
REQUEST		Sending new computer info Redirect 1	1645539414586	1645539414706	OK	 
REQUEST		Edit record	1645539414638	1645539414749	OK	 
USER	ComputerDB	END	1645539414750
REQUEST		Get single record	1645539414654	1645539414768	OK	 
REQUEST		Get single record	1645539414685	1645539414798	OK	 
REQUEST		Edit record	1645539414856	1645539414992	OK	 
USER	ComputerDB	END	1645539414993
REQUEST		Searching for new record	1645539414871	1645539414996	OK	 
REQUEST		Sending new computer info	1645539414919	1645539415031	OK	 
REQUEST		Edit record	1645539414997	1645539415109	OK	 
USER	ComputerDB	END	1645539415110
REQUEST		Edit record	1645539415012	1645539415127	OK	 
USER	ComputerDB	END	1645539415128
REQUEST		Get single record	1645539415028	1645539415143	OK	 
REQUEST		Sending new computer info Redirect 1	1645539415032	1645539415145	OK	 
REQUEST		Edit record	1645539415137	1645539415252	OK	 
USER	ComputerDB	END	1645539415252
REQUEST		Edit record	1645539415246	1645539415363	OK	 
USER	ComputerDB	END	1645539415364
REQUEST		Edit record	1645539415637	1645539415752	OK	 
USER	ComputerDB	END	1645539415753
REQUEST		Edit record	1645539415762	1645539415879	OK	 
USER	ComputerDB	END	1645539415879
REQUEST		Searching for new record	1645539415824	1645539415944	OK	 
REQUEST		Edit record	1645539415840	1645539415958	OK	 
USER	ComputerDB	END	1645539415959
REQUEST		Get single record	1645539415995	1645539416113	OK	 
ERROR	Edit record: Failed to build request: No attribute named 'computerID' is defined 	1645539416135
USER	ComputerDB	END	1645539416136
REQUEST		Get single record	1645539416041	1645539416161	OK	 
REQUEST		Edit record	1645539416135	1645539416251	OK	 
REQUEST		Get single record	1645539416135	1645539416251	OK	 
USER	ComputerDB	END	1645539416251
REQUEST		Searching for new record	1645539416260	1645539416397	OK	 
REQUEST		Edit record	1645539416369	1645539416581	OK	 
REQUEST		Edit record	1645539416369	1645539416581	OK	 
REQUEST		Edit record	1645539416416	1645539416581	OK	 
USER	ComputerDB	END	1645539416582
USER	ComputerDB	END	1645539416582
USER	ComputerDB	END	1645539416582
REQUEST		Searching for new record	1645539416478	1645539416608	OK	 
REQUEST		Get single record	1645539416556	1645539416692	OK	 
REQUEST		Edit record	1645539416618	1645539416734	OK	 
USER	ComputerDB	END	1645539416734
REQUEST		Edit record	1645539416805	1645539416920	OK	 
USER	ComputerDB	END	1645539416921
REQUEST		Edit record	1645539416852	1645539416967	OK	 
USER	ComputerDB	END	1645539416968
REQUEST		Edit record	1645539416929	1645539417047	OK	 
USER	ComputerDB	END	1645539417048
REQUEST		Get single record	1645539417038	1645539417157	OK	 
REQUEST		Edit record	1645539417069	1645539417184	OK	 
USER	ComputerDB	END	1645539417185
REQUEST		Searching for new record	1645539417522	1645539417635	OK	 
REQUEST		Edit record	1645539417772	1645539417888	OK	 
USER	ComputerDB	END	1645539417889
REQUEST		Get single record	1645539418192	1645539418309	OK	 
REQUEST		Edit record	1645539418208	1645539418325	OK	 
USER	ComputerDB	END	1645539418326
REQUEST		Get single record	1645539418334	1645539418454	OK	 
REQUEST		Edit record	1645539418773	1645539418894	OK	 
USER	ComputerDB	END	1645539418895
REQUEST		Get single record	1645539419147	1645539419267	OK	 
REQUEST		Edit record	1645539419194	1645539419312	OK	 
USER	ComputerDB	END	1645539419313
REQUEST		Edit record	1645539419242	1645539419355	OK	 
USER	ComputerDB	END	1645539419356
REQUEST		Get single record	1645539419365	1645539419479	OK	 
REQUEST		Edit record	1645539420005	1645539420131	OK	 
USER	ComputerDB	END	1645539420131
REQUEST		Edit record	1645539420069	1645539420186	OK	 
USER	ComputerDB	END	1645539420187
REQUEST		Edit record	1645539421203	1645539421327	OK	 
USER	ComputerDB	END	1645539421328
REQUEST		Edit record	1645539421344	1645539421625	OK	 
USER	ComputerDB	END	1645539421626
