RUN	demoPetClinic.RecordedSimulationByHAR	recordedsimulationbyhar	1645471984495	 	3.7.4
USER	RecordedSimulationByHAR	START	1645471985556
REQUEST		Open Home Page	1645471985578	1645471985785	OK	 
USER	RecordedSimulationByHAR	START	1645471986558
REQUEST		Open Home Page	1645471986558	1645471986568	OK	 
REQUEST		GET Find Owners Page	1645471987092	1645471987120	OK	 
USER	RecordedSimulationByHAR	START	1645471987559
REQUEST		Open Home Page	1645471987560	1645471987569	OK	 
REQUEST		GET Find Owners Page	1645471988233	1645471988243	OK	 
USER	RecordedSimulationByHAR	START	1645471988562
REQUEST		Open Home Page	1645471988562	1645471988571	OK	 
USER	RecordedSimulationByHAR	START	1645471989566
REQUEST		Open Home Page	1645471989567	1645471989584	OK	 
REQUEST		GET Find Owners Page	1645471989655	1645471989659	OK	 
REQUEST		GET Add Owner	1645471990060	1645471990072	OK	 
REQUEST		GET Add Owner	1645471990249	1645471990254	OK	 
REQUEST		GET Find Owners Page	1645471991246	1645471991253	OK	 
REQUEST		GET Find Owners By LastName	1645471991512	1645471991568	OK	 
REQUEST		Get Owners Info	1645471991581	1645471991609	OK	 
REQUEST		POST Add Owner	1645471991970	1645471991999	KO	status.find.in([200, 209], 304), found 302
REQUEST		GET Find Owners Page	1645471992296	1645471992300	OK	 
REQUEST		GET Add Owner	1645471992623	1645471992628	OK	 
REQUEST		POST Add Owner	1645471992937	1645471992942	KO	status.find.in([200, 209], 304), found 302
REQUEST		Get Add Pet	1645471993674	1645471993693	OK	 
REQUEST		Get Add Pet	1645471994258	1645471994273	OK	 
REQUEST		Get Open Edit Owner Page	1645471994444	1645471994460	OK	 
REQUEST		GET Add Owner	1645471994861	1645471994865	OK	 
REQUEST		POST Add Owner	1645471995252	1645471995259	KO	status.find.in([200, 209], 304), found 302
REQUEST		POST Add Pet	1645471995426	1645471995449	OK	 
REQUEST		Get owners Info	1645471995451	1645471995471	OK	 
REQUEST		POST Add Pet	1645471995639	1645471995650	OK	 
REQUEST		Get owners Info	1645471995652	1645471995675	OK	 
REQUEST		Get Add Pet	1645471996330	1645471996342	OK	 
REQUEST		POST Update Owner	1645471996535	1645471996546	KO	status.find.in([200, 209], 304), found 302
REQUEST		POST Add Owner	1645471996943	1645471996951	KO	status.find.in([200, 209], 304), found 302
REQUEST		Get Edit Pet Page	1645471998198	1645471998212	OK	 
REQUEST		Get Edit Pet Page	1645471998245	1645471998254	OK	 
REQUEST		Get Add Pet	1645471999013	1645471999023	OK	 
REQUEST		POST Add Pet	1645471999074	1645471999085	OK	 
REQUEST		Get owners Info	1645471999087	1645471999108	OK	 
REQUEST		GET Vets List	1645471999418	1645471999437	OK	 
REQUEST		request_122	1645471999465	1645471999475	KO	status.find.in([200, 209], 304), found 302
REQUEST		POST Add Pet	1645472000260	1645472000269	OK	 
REQUEST		Get owners Info	1645472000271	1645472000297	OK	 
REQUEST		request_122	1645472000557	1645472000568	KO	status.find.in([200, 209], 304), found 302
REQUEST		Get Edit Pet Page	1645472001308	1645472001319	OK	 
REQUEST		Open Home Page	1645472001730	1645472001736	OK	 
REQUEST		request_137	1645472001933	1645472001964	OK	 
REQUEST		Get Edit Pet Page	1645472002449	1645472002460	OK	 
REQUEST		request_122	1645472002855	1645472002866	KO	status.find.in([200, 209], 304), found 302
REQUEST		request_137	1645472003167	1645472003188	OK	 
REQUEST		GET Find Owners Page	1645472003558	1645472003567	OK	 
REQUEST		request_122	1645472003807	1645472003815	KO	status.find.in([200, 209], 304), found 302
REQUEST		request_152	1645472004321	1645472004340	KO	status.find.in([200, 209], 304), found 302
REQUEST		request_137	1645472004743	1645472004764	OK	 
REQUEST		request_152	1645472005525	1645472005549	KO	status.find.in([200, 209], 304), found 302
REQUEST		GET Add Owner	1645472005616	1645472005623	OK	 
REQUEST		Open Home Page	1645472005804	1645472005810	OK	 
REQUEST		request_137	1645472005914	1645472005944	OK	 
REQUEST		request_152	1645472007163	1645472007172	KO	status.find.in([200, 209], 304), found 302
REQUEST		Open Home Page	1645472007334	1645472007340	OK	 
REQUEST		GET Find Owners Page	1645472007618	1645472007625	OK	 
REQUEST		request_152	1645472007868	1645472007876	KO	status.find.in([200, 209], 304), found 302
REQUEST		POST Add Owner	1645472008368	1645472008373	KO	status.find.in([200, 209], 304), found 302
REQUEST		GET Find Owners Page	1645472008854	1645472008861	OK	 
REQUEST		Open Home Page	1645472008885	1645472008889	OK	 
REQUEST		GET Find Owners By LastName	1645472008901	1645472008913	OK	 
REQUEST		Get Owners Info	1645472008914	1645472008937	OK	 
REQUEST		Open Home Page	1645472010184	1645472010190	OK	 
REQUEST		GET Add Owner	1645472010545	1645472010551	OK	 
REQUEST		Get Add Pet	1645472010922	1645472010931	OK	 
REQUEST		Get Open Edit Owner Page	1645472010953	1645472010960	OK	 
REQUEST		GET Find Owners Page	1645472011459	1645472011463	OK	 
REQUEST		POST Add Owner	1645472012054	1645472012058	KO	status.find.in([200, 209], 304), found 302
REQUEST		GET Find Owners Page	1645472012349	1645472012355	OK	 
REQUEST		Get Add Pet	1645472013126	1645472013135	OK	 
REQUEST		POST Update Owner	1645472013219	1645472013231	KO	status.find.in([200, 209], 304), found 302
REQUEST		POST Add Pet	1645472013282	1645472013290	OK	 
REQUEST		GET Add Owner	1645472013298	1645472013304	OK	 
REQUEST		Get owners Info	1645472013291	1645472013325	OK	 
REQUEST		GET Add Owner	1645472014089	1645472014095	OK	 
REQUEST		POST Add Pet	1645472014213	1645472014223	OK	 
REQUEST		Get owners Info	1645472014224	1645472014247	OK	 
REQUEST		GET Vets List	1645472014458	1645472014464	OK	 
REQUEST		POST Add Owner	1645472015334	1645472015338	KO	status.find.in([200, 209], 304), found 302
REQUEST		Get Edit Pet Page	1645472015334	1645472015346	OK	 
REQUEST		Get Edit Pet Page	1645472015410	1645472015419	OK	 
REQUEST		POST Add Owner	1645472015970	1645472015975	KO	status.find.in([200, 209], 304), found 302
REQUEST		request_122	1645472016767	1645472016777	KO	status.find.in([200, 209], 304), found 302
REQUEST		Open Home Page	1645472016970	1645472016977	OK	 
REQUEST		Get Add Pet	1645472017495	1645472017503	OK	 
REQUEST		Get Add Pet	1645472018129	1645472018137	OK	 
REQUEST		request_122	1645472018192	1645472018202	KO	status.find.in([200, 209], 304), found 302
REQUEST		GET Find Owners Page	1645472018207	1645472018212	OK	 
REQUEST		request_137	1645472018458	1645472018483	OK	 
REQUEST		POST Add Pet	1645472019537	1645472019548	OK	 
REQUEST		Get owners Info	1645472019549	1645472019573	OK	 
REQUEST		request_152	1645472019663	1645472019670	KO	status.find.in([200, 209], 304), found 302
REQUEST		POST Add Pet	1645472020791	1645472020801	OK	 
REQUEST		Get owners Info	1645472020802	1645472020825	OK	 
REQUEST		Get Edit Pet Page	1645472020948	1645472020958	OK	 
REQUEST		request_137	1645472021025	1645472021048	OK	 
REQUEST		GET Add Owner	1645472021102	1645472021109	OK	 
REQUEST		Open Home Page	1645472021353	1645472021360	OK	 
REQUEST		Get Edit Pet Page	1645472022595	1645472022610	OK	 
REQUEST		request_122	1645472023124	1645472023135	KO	status.find.in([200, 209], 304), found 302
REQUEST		POST Add Owner	1645472023949	1645472023953	KO	status.find.in([200, 209], 304), found 302
REQUEST		request_152	1645472024028	1645472024035	KO	status.find.in([200, 209], 304), found 302
REQUEST		GET Find Owners Page	1645472024120	1645472024126	OK	 
REQUEST		request_122	1645472024523	1645472024535	KO	status.find.in([200, 209], 304), found 302
REQUEST		request_137	1645472024852	1645472024876	OK	 
REQUEST		Get Add Pet	1645472025291	1645472025300	OK	 
REQUEST		Open Home Page	1645472025554	1645472025560	OK	 
REQUEST		request_152	1645472025911	1645472025917	KO	status.find.in([200, 209], 304), found 302
REQUEST		request_137	1645472026115	1645472026139	OK	 
REQUEST		GET Add Owner	1645472026630	1645472026637	OK	 
REQUEST		Open Home Page	1645472026926	1645472026930	OK	 
REQUEST		POST Add Pet	1645472027348	1645472027356	OK	 
REQUEST		Get owners Info	1645472027357	1645472027384	OK	 
REQUEST		request_152	1645472028046	1645472028052	KO	status.find.in([200, 209], 304), found 302
REQUEST		GET Find Owners Page	1645472028342	1645472028349	OK	 
REQUEST		Get Edit Pet Page	1645472028967	1645472028977	OK	 
REQUEST		POST Add Owner	1645472029546	1645472029550	KO	status.find.in([200, 209], 304), found 302
REQUEST		GET Find Owners Page	1645472029750	1645472029753	OK	 
REQUEST		GET Add Owner	1645472029983	1645472029988	OK	 
REQUEST		Open Home Page	1645472030188	1645472030195	OK	 
REQUEST		request_122	1645472030219	1645472030230	KO	status.find.in([200, 209], 304), found 302
REQUEST		Get Add Pet	1645472030639	1645472030650	OK	 
REQUEST		GET Add Owner	1645472030796	1645472030804	OK	 
REQUEST		GET Find Owners Page	1645472031311	1645472031314	OK	 
REQUEST		POST Add Owner	1645472032124	1645472032130	KO	status.find.in([200, 209], 304), found 302
REQUEST		POST Add Owner	1645472032358	1645472032362	KO	status.find.in([200, 209], 304), found 302
REQUEST		GET Add Owner	1645472032829	1645472032835	OK	 
REQUEST		request_137	1645472033155	1645472033180	OK	 
REQUEST		POST Add Pet	1645472033419	1645472033429	OK	 
REQUEST		Get owners Info	1645472033430	1645472033455	OK	 
REQUEST		Get Add Pet	1645472033590	1645472033600	OK	 
REQUEST		request_152	1645472034545	1645472034551	KO	status.find.in([200, 209], 304), found 302
REQUEST		POST Add Pet	1645472034653	1645472034664	OK	 
REQUEST		Get owners Info	1645472034665	1645472034689	OK	 
REQUEST		Get Add Pet	1645472034871	1645472034878	OK	 
REQUEST		POST Add Owner	1645472035681	1645472035687	KO	status.find.in([200, 209], 304), found 302
REQUEST		Open Home Page	1645472035933	1645472035941	OK	 
REQUEST		Get Edit Pet Page	1645472035948	1645472035957	OK	 
REQUEST		Get Edit Pet Page	1645472036795	1645472036804	OK	 
REQUEST		POST Add Pet	1645472037312	1645472037321	OK	 
REQUEST		Get owners Info	1645472037322	1645472037344	OK	 
REQUEST		GET Find Owners Page	1645472037515	1645472037521	OK	 
REQUEST		request_122	1645472037749	1645472037758	KO	status.find.in([200, 209], 304), found 302
REQUEST		Get Add Pet	1645472038032	1645472038046	OK	 
REQUEST		GET Add Owner	1645472038649	1645472038656	OK	 
REQUEST		request_122	1645472038710	1645472038721	KO	status.find.in([200, 209], 304), found 302
REQUEST		POST Add Pet	1645472039225	1645472039236	OK	 
REQUEST		Get Edit Pet Page	1645472039240	1645472039249	OK	 
REQUEST		Get owners Info	1645472039237	1645472039263	OK	 
REQUEST		request_137	1645472039865	1645472039891	OK	 
REQUEST		POST Add Owner	1645472040255	1645472040260	KO	status.find.in([200, 209], 304), found 302
REQUEST		request_137	1645472040444	1645472040478	OK	 
REQUEST		Get Edit Pet Page	1645472040928	1645472040937	OK	 
REQUEST		Get Add Pet	1645472042008	1645472042015	OK	 
REQUEST		request_122	1645472042008	1645472042017	KO	status.find.in([200, 209], 304), found 302
REQUEST		request_152	1645472042415	1645472042427	KO	status.find.in([200, 209], 304), found 302
REQUEST		request_152	1645472043010	1645472043019	KO	status.find.in([200, 209], 304), found 302
REQUEST		request_122	1645472043417	1645472043430	KO	status.find.in([200, 209], 304), found 302
REQUEST		Open Home Page	1645472044044	1645472044051	OK	 
REQUEST		POST Add Pet	1645472044154	1645472044166	OK	 
REQUEST		Get owners Info	1645472044167	1645472044195	OK	 
REQUEST		Open Home Page	1645472044753	1645472044758	OK	 
REQUEST		request_137	1645472044958	1645472044992	OK	 
REQUEST		request_137	1645472045396	1645472045424	OK	 
REQUEST		GET Find Owners Page	1645472045834	1645472045843	OK	 
REQUEST		GET Find Owners Page	1645472046815	1645472046819	OK	 
REQUEST		Get Edit Pet Page	1645472047189	1645472047198	OK	 
REQUEST		GET Add Owner	1645472047313	1645472047319	OK	 
REQUEST		request_152	1645472047344	1645472047350	KO	status.find.in([200, 209], 304), found 302
REQUEST		request_122	1645472048281	1645472048296	KO	status.find.in([200, 209], 304), found 302
REQUEST		request_152	1645472048327	1645472048332	KO	status.find.in([200, 209], 304), found 302
REQUEST		GET Add Owner	1645472049275	1645472049279	OK	 
REQUEST		POST Add Owner	1645472049791	1645472049799	KO	status.find.in([200, 209], 304), found 302
REQUEST		request_137	1645472050228	1645472050253	OK	 
USER	RecordedSimulationByHAR	END	1645472050292
USER	RecordedSimulationByHAR	END	1645472050633
REQUEST		POST Add Owner	1645472050773	1645472050777	KO	status.find.in([200, 209], 304), found 302
REQUEST		Get Add Pet	1645472052100	1645472052114	OK	 
REQUEST		Get Add Pet	1645472052678	1645472052685	OK	 
REQUEST		request_152	1645472052834	1645472052843	KO	status.find.in([200, 209], 304), found 302
REQUEST		POST Add Pet	1645472053536	1645472053557	OK	 
REQUEST		Get owners Info	1645472053558	1645472053584	OK	 
USER	RecordedSimulationByHAR	END	1645472053974
REQUEST		POST Add Pet	1645472054818	1645472054829	OK	 
REQUEST		Get owners Info	1645472054830	1645472054854	OK	 
REQUEST		Get Edit Pet Page	1645472056334	1645472056348	OK	 
REQUEST		Get Edit Pet Page	1645472056911	1645472056922	OK	 
REQUEST		request_122	1645472057989	1645472058000	KO	status.find.in([200, 209], 304), found 302
REQUEST		request_122	1645472058974	1645472058984	KO	status.find.in([200, 209], 304), found 302
REQUEST		request_137	1645472059872	1645472059901	OK	 
REQUEST		request_137	1645472060983	1645472061006	OK	 
REQUEST		request_152	1645472061636	1645472061642	KO	status.find.in([200, 209], 304), found 302
REQUEST		request_152	1645472063419	1645472063425	KO	status.find.in([200, 209], 304), found 302
USER	RecordedSimulationByHAR	END	1645472064246
USER	RecordedSimulationByHAR	END	1645472064650
