RUN	com.gatling.tests.ComputerDB	computerdb	1646851394567	 	3.7.4
USER	ComputerDB	START	1646851401602
USER	ComputerDB	START	1646851401602
REQUEST		Opening computers page	1646851401642	1646851402184	OK	 
REQUEST		Opening computers page	1646851401642	1646851402191	OK	 
USER	ComputerDB	START	1646851403588
REQUEST		Opening new computers page	1646851404920	1646851405038	OK	 
REQUEST		Opening computers page	1646851403589	1646851405085	OK	 
REQUEST		Opening new computers page	1646851405217	1646851405333	OK	 
USER	ComputerDB	START	1646851405594
REQUEST		Opening computers page	1646851405595	1646851406094	OK	 
REQUEST		Opening new computers page	1646851406219	1646851406338	OK	 
REQUEST		Sending new computer info	1646851406287	1646851406411	KO	status.find.in([200, 209], 304), found 400
REQUEST		Sending new computer info	1646851407067	1646851407190	KO	status.find.in([200, 209], 304), found 400
USER	ComputerDB	START	1646851407587
REQUEST		Opening computers page	1646851407588	1646851408078	OK	 
REQUEST		Sending new computer info	1646851408595	1646851408714	KO	status.find.in([200, 209], 304), found 400
REQUEST		Opening new computers page	1646851408888	1646851409013	OK	 
REQUEST		Searching for new record	1646851409160	1646851409279	OK	 
REQUEST		Searching for new record	1646851409188	1646851409316	OK	 
USER	ComputerDB	START	1646851409595
REQUEST		Opening new computers page	1646851409707	1646851409826	OK	 
REQUEST		Opening computers page	1646851409596	1646851410076	OK	 
REQUEST		Sending new computer info	1646851410177	1646851410302	KO	status.find.in([200, 209], 304), found 400
REQUEST		Get single record	1646851410379	1646851410504	OK	 
REQUEST		Searching for new record	1646851410379	1646851410508	OK	 
REQUEST		Get single record	1646851411037	1646851411159	OK	 
USER	ComputerDB	START	1646851411583
REQUEST		Opening computers page	1646851411584	1646851412076	OK	 
REQUEST		Sending new computer info	1646851411472	1646851412156	KO	status.find.in([200, 209], 304), found 400
REQUEST		Searching for new record	1646851412361	1646851412486	OK	 
USER	ComputerDB	START	1646851412598
REQUEST		Get single record	1646851412487	1646851412607	OK	 
REQUEST		Edit record	1646851412519	1646851412648	OK	 
USER	ComputerDB	END	1646851412651
REQUEST		Opening new computers page	1646851412816	1646851412937	OK	 
REQUEST		Opening computers page	1646851412599	1646851413504	OK	 
USER	ComputerDB	START	1646851413591
REQUEST		Opening new computers page	1646851413507	1646851413628	OK	 
REQUEST		Edit record	1646851413540	1646851413662	OK	 
USER	ComputerDB	END	1646851413663
REQUEST		Edit record	1646851413758	1646851413875	OK	 
USER	ComputerDB	END	1646851413876
REQUEST		Opening computers page	1646851413592	1646851414081	OK	 
REQUEST		Get single record	1646851414149	1646851414276	OK	 
USER	ComputerDB	START	1646851414589
REQUEST		Searching for new record	1646851414480	1646851414601	OK	 
REQUEST		Sending new computer info	1646851414917	1646851415040	KO	status.find.in([200, 209], 304), found 400
REQUEST		Opening computers page	1646851414590	1646851415054	OK	 
USER	ComputerDB	START	1646851415598
REQUEST		Opening new computers page	1646851415566	1646851415681	OK	 
REQUEST		Sending new computer info	1646851415660	1646851415804	KO	status.find.in([200, 209], 304), found 400
REQUEST		Opening new computers page	1646851415926	1646851416057	OK	 
REQUEST		Opening computers page	1646851415599	1646851416073	OK	 
REQUEST		Edit record	1646851416066	1646851416184	OK	 
USER	ComputerDB	END	1646851416185
REQUEST		Get single record	1646851416157	1646851416277	OK	 
REQUEST		Opening new computers page	1646851416238	1646851416354	OK	 
USER	ComputerDB	START	1646851416599
REQUEST		Searching for new record	1646851416846	1646851416967	OK	 
REQUEST		Opening computers page	1646851416599	1646851417090	OK	 
REQUEST		Searching for new record	1646851416987	1646851417105	OK	 
REQUEST		Sending new computer info	1646851417220	1646851417344	KO	status.find.in([200, 209], 304), found 400
USER	ComputerDB	START	1646851417586
REQUEST		Opening computers page	1646851417586	1646851418051	OK	 
REQUEST		Opening new computers page	1646851418069	1646851418188	OK	 
REQUEST		Searching for new record	1646851418384	1646851418503	OK	 
REQUEST		Sending new computer info	1646851418432	1646851418548	KO	status.find.in([200, 209], 304), found 400
USER	ComputerDB	START	1646851418588
REQUEST		Sending new computer info	1646851418494	1646851418611	KO	status.find.in([200, 209], 304), found 400
REQUEST		Edit record	1646851418912	1646851419033	OK	 
USER	ComputerDB	END	1646851419035
REQUEST		Opening computers page	1646851418589	1646851419085	OK	 
REQUEST		Get single record	1646851419070	1646851419200	OK	 
REQUEST		Get single record	1646851419178	1646851419299	OK	 
REQUEST		Sending new computer info	1646851419394	1646851419517	KO	status.find.in([200, 209], 304), found 400
REQUEST		Opening new computers page	1646851419426	1646851419548	OK	 
USER	ComputerDB	START	1646851419584
REQUEST		Opening new computers page	1646851419632	1646851419759	OK	 
REQUEST		Opening computers page	1646851419585	1646851420087	OK	 
USER	ComputerDB	START	1646851420590
REQUEST		Get single record	1646851420684	1646851420813	OK	 
REQUEST		Searching for new record	1646851420732	1646851420856	OK	 
REQUEST		Opening computers page	1646851420591	1646851421093	OK	 
REQUEST		Opening new computers page	1646851421298	1646851421427	OK	 
REQUEST		Searching for new record	1646851421330	1646851421455	OK	 
REQUEST		Edit record	1646851421330	1646851421458	OK	 
USER	ComputerDB	END	1646851421459
REQUEST		Searching for new record	1646851421504	1646851421620	OK	 
REQUEST		Opening new computers page	1646851421520	1646851421642	OK	 
REQUEST		Sending new computer info	1646851421552	1646851421670	KO	status.find.in([200, 209], 304), found 400
REQUEST		Edit record	1646851421738	1646851421858	OK	 
USER	ComputerDB	END	1646851421860
REQUEST		Sending new computer info	1646851421770	1646851421884	KO	status.find.in([200, 209], 304), found 400
REQUEST		Get single record	1646851422438	1646851422561	OK	 
REQUEST		Sending new computer info	1646851422874	1646851422992	KO	status.find.in([200, 209], 304), found 400
REQUEST		Searching for new record	1646851423064	1646851423192	OK	 
REQUEST		Sending new computer info	1646851423253	1646851423370	KO	status.find.in([200, 209], 304), found 400
REQUEST		Get single record	1646851423440	1646851423565	OK	 
REQUEST		Opening new computers page	1646851423534	1646851423660	OK	 
REQUEST		Edit record	1646851423678	1646851423805	OK	 
USER	ComputerDB	END	1646851423806
REQUEST		Get single record	1646851423805	1646851423926	OK	 
REQUEST		Edit record	1646851423899	1646851424024	OK	 
USER	ComputerDB	END	1646851424026
REQUEST		Searching for new record	1646851424773	1646851424891	OK	 
REQUEST		Searching for new record	1646851425006	1646851425134	OK	 
REQUEST		Searching for new record	1646851425052	1646851425177	OK	 
REQUEST		Get single record	1646851425067	1646851425194	OK	 
REQUEST		Edit record	1646851425457	1646851425579	OK	 
USER	ComputerDB	END	1646851425580
REQUEST		Edit record	1646851425738	1646851425862	OK	 
USER	ComputerDB	END	1646851425863
REQUEST		Get single record	1646851426161	1646851426288	OK	 
REQUEST		Sending new computer info	1646851426225	1646851426347	KO	status.find.in([200, 209], 304), found 400
REQUEST		Edit record	1646851426765	1646851426889	OK	 
USER	ComputerDB	END	1646851426890
REQUEST		Get single record	1646851426939	1646851427060	OK	 
REQUEST		Get single record	1646851427844	1646851428480	OK	 
REQUEST		Searching for new record	1646851428899	1646851429019	OK	 
REQUEST		Edit record	1646851429212	1646851429332	OK	 
USER	ComputerDB	END	1646851429333
REQUEST		Edit record	1646851429357	1646851429480	OK	 
USER	ComputerDB	END	1646851429481
REQUEST		Edit record	1646851431354	1646851431476	OK	 
USER	ComputerDB	END	1646851431477
REQUEST		Get single record	1646851431416	1646851431547	OK	 
REQUEST		Edit record	1646851432572	1646851432692	OK	 
USER	ComputerDB	END	1646851432693
