RUN	com.gatling.tests.ComputerDBcsv	computerdbcsv	1646914360638	 	3.7.4
USER	ComputerDB	START	1646914362231
USER	ComputerDB	START	1646914362231
REQUEST		Opening computers page	1646914362272	1646914362771	OK	 
REQUEST		Opening computers page	1646914362272	1646914362771	OK	 
REQUEST		Opening new computers page	1646914364230	1646914364352	OK	 
REQUEST		Opening new computers page	1646914365285	1646914365406	OK	 
REQUEST		Sending new computer info	1646914367209	1646914367332	OK	 
REQUEST		Sending new computer info Redirect 1	1646914367342	1646914367463	OK	 
REQUEST		Sending new computer info	1646914367361	1646914367482	OK	 
REQUEST		Sending new computer info Redirect 1	1646914367483	1646914367606	OK	 
REQUEST		Searching for new record	1646914368916	1646914369037	OK	 
REQUEST		Searching for new record	1646914368993	1646914369114	OK	 
REQUEST		Get single record	1646914372063	1646914372185	OK	 
REQUEST		Get single record	1646914372079	1646914372201	OK	 
REQUEST		Edit record	1646914373468	1646914373595	OK	 
REQUEST		Opening computers page	1646914373598	1646914373724	OK	 
REQUEST		Edit record	1646914374713	1646914374835	OK	 
REQUEST		Opening computers page	1646914374836	1646914374957	OK	 
REQUEST		Opening new computers page	1646914376664	1646914376785	OK	 
REQUEST		Opening new computers page	1646914377784	1646914377905	OK	 
REQUEST		Sending new computer info	1646914379047	1646914379168	OK	 
REQUEST		Sending new computer info Redirect 1	1646914379168	1646914379289	OK	 
REQUEST		Sending new computer info	1646914380503	1646914380624	OK	 
REQUEST		Sending new computer info Redirect 1	1646914380624	1646914380746	OK	 
REQUEST		Searching for new record	1646914382299	1646914382419	OK	 
REQUEST		Searching for new record	1646914382611	1646914382731	OK	 
REQUEST		Get single record	1646914384142	1646914384263	OK	 
REQUEST		Get single record	1646914385562	1646914385683	OK	 
REQUEST		Edit record	1646914386466	1646914386587	OK	 
USER	ComputerDB	END	1646914386590
REQUEST		Edit record	1646914387493	1646914387616	OK	 
USER	ComputerDB	END	1646914387617
