RUN	com.gatling.tests.ComputerDB	computerdb	1646829485785	 	3.7.4
USER	ComputerDB	START	1646829492056
USER	ComputerDB	START	1646829492056
REQUEST		Opening computers page	1646829492079	1646829492581	OK	 
REQUEST		Opening computers page	1646829492079	1646829492591	OK	 
REQUEST		Opening new computers page	1646829493727	1646829493848	OK	 
USER	ComputerDB	START	1646829494068
REQUEST		Opening new computers page	1646829494317	1646829494440	OK	 
REQUEST		Opening computers page	1646829494068	1646829494564	OK	 
REQUEST		Sending new computer info	1646829495807	1646829495932	KO	status.find.in([200, 209], 304), found 400
USER	ComputerDB	START	1646829496066
REQUEST		Sending new computer info	1646829496173	1646829496294	KO	status.find.in([200, 209], 304), found 400
REQUEST		Opening computers page	1646829496066	1646829496550	OK	 
REQUEST		Opening new computers page	1646829497348	1646829497470	OK	 
REQUEST		Opening new computers page	1646829497624	1646829497746	OK	 
USER	ComputerDB	START	1646829498058
REQUEST		Searching for new record	1646829498028	1646829498148	OK	 
REQUEST		Opening computers page	1646829498059	1646829498536	OK	 
REQUEST		Searching for new record	1646829498790	1646829498911	OK	 
REQUEST		Sending new computer info	1646829498973	1646829499096	KO	status.find.in([200, 209], 304), found 400
REQUEST		Sending new computer info	1646829499359	1646829499482	KO	status.find.in([200, 209], 304), found 400
USER	ComputerDB	START	1646829500055
REQUEST		Opening new computers page	1646829500115	1646829500237	OK	 
REQUEST		Opening computers page	1646829500055	1646829500543	OK	 
REQUEST		Searching for new record	1646829500641	1646829500764	OK	 
REQUEST		Get single record	1646829501044	1646829501164	OK	 
REQUEST		Searching for new record	1646829501445	1646829501567	OK	 
REQUEST		Get single record	1646829501492	1646829501614	OK	 
USER	ComputerDB	START	1646829502063
REQUEST		Opening new computers page	1646829502124	1646829502247	OK	 
REQUEST		Get single record	1646829502359	1646829502480	OK	 
REQUEST		Opening computers page	1646829502063	1646829502541	OK	 
USER	ComputerDB	START	1646829503054
REQUEST		Sending new computer info	1646829503116	1646829503237	KO	status.find.in([200, 209], 304), found 400
REQUEST		Edit record	1646829503150	1646829503270	OK	 
USER	ComputerDB	END	1646829503272
REQUEST		Opening computers page	1646829503054	1646829503539	OK	 
REQUEST		Edit record	1646829503655	1646829503787	OK	 
USER	ComputerDB	END	1646829503792
REQUEST		Edit record	1646829503685	1646829503809	OK	 
USER	ComputerDB	END	1646829503810
REQUEST		Get single record	1646829503795	1646829503920	OK	 
USER	ComputerDB	START	1646829504058
REQUEST		Sending new computer info	1646829504073	1646829504198	KO	status.find.in([200, 209], 304), found 400
REQUEST		Opening new computers page	1646829504367	1646829504488	OK	 
REQUEST		Opening computers page	1646829504058	1646829504558	OK	 
USER	ComputerDB	START	1646829505066
REQUEST		Searching for new record	1646829505313	1646829505439	OK	 
REQUEST		Opening computers page	1646829505066	1646829505558	OK	 
REQUEST		Opening new computers page	1646829505933	1646829506055	OK	 
USER	ComputerDB	START	1646829506058
REQUEST		Opening new computers page	1646829506167	1646829506293	OK	 
REQUEST		Searching for new record	1646829506321	1646829506445	OK	 
REQUEST		Opening computers page	1646829506058	1646829506548	OK	 
REQUEST		Edit record	1646829506507	1646829506629	OK	 
USER	ComputerDB	END	1646829506630
REQUEST		Opening new computers page	1646829506766	1646829506886	OK	 
USER	ComputerDB	START	1646829507061
REQUEST		Get single record	1646829506966	1646829507087	OK	 
REQUEST		Sending new computer info	1646829507398	1646829507519	KO	status.find.in([200, 209], 304), found 400
REQUEST		Opening computers page	1646829507061	1646829507540	OK	 
REQUEST		Sending new computer info	1646829507707	1646829507831	KO	status.find.in([200, 209], 304), found 400
USER	ComputerDB	START	1646829508080
REQUEST		Opening computers page	1646829508081	1646829508570	OK	 
REQUEST		Opening new computers page	1646829508607	1646829508729	OK	 
USER	ComputerDB	START	1646829509051
REQUEST		Get single record	1646829509111	1646829509232	OK	 
REQUEST		Edit record	1646829509158	1646829509278	OK	 
USER	ComputerDB	END	1646829509279
REQUEST		Sending new computer info	1646829509174	1646829509296	KO	status.find.in([200, 209], 304), found 400
REQUEST		Sending new computer info	1646829509220	1646829509341	KO	status.find.in([200, 209], 304), found 400
REQUEST		Opening computers page	1646829509051	1646829509532	OK	 
REQUEST		Searching for new record	1646829509511	1646829509634	OK	 
USER	ComputerDB	START	1646829510050
REQUEST		Opening new computers page	1646829509941	1646829510063	OK	 
REQUEST		Searching for new record	1646829510127	1646829510248	OK	 
REQUEST		Searching for new record	1646829510543	1646829510668	OK	 
USER	ComputerDB	START	1646829511055
REQUEST		Edit record	1646829511024	1646829511146	OK	 
USER	ComputerDB	END	1646829511147
REQUEST		Searching for new record	1646829511132	1646829511254	OK	 
REQUEST		Opening new computers page	1646829511162	1646829511295	OK	 
REQUEST		Get single record	1646829511222	1646829511347	OK	 
REQUEST		Opening computers page	1646829511055	1646829511548	OK	 
REQUEST		Opening computers page	1646829510050	1646829511550	OK	 
REQUEST		Sending new computer info	1646829511578	1646829511709	KO	status.find.in([200, 209], 304), found 400
REQUEST		Sending new computer info	1646829511871	1646829511993	KO	status.find.in([200, 209], 304), found 400
REQUEST		Opening new computers page	1646829512209	1646829512334	OK	 
REQUEST		Get single record	1646829512303	1646829512429	OK	 
REQUEST		Sending new computer info	1646829512720	1646829512841	KO	status.find.in([200, 209], 304), found 400
REQUEST		Get single record	1646829512874	1646829512998	OK	 
REQUEST		Searching for new record	1646829513076	1646829513197	OK	 
REQUEST		Edit record	1646829513233	1646829513354	OK	 
USER	ComputerDB	END	1646829513355
REQUEST		Opening new computers page	1646829513449	1646829513570	OK	 
REQUEST		Get single record	1646829513757	1646829513878	OK	 
REQUEST		Edit record	1646829513897	1646829514019	OK	 
USER	ComputerDB	END	1646829514020
REQUEST		Searching for new record	1646829514235	1646829514356	OK	 
REQUEST		Opening new computers page	1646829514343	1646829514467	OK	 
REQUEST		Get single record	1646829514358	1646829514480	OK	 
REQUEST		Sending new computer info	1646829514375	1646829514496	KO	status.find.in([200, 209], 304), found 400
REQUEST		Searching for new record	1646829514592	1646829514717	OK	 
REQUEST		Edit record	1646829514966	1646829515086	OK	 
USER	ComputerDB	END	1646829515087
REQUEST		Edit record	1646829515414	1646829515535	OK	 
USER	ComputerDB	END	1646829515536
REQUEST		Get single record	1646829515677	1646829515798	OK	 
REQUEST		Sending new computer info	1646829515677	1646829515799	KO	status.find.in([200, 209], 304), found 400
REQUEST		Sending new computer info	1646829516377	1646829516498	KO	status.find.in([200, 209], 304), found 400
REQUEST		Searching for new record	1646829517011	1646829517132	OK	 
REQUEST		Get single record	1646829517118	1646829517239	OK	 
REQUEST		Searching for new record	1646829517322	1646829517443	OK	 
REQUEST		Edit record	1646829517475	1646829517599	OK	 
USER	ComputerDB	END	1646829517600
REQUEST		Edit record	1646829518279	1646829518400	OK	 
USER	ComputerDB	END	1646829518401
REQUEST		Get single record	1646829518325	1646829518446	OK	 
REQUEST		Get single record	1646829518556	1646829518680	OK	 
REQUEST		Searching for new record	1646829518665	1646829518787	OK	 
REQUEST		Edit record	1646829519231	1646829519354	OK	 
USER	ComputerDB	END	1646829519355
REQUEST		Edit record	1646829520932	1646829521081	OK	 
USER	ComputerDB	END	1646829521082
REQUEST		Edit record	1646829521471	1646829521621	OK	 
USER	ComputerDB	END	1646829521622
REQUEST		Get single record	1646829521534	1646829521663	OK	 
REQUEST		Edit record	1646829523657	1646829523779	OK	 
USER	ComputerDB	END	1646829523780
