RUN	com.gatling.tests.ComputerDB	computerdb	1646850913110	 	3.7.4
USER	ComputerDB	START	1646850919486
USER	ComputerDB	START	1646850919486
REQUEST		Opening computers page	1646850919520	1646850920014	OK	 
REQUEST		Opening computers page	1646850919520	1646850920012	OK	 
USER	ComputerDB	START	1646850921468
REQUEST		Opening computers page	1646850921468	1646850921956	OK	 
REQUEST		Opening new computers page	1646850922522	1646850922644	OK	 
REQUEST		Opening new computers page	1646850922806	1646850922935	OK	 
USER	ComputerDB	START	1646850923478
REQUEST		Opening new computers page	1646850923712	1646850923842	OK	 
REQUEST		Opening computers page	1646850923478	1646850924003	OK	 
REQUEST		Sending new computer info	1646850924292	1646850924423	OK	 
REQUEST		Sending new computer info Redirect 1	1646850924436	1646850924560	OK	 
REQUEST		Sending new computer info	1646850925158	1646850925284	OK	 
REQUEST		Sending new computer info Redirect 1	1646850925285	1646850925401	OK	 
REQUEST		Sending new computer info	1646850925328	1646850925445	OK	 
USER	ComputerDB	START	1646850925467
REQUEST		Sending new computer info Redirect 1	1646850925445	1646850925574	OK	 
REQUEST		Opening new computers page	1646850925667	1646850925785	OK	 
REQUEST		Opening computers page	1646850925468	1646850925953	OK	 
REQUEST		Searching for new record	1646850926302	1646850926428	OK	 
REQUEST		Searching for new record	1646850927067	1646850927186	OK	 
REQUEST		Searching for new record	1646850927221	1646850927346	OK	 
USER	ComputerDB	START	1646850927469
REQUEST		Get single record	1646850927597	1646850927725	OK	 
REQUEST		Opening new computers page	1646850927738	1646850927857	OK	 
REQUEST		Opening computers page	1646850927469	1646850928136	OK	 
REQUEST		Sending new computer info	1646850928899	1646850929021	OK	 
REQUEST		Sending new computer info Redirect 1	1646850929021	1646850929146	OK	 
REQUEST		Sending new computer info	1646850928677	1646850929169	OK	 
REQUEST		Sending new computer info Redirect 1	1646850929170	1646850929295	OK	 
USER	ComputerDB	START	1646850929473
REQUEST		Opening computers page	1646850929474	1646850929946	OK	 
REQUEST		Get single record	1646850929999	1646850930119	OK	 
REQUEST		Opening new computers page	1646850930095	1646850930221	OK	 
REQUEST		Get single record	1646850930127	1646850930251	OK	 
USER	ComputerDB	START	1646850930472
REQUEST		Opening computers page	1646850930472	1646850930961	OK	 
REQUEST		Edit record	1646850930567	1646850931053	OK	 
USER	ComputerDB	END	1646850931056
REQUEST		Opening new computers page	1646850931021	1646850931149	OK	 
USER	ComputerDB	START	1646850931477
REQUEST		Searching for new record	1646850931630	1646850931750	OK	 
REQUEST		Opening computers page	1646850931477	1646850931956	OK	 
REQUEST		Searching for new record	1646850931909	1646850932032	OK	 
REQUEST		Sending new computer info	1646850932193	1646850932317	OK	 
REQUEST		Edit record	1646850932272	1646850932401	OK	 
USER	ComputerDB	END	1646850932402
REQUEST		Sending new computer info	1646850932302	1646850932424	OK	 
REQUEST		Sending new computer info Redirect 1	1646850932318	1646850932444	OK	 
USER	ComputerDB	START	1646850932475
REQUEST		Edit record	1646850932365	1646850932490	OK	 
USER	ComputerDB	END	1646850932491
REQUEST		Sending new computer info Redirect 1	1646850932425	1646850932547	OK	 
REQUEST		Opening computers page	1646850932476	1646850932975	OK	 
REQUEST		Get single record	1646850932977	1646850933096	OK	 
USER	ComputerDB	START	1646850933492
REQUEST		Get single record	1646850933506	1646850933621	OK	 
REQUEST		Searching for new record	1646850933567	1646850933682	OK	 
REQUEST		Opening new computers page	1646850933752	1646850933870	OK	 
REQUEST		Opening computers page	1646850933492	1646850933958	OK	 
REQUEST		Opening new computers page	1646850934257	1646850934377	OK	 
REQUEST		Opening new computers page	1646850934319	1646850934445	OK	 
USER	ComputerDB	START	1646850934475
REQUEST		Searching for new record	1646850934788	1646850934916	OK	 
REQUEST		Get single record	1646850934991	1646850935109	OK	 
REQUEST		Opening new computers page	1646850935084	1646850935200	OK	 
REQUEST		Edit record	1646850935147	1646850935272	OK	 
USER	ComputerDB	END	1646850935277
REQUEST		Edit record	1646850935259	1646850935379	OK	 
USER	ComputerDB	END	1646850935381
REQUEST		Sending new computer info	1646850935321	1646850935444	OK	 
REQUEST		Opening computers page	1646850934476	1646850935491	OK	 
USER	ComputerDB	START	1646850935491
REQUEST		Sending new computer info Redirect 1	1646850935445	1646850935571	OK	 
REQUEST		Opening computers page	1646850935491	1646850935975	OK	 
USER	ComputerDB	START	1646850936475
REQUEST		Sending new computer info	1646850936475	1646850936596	OK	 
REQUEST		Sending new computer info Redirect 1	1646850936596	1646850936714	OK	 
REQUEST		Edit record	1646850936695	1646850936811	OK	 
USER	ComputerDB	END	1646850936812
REQUEST		Opening computers page	1646850936475	1646850936951	OK	 
REQUEST		Sending new computer info	1646850937175	1646850937295	OK	 
REQUEST		Sending new computer info	1646850937255	1646850937368	OK	 
REQUEST		Sending new computer info Redirect 1	1646850937295	1646850937409	OK	 
REQUEST		Sending new computer info Redirect 1	1646850937369	1646850937482	OK	 
USER	ComputerDB	START	1646850937486
REQUEST		Searching for new record	1646850937801	1646850937922	OK	 
REQUEST		Opening computers page	1646850937486	1646850937969	OK	 
REQUEST		Get single record	1646850937864	1646850937984	OK	 
REQUEST		Opening new computers page	1646850937879	1646850937999	OK	 
REQUEST		Searching for new record	1646850938051	1646850938173	OK	 
REQUEST		Opening new computers page	1646850938083	1646850938200	OK	 
USER	ComputerDB	START	1646850938477
REQUEST		Opening new computers page	1646850938477	1646850938595	OK	 
REQUEST		Opening computers page	1646850938477	1646850938950	OK	 
REQUEST		Edit record	1646850939050	1646850939171	OK	 
USER	ComputerDB	END	1646850939172
REQUEST		Sending new computer info	1646850939709	1646850939832	OK	 
REQUEST		Sending new computer info	1646850939725	1646850939842	OK	 
REQUEST		Searching for new record	1646850939803	1646850939920	OK	 
REQUEST		Sending new computer info Redirect 1	1646850939832	1646850939952	OK	 
REQUEST		Sending new computer info Redirect 1	1646850939842	1646850939960	OK	 
REQUEST		Opening new computers page	1646850939942	1646850940068	OK	 
REQUEST		Searching for new record	1646850940173	1646850940287	OK	 
REQUEST		Get single record	1646850940317	1646850940440	OK	 
REQUEST		Sending new computer info	1646850940791	1646850940909	OK	 
REQUEST		Sending new computer info Redirect 1	1646850940910	1646850941036	OK	 
REQUEST		Get single record	1646850941137	1646850941258	OK	 
REQUEST		Searching for new record	1646850941409	1646850941532	OK	 
REQUEST		Edit record	1646850941787	1646850941905	OK	 
USER	ComputerDB	END	1646850941906
REQUEST		Opening new computers page	1646850941817	1646850941934	OK	 
REQUEST		Searching for new record	1646850941923	1646850942039	OK	 
REQUEST		Sending new computer info	1646850942019	1646850942146	OK	 
REQUEST		Get single record	1646850942067	1646850942181	OK	 
REQUEST		Searching for new record	1646850942067	1646850942186	OK	 
REQUEST		Sending new computer info Redirect 1	1646850942147	1646850942266	OK	 
REQUEST		Get single record	1646850943107	1646850943226	OK	 
REQUEST		Sending new computer info	1646850943401	1646850943523	OK	 
REQUEST		Edit record	1646850943401	1646850943524	OK	 
USER	ComputerDB	END	1646850943525
REQUEST		Sending new computer info Redirect 1	1646850943524	1646850943648	OK	 
REQUEST		Searching for new record	1646850943295	1646850943758	OK	 
REQUEST		Get single record	1646850943680	1646850943805	OK	 
REQUEST		Get single record	1646850943897	1646850944021	OK	 
REQUEST		Get single record	1646850944023	1646850944141	OK	 
REQUEST		Edit record	1646850944524	1646850944643	OK	 
USER	ComputerDB	END	1646850944644
REQUEST		Edit record	1646850944868	1646850944984	OK	 
USER	ComputerDB	END	1646850944985
REQUEST		Searching for new record	1646850944976	1646850945092	OK	 
REQUEST		Edit record	1646850945136	1646850945255	OK	 
USER	ComputerDB	END	1646850945256
REQUEST		Edit record	1646850945586	1646850945713	OK	 
USER	ComputerDB	END	1646850945714
REQUEST		Get single record	1646850945832	1646850945961	OK	 
REQUEST		Edit record	1646850945910	1646850946039	OK	 
USER	ComputerDB	END	1646850946040
REQUEST		Get single record	1646850947240	1646850947365	OK	 
REQUEST		Edit record	1646850947956	1646850948073	OK	 
USER	ComputerDB	END	1646850948075
REQUEST		Edit record	1646850949944	1646850950061	OK	 
USER	ComputerDB	END	1646850950062
