RUN	com.gatling.tests.ComputerDB	computerdb	1646827846884	 	3.7.4
USER	ComputerDB	START	1646827853318
USER	ComputerDB	START	1646827853318
USER	ComputerDB	START	1646827853823
REQUEST		Opening computers page	1646827853348	1646827853857	OK	 
REQUEST		Opening computers page	1646827853348	1646827853857	OK	 
REQUEST		Opening computers page	1646827853824	1646827854313	OK	 
USER	ComputerDB	START	1646827854323
USER	ComputerDB	START	1646827854818
REQUEST		Opening computers page	1646827854324	1646827854819	OK	 
REQUEST		Opening computers page	1646827854819	1646827855304	OK	 
USER	ComputerDB	START	1646827855310
REQUEST		Opening new computers page	1646827855235	1646827855369	OK	 
REQUEST		Opening new computers page	1646827855358	1646827855480	OK	 
REQUEST		Opening computers page	1646827855311	1646827855804	OK	 
USER	ComputerDB	START	1646827855808
REQUEST		Opening computers page	1646827855808	1646827856293	OK	 
USER	ComputerDB	START	1646827856312
REQUEST		Opening new computers page	1646827856483	1646827856608	OK	 
USER	ComputerDB	START	1646827856809
REQUEST		Opening computers page	1646827856313	1646827856814	OK	 
REQUEST		Sending new computer info	1646827856861	1646827856983	OK	 
REQUEST		Opening new computers page	1646827856918	1646827857038	OK	 
REQUEST		Sending new computer info Redirect 1	1646827856998	1646827857119	OK	 
REQUEST		Opening computers page	1646827856810	1646827857305	OK	 
USER	ComputerDB	START	1646827857321
REQUEST		Opening computers page	1646827857322	1646827857804	OK	 
USER	ComputerDB	START	1646827857818
REQUEST		Opening new computers page	1646827857942	1646827858062	OK	 
REQUEST		Opening computers page	1646827857818	1646827858300	OK	 
USER	ComputerDB	START	1646827858312
REQUEST		Opening new computers page	1646827858204	1646827858343	OK	 
REQUEST		Sending new computer info	1646827858266	1646827858387	OK	 
REQUEST		Opening new computers page	1646827858281	1646827858402	OK	 
REQUEST		Sending new computer info	1646827858297	1646827858419	OK	 
REQUEST		Opening new computers page	1646827858328	1646827858449	OK	 
REQUEST		Sending new computer info Redirect 1	1646827858388	1646827858510	OK	 
REQUEST		Sending new computer info Redirect 1	1646827858422	1646827858545	OK	 
REQUEST		Opening computers page	1646827858313	1646827858804	OK	 
USER	ComputerDB	START	1646827858822
REQUEST		Searching for new record	1646827859024	1646827859144	OK	 
REQUEST		Opening computers page	1646827858822	1646827859311	OK	 
USER	ComputerDB	START	1646827859313
REQUEST		Opening new computers page	1646827859668	1646827859790	OK	 
REQUEST		Opening computers page	1646827859314	1646827859821	OK	 
USER	ComputerDB	START	1646827859822
REQUEST		Opening new computers page	1646827859838	1646827859959	OK	 
REQUEST		Opening new computers page	1646827859914	1646827860035	OK	 
REQUEST		Sending new computer info	1646827860025	1646827860144	OK	 
REQUEST		Sending new computer info Redirect 1	1646827860145	1646827860265	OK	 
REQUEST		Opening computers page	1646827859824	1646827860314	OK	 
USER	ComputerDB	START	1646827860320
REQUEST		Get single record	1646827860534	1646827860654	OK	 
REQUEST		Sending new computer info	1646827860548	1646827860668	OK	 
REQUEST		Searching for new record	1646827860610	1646827860732	OK	 
REQUEST		Sending new computer info Redirect 1	1646827860669	1646827860789	OK	 
REQUEST		Opening computers page	1646827860320	1646827860802	OK	 
USER	ComputerDB	START	1646827860813
REQUEST		Sending new computer info	1646827860767	1646827860888	OK	 
REQUEST		Sending new computer info Redirect 1	1646827860889	1646827861011	OK	 
REQUEST		Opening new computers page	1646827861000	1646827861121	OK	 
REQUEST		Sending new computer info	1646827861076	1646827861197	OK	 
REQUEST		Opening computers page	1646827860814	1646827861296	OK	 
USER	ComputerDB	START	1646827861309
REQUEST		Sending new computer info Redirect 1	1646827861197	1646827861324	OK	 
REQUEST		Sending new computer info	1646827861247	1646827861368	OK	 
REQUEST		Opening new computers page	1646827861293	1646827861412	OK	 
REQUEST		Searching for new record	1646827861309	1646827861429	OK	 
REQUEST		Sending new computer info Redirect 1	1646827861369	1646827861492	OK	 
REQUEST		Searching for new record	1646827861401	1646827861522	OK	 
REQUEST		Sending new computer info	1646827861417	1646827861539	OK	 
REQUEST		Opening new computers page	1646827861464	1646827861585	OK	 
REQUEST		Sending new computer info Redirect 1	1646827861540	1646827861664	OK	 
REQUEST		Opening computers page	1646827861309	1646827861785	OK	 
USER	ComputerDB	START	1646827861817
REQUEST		Searching for new record	1646827862017	1646827862137	OK	 
REQUEST		Edit record	1646827862058	1646827862177	OK	 
USER	ComputerDB	END	1646827862179
REQUEST		Opening computers page	1646827861817	1646827862300	OK	 
USER	ComputerDB	START	1646827862308
REQUEST		Sending new computer info	1646827862218	1646827862339	OK	 
REQUEST		Sending new computer info Redirect 1	1646827862339	1646827862461	OK	 
REQUEST		Searching for new record	1646827862354	1646827862475	OK	 
REQUEST		Get single record	1646827862522	1646827862643	OK	 
REQUEST		Searching for new record	1646827862616	1646827862740	OK	 
REQUEST		Opening computers page	1646827862309	1646827862786	OK	 
USER	ComputerDB	START	1646827862816
REQUEST		Opening new computers page	1646827862724	1646827862844	OK	 
REQUEST		Opening new computers page	1646827862863	1646827862982	OK	 
REQUEST		Sending new computer info	1646827862878	1646827862998	OK	 
REQUEST		Sending new computer info	1646827862955	1646827863075	OK	 
REQUEST		Get single record	1646827862955	1646827863077	OK	 
REQUEST		Sending new computer info Redirect 1	1646827862999	1646827863121	OK	 
REQUEST		Opening new computers page	1646827863063	1646827863182	OK	 
REQUEST		Sending new computer info Redirect 1	1646827863075	1646827863194	OK	 
REQUEST		Opening computers page	1646827862817	1646827863311	OK	 
USER	ComputerDB	START	1646827863312
REQUEST		Opening new computers page	1646827863359	1646827863480	OK	 
USER	ComputerDB	START	1646827863511
REQUEST		Opening new computers page	1646827863541	1646827863665	OK	 
USER	ComputerDB	START	1646827863711
REQUEST		Searching for new record	1646827863588	1646827863712	OK	 
REQUEST		Searching for new record	1646827863588	1646827863712	OK	 
REQUEST		Sending new computer info	1646827863603	1646827863723	OK	 
REQUEST		Opening computers page	1646827863312	1646827863794	OK	 
REQUEST		Sending new computer info Redirect 1	1646827863723	1646827863851	OK	 
USER	ComputerDB	START	1646827863911
REQUEST		Opening computers page	1646827863512	1646827864020	OK	 
USER	ComputerDB	START	1646827864112
REQUEST		Opening computers page	1646827863712	1646827864195	OK	 
USER	ComputerDB	START	1646827864327
REQUEST		Get single record	1646827864250	1646827864371	OK	 
REQUEST		Opening computers page	1646827863911	1646827864392	OK	 
REQUEST		Opening new computers page	1646827864282	1646827864401	OK	 
REQUEST		Get single record	1646827864297	1646827864417	OK	 
REQUEST		Get single record	1646827864312	1646827864433	OK	 
REQUEST		Sending new computer info	1646827864312	1646827864433	OK	 
USER	ComputerDB	START	1646827864511
REQUEST		Sending new computer info Redirect 1	1646827864434	1646827864561	OK	 
REQUEST		Opening computers page	1646827864113	1646827864594	OK	 
REQUEST		Get single record	1646827864526	1646827864649	OK	 
USER	ComputerDB	START	1646827864711
REQUEST		Sending new computer info	1646827864666	1646827864789	OK	 
REQUEST		Opening computers page	1646827864328	1646827864807	OK	 
USER	ComputerDB	START	1646827864913
REQUEST		Sending new computer info Redirect 1	1646827864789	1646827864913	OK	 
REQUEST		Sending new computer info	1646827864804	1646827864926	OK	 
REQUEST		Opening computers page	1646827864512	1646827865000	OK	 
REQUEST		Sending new computer info Redirect 1	1646827864926	1646827865046	OK	 
REQUEST		Searching for new record	1646827864943	1646827865066	OK	 
USER	ComputerDB	START	1646827865113
REQUEST		Opening computers page	1646827864712	1646827865196	OK	 
REQUEST		Edit record	1646827865190	1646827865311	OK	 
USER	ComputerDB	END	1646827865312
USER	ComputerDB	START	1646827865313
REQUEST		Get single record	1646827865236	1646827865359	OK	 
REQUEST		Sending new computer info	1646827865251	1646827865372	OK	 
REQUEST		Opening computers page	1646827864913	1646827865401	OK	 
REQUEST		Sending new computer info Redirect 1	1646827865372	1646827865493	OK	 
REQUEST		Opening new computers page	1646827865390	1646827865512	OK	 
USER	ComputerDB	START	1646827865513
REQUEST		Opening computers page	1646827865113	1646827865604	OK	 
REQUEST		Edit record	1646827865498	1646827865618	OK	 
USER	ComputerDB	END	1646827865619
REQUEST		Sending new computer info	1646827865529	1646827865650	OK	 
USER	ComputerDB	START	1646827865715
REQUEST		Sending new computer info Redirect 1	1646827865651	1646827865771	OK	 
REQUEST		Opening computers page	1646827865314	1646827865790	OK	 
REQUEST		Edit record	1646827865668	1646827865790	OK	 
USER	ComputerDB	END	1646827865791
REQUEST		Edit record	1646827865715	1646827865837	OK	 
USER	ComputerDB	END	1646827865838
REQUEST		Opening new computers page	1646827865729	1646827865850	OK	 
USER	ComputerDB	START	1646827865914
REQUEST		Searching for new record	1646827865790	1646827865915	OK	 
REQUEST		Opening computers page	1646827865513	1646827865994	OK	 
USER	ComputerDB	START	1646827866111
REQUEST		Opening computers page	1646827865717	1646827866203	OK	 
REQUEST		Edit record	1646827866111	1646827866231	OK	 
REQUEST		Searching for new record	1646827866111	1646827866231	OK	 
USER	ComputerDB	END	1646827866232
REQUEST		Opening new computers page	1646827866173	1646827866292	OK	 
REQUEST		Sending new computer info	1646827866188	1646827866311	OK	 
USER	ComputerDB	START	1646827866329
REQUEST		Get single record	1646827866265	1646827866387	OK	 
REQUEST		Opening computers page	1646827865916	1646827866401	OK	 
REQUEST		Sending new computer info Redirect 1	1646827866311	1646827866434	OK	 
USER	ComputerDB	START	1646827866514
REQUEST		Opening new computers page	1646827866467	1646827866589	OK	 
REQUEST		Opening computers page	1646827866112	1646827866600	OK	 
REQUEST		Searching for new record	1646827866514	1646827866634	OK	 
USER	ComputerDB	START	1646827866714
REQUEST		Opening new computers page	1646827866683	1646827866805	OK	 
REQUEST		Opening computers page	1646827866329	1646827866825	OK	 
USER	ComputerDB	START	1646827866913
REQUEST		Opening new computers page	1646827866852	1646827866972	OK	 
REQUEST		Opening computers page	1646827866515	1646827866993	OK	 
REQUEST		Opening new computers page	1646827866943	1646827867066	OK	 
REQUEST		Sending new computer info	1646827866959	1646827867079	OK	 
REQUEST		Opening new computers page	1646827866959	1646827867080	OK	 
USER	ComputerDB	START	1646827867111
REQUEST		Searching for new record	1646827867051	1646827867171	OK	 
REQUEST		Opening computers page	1646827866715	1646827867191	OK	 
REQUEST		Sending new computer info Redirect 1	1646827867079	1646827867202	OK	 
REQUEST		Edit record	1646827867126	1646827867245	OK	 
USER	ComputerDB	END	1646827867247
REQUEST		Sending new computer info	1646827867126	1646827867249	OK	 
REQUEST		Opening new computers page	1646827867156	1646827867279	OK	 
REQUEST		Opening new computers page	1646827867173	1646827867293	OK	 
USER	ComputerDB	START	1646827867311
REQUEST		Opening new computers page	1646827867203	1646827867324	OK	 
REQUEST		Opening new computers page	1646827867219	1646827867340	OK	 
REQUEST		Edit record	1646827867249	1646827867371	OK	 
REQUEST		Sending new computer info Redirect 1	1646827867249	1646827867371	OK	 
USER	ComputerDB	END	1646827867372
REQUEST		Opening computers page	1646827866914	1646827867411	OK	 
USER	ComputerDB	START	1646827867510
REQUEST		Opening computers page	1646827867111	1646827867594	OK	 
REQUEST		Searching for new record	1646827867510	1646827867632	OK	 
REQUEST		Searching for new record	1646827867585	1646827867704	OK	 
USER	ComputerDB	START	1646827867722
REQUEST		Opening computers page	1646827867312	1646827867787	OK	 
REQUEST		Searching for new record	1646827867676	1646827867798	OK	 
REQUEST		Get single record	1646827867722	1646827867848	OK	 
USER	ComputerDB	START	1646827867908
REQUEST		Opening computers page	1646827867511	1646827867993	OK	 
REQUEST		Edit record	1646827867877	1646827867996	OK	 
USER	ComputerDB	END	1646827867997
REQUEST		Opening new computers page	1646827867923	1646827868044	OK	 
REQUEST		Sending new computer info	1646827867938	1646827868058	OK	 
REQUEST		Get single record	1646827867968	1646827868093	OK	 
REQUEST		Sending new computer info	1646827867999	1646827868118	OK	 
USER	ComputerDB	START	1646827868122
REQUEST		Sending new computer info Redirect 1	1646827868058	1646827868179	OK	 
REQUEST		Opening computers page	1646827867723	1646827868203	OK	 
REQUEST		Sending new computer info Redirect 1	1646827868119	1646827868238	OK	 
REQUEST		Sending new computer info	1646827868183	1646827868302	OK	 
REQUEST		Opening new computers page	1646827868199	1646827868319	OK	 
REQUEST		Sending new computer info	1646827868199	1646827868319	OK	 
USER	ComputerDB	START	1646827868321
REQUEST		Searching for new record	1646827868245	1646827868365	OK	 
REQUEST		Opening computers page	1646827867908	1646827868386	OK	 
REQUEST		Sending new computer info Redirect 1	1646827868302	1646827868425	OK	 
REQUEST		Sending new computer info Redirect 1	1646827868320	1646827868440	OK	 
REQUEST		Sending new computer info	1646827868321	1646827868440	OK	 
REQUEST		Opening new computers page	1646827868352	1646827868472	OK	 
USER	ComputerDB	START	1646827868522
REQUEST		Sending new computer info Redirect 1	1646827868441	1646827868563	OK	 
REQUEST		Opening computers page	1646827868122	1646827868597	OK	 
REQUEST		Sending new computer info	1646827868444	1646827868613	KO	status.find.in([200, 209], 304), found 429
REQUEST		Get single record	1646827868553	1646827868672	OK	 
REQUEST		Get single record	1646827868553	1646827868674	OK	 
USER	ComputerDB	START	1646827868707
REQUEST		Searching for new record	1646827868584	1646827868708	KO	status.find.in([200, 209], 304), found 429
REQUEST		Opening new computers page	1646827868599	1646827868718	KO	status.find.in([200, 209], 304), found 429
REQUEST		Sending new computer info	1646827868645	1646827868764	OK	 
REQUEST		Opening computers page	1646827868322	1646827868797	OK	 
REQUEST		Sending new computer info Redirect 1	1646827868765	1646827868884	OK	 
USER	ComputerDB	START	1646827868918
REQUEST		Opening computers page	1646827868523	1646827869000	OK	 
REQUEST		Get single record	1646827868933	1646827869052	OK	 
REQUEST		Sending new computer info	1646827868950	1646827869070	OK	 
REQUEST		Opening new computers page	1646827868965	1646827869084	OK	 
REQUEST		Searching for new record	1646827868965	1646827869086	OK	 
USER	ComputerDB	START	1646827869116
REQUEST		Opening computers page	1646827868707	1646827869183	OK	 
REQUEST		Opening new computers page	1646827869071	1646827869189	KO	status.find.in([200, 209], 304), found 429
REQUEST		Sending new computer info Redirect 1	1646827869070	1646827869191	OK	 
REQUEST		Edit record	1646827869101	1646827869221	OK	 
USER	ComputerDB	END	1646827869222
USER	ComputerDB	START	1646827869315
REQUEST		Opening new computers page	1646827869270	1646827869390	OK	 
REQUEST		Opening computers page	1646827868919	1646827869411	OK	 
REQUEST		Opening new computers page	1646827869346	1646827869469	OK	 
REQUEST		Sending new computer info	1646827869392	1646827869513	OK	 
USER	ComputerDB	START	1646827869514
REQUEST		Sending new computer info	1646827869412	1646827869535	OK	 
REQUEST		Opening computers page	1646827869117	1646827869604	OK	 
REQUEST		Opening new computers page	1646827869514	1646827869641	OK	 
REQUEST		Sending new computer info Redirect 1	1646827869513	1646827869641	OK	 
REQUEST		Sending new computer info Redirect 1	1646827869535	1646827869656	KO	status.find.in([200, 209], 304), found 429
USER	ComputerDB	START	1646827869712
REQUEST		Sending new computer info	1646827869591	1646827869715	OK	 
REQUEST		Get single record	1646827869606	1646827869727	OK	 
REQUEST		Sending new computer info	1646827869621	1646827869743	KO	status.find.in([200, 209], 304), found 429
REQUEST		Opening new computers page	1646827869636	1646827869756	KO	status.find.in([200, 209], 304), found 429
REQUEST		Opening computers page	1646827869316	1646827869797	OK	 
REQUEST		Opening new computers page	1646827869712	1646827869833	OK	 
REQUEST		Sending new computer info Redirect 1	1646827869715	1646827869835	KO	status.find.in([200, 209], 304), found 429
USER	ComputerDB	START	1646827869910
REQUEST		Searching for new record	1646827869818	1646827869940	OK	 
REQUEST		Opening new computers page	1646827869879	1646827869997	KO	status.find.in([200, 209], 304), found 429
REQUEST		Opening computers page	1646827869515	1646827869998	OK	 
REQUEST		Searching for new record	1646827869879	1646827869998	OK	 
REQUEST		Searching for new record	1646827869942	1646827870062	OK	 
USER	ComputerDB	START	1646827870111
REQUEST		Edit record	1646827870002	1646827870123	OK	 
USER	ComputerDB	END	1646827870124
REQUEST		Edit record	1646827870064	1646827870184	OK	 
USER	ComputerDB	END	1646827870184
REQUEST		Opening computers page	1646827869713	1646827870192	OK	 
REQUEST		Sending new computer info	1646827870079	1646827870205	KO	status.find.in([200, 209], 304), found 429
REQUEST		Get single record	1646827870157	1646827870276	OK	 
REQUEST		Edit record	1646827870172	1646827870291	OK	 
USER	ComputerDB	END	1646827870292
USER	ComputerDB	START	1646827870311
REQUEST		Opening computers page	1646827869910	1646827870386	OK	 
REQUEST		Get single record	1646827870281	1646827870401	OK	 
REQUEST		Get single record	1646827870311	1646827870432	OK	 
USER	ComputerDB	START	1646827870512
REQUEST		Opening computers page	1646827870111	1646827870590	OK	 
REQUEST		Sending new computer info	1646827870552	1646827870673	OK	 
REQUEST		Get single record	1646827870590	1646827870710	OK	 
USER	ComputerDB	START	1646827870712
REQUEST		Searching for new record	1646827870635	1646827870755	OK	 
REQUEST		Opening computers page	1646827870312	1646827870792	OK	 
REQUEST		Sending new computer info Redirect 1	1646827870674	1646827870795	OK	 
REQUEST		Sending new computer info	1646827870696	1646827870817	OK	 
REQUEST		Searching for new record	1646827870774	1646827870895	OK	 
REQUEST		Searching for new record	1646827870790	1646827870910	OK	 
USER	ComputerDB	START	1646827870912
REQUEST		Opening new computers page	1646827870804	1646827870924	KO	status.find.in([200, 209], 304), found 429
REQUEST		Searching for new record	1646827870804	1646827870927	OK	 
REQUEST		Sending new computer info Redirect 1	1646827870818	1646827870937	KO	status.find.in([200, 209], 304), found 429
REQUEST		Opening computers page	1646827870512	1646827871009	OK	 
REQUEST		Opening new computers page	1646827870912	1646827871031	OK	 
REQUEST		Opening new computers page	1646827870927	1646827871046	KO	status.find.in([200, 209], 304), found 429
USER	ComputerDB	START	1646827871111
REQUEST		Opening new computers page	1646827871050	1646827871169	OK	 
REQUEST		Opening new computers page	1646827871050	1646827871171	OK	 
REQUEST		Sending new computer info	1646827871065	1646827871184	OK	 
REQUEST		Opening computers page	1646827870712	1646827871194	KO	status.find.in([200, 209], 304), found 429
REQUEST		Opening new computers page	1646827871096	1646827871215	KO	status.find.in([200, 209], 304), found 429
REQUEST		Searching for new record	1646827871111	1646827871230	KO	status.find.in([200, 209], 304), found 429
REQUEST		Searching for new record	1646827871111	1646827871232	OK	 
REQUEST		Sending new computer info Redirect 1	1646827871184	1646827871304	OK	 
REQUEST		Get single record	1646827871189	1646827871308	KO	status.find.in([200, 209], 304), found 429
USER	ComputerDB	START	1646827871311
REQUEST		Sending new computer info	1646827871205	1646827871325	OK	 
REQUEST		Opening computers page	1646827870912	1646827871396	OK	 
REQUEST		Sending new computer info Redirect 1	1646827871326	1646827871449	OK	 
REQUEST		Edit record	1646827871358	1646827871478	OK	 
USER	ComputerDB	END	1646827871479
USER	ComputerDB	START	1646827871510
REQUEST		Edit record	1646827871449	1646827871568	OK	 
USER	ComputerDB	END	1646827871569
REQUEST		Opening computers page	1646827871111	1646827871599	OK	 
REQUEST		Sending new computer info	1646827871480	1646827871599	KO	status.find.in([200, 209], 304), found 429
REQUEST		Opening new computers page	1646827871510	1646827871629	OK	 
REQUEST		Sending new computer info	1646827871557	1646827871676	OK	 
REQUEST		Searching for new record	1646827871572	1646827871692	KO	status.find.in([200, 209], 304), found 429
USER	ComputerDB	START	1646827871709
REQUEST		Opening computers page	1646827871311	1646827871785	OK	 
REQUEST		Sending new computer info Redirect 1	1646827871676	1646827871801	OK	 
REQUEST		Opening new computers page	1646827871725	1646827871845	OK	 
USER	ComputerDB	START	1646827871908
REQUEST		Opening new computers page	1646827871816	1646827871936	OK	 
REQUEST		Get single record	1646827871831	1646827871951	OK	 
REQUEST		Searching for new record	1646827871831	1646827871951	KO	status.find.in([200, 209], 304), found 429
REQUEST		Sending new computer info	1646827871846	1646827871965	KO	status.find.in([200, 209], 304), found 429
REQUEST		Opening computers page	1646827871510	1646827871991	OK	 
REQUEST		Get single record	1646827871923	1646827872046	OK	 
REQUEST		Searching for new record	1646827871970	1646827872089	OK	 
USER	ComputerDB	START	1646827872109
REQUEST		Sending new computer info	1646827872015	1646827872136	OK	 
REQUEST		Opening new computers page	1646827872031	1646827872151	KO	status.find.in([200, 209], 304), found 429
REQUEST		Opening computers page	1646827871710	1646827872186	OK	 
REQUEST		Opening new computers page	1646827872109	1646827872232	OK	 
REQUEST		Sending new computer info Redirect 1	1646827872137	1646827872256	KO	status.find.in([200, 209], 304), found 429
USER	ComputerDB	START	1646827872326
REQUEST		Opening computers page	1646827871908	1646827872392	OK	 
REQUEST		Searching for new record	1646827872277	1646827872398	OK	 
REQUEST		Sending new computer info	1646827872353	1646827872473	OK	 
REQUEST		Opening new computers page	1646827872369	1646827872490	OK	 
REQUEST		Get single record	1646827872369	1646827872490	OK	 
USER	ComputerDB	START	1646827872522
REQUEST		Searching for new record	1646827872415	1646827872536	OK	 
REQUEST		Opening computers page	1646827872110	1646827872590	OK	 
REQUEST		Sending new computer info Redirect 1	1646827872473	1646827872592	KO	status.find.in([200, 209], 304), found 429
REQUEST		Opening new computers page	1646827872507	1646827872629	OK	 
REQUEST		Sending new computer info	1646827872522	1646827872643	KO	status.find.in([200, 209], 304), found 429
REQUEST		Sending new computer info	1646827872569	1646827872688	OK	 
USER	ComputerDB	START	1646827872721
REQUEST		Sending new computer info Redirect 1	1646827872688	1646827872808	OK	 
REQUEST		Opening computers page	1646827872327	1646827872810	OK	 
REQUEST		Edit record	1646827872737	1646827872858	OK	 
USER	ComputerDB	END	1646827872860
REQUEST		Searching for new record	1646827872753	1646827872873	OK	 
USER	ComputerDB	START	1646827872922
REQUEST		Searching for new record	1646827872800	1646827872921	KO	status.find.in([200, 209], 304), found 429
REQUEST		Opening computers page	1646827872523	1646827873004	OK	 
ERROR	Edit record: Failed to build request: No attribute named 'computerID' is defined 	1646827873015
USER	ComputerDB	END	1646827873016
REQUEST		Sending new computer info	1646827872922	1646827873044	OK	 
REQUEST		Get single record	1646827872937	1646827873057	OK	 
REQUEST		Searching for new record	1646827872968	1646827873089	OK	 
REQUEST		Get single record	1646827872999	1646827873120	KO	status.find.in([200, 209], 304), found 429
USER	ComputerDB	START	1646827873123
REQUEST		Sending new computer info Redirect 1	1646827873044	1646827873164	OK	 
REQUEST		Opening computers page	1646827872722	1646827873211	OK	 
REQUEST		Get single record	1646827873122	1646827873244	OK	 
REQUEST		Get single record	1646827873138	1646827873258	KO	status.find.in([200, 209], 304), found 429
REQUEST		Edit record	1646827873138	1646827873258	KO	status.find.in([200, 209], 304), found 429
USER	ComputerDB	END	1646827873259
REQUEST		Edit record	1646827873153	1646827873275	OK	 
USER	ComputerDB	END	1646827873275
REQUEST		Sending new computer info	1646827873292	1646827873411	OK	 
REQUEST		Opening computers page	1646827872922	1646827873429	OK	 
REQUEST		Edit record	1646827873353	1646827873472	OK	 
USER	ComputerDB	END	1646827873473
REQUEST		Sending new computer info	1646827873385	1646827873507	KO	status.find.in([200, 209], 304), found 429
REQUEST		Get single record	1646827873385	1646827873507	OK	 
REQUEST		Searching for new record	1646827873400	1646827873520	KO	status.find.in([200, 209], 304), found 429
REQUEST		Edit record	1646827873400	1646827873523	OK	 
USER	ComputerDB	END	1646827873525
REQUEST		Sending new computer info Redirect 1	1646827873411	1646827873529	KO	status.find.in([200, 209], 304), found 429
REQUEST		Get single record	1646827873416	1646827873535	KO	status.find.in([200, 209], 304), found 429
REQUEST		Opening new computers page	1646827873430	1646827873550	KO	status.find.in([200, 209], 304), found 429
REQUEST		Get single record	1646827873477	1646827873597	OK	 
REQUEST		Opening computers page	1646827873124	1646827873600	KO	status.find.in([200, 209], 304), found 429
REQUEST		Opening new computers page	1646827873523	1646827873644	OK	 
REQUEST		Sending new computer info	1646827873538	1646827873660	KO	status.find.in([200, 209], 304), found 429
REQUEST		Edit record	1646827873614	1646827873734	OK	 
USER	ComputerDB	END	1646827873735
REQUEST		Sending new computer info	1646827873614	1646827873735	OK	 
REQUEST		Sending new computer info	1646827873661	1646827873780	OK	 
REQUEST		Get single record	1646827873721	1646827873841	OK	 
REQUEST		Sending new computer info Redirect 1	1646827873736	1646827873855	KO	status.find.in([200, 209], 304), found 429
REQUEST		Sending new computer info Redirect 1	1646827873781	1646827873901	OK	 
REQUEST		Searching for new record	1646827873797	1646827873917	KO	status.find.in([200, 209], 304), found 429
REQUEST		Sending new computer info	1646827873951	1646827874070	OK	 
REQUEST		Get single record	1646827873967	1646827874098	OK	 
REQUEST		Searching for new record	1646827874028	1646827874149	OK	 
REQUEST		Sending new computer info Redirect 1	1646827874071	1646827874192	OK	 
REQUEST		Get single record	1646827874105	1646827874226	OK	 
REQUEST		Sending new computer info	1646827874121	1646827874242	KO	status.find.in([200, 209], 304), found 429
REQUEST		Sending new computer info	1646827874121	1646827874243	OK	 
REQUEST		Opening new computers page	1646827874121	1646827874243	OK	 
REQUEST		Searching for new record	1646827874183	1646827874306	OK	 
REQUEST		Opening new computers page	1646827874199	1646827874317	KO	status.find.in([200, 209], 304), found 429
REQUEST		Searching for new record	1646827874199	1646827874317	KO	status.find.in([200, 209], 304), found 429
REQUEST		Sending new computer info Redirect 1	1646827874243	1646827874364	OK	 
REQUEST		Opening new computers page	1646827874290	1646827874410	OK	 
REQUEST		Opening new computers page	1646827874290	1646827874410	KO	status.find.in([200, 209], 304), found 429
REQUEST		Sending new computer info	1646827874321	1646827874440	OK	 
REQUEST		Opening new computers page	1646827874352	1646827874473	OK	 
REQUEST		Opening new computers page	1646827874383	1646827874503	KO	status.find.in([200, 209], 304), found 429
REQUEST		Sending new computer info Redirect 1	1646827874440	1646827874570	OK	 
ERROR	Edit record: Failed to build request: No attribute named 'computerID' is defined 	1646827874582
USER	ComputerDB	END	1646827874583
REQUEST		Searching for new record	1646827874490	1646827874610	OK	 
REQUEST		Get single record	1646827874521	1646827874641	OK	 
REQUEST		Edit record	1646827874551	1646827874673	OK	 
USER	ComputerDB	END	1646827874673
REQUEST		Sending new computer info	1646827874566	1646827874689	KO	status.find.in([200, 209], 304), found 429
REQUEST		Get single record	1646827874644	1646827874771	OK	 
REQUEST		Opening new computers page	1646827874689	1646827874810	OK	 
REQUEST		Get single record	1646827874705	1646827874826	OK	 
REQUEST		Edit record	1646827874829	1646827874950	OK	 
USER	ComputerDB	END	1646827874953
REQUEST		Sending new computer info	1646827874860	1646827874979	OK	 
REQUEST		Opening new computers page	1646827874952	1646827875073	OK	 
REQUEST		Sending new computer info Redirect 1	1646827874980	1646827875102	OK	 
REQUEST		Sending new computer info	1646827874998	1646827875119	OK	 
REQUEST		Sending new computer info Redirect 1	1646827875119	1646827875242	OK	 
REQUEST		Opening new computers page	1646827875169	1646827875289	OK	 
REQUEST		Searching for new record	1646827875169	1646827875289	OK	 
REQUEST		Searching for new record	1646827875200	1646827875321	OK	 
REQUEST		Edit record	1646827875215	1646827875336	OK	 
USER	ComputerDB	END	1646827875337
REQUEST		Opening new computers page	1646827875215	1646827875339	KO	status.find.in([200, 209], 304), found 429
REQUEST		Get single record	1646827875310	1646827875430	OK	 
REQUEST		Sending new computer info	1646827875310	1646827875430	OK	 
REQUEST		Get single record	1646827875419	1646827875539	OK	 
REQUEST		Sending new computer info Redirect 1	1646827875430	1646827875550	OK	 
REQUEST		Searching for new record	1646827875435	1646827875554	KO	status.find.in([200, 209], 304), found 429
REQUEST		Opening new computers page	1646827875435	1646827875560	KO	status.find.in([200, 209], 304), found 429
REQUEST		Get single record	1646827875466	1646827875586	KO	status.find.in([200, 209], 304), found 429
REQUEST		Edit record	1646827875466	1646827875588	OK	 
USER	ComputerDB	END	1646827875589
ERROR	Edit record: Failed to build request: No attribute named 'computerID' is defined 	1646827875636
USER	ComputerDB	END	1646827875637
REQUEST		Edit record	1646827875544	1646827875664	OK	 
USER	ComputerDB	END	1646827875665
ERROR	Edit record: Failed to build request: No attribute named 'computerID' is defined 	1646827875759
USER	ComputerDB	END	1646827875759
REQUEST		Searching for new record	1646827875666	1646827875787	OK	 
REQUEST		Get single record	1646827875728	1646827875851	OK	 
REQUEST		Opening new computers page	1646827875774	1646827875895	OK	 
REQUEST		Searching for new record	1646827875774	1646827875895	OK	 
REQUEST		Sending new computer info	1646827875789	1646827875910	OK	 
REQUEST		Sending new computer info Redirect 1	1646827875911	1646827876032	OK	 
REQUEST		Edit record	1646827876020	1646827876141	OK	 
USER	ComputerDB	END	1646827876142
REQUEST		Sending new computer info	1646827876114	1646827876238	OK	 
REQUEST		Searching for new record	1646827876114	1646827876238	OK	 
REQUEST		Searching for new record	1646827876159	1646827876280	OK	 
REQUEST		Searching for new record	1646827876205	1646827876327	OK	 
REQUEST		Get single record	1646827876220	1646827876342	OK	 
REQUEST		Sending new computer info Redirect 1	1646827876239	1646827876363	OK	 
REQUEST		Edit record	1646827876388	1646827876509	OK	 
USER	ComputerDB	END	1646827876510
REQUEST		Edit record	1646827876420	1646827876543	OK	 
USER	ComputerDB	END	1646827876543
REQUEST		Searching for new record	1646827876435	1646827876560	OK	 
REQUEST		Edit record	1646827876450	1646827876571	OK	 
USER	ComputerDB	END	1646827876572
REQUEST		Searching for new record	1646827876466	1646827876592	OK	 
REQUEST		Edit record	1646827876589	1646827876715	OK	 
REQUEST		Sending new computer info	1646827876589	1646827876715	OK	 
USER	ComputerDB	END	1646827876716
REQUEST		Searching for new record	1646827876619	1646827876740	OK	 
REQUEST		Sending new computer info	1646827876650	1646827876771	OK	 
REQUEST		Edit record	1646827876650	1646827876773	OK	 
USER	ComputerDB	END	1646827876774
REQUEST		Sending new computer info Redirect 1	1646827876715	1646827876839	OK	 
REQUEST		Sending new computer info	1646827876727	1646827876846	KO	status.find.in([200, 209], 304), found 429
REQUEST		Edit record	1646827876727	1646827876846	KO	status.find.in([200, 209], 304), found 429
USER	ComputerDB	END	1646827876846
REQUEST		Sending new computer info Redirect 1	1646827876771	1646827876892	OK	 
REQUEST		Get single record	1646827876803	1646827876925	OK	 
REQUEST		Get single record	1646827876849	1646827876970	OK	 
REQUEST		Sending new computer info	1646827876894	1646827877016	KO	status.find.in([200, 209], 304), found 429
REQUEST		Sending new computer info	1646827876925	1646827877045	OK	 
REQUEST		Searching for new record	1646827876971	1646827877092	OK	 
REQUEST		Sending new computer info Redirect 1	1646827877046	1646827877166	OK	 
REQUEST		Get single record	1646827877078	1646827877199	OK	 
REQUEST		Sending new computer info	1646827877093	1646827877215	KO	status.find.in([200, 209], 304), found 429
REQUEST		Searching for new record	1646827877139	1646827877261	OK	 
REQUEST		Sending new computer info	1646827877216	1646827877336	OK	 
REQUEST		Sending new computer info	1646827877309	1646827877429	OK	 
REQUEST		Get single record	1646827877323	1646827877445	OK	 
REQUEST		Sending new computer info Redirect 1	1646827877336	1646827877460	OK	 
REQUEST		Sending new computer info Redirect 1	1646827877430	1646827877553	OK	 
REQUEST		Searching for new record	1646827877523	1646827877645	OK	 
REQUEST		Searching for new record	1646827877539	1646827877658	OK	 
REQUEST		Sending new computer info	1646827877677	1646827877798	OK	 
REQUEST		Edit record	1646827877707	1646827877829	OK	 
USER	ComputerDB	END	1646827877830
REQUEST		Searching for new record	1646827877785	1646827877906	OK	 
REQUEST		Sending new computer info Redirect 1	1646827877798	1646827877922	OK	 
REQUEST		Get single record	1646827877831	1646827877953	OK	 
REQUEST		Get single record	1646827877893	1646827878015	OK	 
REQUEST		Searching for new record	1646827877909	1646827878032	OK	 
REQUEST		Get single record	1646827878077	1646827878203	OK	 
REQUEST		Get single record	1646827878093	1646827878213	OK	 
REQUEST		Edit record	1646827878154	1646827878279	OK	 
USER	ComputerDB	END	1646827878280
REQUEST		Edit record	1646827878246	1646827878368	OK	 
USER	ComputerDB	END	1646827878368
REQUEST		Get single record	1646827878277	1646827878397	OK	 
REQUEST		Get single record	1646827878292	1646827878416	OK	 
ERROR	Edit record: Failed to build request: No attribute named 'computerID' is defined 	1646827878445
USER	ComputerDB	END	1646827878446
REQUEST		Get single record	1646827878339	1646827878460	OK	 
REQUEST		Edit record	1646827878384	1646827878506	OK	 
USER	ComputerDB	END	1646827878506
REQUEST		Searching for new record	1646827878430	1646827878559	OK	 
REQUEST		Edit record	1646827878461	1646827878582	OK	 
USER	ComputerDB	END	1646827878583
REQUEST		Sending new computer info	1646827878491	1646827878618	OK	 
REQUEST		Edit record	1646827878523	1646827878643	OK	 
USER	ComputerDB	END	1646827878643
REQUEST		Sending new computer info Redirect 1	1646827878619	1646827878740	OK	 
REQUEST		Get single record	1646827878694	1646827878817	OK	 
REQUEST		Get single record	1646827878816	1646827878940	OK	 
REQUEST		Searching for new record	1646827878878	1646827878998	OK	 
REQUEST		Searching for new record	1646827879031	1646827879152	OK	 
REQUEST		Searching for new record	1646827879077	1646827879197	OK	 
REQUEST		Get single record	1646827879138	1646827879259	OK	 
REQUEST		Searching for new record	1646827879262	1646827879384	OK	 
REQUEST		Searching for new record	1646827879293	1646827879413	OK	 
REQUEST		Get single record	1646827879386	1646827879507	OK	 
REQUEST		Get single record	1646827879433	1646827879555	OK	 
REQUEST		Get single record	1646827879493	1646827879613	OK	 
REQUEST		Edit record	1646827879509	1646827879632	OK	 
USER	ComputerDB	END	1646827879633
REQUEST		Get single record	1646827879710	1646827879832	OK	 
REQUEST		Searching for new record	1646827879757	1646827879881	OK	 
REQUEST		Edit record	1646827879787	1646827879912	OK	 
USER	ComputerDB	END	1646827879913
REQUEST		Searching for new record	1646827879849	1646827879970	OK	 
REQUEST		Edit record	1646827879880	1646827880003	OK	 
USER	ComputerDB	END	1646827880004
REQUEST		Searching for new record	1646827879942	1646827880063	OK	 
REQUEST		Get single record	1646827880050	1646827880171	OK	 
REQUEST		Edit record	1646827880097	1646827880217	OK	 
USER	ComputerDB	END	1646827880218
REQUEST		Searching for new record	1646827880190	1646827880309	OK	 
REQUEST		Edit record	1646827880206	1646827880326	OK	 
USER	ComputerDB	END	1646827880327
REQUEST		Edit record	1646827880359	1646827880479	OK	 
USER	ComputerDB	END	1646827880479
REQUEST		Get single record	1646827880467	1646827880588	OK	 
REQUEST		Edit record	1646827880527	1646827880647	OK	 
USER	ComputerDB	END	1646827880648
REQUEST		Get single record	1646827880575	1646827880695	OK	 
REQUEST		Edit record	1646827880713	1646827880836	OK	 
USER	ComputerDB	END	1646827880837
REQUEST		Edit record	1646827880836	1646827880955	OK	 
USER	ComputerDB	END	1646827880955
REQUEST		Get single record	1646827881298	1646827881420	OK	 
REQUEST		Searching for new record	1646827881313	1646827881434	OK	 
REQUEST		Edit record	1646827881391	1646827881511	OK	 
USER	ComputerDB	END	1646827881512
REQUEST		Get single record	1646827881406	1646827881525	OK	 
REQUEST		Get single record	1646827881467	1646827881586	OK	 
REQUEST		Get single record	1646827881513	1646827881633	OK	 
REQUEST		Edit record	1646827881653	1646827881774	OK	 
USER	ComputerDB	END	1646827881774
REQUEST		Edit record	1646827881669	1646827881791	OK	 
USER	ComputerDB	END	1646827881792
REQUEST		Get single record	1646827881684	1646827881805	OK	 
REQUEST		Edit record	1646827881791	1646827881910	OK	 
USER	ComputerDB	END	1646827881910
REQUEST		Edit record	1646827881822	1646827881944	OK	 
USER	ComputerDB	END	1646827881945
REQUEST		Get single record	1646827882072	1646827882218	OK	 
REQUEST		Get single record	1646827882242	1646827882369	OK	 
REQUEST		Edit record	1646827882242	1646827882369	OK	 
USER	ComputerDB	END	1646827882370
REQUEST		Edit record	1646827882568	1646827882690	OK	 
USER	ComputerDB	END	1646827882691
REQUEST		Edit record	1646827882676	1646827882797	OK	 
USER	ComputerDB	END	1646827882798
REQUEST		Get single record	1646827882814	1646827882935	OK	 
REQUEST		Edit record	1646827882830	1646827882953	OK	 
USER	ComputerDB	END	1646827882954
REQUEST		Edit record	1646827882844	1646827882964	OK	 
USER	ComputerDB	END	1646827882965
REQUEST		Get single record	1646827882906	1646827883030	OK	 
REQUEST		Edit record	1646827883261	1646827883381	OK	 
USER	ComputerDB	END	1646827883382
REQUEST		Edit record	1646827883431	1646827883558	OK	 
USER	ComputerDB	END	1646827883558
REQUEST		Edit record	1646827883539	1646827883659	OK	 
USER	ComputerDB	END	1646827883660
REQUEST		Edit record	1646827884035	1646827884157	OK	 
USER	ComputerDB	END	1646827884157
REQUEST		Edit record	1646827884373	1646827884497	OK	 
USER	ComputerDB	END	1646827884498
REQUEST		Edit record	1646827884591	1646827884714	OK	 
USER	ComputerDB	END	1646827884715
REQUEST		Edit record	1646827884670	1646827884794	OK	 
USER	ComputerDB	END	1646827884797
REQUEST		Edit record	1646827885473	1646827885613	OK	 
USER	ComputerDB	END	1646827885614
