RUN	com.gatling.tests.ComputerDB	computerdb	1646850686063	 	3.7.4
USER	ComputerDB	START	1646850693277
USER	ComputerDB	START	1646850693277
REQUEST		Opening computers page	1646850693303	1646850693874	OK	 
REQUEST		Opening computers page	1646850693303	1646850693874	OK	 
REQUEST		Opening new computers page	1646850695136	1646850695263	OK	 
USER	ComputerDB	START	1646850695276
REQUEST		Opening computers page	1646850695277	1646850695809	OK	 
REQUEST		Opening new computers page	1646850695980	1646850696287	OK	 
USER	ComputerDB	START	1646850697280
REQUEST		Opening new computers page	1646850696978	1646850697281	OK	 
REQUEST		Sending new computer info	1646850697620	1646850697751	KO	status.find.in([200, 209], 304), found 303
REQUEST		Opening computers page	1646850697280	1646850698709	OK	 
REQUEST		Sending new computer info	1646850699131	1646850699260	KO	status.find.in([200, 209], 304), found 303
USER	ComputerDB	START	1646850699273
REQUEST		Sending new computer info	1646850699288	1646850699413	KO	status.find.in([200, 209], 304), found 303
REQUEST		Opening computers page	1646850699274	1646850699784	OK	 
REQUEST		Get single record	1646850699651	1646850699783	OK	 
USER	ComputerDB	END	1646850699794
REQUEST		Opening new computers page	1646850699948	1646850700074	OK	 
REQUEST		Get single record	1646850700623	1646850700757	OK	 
USER	ComputerDB	END	1646850700759
REQUEST		Opening new computers page	1646850701114	1646850701235	OK	 
USER	ComputerDB	START	1646850701271
REQUEST		Sending new computer info	1646850701540	1646850701664	KO	status.find.in([200, 209], 304), found 303
REQUEST		Opening computers page	1646850701272	1646850701771	OK	 
REQUEST		Get single record	1646850701868	1646850701999	OK	 
USER	ComputerDB	END	1646850702001
REQUEST		Get single record	1646850702802	1646850702932	OK	 
USER	ComputerDB	END	1646850702938
USER	ComputerDB	START	1646850703273
REQUEST		Opening new computers page	1646850703463	1646850703596	OK	 
REQUEST		Opening computers page	1646850703274	1646850703817	OK	 
REQUEST		Sending new computer info	1646850704069	1646850704194	KO	status.find.in([200, 209], 304), found 303
USER	ComputerDB	START	1646850704285
REQUEST		Opening computers page	1646850704285	1646850704815	OK	 
USER	ComputerDB	START	1646850705284
REQUEST		Opening computers page	1646850705285	1646850705813	OK	 
REQUEST		Opening new computers page	1646850705805	1646850705935	OK	 
REQUEST		Sending new computer info	1646850706116	1646850706233	KO	status.find.in([200, 209], 304), found 303
USER	ComputerDB	START	1646850706274
REQUEST		Opening new computers page	1646850706402	1646850706524	OK	 
REQUEST		Opening computers page	1646850706274	1646850706780	OK	 
REQUEST		Get single record	1646850706984	1646850707114	OK	 
USER	ComputerDB	END	1646850707116
USER	ComputerDB	START	1646850707271
REQUEST		Opening computers page	1646850707271	1646850707795	OK	 
REQUEST		Opening new computers page	1646850708060	1646850708186	OK	 
USER	ComputerDB	START	1646850708282
REQUEST		Sending new computer info	1646850708281	1646850708414	KO	status.find.in([200, 209], 304), found 303
REQUEST		Opening computers page	1646850708282	1646850708813	OK	 
REQUEST		Sending new computer info	1646850708722	1646850708850	KO	status.find.in([200, 209], 304), found 303
REQUEST		Get single record	1646850708707	1646850708998	OK	 
USER	ComputerDB	END	1646850709000
REQUEST		Opening new computers page	1646850708992	1646850709117	OK	 
USER	ComputerDB	START	1646850709276
REQUEST		Opening new computers page	1646850709372	1646850709490	OK	 
REQUEST		Opening computers page	1646850709276	1646850709931	OK	 
USER	ComputerDB	START	1646850710285
REQUEST		Sending new computer info	1646850710349	1646850710477	KO	status.find.in([200, 209], 304), found 303
REQUEST		Opening new computers page	1646850710525	1646850710654	OK	 
REQUEST		Get single record	1646850710991	1646850711113	OK	 
USER	ComputerDB	END	1646850711114
REQUEST		Opening new computers page	1646850711087	1646850711210	OK	 
REQUEST		Sending new computer info	1646850711087	1646850711210	KO	status.find.in([200, 209], 304), found 303
REQUEST		Sending new computer info	1646850711119	1646850711239	KO	status.find.in([200, 209], 304), found 303
USER	ComputerDB	START	1646850711273
REQUEST		Get single record	1646850711258	1646850711387	OK	 
USER	ComputerDB	END	1646850711389
REQUEST		Opening computers page	1646850711274	1646850711782	OK	 
REQUEST		Opening computers page	1646850710286	1646850711807	OK	 
REQUEST		Sending new computer info	1646850712036	1646850712164	KO	status.find.in([200, 209], 304), found 303
USER	ComputerDB	START	1646850712272
REQUEST		Opening computers page	1646850712272	1646850712789	OK	 
REQUEST		Get single record	1646850713070	1646850713206	OK	 
USER	ComputerDB	END	1646850713207
REQUEST		Opening new computers page	1646850713131	1646850713265	OK	 
REQUEST		Get single record	1646850713511	1646850713635	OK	 
USER	ComputerDB	END	1646850713637
REQUEST		Sending new computer info	1646850713869	1646850713995	KO	status.find.in([200, 209], 304), found 303
REQUEST		Get single record	1646850714055	1646850714186	OK	 
USER	ComputerDB	END	1646850714187
REQUEST		Opening new computers page	1646850714181	1646850714311	OK	 
REQUEST		Get single record	1646850714181	1646850714312	OK	 
USER	ComputerDB	END	1646850714313
REQUEST		Opening new computers page	1646850714243	1646850714379	OK	 
REQUEST		Sending new computer info	1646850715484	1646850715621	KO	status.find.in([200, 209], 304), found 303
REQUEST		Get single record	1646850715968	1646850716113	OK	 
USER	ComputerDB	END	1646850716115
REQUEST		Sending new computer info	1646850715999	1646850716132	KO	status.find.in([200, 209], 304), found 303
REQUEST		Sending new computer info	1646850716504	1646850716622	KO	status.find.in([200, 209], 304), found 303
REQUEST		Get single record	1646850717303	1646850717426	OK	 
USER	ComputerDB	END	1646850717427
REQUEST		Get single record	1646850717318	1646850717441	OK	 
USER	ComputerDB	END	1646850717442
REQUEST		Get single record	1646850719400	1646850719525	OK	 
USER	ComputerDB	END	1646850719526
